2025-08-14 00:28:23,178 [INFO] Activator:176 - 


2025-08-14 00:28:23,182 [INFO] Activator:177 - !SESSION log4j initialized
2025-08-14 00:28:31,425 [INFO] LogOutputStream:77 - [STDOUT_REDIRECT] 
2025-08-14 00:28:33,562 [INFO] ApplicationProperties:184 - Using Application install path: C:\ST\STM32CubeIDE_1.19.0\STM32CubeIDE\plugins\com.st.stm32cube.common.mx_6.15.0.202507011659
2025-08-14 00:28:33,596 [INFO] DbMcusXml:78 - Set database path to: C:\ST\STM32CubeIDE_1.19.0\STM32CubeIDE\plugins\com.st.stm32cube.common.mx_6.15.0.202507011659\\db\/mcu/
2025-08-14 00:28:33,596 [INFO] ApiDb:274 - Set plugin database path to: C:\ST\STM32CubeIDE_1.19.0\STM32CubeIDE\plugins\com.st.stm32cube.common.mx_6.15.0.202507011659\\db\/plugins/boardmanager/
2025-08-14 00:28:33,597 [WARN] ApiDb:259 - Overriding images path with different value:  => C:\ST\STM32CubeIDE_1.19.0\STM32CubeIDE\plugins\com.st.stm32cube.common.mx_6.15.0.202507011659\\db\/plugins/mcufinder/images/
2025-08-14 00:28:33,607 [INFO] ApiDb:250 - Set database path to: C:\Users\kadir\.stmcufinder\plugins\mcufinder//mcu/
2025-08-14 00:28:33,607 [INFO] DbMcusAds:125 - Set database path to: C:\Users\kadir\.stmcufinder\plugins\mcufinder//mcu/
2025-08-14 00:28:33,613 [INFO] CrossReferenceDbSqlite:203 - Set database path to: C:\Users\kadir\.stmcufinder\plugins\mcufinder//mcu/cs/
2025-08-14 00:28:33,962 [INFO] RulesReader:64 - Compatibility file has been processed (317 Rules)
2025-08-14 00:28:34,172 [INFO] DbMcusXml:78 - Set database path to: C:\ST\STM32CubeIDE_1.19.0\STM32CubeIDE\plugins\com.st.stm32cube.common.mx_6.15.0.202507011659\\db\/mcu/
2025-08-14 00:28:34,172 [INFO] ApiDb:274 - Set plugin database path to: C:\ST\STM32CubeIDE_1.19.0\STM32CubeIDE\plugins\com.st.stm32cube.common.mx_6.15.0.202507011659\\db\/plugins/boardmanager/
2025-08-14 00:28:34,172 [INFO] ApiDb:261 - Set plugin images path to: C:\ST\STM32CubeIDE_1.19.0\STM32CubeIDE\plugins\com.st.stm32cube.common.mx_6.15.0.202507011659\\db\/plugins/mcufinder/images/
2025-08-14 00:28:34,172 [WARN] DbFile:41 - Overriding database path with different value: C:\Users\kadir\.stmcufinder\plugins\mcufinder/ => C:\Users\kadir\.stmcufinder\plugins\mcufinder
2025-08-14 00:28:34,172 [INFO] ApiDb:250 - Set database path to: C:\Users\kadir\.stmcufinder\plugins\mcufinder//mcu/
2025-08-14 00:28:34,172 [WARN] DbFile:41 - Overriding database path with different value: C:\Users\kadir\.stmcufinder\plugins\mcufinder/ => C:\Users\kadir\.stmcufinder\plugins\mcufinder
2025-08-14 00:28:34,172 [INFO] DbMcusAds:125 - Set database path to: C:\Users\kadir\.stmcufinder\plugins\mcufinder//mcu/
2025-08-14 00:28:34,172 [WARN] DbFile:41 - Overriding database path with different value: C:\Users\kadir\.stmcufinder\plugins\mcufinder/ => C:\Users\kadir\.stmcufinder\plugins\mcufinder
2025-08-14 00:28:34,172 [WARN] DbFile:41 - Overriding database path with different value: C:\Users\kadir\.stmcufinder\plugins\mcufinder/ => C:\Users\kadir\.stmcufinder\plugins\mcufinder
2025-08-14 00:28:34,172 [INFO] CrossReferenceDbSqlite:203 - Set database path to: C:\Users\kadir\.stmcufinder\plugins\mcufinder//mcu/cs/
2025-08-14 00:28:34,328 [INFO] MainPanel:274 - HeapMemory: 268435456
2025-08-14 00:28:34,547 [INFO] DbMcusXml:78 - Set database path to: C:\ST\STM32CubeIDE_1.19.0\STM32CubeIDE\plugins\com.st.stm32cube.common.mx_6.15.0.202507011659\\db\/mcu/
2025-08-14 00:28:34,547 [INFO] ApiDb:274 - Set plugin database path to: C:\ST\STM32CubeIDE_1.19.0\STM32CubeIDE\plugins\com.st.stm32cube.common.mx_6.15.0.202507011659\\db\/plugins/boardmanager/
2025-08-14 00:28:34,547 [INFO] ApiDb:261 - Set plugin images path to: C:\ST\STM32CubeIDE_1.19.0\STM32CubeIDE\plugins\com.st.stm32cube.common.mx_6.15.0.202507011659\\db\/plugins/mcufinder/images/
2025-08-14 00:28:34,547 [WARN] DbFile:41 - Overriding database path with different value: C:\Users\kadir\.stmcufinder\plugins\mcufinder/ => C:\Users\kadir\.stmcufinder\plugins\mcufinder
2025-08-14 00:28:34,547 [INFO] ApiDb:250 - Set database path to: C:\Users\kadir\.stmcufinder\plugins\mcufinder//mcu/
2025-08-14 00:28:34,547 [WARN] DbFile:41 - Overriding database path with different value: C:\Users\kadir\.stmcufinder\plugins\mcufinder/ => C:\Users\kadir\.stmcufinder\plugins\mcufinder
2025-08-14 00:28:34,547 [INFO] DbMcusAds:125 - Set database path to: C:\Users\kadir\.stmcufinder\plugins\mcufinder//mcu/
2025-08-14 00:28:34,547 [WARN] DbFile:41 - Overriding database path with different value: C:\Users\kadir\.stmcufinder\plugins\mcufinder/ => C:\Users\kadir\.stmcufinder\plugins\mcufinder
2025-08-14 00:28:34,551 [WARN] DbFile:41 - Overriding database path with different value: C:\Users\kadir\.stmcufinder\plugins\mcufinder/ => C:\Users\kadir\.stmcufinder\plugins\mcufinder
2025-08-14 00:28:34,551 [INFO] CrossReferenceDbSqlite:203 - Set database path to: C:\Users\kadir\.stmcufinder\plugins\mcufinder//mcu/cs/
2025-08-14 00:28:34,579 [INFO] ApplicationProperties:184 - Using Application install path: C:\ST\STM32CubeIDE_1.19.0\STM32CubeIDE\plugins\com.st.stm32cube.common.mx_6.15.0.202507011659
2025-08-14 00:28:34,579 [INFO] PluginManage:196 - Search for loadable plugins [exclusion list=, ]
2025-08-14 00:28:34,579 [INFO] PluginManage:310 - Check plugin analytics
2025-08-14 00:28:34,917 [INFO] AnalyticsPlugin:253 - Accepted Software Licenses: STM32CubeMX.6.15.0
2025-08-14 00:28:34,917 [INFO] AnalyticsPlugin:255 - Accepted CMSIS Pack Licenses: 
2025-08-14 00:28:34,917 [INFO] AnalyticsPlugin:257 - Accepted Firmware Licenses: 
2025-08-14 00:28:34,921 [INFO] PluginManage:359 - Loaded plugin analytics (category:tool,tabindex:-1)
2025-08-14 00:28:34,921 [INFO] PluginManage:310 - Check plugin cadmodel
2025-08-14 00:28:34,930 [INFO] CADModel:105 - Init CAD model plugin
2025-08-14 00:28:34,930 [INFO] PluginManage:359 - Loaded plugin cadmodel (category:power,tabindex:5)
2025-08-14 00:28:34,930 [INFO] PluginManage:310 - Check plugin clock
2025-08-14 00:28:34,947 [INFO] PluginManage:359 - Loaded plugin clock (category:base,tabindex:2)
2025-08-14 00:28:34,947 [INFO] PluginManage:310 - Check plugin ddr
2025-08-14 00:28:34,950 [INFO] PluginManage:359 - Loaded plugin ddr (category:tool,tabindex:6)
2025-08-14 00:28:34,950 [INFO] PluginManage:310 - Check plugin filemanager
2025-08-14 00:28:35,307 [INFO] PluginManage:359 - Loaded plugin filemanager (category:base,tabindex:10)
2025-08-14 00:28:35,309 [INFO] PluginManage:310 - Check plugin ipmanager
2025-08-14 00:28:35,322 [INFO] PluginManage:359 - Loaded plugin ipmanager (category:base,tabindex:5)
2025-08-14 00:28:35,322 [INFO] PluginManage:310 - Check plugin lpbam
2025-08-14 00:28:35,354 [INFO] PluginManage:359 - Loaded plugin lpbam (category:base,tabindex:0)
2025-08-14 00:28:35,354 [INFO] PluginManage:310 - Check plugin memorymap
2025-08-14 00:28:35,389 [INFO] PluginManage:359 - Loaded plugin memorymap (category:base,tabindex:4)
2025-08-14 00:28:35,390 [INFO] PluginManage:310 - Check plugin pinoutandconfiguration
2025-08-14 00:28:35,408 [INFO] PluginManage:359 - Loaded plugin pinoutandconfiguration (category:base,tabindex:1)
2025-08-14 00:28:35,409 [INFO] PluginManage:310 - Check plugin pinoutconfig
2025-08-14 00:28:35,663 [WARN] SupportedApi:132 - Cannot load RTOS API schema: s4s-elt-must-match.1: The content of 'definitions' must match (annotation?, (simpleType | complexType)?, (unique | key | keyref)*)). A problem was found starting at: attribute.
2025-08-14 00:28:35,929 [INFO] PluginManage:359 - Loaded plugin pinoutconfig (category:base,tabindex:0)
2025-08-14 00:28:35,929 [INFO] PluginManage:310 - Check plugin power
2025-08-14 00:28:35,948 [INFO] PluginManage:359 - Loaded plugin power (category:power,tabindex:4)
2025-08-14 00:28:35,949 [INFO] PluginManage:310 - Check plugin projectmanager
2025-08-14 00:28:35,981 [INFO] PluginManage:359 - Loaded plugin projectmanager (category:projectmanager,tabindex:4)
2025-08-14 00:28:35,981 [INFO] PluginManage:310 - Check plugin rif
2025-08-14 00:28:36,009 [INFO] PluginManage:359 - Loaded plugin rif (category:base,tabindex:3)
2025-08-14 00:28:36,011 [INFO] PluginManage:310 - Check plugin thirdparty
2025-08-14 00:28:36,370 [INFO] PluginManage:359 - Loaded plugin thirdparty (category:base,tabindex:-1)
2025-08-14 00:28:36,371 [INFO] PluginManage:310 - Check plugin tools
2025-08-14 00:28:36,373 [WARN] IntegrityCheckThread:84 - waiting for thirdparty lock release [integrity check]
2025-08-14 00:28:36,374 [INFO] IntegrityCheckThread:86 - entering critical section [integrity check]
2025-08-14 00:28:36,374 [INFO] ThirdPartyUpdaterWithRetryManager:70 - Updater plugin not ready yet. [1/15]
2025-08-14 00:28:36,374 [INFO] PluginManage:359 - Loaded plugin tools (category:base,tabindex:7)
2025-08-14 00:28:36,374 [INFO] PluginManage:310 - Check plugin tutovideos
2025-08-14 00:28:36,871 [INFO] PluginManage:359 - Loaded plugin tutovideos (category:base,tabindex:-1)
2025-08-14 00:28:36,871 [INFO] PluginManage:310 - Check plugin updater
2025-08-14 00:28:36,937 [INFO] PluginManage:359 - Loaded plugin updater (category:base,tabindex:12)
2025-08-14 00:28:36,937 [INFO] PluginManage:310 - Check plugin userauth
2025-08-14 00:28:36,949 [INFO] UserAuth:118 - Init User Auth plugin
2025-08-14 00:28:36,955 [INFO] PluginManage:359 - Loaded plugin userauth (category:base,tabindex:14)
2025-08-14 00:28:36,957 [INFO] PluginManage:283 - PluginManage : Loaded plugins [18]
2025-08-14 00:28:37,428 [INFO] PinOutPanel:1589 - setPackage(No Configuration,No Configuration)
2025-08-14 00:28:37,719 [INFO] CADModel:165 - CPN selected for project level
2025-08-14 00:28:37,719 [INFO] CADModel:114 - Register for checkConnection events
2025-08-14 00:28:37,755 [INFO] IPUIPlugin:80 - create IPUIPlugin
2025-08-14 00:28:37,756 [INFO] PluginManager:220 - loadIPPluginJar : add adc
2025-08-14 00:28:37,762 [INFO] IPUIPlugin:80 - create IPUIPlugin
2025-08-14 00:28:37,762 [INFO] PluginManager:220 - loadIPPluginJar : add aes
2025-08-14 00:28:37,767 [INFO] IPUIPlugin:80 - create IPUIPlugin
2025-08-14 00:28:37,767 [INFO] PluginManager:220 - loadIPPluginJar : add can
2025-08-14 00:28:37,773 [INFO] IPUIPlugin:80 - create IPUIPlugin
2025-08-14 00:28:37,773 [INFO] PluginManager:220 - loadIPPluginJar : add comp
2025-08-14 00:28:37,779 [INFO] IPUIPlugin:80 - create IPUIPlugin
2025-08-14 00:28:37,779 [INFO] PluginManager:220 - loadIPPluginJar : add cryp
2025-08-14 00:28:37,790 [INFO] IPUIPlugin:80 - create IPUIPlugin
2025-08-14 00:28:37,790 [INFO] PluginManager:220 - loadIPPluginJar : add ddr_ctrl_phy
2025-08-14 00:28:37,800 [INFO] IPUIPlugin:80 - create IPUIPlugin
2025-08-14 00:28:37,800 [INFO] PluginManager:220 - loadIPPluginJar : add dfsdm
2025-08-14 00:28:37,813 [INFO] IPUIPlugin:80 - create IPUIPlugin
2025-08-14 00:28:37,813 [INFO] PluginManager:220 - loadIPPluginJar : add dma
2025-08-14 00:28:37,818 [INFO] IPUIPlugin:80 - create IPUIPlugin
2025-08-14 00:28:37,818 [INFO] PluginManager:220 - loadIPPluginJar : add dma3
2025-08-14 00:28:37,822 [INFO] IPUIPlugin:80 - create IPUIPlugin
2025-08-14 00:28:37,822 [INFO] PluginManager:220 - loadIPPluginJar : add extmemmanager
2025-08-14 00:28:37,827 [INFO] IPUIPlugin:80 - create IPUIPlugin
2025-08-14 00:28:37,827 [INFO] PluginManager:220 - loadIPPluginJar : add fatfs
2025-08-14 00:28:37,830 [INFO] IPUIPlugin:80 - create IPUIPlugin
2025-08-14 00:28:37,830 [INFO] PluginManager:220 - loadIPPluginJar : add fmc
2025-08-14 00:28:37,847 [INFO] IPUIPlugin:80 - create IPUIPlugin
2025-08-14 00:28:37,848 [INFO] PluginManager:220 - loadIPPluginJar : add freertos
2025-08-14 00:28:37,851 [INFO] IPUIPlugin:80 - create IPUIPlugin
2025-08-14 00:28:37,851 [INFO] PluginManager:220 - loadIPPluginJar : add genericplugin
2025-08-14 00:28:37,854 [INFO] IPUIPlugin:80 - create IPUIPlugin
2025-08-14 00:28:37,854 [INFO] PluginManager:220 - loadIPPluginJar : add gfxmmu
2025-08-14 00:28:37,862 [INFO] IPUIPlugin:80 - create IPUIPlugin
2025-08-14 00:28:37,862 [INFO] PluginManager:220 - loadIPPluginJar : add gic
2025-08-14 00:28:37,870 [INFO] IPUIPlugin:80 - create IPUIPlugin
2025-08-14 00:28:37,870 [INFO] PluginManager:220 - loadIPPluginJar : add gpio
2025-08-14 00:28:37,870 [INFO] IPUIPlugin:80 - create IPUIPlugin
2025-08-14 00:28:37,870 [INFO] PluginManager:220 - loadIPPluginJar : add gtzc
2025-08-14 00:28:37,878 [INFO] IPUIPlugin:80 - create IPUIPlugin
2025-08-14 00:28:37,878 [INFO] PluginManager:220 - loadIPPluginJar : add hash
2025-08-14 00:28:37,878 [INFO] IPUIPlugin:80 - create IPUIPlugin
2025-08-14 00:28:37,878 [INFO] PluginManager:220 - loadIPPluginJar : add i2c
2025-08-14 00:28:37,889 [INFO] IPUIPlugin:80 - create IPUIPlugin
2025-08-14 00:28:37,889 [INFO] PluginManager:220 - loadIPPluginJar : add i2s
2025-08-14 00:28:37,891 [INFO] IPUIPlugin:80 - create IPUIPlugin
2025-08-14 00:28:37,891 [INFO] PluginManager:220 - loadIPPluginJar : add i3c
2025-08-14 00:28:37,903 [INFO] IPUIPlugin:80 - create IPUIPlugin
2025-08-14 00:28:37,903 [INFO] PluginManager:220 - loadIPPluginJar : add ipddr
2025-08-14 00:28:37,919 [INFO] IPUIPlugin:80 - create IPUIPlugin
2025-08-14 00:28:37,919 [INFO] PluginManager:220 - loadIPPluginJar : add linkedlist
2025-08-14 00:28:37,924 [INFO] IPUIPlugin:80 - create IPUIPlugin
2025-08-14 00:28:37,924 [INFO] PluginManager:220 - loadIPPluginJar : add lorawan
2025-08-14 00:28:37,926 [INFO] IPUIPlugin:80 - create IPUIPlugin
2025-08-14 00:28:37,927 [INFO] PluginManager:220 - loadIPPluginJar : add ltdc
2025-08-14 00:28:37,938 [INFO] IPUIPlugin:80 - create IPUIPlugin
2025-08-14 00:28:37,939 [INFO] PluginManager:220 - loadIPPluginJar : add mdma
2025-08-14 00:28:37,939 [INFO] IPUIPlugin:80 - create IPUIPlugin
2025-08-14 00:28:37,939 [INFO] PluginManager:220 - loadIPPluginJar : add nvic
2025-08-14 00:28:37,948 [INFO] IPUIPlugin:80 - create IPUIPlugin
2025-08-14 00:28:37,948 [INFO] PluginManager:220 - loadIPPluginJar : add opamp
2025-08-14 00:28:37,951 [INFO] IPUIPlugin:80 - create IPUIPlugin
2025-08-14 00:28:37,953 [INFO] PluginManager:220 - loadIPPluginJar : add openamp
2025-08-14 00:28:37,958 [INFO] IPUIPlugin:80 - create IPUIPlugin
2025-08-14 00:28:37,958 [INFO] PluginManager:220 - loadIPPluginJar : add pdm2pcm
2025-08-14 00:28:37,968 [INFO] IPUIPlugin:80 - create IPUIPlugin
2025-08-14 00:28:37,973 [INFO] PluginManager:220 - loadIPPluginJar : add plateformsettings
2025-08-14 00:28:37,973 [INFO] IPUIPlugin:80 - create IPUIPlugin
2025-08-14 00:28:37,973 [INFO] PluginManager:220 - loadIPPluginJar : add quadspi
2025-08-14 00:28:37,977 [INFO] IPUIPlugin:80 - create IPUIPlugin
2025-08-14 00:28:37,979 [INFO] PluginManager:220 - loadIPPluginJar : add radio
2025-08-14 00:28:37,981 [INFO] IPUIPlugin:80 - create IPUIPlugin
2025-08-14 00:28:37,981 [INFO] PluginManager:220 - loadIPPluginJar : add resmgrutility
2025-08-14 00:28:37,989 [INFO] IPUIPlugin:80 - create IPUIPlugin
2025-08-14 00:28:37,989 [INFO] PluginManager:220 - loadIPPluginJar : add sai
2025-08-14 00:28:37,991 [INFO] IPUIPlugin:80 - create IPUIPlugin
2025-08-14 00:28:37,991 [INFO] PluginManager:220 - loadIPPluginJar : add spi
2025-08-14 00:28:38,004 [INFO] IPUIPlugin:80 - create IPUIPlugin
2025-08-14 00:28:38,005 [INFO] PluginManager:220 - loadIPPluginJar : add stm32_wpan
2025-08-14 00:28:38,007 [INFO] IPUIPlugin:80 - create IPUIPlugin
2025-08-14 00:28:38,007 [INFO] PluginManager:220 - loadIPPluginJar : add tim
2025-08-14 00:28:38,013 [INFO] IPUIPlugin:80 - create IPUIPlugin
2025-08-14 00:28:38,013 [INFO] PluginManager:220 - loadIPPluginJar : add touchsensing
2025-08-14 00:28:38,013 [INFO] IPUIPlugin:80 - create IPUIPlugin
2025-08-14 00:28:38,013 [INFO] PluginManager:220 - loadIPPluginJar : add tracer_emb
2025-08-14 00:28:38,018 [INFO] IPUIPlugin:80 - create IPUIPlugin
2025-08-14 00:28:38,018 [INFO] PluginManager:220 - loadIPPluginJar : add ts
2025-08-14 00:28:38,021 [INFO] IPUIPlugin:80 - create IPUIPlugin
2025-08-14 00:28:38,021 [INFO] PluginManager:220 - loadIPPluginJar : add tsc
2025-08-14 00:28:38,021 [INFO] IPUIPlugin:80 - create IPUIPlugin
2025-08-14 00:28:38,021 [INFO] PluginManager:220 - loadIPPluginJar : add ucpd
2025-08-14 00:28:38,028 [INFO] IPUIPlugin:80 - create IPUIPlugin
2025-08-14 00:28:38,028 [INFO] PluginManager:220 - loadIPPluginJar : add usart
2025-08-14 00:28:38,034 [INFO] IPUIPlugin:80 - create IPUIPlugin
2025-08-14 00:28:38,034 [INFO] PluginManager:220 - loadIPPluginJar : add usbx
2025-08-14 00:28:38,210 [FATAL] Updater:351 - Updater called before beeing initialized
2025-08-14 00:28:38,308 [INFO] RulesReader:64 - Compatibility file has been processed (317 Rules)
2025-08-14 00:28:38,337 [INFO] RulesReader:64 - Compatibility file has been processed (317 Rules)
2025-08-14 00:28:38,382 [INFO] CADModel:165 - CPN selected for project level
2025-08-14 00:28:38,382 [INFO] CADModel:114 - Register for checkConnection events
2025-08-14 00:28:38,382 [FATAL] Updater:351 - Updater called before beeing initialized
2025-08-14 00:28:38,382 [ERROR] CADModel:125 - Updater not yet initialized, retry later 
2025-08-14 00:28:38,946 [FATAL] Updater:351 - Updater called before beeing initialized
2025-08-14 00:28:38,948 [INFO] CADModel:165 - CPN selected for project level
2025-08-14 00:28:38,948 [INFO] CADModel:114 - Register for checkConnection events
2025-08-14 00:28:38,948 [FATAL] Updater:351 - Updater called before beeing initialized
2025-08-14 00:28:38,948 [ERROR] CADModel:125 - Updater not yet initialized, retry later 
2025-08-14 00:28:38,955 [FATAL] Updater:351 - Updater called before beeing initialized
2025-08-14 00:28:39,250 [FATAL] Updater:351 - Updater called before beeing initialized
2025-08-14 00:28:39,257 [INFO] DbMcusAds:53 - JSON generation date=Tue Jul 08 11:14:23 TRT 2025 (1751962463582)
2025-08-14 00:28:39,257 [FATAL] Updater:351 - Updater called before beeing initialized
2025-08-14 00:28:39,322 [WARN] DetailPanel:346 - Failed to get advertising image, set to default
2025-08-14 00:28:39,387 [INFO] ThirdPartyUpdaterWithRetryManager:70 - Updater plugin not ready yet. [2/15]
2025-08-14 00:28:39,478 [FATAL] Updater:351 - Updater called before beeing initialized
2025-08-14 00:28:39,480 [FATAL] Updater:351 - Updater called before beeing initialized
2025-08-14 00:28:39,480 [FATAL] Updater:351 - Updater called before beeing initialized
2025-08-14 00:28:39,480 [WARN] DetailPanel:346 - Failed to get advertising image, set to default
2025-08-14 00:28:39,483 [FATAL] Updater:351 - Updater called before beeing initialized
2025-08-14 00:28:39,584 [ERROR] Updater:1198 - MainUpdater not yet initialized. External WinMGr cannot be set.
2025-08-14 00:28:39,587 [INFO] Updater:1134 - Updater Version found : 6.15.0
2025-08-14 00:28:39,615 [INFO] ApplicationProperties:184 - Using Application install path: C:\ST\STM32CubeIDE_1.19.0\STM32CubeIDE\plugins\com.st.stm32cube.common.mx_6.15.0.202507011659
2025-08-14 00:28:41,261 [ERROR] LogOutputStream:75 - [STDERR_REDIRECT] Aug 14, 2025 12:28:41 AM java.util.prefs.WindowsPreferences <init>
2025-08-14 00:28:41,264 [ERROR] LogOutputStream:75 - [STDERR_REDIRECT] WARNING: Could not open/create prefs root node Software\JavaSoft\Prefs at root 0xffffffff80000002. Windows RegCreateKeyEx(...) returned error code 5.
2025-08-14 00:28:41,264 [ERROR] LogOutputStream:75 - [STDERR_REDIRECT] 
2025-08-14 00:28:42,126 [INFO] MainUpdater:2872 - connection check result : 10
2025-08-14 00:28:42,127 [INFO] MainUpdater:289 - Updater Check For Update Now.
2025-08-14 00:28:42,127 [INFO] MicroXplorer:498 - Change Database Version : DB.6.0.150
2025-08-14 00:28:42,217 [INFO] McuFinderGlobals:63 - Set McuFinder mode to 2 (CubeIDE integrated)
2025-08-14 00:28:42,219 [INFO] UserAuth:171 - activating auth plugin
2025-08-14 00:28:42,239 [INFO] UserAuth:487 - Internet connection configuration mode: 1
2025-08-14 00:28:42,379 [INFO] JxBrowserEngine:152 - Initiate JxBrowser Engine with user profile folder
2025-08-14 00:28:42,396 [WARN] MainUpdater:1193 - Updater busy. Cannot search thirdparties
2025-08-14 00:28:42,397 [INFO] ThirdPartyUpdaterWithRetryManager:96 - Updater plugin is busy. [1/15]
2025-08-14 00:28:42,472 [INFO] CheckServerUpdateThread:120 - End of CheckServer Thread
2025-08-14 00:28:43,838 [INFO] WebApp:169 - Instantiating new browser for Auth
2025-08-14 00:28:45,187 [INFO] WebApp:463 - Apply proxy settings
2025-08-14 00:28:45,187 [INFO] WebApp:548 - Chromium requires no authentication
2025-08-14 00:28:45,213 [INFO] WebApp:491 - Direct internet connection detected
2025-08-14 00:28:45,257 [INFO] WebApp:900 - Register for checkConnection events
2025-08-14 00:28:45,257 [INFO] WebApp:463 - Apply proxy settings
2025-08-14 00:28:45,257 [INFO] WebApp:548 - Chromium requires no authentication
2025-08-14 00:28:45,262 [INFO] WebApp:491 - Direct internet connection detected
2025-08-14 00:28:46,007 [INFO] WebApp:191 - Connection restablished
2025-08-14 00:28:46,197 [INFO] WebApp:225 - Starting web application
2025-08-14 00:28:46,197 [INFO] WebApp:593 - Web application path used C:\ST\STM32CubeIDE_1.19.0\STM32CubeIDE\plugins\com.st.stm32cube.common.mx_6.15.0.202507011659\db\plugins\mcufinder\reactClient1\index.html
2025-08-14 00:28:46,199 [WARN] PackLoader:240 - Cannot read IP mode file for STMicroelectronics.FP-SNS-MOTENVWB1.1.4.0
2025-08-14 00:28:46,356 [WARN] PackLoader:240 - Cannot read IP mode file for STMicroelectronics.FP-ATR-ASTRA1.2.0.2
2025-08-14 00:28:46,459 [WARN] PackLoader:240 - Cannot read IP mode file for STMicroelectronics.X-CUBE-SMBUS.2.1.0
2025-08-14 00:28:46,485 [WARN] PackLoader:240 - Cannot read IP mode file for STMicroelectronics.X-CUBE-ST60.1.0.0
2025-08-14 00:28:46,829 [WARN] PackLoader:240 - Cannot read IP mode file for STMicroelectronics.X-CUBE-AZRTOS-F7.1.1.0
2025-08-14 00:28:47,312 [WARN] PackLoader:240 - Cannot read IP mode file for Infineon.AIROC-Wi-Fi-Bluetooth-STM32.1.7.1
2025-08-14 00:28:47,362 [WARN] PackLoader:240 - Cannot read IP mode file for STMicroelectronics.X-CUBE-AZRTOS-H7.3.4.0
2025-08-14 00:28:47,607 [WARN] PackLoader:240 - Cannot read IP mode file for STMicroelectronics.X-CUBE-DISPLAY.3.0.0
2025-08-14 00:28:47,679 [WARN] PackLoader:240 - Cannot read IP mode file for STMicroelectronics.X-CUBE-NFC10.1.0.0
2025-08-14 00:28:47,739 [WARN] PackLoader:240 - Cannot read IP mode file for STMicroelectronics.X-CUBE-BLEMGR.4.0.0
2025-08-14 00:28:47,795 [WARN] PackLoader:240 - Cannot read IP mode file for emotas.I-CUBE-CANOPEN.1.3.0
2025-08-14 00:28:47,807 [WARN] ConditionMgr:438 - getConditionDescription Invalid condition id : Cortex-A Device cause : null
2025-08-14 00:28:47,871 [WARN] ConditionMgr:1044 - genDependencies : Invalid condition id : Cortex-A Device cause : null
2025-08-14 00:28:47,873 [WARN] ConditionMgr:1044 - genDependencies : Invalid condition id : Cortex-A Device cause : null
2025-08-14 00:28:47,873 [WARN] ConditionMgr:1044 - genDependencies : Invalid condition id : Cortex-A Device cause : null
2025-08-14 00:28:47,976 [WARN] PackLoader:240 - Cannot read IP mode file for STMicroelectronics.FP-SNS-STBOX1.2.1.0
2025-08-14 00:28:48,043 [WARN] PackLoader:240 - Cannot read IP mode file for STMicroelectronics.FP-SNS-SMARTAG2.1.2.0
2025-08-14 00:28:48,250 [WARN] PackLoader:240 - Cannot read IP mode file for STMicroelectronics.FP-SNS-FLIGHT1.5.1.0
2025-08-14 00:28:48,764 [INFO] LogOutputStream:77 - [STDOUT_REDIRECT] 1 : Invalid condition id : UX_CORESTACK_Condition cause : null
2025-08-14 00:28:48,767 [INFO] LogOutputStream:77 - [STDOUT_REDIRECT] 1 : Invalid condition id : UX_CORESTACK_Condition cause : null
2025-08-14 00:28:48,771 [INFO] LogOutputStream:77 - [STDOUT_REDIRECT] 1 : Invalid condition id : UX_CORESTACK_Condition cause : null
2025-08-14 00:28:48,777 [INFO] LogOutputStream:77 - [STDOUT_REDIRECT] 1 : Invalid condition id : UX_CORESTACK_Condition cause : null
2025-08-14 00:28:48,782 [INFO] LogOutputStream:77 - [STDOUT_REDIRECT] 1 : Invalid condition id : UX_CORESTACK_Condition cause : null
2025-08-14 00:28:48,789 [WARN] PackLoader:240 - Cannot read IP mode file for STMicroelectronics.X-CUBE-AZRTOS-WL.2.0.0
2025-08-14 00:28:48,838 [WARN] PackLoader:240 - Cannot read IP mode file for STMicroelectronics.FP-SNS-MOTENV1.5.0.0
2025-08-14 00:28:48,932 [WARN] PackLoader:240 - Cannot read IP mode file for WES.I-CUBE-Cesium.1.3.0
2025-08-14 00:28:49,015 [WARN] PackLoader:240 - Cannot read IP mode file for STMicroelectronics.X-CUBE-BLE2.3.3.0
2025-08-14 00:28:49,071 [WARN] PackLoader:240 - Cannot read IP mode file for STMicroelectronics.X-CUBE-NFC9.1.0.0
2025-08-14 00:28:49,120 [WARN] PackLoader:240 - Cannot read IP mode file for wolfSSL.I-CUBE-wolfSSL.5.8.0
2025-08-14 00:28:49,149 [WARN] PackLoader:240 - Cannot read IP mode file for STMicroelectronics.X-CUBE-BLE1.7.1.0
2025-08-14 00:28:49,248 [WARN] PackLoader:240 - Cannot read IP mode file for wolfSSL.I-CUBE-wolfMQTT.1.19.2
2025-08-14 00:28:49,264 [WARN] PackLoader:240 - Cannot read IP mode file for STMicroelectronics.X-CUBE-EEPRMA1.5.2.0
2025-08-14 00:28:49,280 [WARN] PackLoader:240 - Cannot read IP mode file for STMicroelectronics.X-CUBE-AI.10.1.0
2025-08-14 00:28:49,617 [WARN] PackLoader:240 - Cannot read IP mode file for STMicroelectronics.X-CUBE-AZRTOS-G0.1.1.0
2025-08-14 00:28:49,725 [WARN] PackLoader:240 - Cannot read IP mode file for STMicroelectronics.X-CUBE-SAFEA1.1.2.2
2025-08-14 00:28:49,918 [WARN] PackLoader:240 - Cannot read IP mode file for STMicroelectronics.X-CUBE-NFC4.3.0.0
2025-08-14 00:28:49,997 [WARN] PackLoader:240 - Cannot read IP mode file for EmbeddedOffice.I-CUBE-FS-RTOS.1.0.1
2025-08-14 00:28:50,089 [WARN] PackLoader:240 - Cannot read IP mode file for STMicroelectronics.X-CUBE-WB05N.2.0.0
2025-08-14 00:28:50,108 [WARN] PackLoader:240 - Cannot read IP mode file for wolfSSL.I-CUBE-wolfTPM.3.8.0
2025-08-14 00:28:50,117 [WARN] PackLoader:240 - Cannot read IP mode file for STMicroelectronics.X-CUBE-TCPP.4.2.0
2025-08-14 00:28:50,132 [WARN] PackLoader:240 - Cannot read IP mode file for RealThread.X-CUBE-RT-Thread_Nano.4.1.1
2025-08-14 00:28:50,149 [WARN] PackLoader:240 - Cannot read IP mode file for STMicroelectronics.FP-ATR-SIGFOX1.3.2.0
2025-08-14 00:28:50,167 [WARN] PackLoader:240 - Cannot read IP mode file for ITTIA_DB.I-CUBE-ITTIADB.8.9.0
2025-08-14 00:28:50,179 [WARN] PackLoader:240 - Cannot read IP mode file for STMicroelectronics.X-CUBE-ST67W61.1.0.0
2025-08-14 00:28:50,196 [WARN] PackLoader:240 - Cannot read IP mode file for STMicroelectronics.X-CUBE-AI.10.2.0
2025-08-14 00:28:50,446 [WARN] PackLoader:240 - Cannot read IP mode file for SEGGER.I-CUBE-embOS.1.3.1
2025-08-14 00:28:50,513 [WARN] PackLoader:240 - Cannot read IP mode file for STMicroelectronics.X-CUBE-ALGOBUILD.1.4.0
2025-08-14 00:28:50,638 [WARN] PackLoader:240 - Cannot read IP mode file for STMicroelectronics.X-CUBE-MEMS1.11.3.0
2025-08-14 00:28:51,025 [WARN] PackLoader:240 - Cannot read IP mode file for STMicroelectronics.X-CUBE-PM33A1.1.0.0
2025-08-14 00:28:51,057 [WARN] PackLoader:240 - Cannot read IP mode file for STMicroelectronics.X-CUBE-AZRTOS-F4.1.1.0
2025-08-14 00:28:51,071 [WARN] PackLoader:240 - Cannot read IP mode file for Avnet-IotConnect.X-CUBE-IoTC-DA16k-PMOD.1.0.0
2025-08-14 00:28:51,080 [WARN] PackLoader:240 - Cannot read IP mode file for STMicroelectronics.X-CUBE-ISPU.2.1.0
2025-08-14 00:28:51,092 [WARN] PackLoader:240 - Cannot read IP mode file for STMicroelectronics.X-CUBE-NFC12.1.0.0
2025-08-14 00:28:51,138 [WARN] PackLoader:240 - Cannot read IP mode file for STMicroelectronics.X-CUBE-AZRTOS-L5.2.0.0
2025-08-14 00:28:51,154 [WARN] PackLoader:240 - Cannot read IP mode file for STMicroelectronics.X-CUBE-NFC6.3.1.0
2025-08-14 00:28:51,171 [WARN] PackLoader:240 - Cannot read IP mode file for STMicroelectronics.X-CUBE-FREERTOS.1.3.1
2025-08-14 00:28:51,179 [WARN] PackLoader:240 - Cannot read IP mode file for STMicroelectronics.FP-SNS-STAIOTCFT.1.0.0
2025-08-14 00:28:51,192 [WARN] PackLoader:240 - Cannot read IP mode file for STMicroelectronics.X-CUBE-DPower.1.3.0
2025-08-14 00:28:51,220 [WARN] ConditionMgr:438 - getConditionDescription Invalid condition id : LAN8742 Phy interface Condition cause : null
2025-08-14 00:28:51,221 [WARN] PackLoader:240 - Cannot read IP mode file for STMicroelectronics.X-CUBE-AZRTOS-L4.2.0.0
2025-08-14 00:28:51,226 [WARN] ConditionMgr:1044 - genDependencies : Invalid condition id : LAN8742 Phy interface Condition cause : null
2025-08-14 00:28:51,227 [WARN] ConditionMgr:1044 - genDependencies : Invalid condition id : LAN8742 Phy interface Condition cause : null
2025-08-14 00:28:51,229 [WARN] ConditionMgr:1044 - genDependencies : Invalid condition id : LAN8742 Phy interface Condition cause : null
2025-08-14 00:28:51,254 [WARN] PackLoader:240 - Cannot read IP mode file for STMicroelectronics.X-CUBE-SFXS2LP1.4.0.0
2025-08-14 00:28:51,271 [WARN] PackLoader:240 - Cannot read IP mode file for STMicroelectronics.X-CUBE-BLEMGR.4.1.0
2025-08-14 00:28:51,304 [WARN] ConditionMgr:438 - getConditionDescription Invalid condition id : UX DEVICE CLASS RTOS Condition cause : null
2025-08-14 00:28:51,305 [WARN] ConditionMgr:438 - getConditionDescription Invalid condition id : UX DEVICE CLASS RTOS Condition cause : null
2025-08-14 00:28:51,309 [WARN] PackLoader:240 - Cannot read IP mode file for STMicroelectronics.X-CUBE-AZRTOS-WB.2.0.0
2025-08-14 00:28:51,310 [WARN] ConditionMgr:1044 - genDependencies : Invalid condition id : UX DEVICE CLASS RTOS Condition cause : null
2025-08-14 00:28:51,312 [WARN] ConditionMgr:1044 - genDependencies : Invalid condition id : UX DEVICE CLASS RTOS Condition cause : null
2025-08-14 00:28:51,314 [WARN] ConditionMgr:1044 - genDependencies : Invalid condition id : UX DEVICE CLASS RTOS Condition cause : null
2025-08-14 00:28:51,315 [WARN] ConditionMgr:1044 - genDependencies : Invalid condition id : UX DEVICE CLASS RTOS Condition cause : null
2025-08-14 00:28:51,315 [WARN] ConditionMgr:1044 - genDependencies : Invalid condition id : UX DEVICE CLASS RTOS Condition cause : null
2025-08-14 00:28:51,330 [WARN] PackLoader:240 - Cannot read IP mode file for STMicroelectronics.X-CUBE-GNSS1.7.0.1
2025-08-14 00:28:51,352 [WARN] PackLoader:240 - Cannot read IP mode file for STMicroelectronics.X-CUBE-TOUCHGFX.4.25.0
2025-08-14 00:28:51,366 [WARN] PackLoader:240 - Cannot read IP mode file for STMicroelectronics.FP-SNS-STBOX1.2.0.0
2025-08-14 00:28:51,397 [WARN] PackLoader:240 - Cannot read IP mode file for STMicroelectronics.X-CUBE-SUBG2.5.0.0
2025-08-14 00:28:51,441 [WARN] PackLoader:240 - Cannot read IP mode file for STMicroelectronics.X-CUBE-AZRTOS-H7RS.1.1.0
2025-08-14 00:28:51,456 [WARN] PackLoader:240 - Cannot read IP mode file for Cesanta.I-CUBE-Mongoose.7.13.0
2025-08-14 00:28:51,481 [WARN] PackLoader:240 - Cannot read IP mode file for STMicroelectronics.X-CUBE-AZRTOS-G4.2.0.0
2025-08-14 00:28:51,495 [WARN] PackLoader:240 - Cannot read IP mode file for wolfSSL.I-CUBE-wolfSSH.1.4.20
2025-08-14 00:28:51,504 [WARN] PackLoader:240 - Cannot read IP mode file for STMicroelectronics.X-CUBE-NFC7.2.0.0
2025-08-14 00:28:51,529 [WARN] PackLoader:240 - Cannot read IP mode file for STMicroelectronics.X-CUBE-IPS.3.1.0
2025-08-14 00:28:51,549 [WARN] PackLoader:240 - Cannot read IP mode file for STMicroelectronics.X-CUBE-ALS.1.0.2
2025-08-14 00:28:51,562 [WARN] PackLoader:240 - Cannot read IP mode file for portGmbH.I-Cube-SoM-uGOAL.1.1.0
2025-08-14 00:28:51,581 [WARN] PackLoader:240 - Cannot read IP mode file for STMicroelectronics.X-CUBE-TOF1.3.4.3
2025-08-14 00:28:51,599 [INFO] ThirdParty:978 - Integrity check success = true
2025-08-14 00:28:51,599 [INFO] IntegrityCheckThread:100 - exiting critical section [integrity check]
2025-08-14 00:28:51,599 [INFO] IntegrityCheckThread:103 - End integrity checks thread
2025-08-14 00:31:52,287 [ERROR] LogOutputStream:75 - [STDERR_REDIRECT] 
2025-08-14 09:44:11,617 [INFO] Activator:176 - 


2025-08-14 09:44:11,621 [INFO] Activator:177 - !SESSION log4j initialized
2025-08-14 09:44:21,819 [INFO] LogOutputStream:77 - [STDOUT_REDIRECT] 
2025-08-14 09:44:23,084 [INFO] ApplicationProperties:184 - Using Application install path: C:\ST\STM32CubeIDE_1.19.0\STM32CubeIDE\plugins\com.st.stm32cube.common.mx_6.15.0.202507011659
2025-08-14 09:44:23,105 [INFO] DbMcusXml:78 - Set database path to: C:\ST\STM32CubeIDE_1.19.0\STM32CubeIDE\plugins\com.st.stm32cube.common.mx_6.15.0.202507011659\\db\/mcu/
2025-08-14 09:44:23,105 [INFO] ApiDb:274 - Set plugin database path to: C:\ST\STM32CubeIDE_1.19.0\STM32CubeIDE\plugins\com.st.stm32cube.common.mx_6.15.0.202507011659\\db\/plugins/boardmanager/
2025-08-14 09:44:23,105 [WARN] ApiDb:259 - Overriding images path with different value:  => C:\ST\STM32CubeIDE_1.19.0\STM32CubeIDE\plugins\com.st.stm32cube.common.mx_6.15.0.202507011659\\db\/plugins/mcufinder/images/
2025-08-14 09:44:23,114 [INFO] ApiDb:250 - Set database path to: C:\Users\kadir\.stmcufinder\plugins\mcufinder//mcu/
2025-08-14 09:44:23,115 [INFO] DbMcusAds:125 - Set database path to: C:\Users\kadir\.stmcufinder\plugins\mcufinder//mcu/
2025-08-14 09:44:23,117 [INFO] CrossReferenceDbSqlite:203 - Set database path to: C:\Users\kadir\.stmcufinder\plugins\mcufinder//mcu/cs/
2025-08-14 09:44:23,276 [INFO] RulesReader:64 - Compatibility file has been processed (317 Rules)
2025-08-14 09:44:23,360 [INFO] DbMcusXml:78 - Set database path to: C:\ST\STM32CubeIDE_1.19.0\STM32CubeIDE\plugins\com.st.stm32cube.common.mx_6.15.0.202507011659\\db\/mcu/
2025-08-14 09:44:23,360 [INFO] ApiDb:274 - Set plugin database path to: C:\ST\STM32CubeIDE_1.19.0\STM32CubeIDE\plugins\com.st.stm32cube.common.mx_6.15.0.202507011659\\db\/plugins/boardmanager/
2025-08-14 09:44:23,361 [INFO] ApiDb:261 - Set plugin images path to: C:\ST\STM32CubeIDE_1.19.0\STM32CubeIDE\plugins\com.st.stm32cube.common.mx_6.15.0.202507011659\\db\/plugins/mcufinder/images/
2025-08-14 09:44:23,361 [WARN] DbFile:41 - Overriding database path with different value: C:\Users\kadir\.stmcufinder\plugins\mcufinder/ => C:\Users\kadir\.stmcufinder\plugins\mcufinder
2025-08-14 09:44:23,361 [INFO] ApiDb:250 - Set database path to: C:\Users\kadir\.stmcufinder\plugins\mcufinder//mcu/
2025-08-14 09:44:23,361 [WARN] DbFile:41 - Overriding database path with different value: C:\Users\kadir\.stmcufinder\plugins\mcufinder/ => C:\Users\kadir\.stmcufinder\plugins\mcufinder
2025-08-14 09:44:23,361 [INFO] DbMcusAds:125 - Set database path to: C:\Users\kadir\.stmcufinder\plugins\mcufinder//mcu/
2025-08-14 09:44:23,361 [WARN] DbFile:41 - Overriding database path with different value: C:\Users\kadir\.stmcufinder\plugins\mcufinder/ => C:\Users\kadir\.stmcufinder\plugins\mcufinder
2025-08-14 09:44:23,362 [WARN] DbFile:41 - Overriding database path with different value: C:\Users\kadir\.stmcufinder\plugins\mcufinder/ => C:\Users\kadir\.stmcufinder\plugins\mcufinder
2025-08-14 09:44:23,362 [INFO] CrossReferenceDbSqlite:203 - Set database path to: C:\Users\kadir\.stmcufinder\plugins\mcufinder//mcu/cs/
2025-08-14 09:44:23,432 [INFO] MainPanel:274 - HeapMemory: 268435456
2025-08-14 09:44:23,573 [INFO] DbMcusXml:78 - Set database path to: C:\ST\STM32CubeIDE_1.19.0\STM32CubeIDE\plugins\com.st.stm32cube.common.mx_6.15.0.202507011659\\db\/mcu/
2025-08-14 09:44:23,573 [INFO] ApiDb:274 - Set plugin database path to: C:\ST\STM32CubeIDE_1.19.0\STM32CubeIDE\plugins\com.st.stm32cube.common.mx_6.15.0.202507011659\\db\/plugins/boardmanager/
2025-08-14 09:44:23,573 [INFO] ApiDb:261 - Set plugin images path to: C:\ST\STM32CubeIDE_1.19.0\STM32CubeIDE\plugins\com.st.stm32cube.common.mx_6.15.0.202507011659\\db\/plugins/mcufinder/images/
2025-08-14 09:44:23,573 [WARN] DbFile:41 - Overriding database path with different value: C:\Users\kadir\.stmcufinder\plugins\mcufinder/ => C:\Users\kadir\.stmcufinder\plugins\mcufinder
2025-08-14 09:44:23,573 [INFO] ApiDb:250 - Set database path to: C:\Users\kadir\.stmcufinder\plugins\mcufinder//mcu/
2025-08-14 09:44:23,574 [WARN] DbFile:41 - Overriding database path with different value: C:\Users\kadir\.stmcufinder\plugins\mcufinder/ => C:\Users\kadir\.stmcufinder\plugins\mcufinder
2025-08-14 09:44:23,574 [INFO] DbMcusAds:125 - Set database path to: C:\Users\kadir\.stmcufinder\plugins\mcufinder//mcu/
2025-08-14 09:44:23,574 [WARN] DbFile:41 - Overriding database path with different value: C:\Users\kadir\.stmcufinder\plugins\mcufinder/ => C:\Users\kadir\.stmcufinder\plugins\mcufinder
2025-08-14 09:44:23,574 [WARN] DbFile:41 - Overriding database path with different value: C:\Users\kadir\.stmcufinder\plugins\mcufinder/ => C:\Users\kadir\.stmcufinder\plugins\mcufinder
2025-08-14 09:44:23,574 [INFO] CrossReferenceDbSqlite:203 - Set database path to: C:\Users\kadir\.stmcufinder\plugins\mcufinder//mcu/cs/
2025-08-14 09:44:23,591 [INFO] ApplicationProperties:184 - Using Application install path: C:\ST\STM32CubeIDE_1.19.0\STM32CubeIDE\plugins\com.st.stm32cube.common.mx_6.15.0.202507011659
2025-08-14 09:44:23,592 [INFO] PluginManage:196 - Search for loadable plugins [exclusion list=, ]
2025-08-14 09:44:23,594 [INFO] PluginManage:310 - Check plugin analytics
2025-08-14 09:44:23,785 [INFO] AnalyticsPlugin:253 - Accepted Software Licenses: STM32CubeMX.6.15.0
2025-08-14 09:44:23,785 [INFO] AnalyticsPlugin:255 - Accepted CMSIS Pack Licenses: 
2025-08-14 09:44:23,786 [INFO] AnalyticsPlugin:257 - Accepted Firmware Licenses: 
2025-08-14 09:44:23,790 [INFO] PluginManage:359 - Loaded plugin analytics (category:tool,tabindex:-1)
2025-08-14 09:44:23,790 [INFO] PluginManage:310 - Check plugin cadmodel
2025-08-14 09:44:23,800 [INFO] CADModel:105 - Init CAD model plugin
2025-08-14 09:44:23,800 [INFO] PluginManage:359 - Loaded plugin cadmodel (category:power,tabindex:5)
2025-08-14 09:44:23,801 [INFO] PluginManage:310 - Check plugin clock
2025-08-14 09:44:23,809 [INFO] PluginManage:359 - Loaded plugin clock (category:base,tabindex:2)
2025-08-14 09:44:23,809 [INFO] PluginManage:310 - Check plugin ddr
2025-08-14 09:44:23,812 [INFO] PluginManage:359 - Loaded plugin ddr (category:tool,tabindex:6)
2025-08-14 09:44:23,812 [INFO] PluginManage:310 - Check plugin filemanager
2025-08-14 09:44:23,959 [INFO] PluginManage:359 - Loaded plugin filemanager (category:base,tabindex:10)
2025-08-14 09:44:23,959 [INFO] PluginManage:310 - Check plugin ipmanager
2025-08-14 09:44:23,967 [INFO] PluginManage:359 - Loaded plugin ipmanager (category:base,tabindex:5)
2025-08-14 09:44:23,967 [INFO] PluginManage:310 - Check plugin lpbam
2025-08-14 09:44:23,976 [INFO] PluginManage:359 - Loaded plugin lpbam (category:base,tabindex:0)
2025-08-14 09:44:23,976 [INFO] PluginManage:310 - Check plugin memorymap
2025-08-14 09:44:23,991 [INFO] PluginManage:359 - Loaded plugin memorymap (category:base,tabindex:4)
2025-08-14 09:44:23,992 [INFO] PluginManage:310 - Check plugin pinoutandconfiguration
2025-08-14 09:44:24,001 [INFO] PluginManage:359 - Loaded plugin pinoutandconfiguration (category:base,tabindex:1)
2025-08-14 09:44:24,001 [INFO] PluginManage:310 - Check plugin pinoutconfig
2025-08-14 09:44:24,100 [WARN] SupportedApi:132 - Cannot load RTOS API schema: s4s-elt-must-match.1: The content of 'definitions' must match (annotation?, (simpleType | complexType)?, (unique | key | keyref)*)). A problem was found starting at: attribute.
2025-08-14 09:44:24,239 [INFO] PluginManage:359 - Loaded plugin pinoutconfig (category:base,tabindex:0)
2025-08-14 09:44:24,239 [INFO] PluginManage:310 - Check plugin power
2025-08-14 09:44:24,247 [INFO] PluginManage:359 - Loaded plugin power (category:power,tabindex:4)
2025-08-14 09:44:24,247 [INFO] PluginManage:310 - Check plugin projectmanager
2025-08-14 09:44:24,261 [INFO] PluginManage:359 - Loaded plugin projectmanager (category:projectmanager,tabindex:4)
2025-08-14 09:44:24,261 [INFO] PluginManage:310 - Check plugin rif
2025-08-14 09:44:24,274 [INFO] PluginManage:359 - Loaded plugin rif (category:base,tabindex:3)
2025-08-14 09:44:24,274 [INFO] PluginManage:310 - Check plugin thirdparty
2025-08-14 09:44:24,431 [INFO] PluginManage:359 - Loaded plugin thirdparty (category:base,tabindex:-1)
2025-08-14 09:44:24,431 [INFO] PluginManage:310 - Check plugin tools
2025-08-14 09:44:24,431 [WARN] IntegrityCheckThread:84 - waiting for thirdparty lock release [integrity check]
2025-08-14 09:44:24,431 [INFO] IntegrityCheckThread:86 - entering critical section [integrity check]
2025-08-14 09:44:24,432 [INFO] ThirdPartyUpdaterWithRetryManager:70 - Updater plugin not ready yet. [1/15]
2025-08-14 09:44:24,436 [INFO] PluginManage:359 - Loaded plugin tools (category:base,tabindex:7)
2025-08-14 09:44:24,436 [INFO] PluginManage:310 - Check plugin tutovideos
2025-08-14 09:44:24,715 [INFO] PluginManage:359 - Loaded plugin tutovideos (category:base,tabindex:-1)
2025-08-14 09:44:24,716 [INFO] PluginManage:310 - Check plugin updater
2025-08-14 09:44:24,746 [INFO] PluginManage:359 - Loaded plugin updater (category:base,tabindex:12)
2025-08-14 09:44:24,746 [INFO] PluginManage:310 - Check plugin userauth
2025-08-14 09:44:24,751 [INFO] UserAuth:118 - Init User Auth plugin
2025-08-14 09:44:24,752 [INFO] PluginManage:359 - Loaded plugin userauth (category:base,tabindex:14)
2025-08-14 09:44:24,752 [INFO] PluginManage:283 - PluginManage : Loaded plugins [18]
2025-08-14 09:44:25,024 [INFO] PinOutPanel:1589 - setPackage(No Configuration,No Configuration)
2025-08-14 09:44:25,143 [INFO] CADModel:165 - CPN selected for project level
2025-08-14 09:44:25,143 [INFO] CADModel:114 - Register for checkConnection events
2025-08-14 09:44:25,166 [INFO] IPUIPlugin:80 - create IPUIPlugin
2025-08-14 09:44:25,167 [INFO] PluginManager:220 - loadIPPluginJar : add adc
2025-08-14 09:44:25,173 [INFO] IPUIPlugin:80 - create IPUIPlugin
2025-08-14 09:44:25,174 [INFO] PluginManager:220 - loadIPPluginJar : add aes
2025-08-14 09:44:25,178 [INFO] IPUIPlugin:80 - create IPUIPlugin
2025-08-14 09:44:25,178 [INFO] PluginManager:220 - loadIPPluginJar : add can
2025-08-14 09:44:25,180 [INFO] IPUIPlugin:80 - create IPUIPlugin
2025-08-14 09:44:25,180 [INFO] PluginManager:220 - loadIPPluginJar : add comp
2025-08-14 09:44:25,183 [INFO] IPUIPlugin:80 - create IPUIPlugin
2025-08-14 09:44:25,183 [INFO] PluginManager:220 - loadIPPluginJar : add cryp
2025-08-14 09:44:25,189 [INFO] IPUIPlugin:80 - create IPUIPlugin
2025-08-14 09:44:25,189 [INFO] PluginManager:220 - loadIPPluginJar : add ddr_ctrl_phy
2025-08-14 09:44:25,192 [INFO] IPUIPlugin:80 - create IPUIPlugin
2025-08-14 09:44:25,192 [INFO] PluginManager:220 - loadIPPluginJar : add dfsdm
2025-08-14 09:44:25,199 [INFO] IPUIPlugin:80 - create IPUIPlugin
2025-08-14 09:44:25,200 [INFO] PluginManager:220 - loadIPPluginJar : add dma
2025-08-14 09:44:25,202 [INFO] IPUIPlugin:80 - create IPUIPlugin
2025-08-14 09:44:25,203 [INFO] PluginManager:220 - loadIPPluginJar : add dma3
2025-08-14 09:44:25,206 [INFO] IPUIPlugin:80 - create IPUIPlugin
2025-08-14 09:44:25,206 [INFO] PluginManager:220 - loadIPPluginJar : add extmemmanager
2025-08-14 09:44:25,207 [INFO] IPUIPlugin:80 - create IPUIPlugin
2025-08-14 09:44:25,208 [INFO] PluginManager:220 - loadIPPluginJar : add fatfs
2025-08-14 09:44:25,212 [INFO] IPUIPlugin:80 - create IPUIPlugin
2025-08-14 09:44:25,212 [INFO] PluginManager:220 - loadIPPluginJar : add fmc
2025-08-14 09:44:25,219 [INFO] IPUIPlugin:80 - create IPUIPlugin
2025-08-14 09:44:25,219 [INFO] PluginManager:220 - loadIPPluginJar : add freertos
2025-08-14 09:44:25,221 [INFO] IPUIPlugin:80 - create IPUIPlugin
2025-08-14 09:44:25,221 [INFO] PluginManager:220 - loadIPPluginJar : add genericplugin
2025-08-14 09:44:25,224 [INFO] IPUIPlugin:80 - create IPUIPlugin
2025-08-14 09:44:25,224 [INFO] PluginManager:220 - loadIPPluginJar : add gfxmmu
2025-08-14 09:44:25,230 [INFO] IPUIPlugin:80 - create IPUIPlugin
2025-08-14 09:44:25,230 [INFO] PluginManager:220 - loadIPPluginJar : add gic
2025-08-14 09:44:25,235 [INFO] IPUIPlugin:80 - create IPUIPlugin
2025-08-14 09:44:25,235 [INFO] PluginManager:220 - loadIPPluginJar : add gpio
2025-08-14 09:44:25,239 [INFO] IPUIPlugin:80 - create IPUIPlugin
2025-08-14 09:44:25,239 [INFO] PluginManager:220 - loadIPPluginJar : add gtzc
2025-08-14 09:44:25,241 [INFO] IPUIPlugin:80 - create IPUIPlugin
2025-08-14 09:44:25,242 [INFO] PluginManager:220 - loadIPPluginJar : add hash
2025-08-14 09:44:25,244 [INFO] IPUIPlugin:80 - create IPUIPlugin
2025-08-14 09:44:25,244 [INFO] PluginManager:220 - loadIPPluginJar : add i2c
2025-08-14 09:44:25,247 [INFO] IPUIPlugin:80 - create IPUIPlugin
2025-08-14 09:44:25,247 [INFO] PluginManager:220 - loadIPPluginJar : add i2s
2025-08-14 09:44:25,249 [INFO] IPUIPlugin:80 - create IPUIPlugin
2025-08-14 09:44:25,250 [INFO] PluginManager:220 - loadIPPluginJar : add i3c
2025-08-14 09:44:25,254 [INFO] IPUIPlugin:80 - create IPUIPlugin
2025-08-14 09:44:25,254 [INFO] PluginManager:220 - loadIPPluginJar : add ipddr
2025-08-14 09:44:25,262 [INFO] IPUIPlugin:80 - create IPUIPlugin
2025-08-14 09:44:25,262 [INFO] PluginManager:220 - loadIPPluginJar : add linkedlist
2025-08-14 09:44:25,265 [INFO] IPUIPlugin:80 - create IPUIPlugin
2025-08-14 09:44:25,265 [INFO] PluginManager:220 - loadIPPluginJar : add lorawan
2025-08-14 09:44:25,267 [INFO] IPUIPlugin:80 - create IPUIPlugin
2025-08-14 09:44:25,267 [INFO] PluginManager:220 - loadIPPluginJar : add ltdc
2025-08-14 09:44:25,272 [INFO] IPUIPlugin:80 - create IPUIPlugin
2025-08-14 09:44:25,272 [INFO] PluginManager:220 - loadIPPluginJar : add mdma
2025-08-14 09:44:25,275 [INFO] IPUIPlugin:80 - create IPUIPlugin
2025-08-14 09:44:25,275 [INFO] PluginManager:220 - loadIPPluginJar : add nvic
2025-08-14 09:44:25,278 [INFO] IPUIPlugin:80 - create IPUIPlugin
2025-08-14 09:44:25,278 [INFO] PluginManager:220 - loadIPPluginJar : add opamp
2025-08-14 09:44:25,280 [INFO] IPUIPlugin:80 - create IPUIPlugin
2025-08-14 09:44:25,280 [INFO] PluginManager:220 - loadIPPluginJar : add openamp
2025-08-14 09:44:25,283 [INFO] IPUIPlugin:80 - create IPUIPlugin
2025-08-14 09:44:25,284 [INFO] PluginManager:220 - loadIPPluginJar : add pdm2pcm
2025-08-14 09:44:25,291 [INFO] IPUIPlugin:80 - create IPUIPlugin
2025-08-14 09:44:25,292 [INFO] PluginManager:220 - loadIPPluginJar : add plateformsettings
2025-08-14 09:44:25,295 [INFO] IPUIPlugin:80 - create IPUIPlugin
2025-08-14 09:44:25,295 [INFO] PluginManager:220 - loadIPPluginJar : add quadspi
2025-08-14 09:44:25,297 [INFO] IPUIPlugin:80 - create IPUIPlugin
2025-08-14 09:44:25,299 [INFO] PluginManager:220 - loadIPPluginJar : add radio
2025-08-14 09:44:25,304 [INFO] IPUIPlugin:80 - create IPUIPlugin
2025-08-14 09:44:25,304 [INFO] PluginManager:220 - loadIPPluginJar : add resmgrutility
2025-08-14 09:44:25,307 [INFO] IPUIPlugin:80 - create IPUIPlugin
2025-08-14 09:44:25,307 [INFO] PluginManager:220 - loadIPPluginJar : add sai
2025-08-14 09:44:25,310 [INFO] IPUIPlugin:80 - create IPUIPlugin
2025-08-14 09:44:25,310 [INFO] PluginManager:220 - loadIPPluginJar : add spi
2025-08-14 09:44:25,318 [INFO] IPUIPlugin:80 - create IPUIPlugin
2025-08-14 09:44:25,318 [INFO] PluginManager:220 - loadIPPluginJar : add stm32_wpan
2025-08-14 09:44:25,320 [INFO] IPUIPlugin:80 - create IPUIPlugin
2025-08-14 09:44:25,320 [INFO] PluginManager:220 - loadIPPluginJar : add tim
2025-08-14 09:44:25,323 [INFO] IPUIPlugin:80 - create IPUIPlugin
2025-08-14 09:44:25,323 [INFO] PluginManager:220 - loadIPPluginJar : add touchsensing
2025-08-14 09:44:25,326 [INFO] IPUIPlugin:80 - create IPUIPlugin
2025-08-14 09:44:25,326 [INFO] PluginManager:220 - loadIPPluginJar : add tracer_emb
2025-08-14 09:44:25,328 [INFO] IPUIPlugin:80 - create IPUIPlugin
2025-08-14 09:44:25,328 [INFO] PluginManager:220 - loadIPPluginJar : add ts
2025-08-14 09:44:25,330 [INFO] IPUIPlugin:80 - create IPUIPlugin
2025-08-14 09:44:25,330 [INFO] PluginManager:220 - loadIPPluginJar : add tsc
2025-08-14 09:44:25,332 [INFO] IPUIPlugin:80 - create IPUIPlugin
2025-08-14 09:44:25,332 [INFO] PluginManager:220 - loadIPPluginJar : add ucpd
2025-08-14 09:44:25,335 [INFO] IPUIPlugin:80 - create IPUIPlugin
2025-08-14 09:44:25,336 [INFO] PluginManager:220 - loadIPPluginJar : add usart
2025-08-14 09:44:25,339 [INFO] IPUIPlugin:80 - create IPUIPlugin
2025-08-14 09:44:25,339 [INFO] PluginManager:220 - loadIPPluginJar : add usbx
2025-08-14 09:44:25,478 [FATAL] Updater:351 - Updater called before beeing initialized
2025-08-14 09:44:25,566 [INFO] RulesReader:64 - Compatibility file has been processed (317 Rules)
2025-08-14 09:44:25,594 [INFO] RulesReader:64 - Compatibility file has been processed (317 Rules)
2025-08-14 09:44:25,673 [INFO] CADModel:165 - CPN selected for project level
2025-08-14 09:44:25,673 [INFO] CADModel:114 - Register for checkConnection events
2025-08-14 09:44:25,673 [FATAL] Updater:351 - Updater called before beeing initialized
2025-08-14 09:44:25,673 [ERROR] CADModel:125 - Updater not yet initialized, retry later 
2025-08-14 09:44:25,973 [FATAL] Updater:351 - Updater called before beeing initialized
2025-08-14 09:44:25,977 [INFO] CADModel:165 - CPN selected for project level
2025-08-14 09:44:25,977 [INFO] CADModel:114 - Register for checkConnection events
2025-08-14 09:44:25,977 [FATAL] Updater:351 - Updater called before beeing initialized
2025-08-14 09:44:25,978 [ERROR] CADModel:125 - Updater not yet initialized, retry later 
2025-08-14 09:44:25,985 [FATAL] Updater:351 - Updater called before beeing initialized
2025-08-14 09:44:26,149 [FATAL] Updater:351 - Updater called before beeing initialized
2025-08-14 09:44:26,155 [INFO] DbMcusAds:53 - JSON generation date=Tue Jul 08 11:14:23 TRT 2025 (1751962463582)
2025-08-14 09:44:26,155 [FATAL] Updater:351 - Updater called before beeing initialized
2025-08-14 09:44:26,203 [WARN] DetailPanel:346 - Failed to get advertising image, set to default
2025-08-14 09:44:26,309 [FATAL] Updater:351 - Updater called before beeing initialized
2025-08-14 09:44:26,314 [FATAL] Updater:351 - Updater called before beeing initialized
2025-08-14 09:44:26,315 [FATAL] Updater:351 - Updater called before beeing initialized
2025-08-14 09:44:26,315 [WARN] DetailPanel:346 - Failed to get advertising image, set to default
2025-08-14 09:44:26,317 [FATAL] Updater:351 - Updater called before beeing initialized
2025-08-14 09:44:26,381 [ERROR] Updater:1198 - MainUpdater not yet initialized. External WinMGr cannot be set.
2025-08-14 09:44:26,383 [INFO] Updater:1134 - Updater Version found : 6.15.0
2025-08-14 09:44:26,411 [INFO] ApplicationProperties:184 - Using Application install path: C:\ST\STM32CubeIDE_1.19.0\STM32CubeIDE\plugins\com.st.stm32cube.common.mx_6.15.0.202507011659
2025-08-14 09:44:27,434 [INFO] ThirdPartyUpdaterWithRetryManager:70 - Updater plugin not ready yet. [2/15]
2025-08-14 09:44:27,989 [ERROR] LogOutputStream:75 - [STDERR_REDIRECT] Aug 14, 2025 9:44:27 AM java.util.prefs.WindowsPreferences <init>
2025-08-14 09:44:27,990 [ERROR] LogOutputStream:75 - [STDERR_REDIRECT] WARNING: Could not open/create prefs root node Software\JavaSoft\Prefs at root 0xffffffff80000002. Windows RegCreateKeyEx(...) returned error code 5.
2025-08-14 09:44:27,990 [ERROR] LogOutputStream:75 - [STDERR_REDIRECT] 
2025-08-14 09:44:28,410 [INFO] MainUpdater:2872 - connection check result : 10
2025-08-14 09:44:28,411 [INFO] MainUpdater:289 - Updater Check For Update Now.
2025-08-14 09:44:28,411 [INFO] MicroXplorer:498 - Change Database Version : DB.6.0.150
2025-08-14 09:44:28,448 [INFO] McuFinderGlobals:63 - Set McuFinder mode to 2 (CubeIDE integrated)
2025-08-14 09:44:28,449 [INFO] UserAuth:171 - activating auth plugin
2025-08-14 09:44:28,468 [INFO] UserAuth:487 - Internet connection configuration mode: 1
2025-08-14 09:44:28,536 [INFO] JxBrowserEngine:152 - Initiate JxBrowser Engine with user profile folder
2025-08-14 09:44:28,636 [INFO] CheckServerUpdateThread:120 - End of CheckServer Thread
2025-08-14 09:44:29,647 [INFO] WebApp:169 - Instantiating new browser for Auth
2025-08-14 09:44:30,386 [INFO] WebApp:463 - Apply proxy settings
2025-08-14 09:44:30,386 [INFO] WebApp:548 - Chromium requires no authentication
2025-08-14 09:44:30,400 [INFO] WebApp:491 - Direct internet connection detected
2025-08-14 09:44:30,431 [INFO] WebApp:900 - Register for checkConnection events
2025-08-14 09:44:30,431 [INFO] WebApp:463 - Apply proxy settings
2025-08-14 09:44:30,431 [INFO] WebApp:548 - Chromium requires no authentication
2025-08-14 09:44:30,432 [INFO] WebApp:491 - Direct internet connection detected
2025-08-14 09:44:30,695 [WARN] PackLoader:240 - Cannot read IP mode file for STMicroelectronics.FP-SNS-MOTENVWB1.1.4.0
2025-08-14 09:44:30,705 [WARN] PackLoader:240 - Cannot read IP mode file for STMicroelectronics.FP-ATR-ASTRA1.2.0.2
2025-08-14 09:44:30,713 [WARN] PackLoader:240 - Cannot read IP mode file for STMicroelectronics.X-CUBE-SMBUS.2.1.0
2025-08-14 09:44:30,717 [WARN] PackLoader:240 - Cannot read IP mode file for STMicroelectronics.X-CUBE-ST60.1.0.0
2025-08-14 09:44:30,743 [WARN] PackLoader:240 - Cannot read IP mode file for STMicroelectronics.X-CUBE-AZRTOS-F7.1.1.0
2025-08-14 09:44:30,769 [WARN] PackLoader:240 - Cannot read IP mode file for Infineon.AIROC-Wi-Fi-Bluetooth-STM32.1.7.1
2025-08-14 09:44:30,793 [WARN] PackLoader:240 - Cannot read IP mode file for STMicroelectronics.X-CUBE-AZRTOS-H7.3.4.0
2025-08-14 09:44:30,806 [WARN] PackLoader:240 - Cannot read IP mode file for STMicroelectronics.X-CUBE-DISPLAY.3.0.0
2025-08-14 09:44:30,820 [WARN] PackLoader:240 - Cannot read IP mode file for STMicroelectronics.X-CUBE-NFC10.1.0.0
2025-08-14 09:44:30,832 [WARN] PackLoader:240 - Cannot read IP mode file for STMicroelectronics.X-CUBE-BLEMGR.4.0.0
2025-08-14 09:44:30,840 [WARN] PackLoader:240 - Cannot read IP mode file for emotas.I-CUBE-CANOPEN.1.3.0
2025-08-14 09:44:30,846 [WARN] ConditionMgr:438 - getConditionDescription Invalid condition id : Cortex-A Device cause : null
2025-08-14 09:44:30,870 [WARN] ConditionMgr:1044 - genDependencies : Invalid condition id : Cortex-A Device cause : null
2025-08-14 09:44:30,870 [WARN] ConditionMgr:1044 - genDependencies : Invalid condition id : Cortex-A Device cause : null
2025-08-14 09:44:30,871 [WARN] ConditionMgr:1044 - genDependencies : Invalid condition id : Cortex-A Device cause : null
2025-08-14 09:44:30,881 [WARN] PackLoader:240 - Cannot read IP mode file for STMicroelectronics.FP-SNS-STBOX1.2.1.0
2025-08-14 09:44:30,887 [WARN] PackLoader:240 - Cannot read IP mode file for STMicroelectronics.FP-SNS-SMARTAG2.1.2.0
2025-08-14 09:44:30,891 [WARN] PackLoader:240 - Cannot read IP mode file for STMicroelectronics.FP-SNS-FLIGHT1.5.1.0
2025-08-14 09:44:30,904 [INFO] LogOutputStream:77 - [STDOUT_REDIRECT] 1 : Invalid condition id : UX_CORESTACK_Condition cause : null
2025-08-14 09:44:30,906 [INFO] LogOutputStream:77 - [STDOUT_REDIRECT] 1 : Invalid condition id : UX_CORESTACK_Condition cause : null
2025-08-14 09:44:30,908 [INFO] LogOutputStream:77 - [STDOUT_REDIRECT] 1 : Invalid condition id : UX_CORESTACK_Condition cause : null
2025-08-14 09:44:30,908 [INFO] WebApp:191 - Connection restablished
2025-08-14 09:44:30,910 [INFO] LogOutputStream:77 - [STDOUT_REDIRECT] 1 : Invalid condition id : UX_CORESTACK_Condition cause : null
2025-08-14 09:44:30,911 [INFO] LogOutputStream:77 - [STDOUT_REDIRECT] 1 : Invalid condition id : UX_CORESTACK_Condition cause : null
2025-08-14 09:44:30,913 [WARN] PackLoader:240 - Cannot read IP mode file for STMicroelectronics.X-CUBE-AZRTOS-WL.2.0.0
2025-08-14 09:44:30,922 [WARN] PackLoader:240 - Cannot read IP mode file for STMicroelectronics.FP-SNS-MOTENV1.5.0.0
2025-08-14 09:44:30,935 [WARN] PackLoader:240 - Cannot read IP mode file for WES.I-CUBE-Cesium.1.3.0
2025-08-14 09:44:30,942 [WARN] PackLoader:240 - Cannot read IP mode file for STMicroelectronics.X-CUBE-BLE2.3.3.0
2025-08-14 09:44:30,950 [WARN] PackLoader:240 - Cannot read IP mode file for STMicroelectronics.X-CUBE-NFC9.1.0.0
2025-08-14 09:44:30,957 [WARN] PackLoader:240 - Cannot read IP mode file for wolfSSL.I-CUBE-wolfSSL.5.8.0
2025-08-14 09:44:30,962 [WARN] PackLoader:240 - Cannot read IP mode file for STMicroelectronics.X-CUBE-BLE1.7.1.0
2025-08-14 09:44:30,968 [WARN] PackLoader:240 - Cannot read IP mode file for wolfSSL.I-CUBE-wolfMQTT.1.19.2
2025-08-14 09:44:30,983 [WARN] PackLoader:240 - Cannot read IP mode file for STMicroelectronics.X-CUBE-EEPRMA1.5.2.0
2025-08-14 09:44:30,990 [WARN] PackLoader:240 - Cannot read IP mode file for STMicroelectronics.X-CUBE-AI.10.1.0
2025-08-14 09:44:31,002 [WARN] PackLoader:240 - Cannot read IP mode file for STMicroelectronics.X-CUBE-AZRTOS-G0.1.1.0
2025-08-14 09:44:31,009 [WARN] PackLoader:240 - Cannot read IP mode file for STMicroelectronics.X-CUBE-SAFEA1.1.2.2
2025-08-14 09:44:31,014 [WARN] PackLoader:240 - Cannot read IP mode file for STMicroelectronics.X-CUBE-NFC4.3.0.0
2025-08-14 09:44:31,021 [WARN] PackLoader:240 - Cannot read IP mode file for EmbeddedOffice.I-CUBE-FS-RTOS.1.0.1
2025-08-14 09:44:31,027 [WARN] PackLoader:240 - Cannot read IP mode file for STMicroelectronics.X-CUBE-WB05N.2.0.0
2025-08-14 09:44:31,033 [WARN] PackLoader:240 - Cannot read IP mode file for wolfSSL.I-CUBE-wolfTPM.3.8.0
2025-08-14 09:44:31,038 [WARN] PackLoader:240 - Cannot read IP mode file for STMicroelectronics.X-CUBE-TCPP.4.2.0
2025-08-14 09:44:31,044 [WARN] PackLoader:240 - Cannot read IP mode file for RealThread.X-CUBE-RT-Thread_Nano.4.1.1
2025-08-14 09:44:31,048 [WARN] PackLoader:240 - Cannot read IP mode file for STMicroelectronics.FP-ATR-SIGFOX1.3.2.0
2025-08-14 09:44:31,054 [WARN] PackLoader:240 - Cannot read IP mode file for ITTIA_DB.I-CUBE-ITTIADB.8.9.0
2025-08-14 09:44:31,063 [WARN] PackLoader:240 - Cannot read IP mode file for STMicroelectronics.X-CUBE-ST67W61.1.0.0
2025-08-14 09:44:31,067 [WARN] PackLoader:240 - Cannot read IP mode file for STMicroelectronics.X-CUBE-AI.10.2.0
2025-08-14 09:44:31,086 [WARN] PackLoader:240 - Cannot read IP mode file for SEGGER.I-CUBE-embOS.1.3.1
2025-08-14 09:44:31,114 [WARN] PackLoader:240 - Cannot read IP mode file for STMicroelectronics.X-CUBE-ALGOBUILD.1.4.0
2025-08-14 09:44:31,114 [INFO] WebApp:225 - Starting web application
2025-08-14 09:44:31,114 [INFO] WebApp:593 - Web application path used C:\ST\STM32CubeIDE_1.19.0\STM32CubeIDE\plugins\com.st.stm32cube.common.mx_6.15.0.202507011659\db\plugins\mcufinder\reactClient1\index.html
2025-08-14 09:44:31,148 [WARN] PackLoader:240 - Cannot read IP mode file for STMicroelectronics.X-CUBE-MEMS1.11.3.0
2025-08-14 09:44:31,295 [WARN] PackLoader:240 - Cannot read IP mode file for STMicroelectronics.X-CUBE-PM33A1.1.0.0
2025-08-14 09:44:31,314 [WARN] PackLoader:240 - Cannot read IP mode file for STMicroelectronics.X-CUBE-AZRTOS-F4.1.1.0
2025-08-14 09:44:31,326 [WARN] PackLoader:240 - Cannot read IP mode file for Avnet-IotConnect.X-CUBE-IoTC-DA16k-PMOD.1.0.0
2025-08-14 09:44:31,332 [WARN] PackLoader:240 - Cannot read IP mode file for STMicroelectronics.X-CUBE-ISPU.2.1.0
2025-08-14 09:44:31,340 [WARN] PackLoader:240 - Cannot read IP mode file for STMicroelectronics.X-CUBE-NFC12.1.0.0
2025-08-14 09:44:31,374 [WARN] PackLoader:240 - Cannot read IP mode file for STMicroelectronics.X-CUBE-AZRTOS-L5.2.0.0
2025-08-14 09:44:31,385 [WARN] PackLoader:240 - Cannot read IP mode file for STMicroelectronics.X-CUBE-NFC6.3.1.0
2025-08-14 09:44:31,393 [WARN] PackLoader:240 - Cannot read IP mode file for STMicroelectronics.X-CUBE-FREERTOS.1.3.1
2025-08-14 09:44:31,398 [WARN] PackLoader:240 - Cannot read IP mode file for STMicroelectronics.FP-SNS-STAIOTCFT.1.0.0
2025-08-14 09:44:31,405 [WARN] PackLoader:240 - Cannot read IP mode file for STMicroelectronics.X-CUBE-DPower.1.3.0
2025-08-14 09:44:31,416 [WARN] ConditionMgr:438 - getConditionDescription Invalid condition id : LAN8742 Phy interface Condition cause : null
2025-08-14 09:44:31,416 [WARN] PackLoader:240 - Cannot read IP mode file for STMicroelectronics.X-CUBE-AZRTOS-L4.2.0.0
2025-08-14 09:44:31,417 [WARN] ConditionMgr:1044 - genDependencies : Invalid condition id : LAN8742 Phy interface Condition cause : null
2025-08-14 09:44:31,417 [WARN] ConditionMgr:1044 - genDependencies : Invalid condition id : LAN8742 Phy interface Condition cause : null
2025-08-14 09:44:31,418 [WARN] ConditionMgr:1044 - genDependencies : Invalid condition id : LAN8742 Phy interface Condition cause : null
2025-08-14 09:44:31,422 [WARN] PackLoader:240 - Cannot read IP mode file for STMicroelectronics.X-CUBE-SFXS2LP1.4.0.0
2025-08-14 09:44:31,433 [WARN] PackLoader:240 - Cannot read IP mode file for STMicroelectronics.X-CUBE-BLEMGR.4.1.0
2025-08-14 09:44:31,446 [WARN] ConditionMgr:438 - getConditionDescription Invalid condition id : UX DEVICE CLASS RTOS Condition cause : null
2025-08-14 09:44:31,446 [WARN] ConditionMgr:438 - getConditionDescription Invalid condition id : UX DEVICE CLASS RTOS Condition cause : null
2025-08-14 09:44:31,447 [WARN] PackLoader:240 - Cannot read IP mode file for STMicroelectronics.X-CUBE-AZRTOS-WB.2.0.0
2025-08-14 09:44:31,448 [WARN] ConditionMgr:1044 - genDependencies : Invalid condition id : UX DEVICE CLASS RTOS Condition cause : null
2025-08-14 09:44:31,448 [WARN] ConditionMgr:1044 - genDependencies : Invalid condition id : UX DEVICE CLASS RTOS Condition cause : null
2025-08-14 09:44:31,448 [WARN] ConditionMgr:1044 - genDependencies : Invalid condition id : UX DEVICE CLASS RTOS Condition cause : null
2025-08-14 09:44:31,448 [WARN] ConditionMgr:1044 - genDependencies : Invalid condition id : UX DEVICE CLASS RTOS Condition cause : null
2025-08-14 09:44:31,448 [WARN] ConditionMgr:1044 - genDependencies : Invalid condition id : UX DEVICE CLASS RTOS Condition cause : null
2025-08-14 09:44:31,453 [WARN] PackLoader:240 - Cannot read IP mode file for STMicroelectronics.X-CUBE-GNSS1.7.0.1
2025-08-14 09:44:31,461 [WARN] PackLoader:240 - Cannot read IP mode file for STMicroelectronics.X-CUBE-TOUCHGFX.4.25.0
2025-08-14 09:44:31,465 [WARN] PackLoader:240 - Cannot read IP mode file for STMicroelectronics.FP-SNS-STBOX1.2.0.0
2025-08-14 09:44:31,472 [WARN] PackLoader:240 - Cannot read IP mode file for STMicroelectronics.X-CUBE-SUBG2.5.0.0
2025-08-14 09:44:31,485 [WARN] PackLoader:240 - Cannot read IP mode file for STMicroelectronics.X-CUBE-AZRTOS-H7RS.1.1.0
2025-08-14 09:44:31,491 [WARN] PackLoader:240 - Cannot read IP mode file for Cesanta.I-CUBE-Mongoose.7.13.0
2025-08-14 09:44:31,500 [WARN] PackLoader:240 - Cannot read IP mode file for STMicroelectronics.X-CUBE-AZRTOS-G4.2.0.0
2025-08-14 09:44:31,504 [WARN] PackLoader:240 - Cannot read IP mode file for wolfSSL.I-CUBE-wolfSSH.1.4.20
2025-08-14 09:44:31,508 [WARN] PackLoader:240 - Cannot read IP mode file for STMicroelectronics.X-CUBE-NFC7.2.0.0
2025-08-14 09:44:31,517 [WARN] PackLoader:240 - Cannot read IP mode file for STMicroelectronics.X-CUBE-IPS.3.1.0
2025-08-14 09:44:31,524 [WARN] PackLoader:240 - Cannot read IP mode file for STMicroelectronics.X-CUBE-ALS.1.0.2
2025-08-14 09:44:31,529 [WARN] PackLoader:240 - Cannot read IP mode file for portGmbH.I-Cube-SoM-uGOAL.1.1.0
2025-08-14 09:44:31,539 [WARN] PackLoader:240 - Cannot read IP mode file for STMicroelectronics.X-CUBE-TOF1.3.4.3
2025-08-14 09:44:31,550 [INFO] ThirdParty:978 - Integrity check success = true
2025-08-14 09:44:31,550 [INFO] IntegrityCheckThread:100 - exiting critical section [integrity check]
2025-08-14 09:44:31,550 [INFO] IntegrityCheckThread:103 - End integrity checks thread
2025-08-14 16:05:03,396 [INFO] WebApp:403 - JxBrowser engine has been closed 
