2025-10-29 12:52:14,913 [INFO] Activator:176 - 


2025-10-29 12:52:14,926 [INFO] Activator:177 - !SESSION log4j initialized
2025-10-29 12:52:22,376 [INFO] LogOutputStream:77 - [STDOUT_REDIRECT] 
2025-10-29 12:52:24,249 [INFO] ApplicationProperties:184 - Using Application install path: C:\ST\STM32CubeIDE_1.19.0\STM32CubeIDE\plugins\com.st.stm32cube.common.mx_6.15.0.202507011659
2025-10-29 12:52:24,283 [INFO] DbMcusXml:78 - Set database path to: C:\ST\STM32CubeIDE_1.19.0\STM32CubeIDE\plugins\com.st.stm32cube.common.mx_6.15.0.202507011659\\db\/mcu/
2025-10-29 12:52:24,283 [INFO] ApiDb:274 - Set plugin database path to: C:\ST\STM32CubeIDE_1.19.0\STM32CubeIDE\plugins\com.st.stm32cube.common.mx_6.15.0.202507011659\\db\/plugins/boardmanager/
2025-10-29 12:52:24,284 [WARN] ApiDb:259 - Overriding images path with different value:  => C:\ST\STM32CubeIDE_1.19.0\STM32CubeIDE\plugins\com.st.stm32cube.common.mx_6.15.0.202507011659\\db\/plugins/mcufinder/images/
2025-10-29 12:52:24,298 [INFO] ApiDb:250 - Set database path to: C:\Users\kadir\.stmcufinder\plugins\mcufinder//mcu/
2025-10-29 12:52:24,302 [INFO] DbMcusAds:125 - Set database path to: C:\Users\kadir\.stmcufinder\plugins\mcufinder//mcu/
2025-10-29 12:52:24,305 [INFO] CrossReferenceDbSqlite:203 - Set database path to: C:\Users\kadir\.stmcufinder\plugins\mcufinder//mcu/cs/
2025-10-29 12:52:24,484 [INFO] RulesReader:64 - Compatibility file has been processed (317 Rules)
2025-10-29 12:52:24,616 [INFO] DbMcusXml:78 - Set database path to: C:\ST\STM32CubeIDE_1.19.0\STM32CubeIDE\plugins\com.st.stm32cube.common.mx_6.15.0.202507011659\\db\/mcu/
2025-10-29 12:52:24,616 [INFO] ApiDb:274 - Set plugin database path to: C:\ST\STM32CubeIDE_1.19.0\STM32CubeIDE\plugins\com.st.stm32cube.common.mx_6.15.0.202507011659\\db\/plugins/boardmanager/
2025-10-29 12:52:24,616 [INFO] ApiDb:261 - Set plugin images path to: C:\ST\STM32CubeIDE_1.19.0\STM32CubeIDE\plugins\com.st.stm32cube.common.mx_6.15.0.202507011659\\db\/plugins/mcufinder/images/
2025-10-29 12:52:24,616 [WARN] DbFile:41 - Overriding database path with different value: C:\Users\kadir\.stmcufinder\plugins\mcufinder/ => C:\Users\kadir\.stmcufinder\plugins\mcufinder
2025-10-29 12:52:24,617 [INFO] ApiDb:250 - Set database path to: C:\Users\kadir\.stmcufinder\plugins\mcufinder//mcu/
2025-10-29 12:52:24,617 [WARN] DbFile:41 - Overriding database path with different value: C:\Users\kadir\.stmcufinder\plugins\mcufinder/ => C:\Users\kadir\.stmcufinder\plugins\mcufinder
2025-10-29 12:52:24,617 [INFO] DbMcusAds:125 - Set database path to: C:\Users\kadir\.stmcufinder\plugins\mcufinder//mcu/
2025-10-29 12:52:24,617 [WARN] DbFile:41 - Overriding database path with different value: C:\Users\kadir\.stmcufinder\plugins\mcufinder/ => C:\Users\kadir\.stmcufinder\plugins\mcufinder
2025-10-29 12:52:24,617 [WARN] DbFile:41 - Overriding database path with different value: C:\Users\kadir\.stmcufinder\plugins\mcufinder/ => C:\Users\kadir\.stmcufinder\plugins\mcufinder
2025-10-29 12:52:24,617 [INFO] CrossReferenceDbSqlite:203 - Set database path to: C:\Users\kadir\.stmcufinder\plugins\mcufinder//mcu/cs/
2025-10-29 12:52:24,719 [INFO] MainPanel:274 - HeapMemory: 268435456
2025-10-29 12:52:24,878 [INFO] DbMcusXml:78 - Set database path to: C:\ST\STM32CubeIDE_1.19.0\STM32CubeIDE\plugins\com.st.stm32cube.common.mx_6.15.0.202507011659\\db\/mcu/
2025-10-29 12:52:24,878 [INFO] ApiDb:274 - Set plugin database path to: C:\ST\STM32CubeIDE_1.19.0\STM32CubeIDE\plugins\com.st.stm32cube.common.mx_6.15.0.202507011659\\db\/plugins/boardmanager/
2025-10-29 12:52:24,878 [INFO] ApiDb:261 - Set plugin images path to: C:\ST\STM32CubeIDE_1.19.0\STM32CubeIDE\plugins\com.st.stm32cube.common.mx_6.15.0.202507011659\\db\/plugins/mcufinder/images/
2025-10-29 12:52:24,879 [WARN] DbFile:41 - Overriding database path with different value: C:\Users\kadir\.stmcufinder\plugins\mcufinder/ => C:\Users\kadir\.stmcufinder\plugins\mcufinder
2025-10-29 12:52:24,879 [INFO] ApiDb:250 - Set database path to: C:\Users\kadir\.stmcufinder\plugins\mcufinder//mcu/
2025-10-29 12:52:24,879 [WARN] DbFile:41 - Overriding database path with different value: C:\Users\kadir\.stmcufinder\plugins\mcufinder/ => C:\Users\kadir\.stmcufinder\plugins\mcufinder
2025-10-29 12:52:24,879 [INFO] DbMcusAds:125 - Set database path to: C:\Users\kadir\.stmcufinder\plugins\mcufinder//mcu/
2025-10-29 12:52:24,879 [WARN] DbFile:41 - Overriding database path with different value: C:\Users\kadir\.stmcufinder\plugins\mcufinder/ => C:\Users\kadir\.stmcufinder\plugins\mcufinder
2025-10-29 12:52:24,879 [WARN] DbFile:41 - Overriding database path with different value: C:\Users\kadir\.stmcufinder\plugins\mcufinder/ => C:\Users\kadir\.stmcufinder\plugins\mcufinder
2025-10-29 12:52:24,879 [INFO] CrossReferenceDbSqlite:203 - Set database path to: C:\Users\kadir\.stmcufinder\plugins\mcufinder//mcu/cs/
2025-10-29 12:52:24,915 [INFO] ApplicationProperties:184 - Using Application install path: C:\ST\STM32CubeIDE_1.19.0\STM32CubeIDE\plugins\com.st.stm32cube.common.mx_6.15.0.202507011659
2025-10-29 12:52:24,920 [INFO] PluginManage:196 - Search for loadable plugins [exclusion list=, ]
2025-10-29 12:52:24,922 [INFO] PluginManage:310 - Check plugin analytics
2025-10-29 12:52:25,204 [INFO] AnalyticsPlugin:253 - Accepted Software Licenses: STM32CubeMX.6.15.0
2025-10-29 12:52:25,204 [INFO] AnalyticsPlugin:255 - Accepted CMSIS Pack Licenses: 
2025-10-29 12:52:25,204 [INFO] AnalyticsPlugin:257 - Accepted Firmware Licenses: FW.F4.1.28.0
2025-10-29 12:52:25,208 [INFO] PluginManage:359 - Loaded plugin analytics (category:tool,tabindex:-1)
2025-10-29 12:52:25,209 [INFO] PluginManage:310 - Check plugin cadmodel
2025-10-29 12:52:25,216 [INFO] CADModel:105 - Init CAD model plugin
2025-10-29 12:52:25,216 [INFO] PluginManage:359 - Loaded plugin cadmodel (category:power,tabindex:5)
2025-10-29 12:52:25,217 [INFO] PluginManage:310 - Check plugin clock
2025-10-29 12:52:25,232 [INFO] PluginManage:359 - Loaded plugin clock (category:base,tabindex:2)
2025-10-29 12:52:25,232 [INFO] PluginManage:310 - Check plugin ddr
2025-10-29 12:52:25,237 [INFO] PluginManage:359 - Loaded plugin ddr (category:tool,tabindex:6)
2025-10-29 12:52:25,237 [INFO] PluginManage:310 - Check plugin filemanager
2025-10-29 12:52:25,481 [INFO] PluginManage:359 - Loaded plugin filemanager (category:base,tabindex:10)
2025-10-29 12:52:25,481 [INFO] PluginManage:310 - Check plugin ipmanager
2025-10-29 12:52:25,493 [INFO] PluginManage:359 - Loaded plugin ipmanager (category:base,tabindex:5)
2025-10-29 12:52:25,493 [INFO] PluginManage:310 - Check plugin lpbam
2025-10-29 12:52:25,508 [INFO] PluginManage:359 - Loaded plugin lpbam (category:base,tabindex:0)
2025-10-29 12:52:25,508 [INFO] PluginManage:310 - Check plugin memorymap
2025-10-29 12:52:25,533 [INFO] PluginManage:359 - Loaded plugin memorymap (category:base,tabindex:4)
2025-10-29 12:52:25,533 [INFO] PluginManage:310 - Check plugin pinoutandconfiguration
2025-10-29 12:52:25,549 [INFO] PluginManage:359 - Loaded plugin pinoutandconfiguration (category:base,tabindex:1)
2025-10-29 12:52:25,550 [INFO] PluginManage:310 - Check plugin pinoutconfig
2025-10-29 12:52:25,677 [WARN] SupportedApi:132 - Cannot load RTOS API schema: s4s-elt-must-match.1: The content of 'definitions' must match (annotation?, (simpleType | complexType)?, (unique | key | keyref)*)). A problem was found starting at: attribute.
2025-10-29 12:52:25,903 [INFO] PluginManage:359 - Loaded plugin pinoutconfig (category:base,tabindex:0)
2025-10-29 12:52:25,904 [INFO] PluginManage:310 - Check plugin power
2025-10-29 12:52:25,915 [INFO] PluginManage:359 - Loaded plugin power (category:power,tabindex:4)
2025-10-29 12:52:25,915 [INFO] PluginManage:310 - Check plugin projectmanager
2025-10-29 12:52:25,934 [INFO] PluginManage:359 - Loaded plugin projectmanager (category:projectmanager,tabindex:4)
2025-10-29 12:52:25,934 [INFO] PluginManage:310 - Check plugin rif
2025-10-29 12:52:25,953 [INFO] PluginManage:359 - Loaded plugin rif (category:base,tabindex:3)
2025-10-29 12:52:25,954 [INFO] PluginManage:310 - Check plugin thirdparty
2025-10-29 12:52:26,138 [INFO] PluginManage:359 - Loaded plugin thirdparty (category:base,tabindex:-1)
2025-10-29 12:52:26,139 [INFO] PluginManage:310 - Check plugin tools
2025-10-29 12:52:26,138 [WARN] IntegrityCheckThread:84 - waiting for thirdparty lock release [integrity check]
2025-10-29 12:52:26,139 [INFO] IntegrityCheckThread:86 - entering critical section [integrity check]
2025-10-29 12:52:26,139 [INFO] ThirdPartyUpdaterWithRetryManager:70 - Updater plugin not ready yet. [1/15]
2025-10-29 12:52:26,143 [INFO] PluginManage:359 - Loaded plugin tools (category:base,tabindex:7)
2025-10-29 12:52:26,143 [INFO] PluginManage:310 - Check plugin tutovideos
2025-10-29 12:52:26,461 [INFO] PluginManage:359 - Loaded plugin tutovideos (category:base,tabindex:-1)
2025-10-29 12:52:26,461 [INFO] PluginManage:310 - Check plugin updater
2025-10-29 12:52:26,488 [INFO] PluginManage:359 - Loaded plugin updater (category:base,tabindex:12)
2025-10-29 12:52:26,488 [INFO] PluginManage:310 - Check plugin userauth
2025-10-29 12:52:26,494 [INFO] UserAuth:118 - Init User Auth plugin
2025-10-29 12:52:26,495 [INFO] PluginManage:359 - Loaded plugin userauth (category:base,tabindex:14)
2025-10-29 12:52:26,496 [INFO] PluginManage:283 - PluginManage : Loaded plugins [18]
2025-10-29 12:52:26,785 [INFO] PinOutPanel:1589 - setPackage(No Configuration,No Configuration)
2025-10-29 12:52:26,926 [INFO] CADModel:165 - CPN selected for project level
2025-10-29 12:52:26,926 [INFO] CADModel:114 - Register for checkConnection events
2025-10-29 12:52:26,950 [INFO] IPUIPlugin:80 - create IPUIPlugin
2025-10-29 12:52:26,951 [INFO] PluginManager:220 - loadIPPluginJar : add adc
2025-10-29 12:52:26,953 [INFO] IPUIPlugin:80 - create IPUIPlugin
2025-10-29 12:52:26,954 [INFO] PluginManager:220 - loadIPPluginJar : add aes
2025-10-29 12:52:26,956 [INFO] IPUIPlugin:80 - create IPUIPlugin
2025-10-29 12:52:26,957 [INFO] PluginManager:220 - loadIPPluginJar : add can
2025-10-29 12:52:26,958 [INFO] IPUIPlugin:80 - create IPUIPlugin
2025-10-29 12:52:26,958 [INFO] PluginManager:220 - loadIPPluginJar : add comp
2025-10-29 12:52:26,961 [INFO] IPUIPlugin:80 - create IPUIPlugin
2025-10-29 12:52:26,961 [INFO] PluginManager:220 - loadIPPluginJar : add cryp
2025-10-29 12:52:26,965 [INFO] IPUIPlugin:80 - create IPUIPlugin
2025-10-29 12:52:26,965 [INFO] PluginManager:220 - loadIPPluginJar : add ddr_ctrl_phy
2025-10-29 12:52:26,967 [INFO] IPUIPlugin:80 - create IPUIPlugin
2025-10-29 12:52:26,967 [INFO] PluginManager:220 - loadIPPluginJar : add dfsdm
2025-10-29 12:52:26,973 [INFO] IPUIPlugin:80 - create IPUIPlugin
2025-10-29 12:52:26,974 [INFO] PluginManager:220 - loadIPPluginJar : add dma
2025-10-29 12:52:26,976 [INFO] IPUIPlugin:80 - create IPUIPlugin
2025-10-29 12:52:26,977 [INFO] PluginManager:220 - loadIPPluginJar : add dma3
2025-10-29 12:52:26,979 [INFO] IPUIPlugin:80 - create IPUIPlugin
2025-10-29 12:52:26,979 [INFO] PluginManager:220 - loadIPPluginJar : add extmemmanager
2025-10-29 12:52:26,981 [INFO] IPUIPlugin:80 - create IPUIPlugin
2025-10-29 12:52:26,981 [INFO] PluginManager:220 - loadIPPluginJar : add fatfs
2025-10-29 12:52:26,986 [INFO] IPUIPlugin:80 - create IPUIPlugin
2025-10-29 12:52:26,986 [INFO] PluginManager:220 - loadIPPluginJar : add fmc
2025-10-29 12:52:26,993 [INFO] IPUIPlugin:80 - create IPUIPlugin
2025-10-29 12:52:26,993 [INFO] PluginManager:220 - loadIPPluginJar : add freertos
2025-10-29 12:52:26,994 [INFO] IPUIPlugin:80 - create IPUIPlugin
2025-10-29 12:52:26,994 [INFO] PluginManager:220 - loadIPPluginJar : add genericplugin
2025-10-29 12:52:26,996 [INFO] IPUIPlugin:80 - create IPUIPlugin
2025-10-29 12:52:26,997 [INFO] PluginManager:220 - loadIPPluginJar : add gfxmmu
2025-10-29 12:52:27,005 [INFO] IPUIPlugin:80 - create IPUIPlugin
2025-10-29 12:52:27,005 [INFO] PluginManager:220 - loadIPPluginJar : add gic
2025-10-29 12:52:27,009 [INFO] IPUIPlugin:80 - create IPUIPlugin
2025-10-29 12:52:27,009 [INFO] PluginManager:220 - loadIPPluginJar : add gpio
2025-10-29 12:52:27,012 [INFO] IPUIPlugin:80 - create IPUIPlugin
2025-10-29 12:52:27,012 [INFO] PluginManager:220 - loadIPPluginJar : add gtzc
2025-10-29 12:52:27,015 [INFO] IPUIPlugin:80 - create IPUIPlugin
2025-10-29 12:52:27,015 [INFO] PluginManager:220 - loadIPPluginJar : add hash
2025-10-29 12:52:27,018 [INFO] IPUIPlugin:80 - create IPUIPlugin
2025-10-29 12:52:27,018 [INFO] PluginManager:220 - loadIPPluginJar : add i2c
2025-10-29 12:52:27,020 [INFO] IPUIPlugin:80 - create IPUIPlugin
2025-10-29 12:52:27,020 [INFO] PluginManager:220 - loadIPPluginJar : add i2s
2025-10-29 12:52:27,023 [INFO] IPUIPlugin:80 - create IPUIPlugin
2025-10-29 12:52:27,023 [INFO] PluginManager:220 - loadIPPluginJar : add i3c
2025-10-29 12:52:27,026 [INFO] IPUIPlugin:80 - create IPUIPlugin
2025-10-29 12:52:27,027 [INFO] PluginManager:220 - loadIPPluginJar : add ipddr
2025-10-29 12:52:27,036 [INFO] IPUIPlugin:80 - create IPUIPlugin
2025-10-29 12:52:27,036 [INFO] PluginManager:220 - loadIPPluginJar : add linkedlist
2025-10-29 12:52:27,041 [INFO] IPUIPlugin:80 - create IPUIPlugin
2025-10-29 12:52:27,041 [INFO] PluginManager:220 - loadIPPluginJar : add lorawan
2025-10-29 12:52:27,043 [INFO] IPUIPlugin:80 - create IPUIPlugin
2025-10-29 12:52:27,043 [INFO] PluginManager:220 - loadIPPluginJar : add ltdc
2025-10-29 12:52:27,051 [INFO] IPUIPlugin:80 - create IPUIPlugin
2025-10-29 12:52:27,051 [INFO] PluginManager:220 - loadIPPluginJar : add mdma
2025-10-29 12:52:27,055 [INFO] IPUIPlugin:80 - create IPUIPlugin
2025-10-29 12:52:27,055 [INFO] PluginManager:220 - loadIPPluginJar : add nvic
2025-10-29 12:52:27,058 [INFO] IPUIPlugin:80 - create IPUIPlugin
2025-10-29 12:52:27,058 [INFO] PluginManager:220 - loadIPPluginJar : add opamp
2025-10-29 12:52:27,061 [INFO] IPUIPlugin:80 - create IPUIPlugin
2025-10-29 12:52:27,061 [INFO] PluginManager:220 - loadIPPluginJar : add openamp
2025-10-29 12:52:27,064 [INFO] IPUIPlugin:80 - create IPUIPlugin
2025-10-29 12:52:27,064 [INFO] PluginManager:220 - loadIPPluginJar : add pdm2pcm
2025-10-29 12:52:27,070 [INFO] IPUIPlugin:80 - create IPUIPlugin
2025-10-29 12:52:27,073 [INFO] PluginManager:220 - loadIPPluginJar : add plateformsettings
2025-10-29 12:52:27,075 [INFO] IPUIPlugin:80 - create IPUIPlugin
2025-10-29 12:52:27,076 [INFO] PluginManager:220 - loadIPPluginJar : add quadspi
2025-10-29 12:52:27,078 [INFO] IPUIPlugin:80 - create IPUIPlugin
2025-10-29 12:52:27,079 [INFO] PluginManager:220 - loadIPPluginJar : add radio
2025-10-29 12:52:27,085 [INFO] IPUIPlugin:80 - create IPUIPlugin
2025-10-29 12:52:27,086 [INFO] PluginManager:220 - loadIPPluginJar : add resmgrutility
2025-10-29 12:52:27,091 [INFO] IPUIPlugin:80 - create IPUIPlugin
2025-10-29 12:52:27,091 [INFO] PluginManager:220 - loadIPPluginJar : add sai
2025-10-29 12:52:27,095 [INFO] IPUIPlugin:80 - create IPUIPlugin
2025-10-29 12:52:27,096 [INFO] PluginManager:220 - loadIPPluginJar : add spi
2025-10-29 12:52:27,107 [INFO] IPUIPlugin:80 - create IPUIPlugin
2025-10-29 12:52:27,107 [INFO] PluginManager:220 - loadIPPluginJar : add stm32_wpan
2025-10-29 12:52:27,113 [INFO] IPUIPlugin:80 - create IPUIPlugin
2025-10-29 12:52:27,113 [INFO] PluginManager:220 - loadIPPluginJar : add tim
2025-10-29 12:52:27,123 [INFO] IPUIPlugin:80 - create IPUIPlugin
2025-10-29 12:52:27,123 [INFO] PluginManager:220 - loadIPPluginJar : add touchsensing
2025-10-29 12:52:27,128 [INFO] IPUIPlugin:80 - create IPUIPlugin
2025-10-29 12:52:27,128 [INFO] PluginManager:220 - loadIPPluginJar : add tracer_emb
2025-10-29 12:52:27,135 [INFO] IPUIPlugin:80 - create IPUIPlugin
2025-10-29 12:52:27,136 [INFO] PluginManager:220 - loadIPPluginJar : add ts
2025-10-29 12:52:27,140 [INFO] IPUIPlugin:80 - create IPUIPlugin
2025-10-29 12:52:27,141 [INFO] PluginManager:220 - loadIPPluginJar : add tsc
2025-10-29 12:52:27,148 [INFO] IPUIPlugin:80 - create IPUIPlugin
2025-10-29 12:52:27,148 [INFO] PluginManager:220 - loadIPPluginJar : add ucpd
2025-10-29 12:52:27,155 [INFO] IPUIPlugin:80 - create IPUIPlugin
2025-10-29 12:52:27,155 [INFO] PluginManager:220 - loadIPPluginJar : add usart
2025-10-29 12:52:27,164 [INFO] IPUIPlugin:80 - create IPUIPlugin
2025-10-29 12:52:27,164 [INFO] PluginManager:220 - loadIPPluginJar : add usbx
2025-10-29 12:52:27,369 [FATAL] Updater:351 - Updater called before beeing initialized
2025-10-29 12:52:27,413 [INFO] RulesReader:64 - Compatibility file has been processed (317 Rules)
2025-10-29 12:52:27,424 [INFO] RulesReader:64 - Compatibility file has been processed (317 Rules)
2025-10-29 12:52:27,442 [INFO] CADModel:165 - CPN selected for project level
2025-10-29 12:52:27,442 [INFO] CADModel:114 - Register for checkConnection events
2025-10-29 12:52:27,442 [FATAL] Updater:351 - Updater called before beeing initialized
2025-10-29 12:52:27,442 [ERROR] CADModel:125 - Updater not yet initialized, retry later 
2025-10-29 12:52:27,731 [FATAL] Updater:351 - Updater called before beeing initialized
2025-10-29 12:52:27,734 [INFO] CADModel:165 - CPN selected for project level
2025-10-29 12:52:27,734 [INFO] CADModel:114 - Register for checkConnection events
2025-10-29 12:52:27,734 [FATAL] Updater:351 - Updater called before beeing initialized
2025-10-29 12:52:27,734 [ERROR] CADModel:125 - Updater not yet initialized, retry later 
2025-10-29 12:52:27,742 [FATAL] Updater:351 - Updater called before beeing initialized
2025-10-29 12:52:27,926 [FATAL] Updater:351 - Updater called before beeing initialized
2025-10-29 12:52:27,938 [INFO] DbMcusAds:53 - JSON generation date=Thu Oct 02 12:36:05 TRT 2025 (1759397765645)
2025-10-29 12:52:27,939 [FATAL] Updater:351 - Updater called before beeing initialized
2025-10-29 12:52:28,000 [WARN] DetailPanel:346 - Failed to get advertising image, set to default
2025-10-29 12:52:28,095 [FATAL] Updater:351 - Updater called before beeing initialized
2025-10-29 12:52:28,099 [FATAL] Updater:351 - Updater called before beeing initialized
2025-10-29 12:52:28,100 [FATAL] Updater:351 - Updater called before beeing initialized
2025-10-29 12:52:28,100 [WARN] DetailPanel:346 - Failed to get advertising image, set to default
2025-10-29 12:52:28,101 [FATAL] Updater:351 - Updater called before beeing initialized
2025-10-29 12:52:28,196 [ERROR] Updater:1198 - MainUpdater not yet initialized. External WinMGr cannot be set.
2025-10-29 12:52:28,199 [INFO] Updater:1134 - Updater Version found : 6.15.0
2025-10-29 12:52:28,223 [INFO] ApplicationProperties:184 - Using Application install path: C:\ST\STM32CubeIDE_1.19.0\STM32CubeIDE\plugins\com.st.stm32cube.common.mx_6.15.0.202507011659
2025-10-29 12:52:29,141 [INFO] ThirdPartyUpdaterWithRetryManager:70 - Updater plugin not ready yet. [2/15]
2025-10-29 12:52:29,797 [ERROR] LogOutputStream:75 - [STDERR_REDIRECT] Oct 29, 2025 12:52:29 PM java.util.prefs.WindowsPreferences <init>
2025-10-29 12:52:29,798 [ERROR] LogOutputStream:75 - [STDERR_REDIRECT] WARNING: Could not open/create prefs root node Software\JavaSoft\Prefs at root 0xffffffff80000002. Windows RegCreateKeyEx(...) returned error code 5.
2025-10-29 12:52:29,798 [ERROR] LogOutputStream:75 - [STDERR_REDIRECT] 
2025-10-29 12:52:30,328 [INFO] MainUpdater:2872 - connection check result : 10
2025-10-29 12:52:30,329 [INFO] MainUpdater:289 - Updater Check For Update Now.
2025-10-29 12:52:30,329 [INFO] MicroXplorer:498 - Change Database Version : DB.6.0.150
2025-10-29 12:52:30,344 [INFO] McuFinderGlobals:63 - Set McuFinder mode to 2 (CubeIDE integrated)
2025-10-29 12:52:30,344 [INFO] UserAuth:171 - activating auth plugin
2025-10-29 12:52:30,346 [INFO] UserAuth:487 - Internet connection configuration mode: 1
2025-10-29 12:52:30,398 [INFO] JxBrowserEngine:152 - Initiate JxBrowser Engine with user profile folder
2025-10-29 12:52:30,531 [INFO] CheckServerUpdateThread:120 - End of CheckServer Thread
2025-10-29 12:52:31,515 [INFO] WebApp:169 - Instantiating new browser for Auth
2025-10-29 12:52:32,280 [INFO] WebApp:463 - Apply proxy settings
2025-10-29 12:52:32,280 [INFO] WebApp:548 - Chromium requires no authentication
2025-10-29 12:52:32,296 [INFO] WebApp:491 - Direct internet connection detected
2025-10-29 12:52:32,333 [INFO] WebApp:900 - Register for checkConnection events
2025-10-29 12:52:32,333 [INFO] WebApp:463 - Apply proxy settings
2025-10-29 12:52:32,333 [INFO] WebApp:548 - Chromium requires no authentication
2025-10-29 12:52:32,334 [INFO] WebApp:491 - Direct internet connection detected
2025-10-29 12:52:32,531 [WARN] PackLoader:240 - Cannot read IP mode file for STMicroelectronics.FP-SNS-MOTENVWB1.1.4.0
2025-10-29 12:52:32,541 [WARN] PackLoader:240 - Cannot read IP mode file for STMicroelectronics.FP-ATR-ASTRA1.2.0.2
2025-10-29 12:52:32,550 [WARN] PackLoader:240 - Cannot read IP mode file for STMicroelectronics.X-CUBE-SMBUS.2.1.0
2025-10-29 12:52:32,555 [INFO] WebApp:225 - Starting web application
2025-10-29 12:52:32,555 [INFO] WebApp:593 - Web application path used C:\ST\STM32CubeIDE_1.19.0\STM32CubeIDE\plugins\com.st.stm32cube.common.mx_6.15.0.202507011659\db\plugins\mcufinder\reactClient1\index.html
2025-10-29 12:52:32,555 [WARN] PackLoader:240 - Cannot read IP mode file for STMicroelectronics.X-CUBE-ST60.1.0.0
2025-10-29 12:52:32,592 [WARN] PackLoader:240 - Cannot read IP mode file for STMicroelectronics.X-CUBE-AZRTOS-F7.1.1.0
2025-10-29 12:52:32,641 [WARN] PackLoader:240 - Cannot read IP mode file for Infineon.AIROC-Wi-Fi-Bluetooth-STM32.1.7.1
2025-10-29 12:52:32,682 [WARN] PackLoader:240 - Cannot read IP mode file for STMicroelectronics.X-CUBE-AZRTOS-H7.3.4.0
2025-10-29 12:52:32,696 [WARN] PackLoader:240 - Cannot read IP mode file for STMicroelectronics.X-CUBE-DISPLAY.3.0.0
2025-10-29 12:52:32,714 [WARN] PackLoader:240 - Cannot read IP mode file for STMicroelectronics.X-CUBE-NFC10.1.0.0
2025-10-29 12:52:32,726 [WARN] PackLoader:240 - Cannot read IP mode file for STMicroelectronics.X-CUBE-BLEMGR.4.0.0
2025-10-29 12:52:32,734 [WARN] PackLoader:240 - Cannot read IP mode file for STMicroelectronics.X-CUBE-ST60.1.1.0
2025-10-29 12:52:32,744 [WARN] PackLoader:240 - Cannot read IP mode file for emotas.I-CUBE-CANOPEN.1.3.0
2025-10-29 12:52:32,752 [WARN] ConditionMgr:438 - getConditionDescription Invalid condition id : Cortex-A Device cause : null
2025-10-29 12:52:32,774 [WARN] ConditionMgr:1044 - genDependencies : Invalid condition id : Cortex-A Device cause : null
2025-10-29 12:52:32,774 [WARN] ConditionMgr:1044 - genDependencies : Invalid condition id : Cortex-A Device cause : null
2025-10-29 12:52:32,775 [WARN] ConditionMgr:1044 - genDependencies : Invalid condition id : Cortex-A Device cause : null
2025-10-29 12:52:32,784 [WARN] PackLoader:240 - Cannot read IP mode file for STMicroelectronics.FP-SNS-STBOX1.2.1.0
2025-10-29 12:52:32,793 [WARN] PackLoader:240 - Cannot read IP mode file for STMicroelectronics.FP-SNS-SMARTAG2.1.2.0
2025-10-29 12:52:32,799 [WARN] PackLoader:240 - Cannot read IP mode file for STMicroelectronics.FP-SNS-FLIGHT1.5.1.0
2025-10-29 12:52:32,813 [INFO] LogOutputStream:77 - [STDOUT_REDIRECT] 1 : Invalid condition id : UX_CORESTACK_Condition cause : null
2025-10-29 12:52:32,815 [INFO] LogOutputStream:77 - [STDOUT_REDIRECT] 1 : Invalid condition id : UX_CORESTACK_Condition cause : null
2025-10-29 12:52:32,818 [INFO] LogOutputStream:77 - [STDOUT_REDIRECT] 1 : Invalid condition id : UX_CORESTACK_Condition cause : null
2025-10-29 12:52:32,819 [INFO] LogOutputStream:77 - [STDOUT_REDIRECT] 1 : Invalid condition id : UX_CORESTACK_Condition cause : null
2025-10-29 12:52:32,822 [INFO] LogOutputStream:77 - [STDOUT_REDIRECT] 1 : Invalid condition id : UX_CORESTACK_Condition cause : null
2025-10-29 12:52:32,836 [INFO] WebApp:191 - Connection restablished
2025-10-29 12:52:32,836 [WARN] PackLoader:240 - Cannot read IP mode file for STMicroelectronics.X-CUBE-AZRTOS-WL.2.0.0
2025-10-29 12:52:32,845 [WARN] PackLoader:240 - Cannot read IP mode file for STMicroelectronics.FP-SNS-MOTENV1.5.0.0
2025-10-29 12:52:32,868 [WARN] PackLoader:240 - Cannot read IP mode file for WES.I-CUBE-Cesium.1.3.0
2025-10-29 12:52:32,876 [WARN] PackLoader:240 - Cannot read IP mode file for STMicroelectronics.X-CUBE-BLE2.3.3.0
2025-10-29 12:52:32,884 [WARN] PackLoader:240 - Cannot read IP mode file for STMicroelectronics.X-CUBE-NFC9.1.0.0
2025-10-29 12:52:32,892 [WARN] PackLoader:240 - Cannot read IP mode file for wolfSSL.I-CUBE-wolfSSL.5.8.0
2025-10-29 12:52:32,900 [WARN] PackLoader:240 - Cannot read IP mode file for STMicroelectronics.X-CUBE-BLE1.7.1.0
2025-10-29 12:52:32,907 [WARN] PackLoader:240 - Cannot read IP mode file for wolfSSL.I-CUBE-wolfMQTT.1.19.2
2025-10-29 12:52:32,913 [WARN] PackLoader:240 - Cannot read IP mode file for STMicroelectronics.X-CUBE-EEPRMA1.5.2.0
2025-10-29 12:52:32,923 [WARN] PackLoader:240 - Cannot read IP mode file for STMicroelectronics.X-CUBE-ST67W61.1.1.0
2025-10-29 12:52:32,929 [WARN] PackLoader:240 - Cannot read IP mode file for STMicroelectronics.X-CUBE-AI.10.1.0
2025-10-29 12:52:32,943 [WARN] PackLoader:240 - Cannot read IP mode file for STMicroelectronics.X-CUBE-AZRTOS-G0.1.1.0
2025-10-29 12:52:32,954 [WARN] PackLoader:240 - Cannot read IP mode file for STMicroelectronics.X-CUBE-SAFEA1.1.2.2
2025-10-29 12:52:32,964 [WARN] PackLoader:240 - Cannot read IP mode file for STMicroelectronics.X-CUBE-NFC4.3.0.0
2025-10-29 12:52:32,975 [WARN] PackLoader:240 - Cannot read IP mode file for EmbeddedOffice.I-CUBE-FS-RTOS.1.0.1
2025-10-29 12:52:32,984 [WARN] PackLoader:240 - Cannot read IP mode file for STMicroelectronics.X-CUBE-WB05N.2.0.0
2025-10-29 12:52:32,991 [WARN] PackLoader:240 - Cannot read IP mode file for wolfSSL.I-CUBE-wolfTPM.3.8.0
2025-10-29 12:52:32,997 [WARN] PackLoader:240 - Cannot read IP mode file for STMicroelectronics.X-CUBE-TCPP.4.2.0
2025-10-29 12:52:33,004 [WARN] PackLoader:240 - Cannot read IP mode file for RealThread.X-CUBE-RT-Thread_Nano.4.1.1
2025-10-29 12:52:33,013 [WARN] PackLoader:240 - Cannot read IP mode file for STMicroelectronics.FP-ATR-SIGFOX1.3.2.0
2025-10-29 12:52:33,022 [WARN] PackLoader:240 - Cannot read IP mode file for ITTIA_DB.I-CUBE-ITTIADB.8.9.0
2025-10-29 12:52:33,033 [WARN] PackLoader:240 - Cannot read IP mode file for STMicroelectronics.X-CUBE-ST67W61.1.0.0
2025-10-29 12:52:33,040 [WARN] PackLoader:240 - Cannot read IP mode file for STMicroelectronics.X-CUBE-AI.10.2.0
2025-10-29 12:52:33,068 [WARN] PackLoader:240 - Cannot read IP mode file for SEGGER.I-CUBE-embOS.1.3.1
2025-10-29 12:52:33,184 [WARN] PackLoader:240 - Cannot read IP mode file for STMicroelectronics.X-CUBE-ALGOBUILD.1.4.0
2025-10-29 12:52:33,252 [WARN] PackLoader:240 - Cannot read IP mode file for STMicroelectronics.X-CUBE-MEMS1.11.3.0
2025-10-29 12:52:33,422 [WARN] PackLoader:240 - Cannot read IP mode file for STMicroelectronics.X-CUBE-PM33A1.1.0.0
2025-10-29 12:52:33,436 [WARN] PackLoader:240 - Cannot read IP mode file for STMicroelectronics.X-CUBE-AZRTOS-F4.1.1.0
2025-10-29 12:52:33,445 [WARN] PackLoader:240 - Cannot read IP mode file for Avnet-IotConnect.X-CUBE-IoTC-DA16k-PMOD.1.0.0
2025-10-29 12:52:33,450 [WARN] PackLoader:240 - Cannot read IP mode file for STMicroelectronics.X-CUBE-ISPU.2.1.0
2025-10-29 12:52:33,463 [WARN] PackLoader:240 - Cannot read IP mode file for STMicroelectronics.X-CUBE-IPS.3.2.0
2025-10-29 12:52:33,481 [WARN] PackLoader:240 - Cannot read IP mode file for STMicroelectronics.X-CUBE-NFC12.1.0.0
2025-10-29 12:52:33,497 [WARN] PackLoader:240 - Cannot read IP mode file for STMicroelectronics.X-CUBE-AZRTOS-L5.2.0.0
2025-10-29 12:52:33,508 [WARN] PackLoader:240 - Cannot read IP mode file for STMicroelectronics.X-CUBE-NFC6.3.1.0
2025-10-29 12:52:33,517 [WARN] PackLoader:240 - Cannot read IP mode file for STMicroelectronics.X-CUBE-FREERTOS.1.3.1
2025-10-29 12:52:33,527 [WARN] PackLoader:240 - Cannot read IP mode file for STMicroelectronics.X-CUBE-TOUCHGFX.4.26.0
2025-10-29 12:52:33,534 [WARN] PackLoader:240 - Cannot read IP mode file for STMicroelectronics.FP-SNS-STAIOTCFT.1.0.0
2025-10-29 12:52:33,542 [WARN] PackLoader:240 - Cannot read IP mode file for STMicroelectronics.X-CUBE-DPower.1.3.0
2025-10-29 12:52:33,558 [WARN] ConditionMgr:438 - getConditionDescription Invalid condition id : LAN8742 Phy interface Condition cause : null
2025-10-29 12:52:33,559 [WARN] PackLoader:240 - Cannot read IP mode file for STMicroelectronics.X-CUBE-AZRTOS-L4.2.0.0
2025-10-29 12:52:33,561 [WARN] ConditionMgr:1044 - genDependencies : Invalid condition id : LAN8742 Phy interface Condition cause : null
2025-10-29 12:52:33,561 [WARN] ConditionMgr:1044 - genDependencies : Invalid condition id : LAN8742 Phy interface Condition cause : null
2025-10-29 12:52:33,561 [WARN] ConditionMgr:1044 - genDependencies : Invalid condition id : LAN8742 Phy interface Condition cause : null
2025-10-29 12:52:33,572 [WARN] PackLoader:240 - Cannot read IP mode file for STMicroelectronics.X-CUBE-SFXS2LP1.4.0.0
2025-10-29 12:52:33,583 [WARN] PackLoader:240 - Cannot read IP mode file for STMicroelectronics.X-CUBE-BLEMGR.4.1.0
2025-10-29 12:52:33,602 [WARN] ConditionMgr:438 - getConditionDescription Invalid condition id : UX DEVICE CLASS RTOS Condition cause : null
2025-10-29 12:52:33,603 [WARN] ConditionMgr:438 - getConditionDescription Invalid condition id : UX DEVICE CLASS RTOS Condition cause : null
2025-10-29 12:52:33,606 [WARN] PackLoader:240 - Cannot read IP mode file for STMicroelectronics.X-CUBE-AZRTOS-WB.2.0.0
2025-10-29 12:52:33,607 [WARN] ConditionMgr:1044 - genDependencies : Invalid condition id : UX DEVICE CLASS RTOS Condition cause : null
2025-10-29 12:52:33,607 [WARN] ConditionMgr:1044 - genDependencies : Invalid condition id : UX DEVICE CLASS RTOS Condition cause : null
2025-10-29 12:52:33,608 [WARN] ConditionMgr:1044 - genDependencies : Invalid condition id : UX DEVICE CLASS RTOS Condition cause : null
2025-10-29 12:52:33,608 [WARN] ConditionMgr:1044 - genDependencies : Invalid condition id : UX DEVICE CLASS RTOS Condition cause : null
2025-10-29 12:52:33,608 [WARN] ConditionMgr:1044 - genDependencies : Invalid condition id : UX DEVICE CLASS RTOS Condition cause : null
2025-10-29 12:52:33,616 [WARN] PackLoader:240 - Cannot read IP mode file for STMicroelectronics.X-CUBE-GNSS1.7.0.1
2025-10-29 12:52:33,622 [WARN] PackLoader:240 - Cannot read IP mode file for STMicroelectronics.X-CUBE-TOUCHGFX.4.25.0
2025-10-29 12:52:33,628 [WARN] PackLoader:240 - Cannot read IP mode file for STMicroelectronics.FP-SNS-STBOX1.2.0.0
2025-10-29 12:52:33,643 [WARN] PackLoader:240 - Cannot read IP mode file for STMicroelectronics.X-CUBE-SUBG2.5.0.0
2025-10-29 12:52:33,662 [WARN] PackLoader:240 - Cannot read IP mode file for STMicroelectronics.X-CUBE-AZRTOS-H7RS.1.1.0
2025-10-29 12:52:33,670 [WARN] PackLoader:240 - Cannot read IP mode file for Cesanta.I-CUBE-Mongoose.7.13.0
2025-10-29 12:52:33,683 [WARN] PackLoader:240 - Cannot read IP mode file for STMicroelectronics.X-CUBE-AZRTOS-G4.2.0.0
2025-10-29 12:52:33,691 [WARN] PackLoader:240 - Cannot read IP mode file for wolfSSL.I-CUBE-wolfSSH.1.4.20
2025-10-29 12:52:33,697 [WARN] PackLoader:240 - Cannot read IP mode file for STMicroelectronics.X-CUBE-NFC7.2.0.0
2025-10-29 12:52:33,709 [WARN] PackLoader:240 - Cannot read IP mode file for STMicroelectronics.X-CUBE-IPS.3.1.0
2025-10-29 12:52:33,719 [WARN] PackLoader:240 - Cannot read IP mode file for STMicroelectronics.X-CUBE-ALS.1.0.2
2025-10-29 12:52:33,729 [WARN] PackLoader:240 - Cannot read IP mode file for STMicroelectronics.X-CUBE-STSE01.1.0.0
2025-10-29 12:52:33,738 [WARN] PackLoader:240 - Cannot read IP mode file for portGmbH.I-Cube-SoM-uGOAL.1.1.0
2025-10-29 12:52:33,751 [WARN] PackLoader:240 - Cannot read IP mode file for STMicroelectronics.X-CUBE-TOF1.3.4.3
2025-10-29 12:52:33,760 [INFO] ThirdParty:978 - Integrity check success = true
2025-10-29 12:52:33,760 [INFO] IntegrityCheckThread:100 - exiting critical section [integrity check]
2025-10-29 12:52:33,760 [INFO] IntegrityCheckThread:103 - End integrity checks thread
2025-10-29 14:03:22,295 [INFO] WebApp:403 - JxBrowser engine has been closed 
2025-10-29 18:56:58,958 [INFO] Activator:176 - 


2025-10-29 18:56:58,967 [INFO] Activator:177 - !SESSION log4j initialized
2025-10-29 18:57:11,792 [INFO] LogOutputStream:77 - [STDOUT_REDIRECT] 
2025-10-29 18:57:15,992 [INFO] ApplicationProperties:184 - Using Application install path: C:\ST\STM32CubeIDE_1.19.0\STM32CubeIDE\plugins\com.st.stm32cube.common.mx_6.15.0.202507011659
2025-10-29 18:57:16,019 [INFO] DbMcusXml:78 - Set database path to: C:\ST\STM32CubeIDE_1.19.0\STM32CubeIDE\plugins\com.st.stm32cube.common.mx_6.15.0.202507011659\\db\/mcu/
2025-10-29 18:57:16,020 [INFO] ApiDb:274 - Set plugin database path to: C:\ST\STM32CubeIDE_1.19.0\STM32CubeIDE\plugins\com.st.stm32cube.common.mx_6.15.0.202507011659\\db\/plugins/boardmanager/
2025-10-29 18:57:16,020 [WARN] ApiDb:259 - Overriding images path with different value:  => C:\ST\STM32CubeIDE_1.19.0\STM32CubeIDE\plugins\com.st.stm32cube.common.mx_6.15.0.202507011659\\db\/plugins/mcufinder/images/
2025-10-29 18:57:16,031 [INFO] ApiDb:250 - Set database path to: C:\Users\kadir\.stmcufinder\plugins\mcufinder//mcu/
2025-10-29 18:57:16,033 [INFO] DbMcusAds:125 - Set database path to: C:\Users\kadir\.stmcufinder\plugins\mcufinder//mcu/
2025-10-29 18:57:16,037 [INFO] CrossReferenceDbSqlite:203 - Set database path to: C:\Users\kadir\.stmcufinder\plugins\mcufinder//mcu/cs/
2025-10-29 18:57:16,228 [INFO] RulesReader:64 - Compatibility file has been processed (317 Rules)
2025-10-29 18:57:16,351 [INFO] DbMcusXml:78 - Set database path to: C:\ST\STM32CubeIDE_1.19.0\STM32CubeIDE\plugins\com.st.stm32cube.common.mx_6.15.0.202507011659\\db\/mcu/
2025-10-29 18:57:16,352 [INFO] ApiDb:274 - Set plugin database path to: C:\ST\STM32CubeIDE_1.19.0\STM32CubeIDE\plugins\com.st.stm32cube.common.mx_6.15.0.202507011659\\db\/plugins/boardmanager/
2025-10-29 18:57:16,352 [INFO] ApiDb:261 - Set plugin images path to: C:\ST\STM32CubeIDE_1.19.0\STM32CubeIDE\plugins\com.st.stm32cube.common.mx_6.15.0.202507011659\\db\/plugins/mcufinder/images/
2025-10-29 18:57:16,352 [WARN] DbFile:41 - Overriding database path with different value: C:\Users\kadir\.stmcufinder\plugins\mcufinder/ => C:\Users\kadir\.stmcufinder\plugins\mcufinder
2025-10-29 18:57:16,352 [INFO] ApiDb:250 - Set database path to: C:\Users\kadir\.stmcufinder\plugins\mcufinder//mcu/
2025-10-29 18:57:16,353 [WARN] DbFile:41 - Overriding database path with different value: C:\Users\kadir\.stmcufinder\plugins\mcufinder/ => C:\Users\kadir\.stmcufinder\plugins\mcufinder
2025-10-29 18:57:16,353 [INFO] DbMcusAds:125 - Set database path to: C:\Users\kadir\.stmcufinder\plugins\mcufinder//mcu/
2025-10-29 18:57:16,353 [WARN] DbFile:41 - Overriding database path with different value: C:\Users\kadir\.stmcufinder\plugins\mcufinder/ => C:\Users\kadir\.stmcufinder\plugins\mcufinder
2025-10-29 18:57:16,353 [WARN] DbFile:41 - Overriding database path with different value: C:\Users\kadir\.stmcufinder\plugins\mcufinder/ => C:\Users\kadir\.stmcufinder\plugins\mcufinder
2025-10-29 18:57:16,353 [INFO] CrossReferenceDbSqlite:203 - Set database path to: C:\Users\kadir\.stmcufinder\plugins\mcufinder//mcu/cs/
2025-10-29 18:57:16,464 [INFO] MainPanel:274 - HeapMemory: 268435456
2025-10-29 18:57:16,631 [INFO] DbMcusXml:78 - Set database path to: C:\ST\STM32CubeIDE_1.19.0\STM32CubeIDE\plugins\com.st.stm32cube.common.mx_6.15.0.202507011659\\db\/mcu/
2025-10-29 18:57:16,631 [INFO] ApiDb:274 - Set plugin database path to: C:\ST\STM32CubeIDE_1.19.0\STM32CubeIDE\plugins\com.st.stm32cube.common.mx_6.15.0.202507011659\\db\/plugins/boardmanager/
2025-10-29 18:57:16,631 [INFO] ApiDb:261 - Set plugin images path to: C:\ST\STM32CubeIDE_1.19.0\STM32CubeIDE\plugins\com.st.stm32cube.common.mx_6.15.0.202507011659\\db\/plugins/mcufinder/images/
2025-10-29 18:57:16,632 [WARN] DbFile:41 - Overriding database path with different value: C:\Users\kadir\.stmcufinder\plugins\mcufinder/ => C:\Users\kadir\.stmcufinder\plugins\mcufinder
2025-10-29 18:57:16,632 [INFO] ApiDb:250 - Set database path to: C:\Users\kadir\.stmcufinder\plugins\mcufinder//mcu/
2025-10-29 18:57:16,632 [WARN] DbFile:41 - Overriding database path with different value: C:\Users\kadir\.stmcufinder\plugins\mcufinder/ => C:\Users\kadir\.stmcufinder\plugins\mcufinder
2025-10-29 18:57:16,632 [INFO] DbMcusAds:125 - Set database path to: C:\Users\kadir\.stmcufinder\plugins\mcufinder//mcu/
2025-10-29 18:57:16,632 [WARN] DbFile:41 - Overriding database path with different value: C:\Users\kadir\.stmcufinder\plugins\mcufinder/ => C:\Users\kadir\.stmcufinder\plugins\mcufinder
2025-10-29 18:57:16,632 [WARN] DbFile:41 - Overriding database path with different value: C:\Users\kadir\.stmcufinder\plugins\mcufinder/ => C:\Users\kadir\.stmcufinder\plugins\mcufinder
2025-10-29 18:57:16,633 [INFO] CrossReferenceDbSqlite:203 - Set database path to: C:\Users\kadir\.stmcufinder\plugins\mcufinder//mcu/cs/
2025-10-29 18:57:16,656 [INFO] ApplicationProperties:184 - Using Application install path: C:\ST\STM32CubeIDE_1.19.0\STM32CubeIDE\plugins\com.st.stm32cube.common.mx_6.15.0.202507011659
2025-10-29 18:57:16,659 [INFO] PluginManage:196 - Search for loadable plugins [exclusion list=, ]
2025-10-29 18:57:16,661 [INFO] PluginManage:310 - Check plugin analytics
2025-10-29 18:57:16,928 [INFO] AnalyticsPlugin:253 - Accepted Software Licenses: 
2025-10-29 18:57:16,928 [INFO] AnalyticsPlugin:255 - Accepted CMSIS Pack Licenses: 
2025-10-29 18:57:16,929 [INFO] AnalyticsPlugin:257 - Accepted Firmware Licenses: 
2025-10-29 18:57:16,933 [INFO] PluginManage:359 - Loaded plugin analytics (category:tool,tabindex:-1)
2025-10-29 18:57:16,933 [INFO] PluginManage:310 - Check plugin cadmodel
2025-10-29 18:57:16,940 [INFO] CADModel:105 - Init CAD model plugin
2025-10-29 18:57:16,940 [INFO] PluginManage:359 - Loaded plugin cadmodel (category:power,tabindex:5)
2025-10-29 18:57:16,941 [INFO] PluginManage:310 - Check plugin clock
2025-10-29 18:57:16,953 [INFO] PluginManage:359 - Loaded plugin clock (category:base,tabindex:2)
2025-10-29 18:57:16,954 [INFO] PluginManage:310 - Check plugin ddr
2025-10-29 18:57:16,957 [INFO] PluginManage:359 - Loaded plugin ddr (category:tool,tabindex:6)
2025-10-29 18:57:16,958 [INFO] PluginManage:310 - Check plugin filemanager
2025-10-29 18:57:17,174 [INFO] PluginManage:359 - Loaded plugin filemanager (category:base,tabindex:10)
2025-10-29 18:57:17,174 [INFO] PluginManage:310 - Check plugin ipmanager
2025-10-29 18:57:17,185 [INFO] PluginManage:359 - Loaded plugin ipmanager (category:base,tabindex:5)
2025-10-29 18:57:17,185 [INFO] PluginManage:310 - Check plugin lpbam
2025-10-29 18:57:17,197 [INFO] PluginManage:359 - Loaded plugin lpbam (category:base,tabindex:0)
2025-10-29 18:57:17,197 [INFO] PluginManage:310 - Check plugin memorymap
2025-10-29 18:57:17,218 [INFO] PluginManage:359 - Loaded plugin memorymap (category:base,tabindex:4)
2025-10-29 18:57:17,219 [INFO] PluginManage:310 - Check plugin pinoutandconfiguration
2025-10-29 18:57:17,230 [INFO] PluginManage:359 - Loaded plugin pinoutandconfiguration (category:base,tabindex:1)
2025-10-29 18:57:17,230 [INFO] PluginManage:310 - Check plugin pinoutconfig
2025-10-29 18:57:17,376 [WARN] SupportedApi:132 - Cannot load RTOS API schema: s4s-elt-must-match.1: The content of 'definitions' must match (annotation?, (simpleType | complexType)?, (unique | key | keyref)*)). A problem was found starting at: attribute.
2025-10-29 18:57:17,658 [INFO] PluginManage:359 - Loaded plugin pinoutconfig (category:base,tabindex:0)
2025-10-29 18:57:17,658 [INFO] PluginManage:310 - Check plugin power
2025-10-29 18:57:17,680 [INFO] PluginManage:359 - Loaded plugin power (category:power,tabindex:4)
2025-10-29 18:57:17,680 [INFO] PluginManage:310 - Check plugin projectmanager
2025-10-29 18:57:17,710 [INFO] PluginManage:359 - Loaded plugin projectmanager (category:projectmanager,tabindex:4)
2025-10-29 18:57:17,712 [INFO] PluginManage:310 - Check plugin rif
2025-10-29 18:57:17,732 [INFO] PluginManage:359 - Loaded plugin rif (category:base,tabindex:3)
2025-10-29 18:57:17,732 [INFO] PluginManage:310 - Check plugin thirdparty
2025-10-29 18:57:18,026 [WARN] IntegrityCheckThread:84 - waiting for thirdparty lock release [integrity check]
2025-10-29 18:57:18,026 [INFO] IntegrityCheckThread:86 - entering critical section [integrity check]
2025-10-29 18:57:18,027 [INFO] ThirdPartyUpdaterWithRetryManager:70 - Updater plugin not ready yet. [1/15]
2025-10-29 18:57:18,027 [INFO] PluginManage:359 - Loaded plugin thirdparty (category:base,tabindex:-1)
2025-10-29 18:57:18,027 [INFO] PluginManage:310 - Check plugin tools
2025-10-29 18:57:18,032 [INFO] PluginManage:359 - Loaded plugin tools (category:base,tabindex:7)
2025-10-29 18:57:18,032 [INFO] PluginManage:310 - Check plugin tutovideos
2025-10-29 18:57:18,428 [INFO] PluginManage:359 - Loaded plugin tutovideos (category:base,tabindex:-1)
2025-10-29 18:57:18,428 [INFO] PluginManage:310 - Check plugin updater
2025-10-29 18:57:18,458 [INFO] PluginManage:359 - Loaded plugin updater (category:base,tabindex:12)
2025-10-29 18:57:18,458 [INFO] PluginManage:310 - Check plugin userauth
2025-10-29 18:57:18,468 [INFO] UserAuth:118 - Init User Auth plugin
2025-10-29 18:57:18,473 [INFO] PluginManage:359 - Loaded plugin userauth (category:base,tabindex:14)
2025-10-29 18:57:18,473 [INFO] PluginManage:283 - PluginManage : Loaded plugins [18]
2025-10-29 18:57:18,882 [INFO] PinOutPanel:1589 - setPackage(No Configuration,No Configuration)
2025-10-29 18:57:19,056 [INFO] CADModel:165 - CPN selected for project level
2025-10-29 18:57:19,057 [INFO] CADModel:114 - Register for checkConnection events
2025-10-29 18:57:19,091 [INFO] IPUIPlugin:80 - create IPUIPlugin
2025-10-29 18:57:19,091 [INFO] PluginManager:220 - loadIPPluginJar : add adc
2025-10-29 18:57:19,096 [INFO] IPUIPlugin:80 - create IPUIPlugin
2025-10-29 18:57:19,096 [INFO] PluginManager:220 - loadIPPluginJar : add aes
2025-10-29 18:57:19,101 [INFO] IPUIPlugin:80 - create IPUIPlugin
2025-10-29 18:57:19,101 [INFO] PluginManager:220 - loadIPPluginJar : add can
2025-10-29 18:57:19,104 [INFO] IPUIPlugin:80 - create IPUIPlugin
2025-10-29 18:57:19,104 [INFO] PluginManager:220 - loadIPPluginJar : add comp
2025-10-29 18:57:19,108 [INFO] IPUIPlugin:80 - create IPUIPlugin
2025-10-29 18:57:19,109 [INFO] PluginManager:220 - loadIPPluginJar : add cryp
2025-10-29 18:57:19,120 [INFO] IPUIPlugin:80 - create IPUIPlugin
2025-10-29 18:57:19,120 [INFO] PluginManager:220 - loadIPPluginJar : add ddr_ctrl_phy
2025-10-29 18:57:19,125 [INFO] IPUIPlugin:80 - create IPUIPlugin
2025-10-29 18:57:19,125 [INFO] PluginManager:220 - loadIPPluginJar : add dfsdm
2025-10-29 18:57:19,134 [INFO] IPUIPlugin:80 - create IPUIPlugin
2025-10-29 18:57:19,136 [INFO] PluginManager:220 - loadIPPluginJar : add dma
2025-10-29 18:57:19,142 [INFO] IPUIPlugin:80 - create IPUIPlugin
2025-10-29 18:57:19,143 [INFO] PluginManager:220 - loadIPPluginJar : add dma3
2025-10-29 18:57:19,147 [INFO] IPUIPlugin:80 - create IPUIPlugin
2025-10-29 18:57:19,147 [INFO] PluginManager:220 - loadIPPluginJar : add extmemmanager
2025-10-29 18:57:19,150 [INFO] IPUIPlugin:80 - create IPUIPlugin
2025-10-29 18:57:19,150 [INFO] PluginManager:220 - loadIPPluginJar : add fatfs
2025-10-29 18:57:19,159 [INFO] IPUIPlugin:80 - create IPUIPlugin
2025-10-29 18:57:19,159 [INFO] PluginManager:220 - loadIPPluginJar : add fmc
2025-10-29 18:57:19,169 [INFO] IPUIPlugin:80 - create IPUIPlugin
2025-10-29 18:57:19,169 [INFO] PluginManager:220 - loadIPPluginJar : add freertos
2025-10-29 18:57:19,169 [INFO] IPUIPlugin:80 - create IPUIPlugin
2025-10-29 18:57:19,169 [INFO] PluginManager:220 - loadIPPluginJar : add genericplugin
2025-10-29 18:57:19,175 [INFO] IPUIPlugin:80 - create IPUIPlugin
2025-10-29 18:57:19,175 [INFO] PluginManager:220 - loadIPPluginJar : add gfxmmu
2025-10-29 18:57:19,183 [INFO] IPUIPlugin:80 - create IPUIPlugin
2025-10-29 18:57:19,183 [INFO] PluginManager:220 - loadIPPluginJar : add gic
2025-10-29 18:57:19,192 [INFO] IPUIPlugin:80 - create IPUIPlugin
2025-10-29 18:57:19,192 [INFO] PluginManager:220 - loadIPPluginJar : add gpio
2025-10-29 18:57:19,197 [INFO] IPUIPlugin:80 - create IPUIPlugin
2025-10-29 18:57:19,197 [INFO] PluginManager:220 - loadIPPluginJar : add gtzc
2025-10-29 18:57:19,203 [INFO] IPUIPlugin:80 - create IPUIPlugin
2025-10-29 18:57:19,203 [INFO] PluginManager:220 - loadIPPluginJar : add hash
2025-10-29 18:57:19,208 [INFO] IPUIPlugin:80 - create IPUIPlugin
2025-10-29 18:57:19,208 [INFO] PluginManager:220 - loadIPPluginJar : add i2c
2025-10-29 18:57:19,208 [INFO] IPUIPlugin:80 - create IPUIPlugin
2025-10-29 18:57:19,208 [INFO] PluginManager:220 - loadIPPluginJar : add i2s
2025-10-29 18:57:19,218 [INFO] IPUIPlugin:80 - create IPUIPlugin
2025-10-29 18:57:19,218 [INFO] PluginManager:220 - loadIPPluginJar : add i3c
2025-10-29 18:57:19,224 [INFO] IPUIPlugin:80 - create IPUIPlugin
2025-10-29 18:57:19,225 [INFO] PluginManager:220 - loadIPPluginJar : add ipddr
2025-10-29 18:57:19,239 [INFO] IPUIPlugin:80 - create IPUIPlugin
2025-10-29 18:57:19,239 [INFO] PluginManager:220 - loadIPPluginJar : add linkedlist
2025-10-29 18:57:19,242 [INFO] IPUIPlugin:80 - create IPUIPlugin
2025-10-29 18:57:19,247 [INFO] PluginManager:220 - loadIPPluginJar : add lorawan
2025-10-29 18:57:19,249 [INFO] IPUIPlugin:80 - create IPUIPlugin
2025-10-29 18:57:19,249 [INFO] PluginManager:220 - loadIPPluginJar : add ltdc
2025-10-29 18:57:19,259 [INFO] IPUIPlugin:80 - create IPUIPlugin
2025-10-29 18:57:19,259 [INFO] PluginManager:220 - loadIPPluginJar : add mdma
2025-10-29 18:57:19,265 [INFO] IPUIPlugin:80 - create IPUIPlugin
2025-10-29 18:57:19,265 [INFO] PluginManager:220 - loadIPPluginJar : add nvic
2025-10-29 18:57:19,270 [INFO] IPUIPlugin:80 - create IPUIPlugin
2025-10-29 18:57:19,270 [INFO] PluginManager:220 - loadIPPluginJar : add opamp
2025-10-29 18:57:19,278 [INFO] IPUIPlugin:80 - create IPUIPlugin
2025-10-29 18:57:19,278 [INFO] PluginManager:220 - loadIPPluginJar : add openamp
2025-10-29 18:57:19,282 [INFO] IPUIPlugin:80 - create IPUIPlugin
2025-10-29 18:57:19,282 [INFO] PluginManager:220 - loadIPPluginJar : add pdm2pcm
2025-10-29 18:57:19,292 [INFO] IPUIPlugin:80 - create IPUIPlugin
2025-10-29 18:57:19,298 [INFO] PluginManager:220 - loadIPPluginJar : add plateformsettings
2025-10-29 18:57:19,302 [INFO] IPUIPlugin:80 - create IPUIPlugin
2025-10-29 18:57:19,302 [INFO] PluginManager:220 - loadIPPluginJar : add quadspi
2025-10-29 18:57:19,307 [INFO] IPUIPlugin:80 - create IPUIPlugin
2025-10-29 18:57:19,308 [INFO] PluginManager:220 - loadIPPluginJar : add radio
2025-10-29 18:57:19,316 [INFO] IPUIPlugin:80 - create IPUIPlugin
2025-10-29 18:57:19,317 [INFO] PluginManager:220 - loadIPPluginJar : add resmgrutility
2025-10-29 18:57:19,324 [INFO] IPUIPlugin:80 - create IPUIPlugin
2025-10-29 18:57:19,324 [INFO] PluginManager:220 - loadIPPluginJar : add sai
2025-10-29 18:57:19,328 [INFO] IPUIPlugin:80 - create IPUIPlugin
2025-10-29 18:57:19,328 [INFO] PluginManager:220 - loadIPPluginJar : add spi
2025-10-29 18:57:19,340 [INFO] IPUIPlugin:80 - create IPUIPlugin
2025-10-29 18:57:19,341 [INFO] PluginManager:220 - loadIPPluginJar : add stm32_wpan
2025-10-29 18:57:19,343 [INFO] IPUIPlugin:80 - create IPUIPlugin
2025-10-29 18:57:19,343 [INFO] PluginManager:220 - loadIPPluginJar : add tim
2025-10-29 18:57:19,350 [INFO] IPUIPlugin:80 - create IPUIPlugin
2025-10-29 18:57:19,350 [INFO] PluginManager:220 - loadIPPluginJar : add touchsensing
2025-10-29 18:57:19,350 [INFO] IPUIPlugin:80 - create IPUIPlugin
2025-10-29 18:57:19,350 [INFO] PluginManager:220 - loadIPPluginJar : add tracer_emb
2025-10-29 18:57:19,357 [INFO] IPUIPlugin:80 - create IPUIPlugin
2025-10-29 18:57:19,357 [INFO] PluginManager:220 - loadIPPluginJar : add ts
2025-10-29 18:57:19,358 [INFO] IPUIPlugin:80 - create IPUIPlugin
2025-10-29 18:57:19,358 [INFO] PluginManager:220 - loadIPPluginJar : add tsc
2025-10-29 18:57:19,358 [INFO] IPUIPlugin:80 - create IPUIPlugin
2025-10-29 18:57:19,358 [INFO] PluginManager:220 - loadIPPluginJar : add ucpd
2025-10-29 18:57:19,367 [INFO] IPUIPlugin:80 - create IPUIPlugin
2025-10-29 18:57:19,367 [INFO] PluginManager:220 - loadIPPluginJar : add usart
2025-10-29 18:57:19,372 [INFO] IPUIPlugin:80 - create IPUIPlugin
2025-10-29 18:57:19,372 [INFO] PluginManager:220 - loadIPPluginJar : add usbx
2025-10-29 18:57:19,560 [FATAL] Updater:351 - Updater called before beeing initialized
2025-10-29 18:57:19,613 [INFO] RulesReader:64 - Compatibility file has been processed (317 Rules)
2025-10-29 18:57:19,636 [INFO] RulesReader:64 - Compatibility file has been processed (317 Rules)
2025-10-29 18:57:19,682 [INFO] CADModel:165 - CPN selected for project level
2025-10-29 18:57:19,682 [INFO] CADModel:114 - Register for checkConnection events
2025-10-29 18:57:19,682 [FATAL] Updater:351 - Updater called before beeing initialized
2025-10-29 18:57:19,682 [ERROR] CADModel:125 - Updater not yet initialized, retry later 
2025-10-29 18:57:20,103 [FATAL] Updater:351 - Updater called before beeing initialized
2025-10-29 18:57:20,108 [INFO] CADModel:165 - CPN selected for project level
2025-10-29 18:57:20,110 [INFO] CADModel:114 - Register for checkConnection events
2025-10-29 18:57:20,110 [FATAL] Updater:351 - Updater called before beeing initialized
2025-10-29 18:57:20,110 [ERROR] CADModel:125 - Updater not yet initialized, retry later 
2025-10-29 18:57:20,116 [FATAL] Updater:351 - Updater called before beeing initialized
2025-10-29 18:57:20,451 [FATAL] Updater:351 - Updater called before beeing initialized
2025-10-29 18:57:20,459 [INFO] DbMcusAds:53 - JSON generation date=Thu Oct 02 12:36:05 TRT 2025 (1759397765645)
2025-10-29 18:57:20,459 [FATAL] Updater:351 - Updater called before beeing initialized
2025-10-29 18:57:20,547 [WARN] DetailPanel:346 - Failed to get advertising image, set to default
2025-10-29 18:57:20,710 [FATAL] Updater:351 - Updater called before beeing initialized
2025-10-29 18:57:20,712 [FATAL] Updater:351 - Updater called before beeing initialized
2025-10-29 18:57:20,712 [FATAL] Updater:351 - Updater called before beeing initialized
2025-10-29 18:57:20,712 [WARN] DetailPanel:346 - Failed to get advertising image, set to default
2025-10-29 18:57:20,715 [FATAL] Updater:351 - Updater called before beeing initialized
2025-10-29 18:57:20,808 [ERROR] Updater:1198 - MainUpdater not yet initialized. External WinMGr cannot be set.
2025-10-29 18:57:20,812 [INFO] Updater:1134 - Updater Version found : 6.15.0
2025-10-29 18:57:20,847 [INFO] ApplicationProperties:184 - Using Application install path: C:\ST\STM32CubeIDE_1.19.0\STM32CubeIDE\plugins\com.st.stm32cube.common.mx_6.15.0.202507011659
2025-10-29 18:57:21,032 [INFO] ThirdPartyUpdaterWithRetryManager:70 - Updater plugin not ready yet. [2/15]
2025-10-29 18:57:22,487 [ERROR] LogOutputStream:75 - [STDERR_REDIRECT] Oct 29, 2025 6:57:22 PM java.util.prefs.WindowsPreferences <init>
2025-10-29 18:57:22,492 [ERROR] LogOutputStream:75 - [STDERR_REDIRECT] WARNING: Could not open/create prefs root node Software\JavaSoft\Prefs at root 0xffffffff80000002. Windows RegCreateKeyEx(...) returned error code 5.
2025-10-29 18:57:22,492 [ERROR] LogOutputStream:75 - [STDERR_REDIRECT] 
2025-10-29 18:57:23,735 [INFO] MainUpdater:2872 - connection check result : 10
2025-10-29 18:57:23,737 [INFO] MainUpdater:289 - Updater Check For Update Now.
2025-10-29 18:57:23,737 [INFO] MicroXplorer:498 - Change Database Version : DB.6.0.150
2025-10-29 18:57:23,866 [INFO] McuFinderGlobals:63 - Set McuFinder mode to 2 (CubeIDE integrated)
2025-10-29 18:57:23,867 [INFO] UserAuth:171 - activating auth plugin
2025-10-29 18:57:23,877 [INFO] UserAuth:487 - Internet connection configuration mode: 1
2025-10-29 18:57:24,044 [INFO] JxBrowserEngine:152 - Initiate JxBrowser Engine with user profile folder
2025-10-29 18:57:24,054 [WARN] MainUpdater:1193 - Updater busy. Cannot search thirdparties
2025-10-29 18:57:24,059 [INFO] ThirdPartyUpdaterWithRetryManager:96 - Updater plugin is busy. [1/15]
2025-10-29 18:57:24,122 [INFO] CheckServerUpdateThread:120 - End of CheckServer Thread
2025-10-29 18:57:26,399 [INFO] WebApp:169 - Instantiating new browser for Auth
2025-10-29 18:57:28,738 [WARN] PackLoader:240 - Cannot read IP mode file for STMicroelectronics.FP-SNS-MOTENVWB1.1.4.0
2025-10-29 18:57:28,758 [WARN] PackLoader:240 - Cannot read IP mode file for STMicroelectronics.FP-ATR-ASTRA1.2.0.2
2025-10-29 18:57:28,790 [WARN] PackLoader:240 - Cannot read IP mode file for STMicroelectronics.X-CUBE-SMBUS.2.1.0
2025-10-29 18:57:28,819 [WARN] PackLoader:240 - Cannot read IP mode file for STMicroelectronics.X-CUBE-ST60.1.0.0
2025-10-29 18:57:28,997 [WARN] PackLoader:240 - Cannot read IP mode file for STMicroelectronics.X-CUBE-AZRTOS-F7.1.1.0
2025-10-29 18:57:29,098 [WARN] PackLoader:240 - Cannot read IP mode file for Infineon.AIROC-Wi-Fi-Bluetooth-STM32.1.7.1
2025-10-29 18:57:29,159 [WARN] PackLoader:240 - Cannot read IP mode file for STMicroelectronics.X-CUBE-AZRTOS-H7.3.4.0
2025-10-29 18:57:29,197 [WARN] PackLoader:240 - Cannot read IP mode file for STMicroelectronics.X-CUBE-DISPLAY.3.0.0
2025-10-29 18:57:29,347 [WARN] PackLoader:240 - Cannot read IP mode file for STMicroelectronics.X-CUBE-NFC10.1.0.0
2025-10-29 18:57:29,617 [WARN] PackLoader:240 - Cannot read IP mode file for STMicroelectronics.X-CUBE-BLEMGR.4.0.0
2025-10-29 18:57:29,650 [WARN] PackLoader:240 - Cannot read IP mode file for STMicroelectronics.X-CUBE-ST60.1.1.0
2025-10-29 18:57:29,688 [WARN] PackLoader:240 - Cannot read IP mode file for emotas.I-CUBE-CANOPEN.1.3.0
2025-10-29 18:57:29,700 [WARN] ConditionMgr:438 - getConditionDescription Invalid condition id : Cortex-A Device cause : null
2025-10-29 18:57:29,799 [WARN] ConditionMgr:1044 - genDependencies : Invalid condition id : Cortex-A Device cause : null
2025-10-29 18:57:29,799 [WARN] ConditionMgr:1044 - genDependencies : Invalid condition id : Cortex-A Device cause : null
2025-10-29 18:57:29,799 [WARN] ConditionMgr:1044 - genDependencies : Invalid condition id : Cortex-A Device cause : null
2025-10-29 18:57:29,836 [WARN] PackLoader:240 - Cannot read IP mode file for STMicroelectronics.FP-SNS-STBOX1.2.1.0
2025-10-29 18:57:29,907 [INFO] WebApp:463 - Apply proxy settings
2025-10-29 18:57:29,907 [INFO] WebApp:548 - Chromium requires no authentication
2025-10-29 18:57:29,923 [WARN] PackLoader:240 - Cannot read IP mode file for STMicroelectronics.FP-SNS-SMARTAG2.1.2.0
2025-10-29 18:57:29,937 [WARN] PackLoader:240 - Cannot read IP mode file for STMicroelectronics.FP-SNS-FLIGHT1.5.1.0
2025-10-29 18:57:29,937 [INFO] WebApp:491 - Direct internet connection detected
2025-10-29 18:57:29,957 [INFO] LogOutputStream:77 - [STDOUT_REDIRECT] 1 : Invalid condition id : UX_CORESTACK_Condition cause : null
2025-10-29 18:57:29,957 [INFO] LogOutputStream:77 - [STDOUT_REDIRECT] 1 : Invalid condition id : UX_CORESTACK_Condition cause : null
2025-10-29 18:57:29,962 [INFO] LogOutputStream:77 - [STDOUT_REDIRECT] 1 : Invalid condition id : UX_CORESTACK_Condition cause : null
2025-10-29 18:57:29,967 [INFO] LogOutputStream:77 - [STDOUT_REDIRECT] 1 : Invalid condition id : UX_CORESTACK_Condition cause : null
2025-10-29 18:57:29,967 [INFO] LogOutputStream:77 - [STDOUT_REDIRECT] 1 : Invalid condition id : UX_CORESTACK_Condition cause : null
2025-10-29 18:57:29,977 [WARN] PackLoader:240 - Cannot read IP mode file for STMicroelectronics.X-CUBE-AZRTOS-WL.2.0.0
2025-10-29 18:57:29,984 [WARN] PackLoader:240 - Cannot read IP mode file for STMicroelectronics.FP-SNS-MOTENV1.5.0.0
2025-10-29 18:57:30,068 [WARN] PackLoader:240 - Cannot read IP mode file for WES.I-CUBE-Cesium.1.3.0
2025-10-29 18:57:30,087 [WARN] PackLoader:240 - Cannot read IP mode file for STMicroelectronics.X-CUBE-BLE2.3.3.0
2025-10-29 18:57:30,099 [WARN] PackLoader:240 - Cannot read IP mode file for STMicroelectronics.X-CUBE-NFC9.1.0.0
2025-10-29 18:57:30,099 [INFO] WebApp:900 - Register for checkConnection events
2025-10-29 18:57:30,099 [INFO] WebApp:463 - Apply proxy settings
2025-10-29 18:57:30,099 [INFO] WebApp:548 - Chromium requires no authentication
2025-10-29 18:57:30,103 [INFO] WebApp:491 - Direct internet connection detected
2025-10-29 18:57:30,108 [WARN] PackLoader:240 - Cannot read IP mode file for wolfSSL.I-CUBE-wolfSSL.5.8.0
2025-10-29 18:57:30,119 [WARN] PackLoader:240 - Cannot read IP mode file for STMicroelectronics.X-CUBE-BLE1.7.1.0
2025-10-29 18:57:30,127 [WARN] PackLoader:240 - Cannot read IP mode file for wolfSSL.I-CUBE-wolfMQTT.1.19.2
2025-10-29 18:57:30,140 [WARN] PackLoader:240 - Cannot read IP mode file for STMicroelectronics.X-CUBE-EEPRMA1.5.2.0
2025-10-29 18:57:30,157 [WARN] PackLoader:240 - Cannot read IP mode file for STMicroelectronics.X-CUBE-ST67W61.1.1.0
2025-10-29 18:57:30,167 [WARN] PackLoader:240 - Cannot read IP mode file for STMicroelectronics.X-CUBE-AI.10.1.0
2025-10-29 18:57:30,249 [WARN] PackLoader:240 - Cannot read IP mode file for STMicroelectronics.X-CUBE-AZRTOS-G0.1.1.0
2025-10-29 18:57:30,276 [WARN] PackLoader:240 - Cannot read IP mode file for STMicroelectronics.X-CUBE-SAFEA1.1.2.2
2025-10-29 18:57:30,296 [WARN] PackLoader:240 - Cannot read IP mode file for STMicroelectronics.X-CUBE-NFC4.3.0.0
2025-10-29 18:57:30,322 [WARN] PackLoader:240 - Cannot read IP mode file for EmbeddedOffice.I-CUBE-FS-RTOS.1.0.1
2025-10-29 18:57:30,358 [WARN] PackLoader:240 - Cannot read IP mode file for STMicroelectronics.X-CUBE-WB05N.2.0.0
2025-10-29 18:57:30,379 [WARN] PackLoader:240 - Cannot read IP mode file for wolfSSL.I-CUBE-wolfTPM.3.8.0
2025-10-29 18:57:30,399 [WARN] PackLoader:240 - Cannot read IP mode file for STMicroelectronics.X-CUBE-TCPP.4.2.0
2025-10-29 18:57:30,427 [WARN] PackLoader:240 - Cannot read IP mode file for RealThread.X-CUBE-RT-Thread_Nano.4.1.1
2025-10-29 18:57:30,449 [WARN] PackLoader:240 - Cannot read IP mode file for STMicroelectronics.FP-ATR-SIGFOX1.3.2.0
2025-10-29 18:57:30,467 [WARN] PackLoader:240 - Cannot read IP mode file for ITTIA_DB.I-CUBE-ITTIADB.8.9.0
2025-10-29 18:57:30,484 [WARN] PackLoader:240 - Cannot read IP mode file for STMicroelectronics.X-CUBE-ST67W61.1.0.0
2025-10-29 18:57:30,537 [WARN] PackLoader:240 - Cannot read IP mode file for STMicroelectronics.X-CUBE-AI.10.2.0
2025-10-29 18:57:30,649 [WARN] PackLoader:240 - Cannot read IP mode file for SEGGER.I-CUBE-embOS.1.3.1
2025-10-29 18:57:30,791 [WARN] PackLoader:240 - Cannot read IP mode file for STMicroelectronics.X-CUBE-ALGOBUILD.1.4.0
2025-10-29 18:57:31,609 [WARN] PackLoader:240 - Cannot read IP mode file for STMicroelectronics.X-CUBE-MEMS1.11.3.0
2025-10-29 18:57:31,609 [INFO] WebApp:191 - Connection restablished
2025-10-29 18:57:31,797 [INFO] WebApp:225 - Starting web application
2025-10-29 18:57:31,797 [INFO] WebApp:593 - Web application path used C:\ST\STM32CubeIDE_1.19.0\STM32CubeIDE\plugins\com.st.stm32cube.common.mx_6.15.0.202507011659\db\plugins\mcufinder\reactClient1\index.html
2025-10-29 18:57:32,037 [WARN] PackLoader:240 - Cannot read IP mode file for STMicroelectronics.X-CUBE-PM33A1.1.0.0
2025-10-29 18:57:32,082 [WARN] PackLoader:240 - Cannot read IP mode file for STMicroelectronics.X-CUBE-AZRTOS-F4.1.1.0
2025-10-29 18:57:32,100 [WARN] PackLoader:240 - Cannot read IP mode file for Avnet-IotConnect.X-CUBE-IoTC-DA16k-PMOD.1.0.0
2025-10-29 18:57:32,108 [WARN] PackLoader:240 - Cannot read IP mode file for STMicroelectronics.X-CUBE-ISPU.2.1.0
2025-10-29 18:57:32,149 [WARN] PackLoader:240 - Cannot read IP mode file for STMicroelectronics.X-CUBE-IPS.3.2.0
2025-10-29 18:57:32,178 [WARN] PackLoader:240 - Cannot read IP mode file for STMicroelectronics.X-CUBE-NFC12.1.0.0
2025-10-29 18:57:32,209 [WARN] PackLoader:240 - Cannot read IP mode file for STMicroelectronics.X-CUBE-AZRTOS-L5.2.0.0
2025-10-29 18:57:32,249 [WARN] PackLoader:240 - Cannot read IP mode file for STMicroelectronics.X-CUBE-NFC6.3.1.0
2025-10-29 18:57:32,275 [WARN] PackLoader:240 - Cannot read IP mode file for STMicroelectronics.X-CUBE-FREERTOS.1.3.1
2025-10-29 18:57:32,300 [WARN] PackLoader:240 - Cannot read IP mode file for STMicroelectronics.X-CUBE-TOUCHGFX.4.26.0
2025-10-29 18:57:32,317 [WARN] PackLoader:240 - Cannot read IP mode file for STMicroelectronics.FP-SNS-STAIOTCFT.1.0.0
2025-10-29 18:57:32,359 [WARN] PackLoader:240 - Cannot read IP mode file for STMicroelectronics.X-CUBE-DPower.1.3.0
2025-10-29 18:57:32,408 [WARN] ConditionMgr:438 - getConditionDescription Invalid condition id : LAN8742 Phy interface Condition cause : null
2025-10-29 18:57:32,408 [WARN] PackLoader:240 - Cannot read IP mode file for STMicroelectronics.X-CUBE-AZRTOS-L4.2.0.0
2025-10-29 18:57:32,412 [WARN] ConditionMgr:1044 - genDependencies : Invalid condition id : LAN8742 Phy interface Condition cause : null
2025-10-29 18:57:32,415 [WARN] ConditionMgr:1044 - genDependencies : Invalid condition id : LAN8742 Phy interface Condition cause : null
2025-10-29 18:57:32,419 [WARN] ConditionMgr:1044 - genDependencies : Invalid condition id : LAN8742 Phy interface Condition cause : null
2025-10-29 18:57:32,457 [WARN] PackLoader:240 - Cannot read IP mode file for STMicroelectronics.X-CUBE-SFXS2LP1.4.0.0
2025-10-29 18:57:32,491 [WARN] PackLoader:240 - Cannot read IP mode file for STMicroelectronics.X-CUBE-BLEMGR.4.1.0
2025-10-29 18:57:32,529 [WARN] ConditionMgr:438 - getConditionDescription Invalid condition id : UX DEVICE CLASS RTOS Condition cause : null
2025-10-29 18:57:32,529 [WARN] ConditionMgr:438 - getConditionDescription Invalid condition id : UX DEVICE CLASS RTOS Condition cause : null
2025-10-29 18:57:32,534 [WARN] PackLoader:240 - Cannot read IP mode file for STMicroelectronics.X-CUBE-AZRTOS-WB.2.0.0
2025-10-29 18:57:32,534 [WARN] ConditionMgr:1044 - genDependencies : Invalid condition id : UX DEVICE CLASS RTOS Condition cause : null
2025-10-29 18:57:32,534 [WARN] ConditionMgr:1044 - genDependencies : Invalid condition id : UX DEVICE CLASS RTOS Condition cause : null
2025-10-29 18:57:32,537 [WARN] ConditionMgr:1044 - genDependencies : Invalid condition id : UX DEVICE CLASS RTOS Condition cause : null
2025-10-29 18:57:32,537 [WARN] ConditionMgr:1044 - genDependencies : Invalid condition id : UX DEVICE CLASS RTOS Condition cause : null
2025-10-29 18:57:32,537 [WARN] ConditionMgr:1044 - genDependencies : Invalid condition id : UX DEVICE CLASS RTOS Condition cause : null
2025-10-29 18:57:32,557 [WARN] PackLoader:240 - Cannot read IP mode file for STMicroelectronics.X-CUBE-GNSS1.7.0.1
2025-10-29 18:57:32,569 [WARN] PackLoader:240 - Cannot read IP mode file for STMicroelectronics.X-CUBE-TOUCHGFX.4.25.0
2025-10-29 18:57:32,581 [WARN] PackLoader:240 - Cannot read IP mode file for STMicroelectronics.FP-SNS-STBOX1.2.0.0
2025-10-29 18:57:32,639 [WARN] PackLoader:240 - Cannot read IP mode file for STMicroelectronics.X-CUBE-SUBG2.5.0.0
2025-10-29 18:57:32,799 [WARN] PackLoader:240 - Cannot read IP mode file for STMicroelectronics.X-CUBE-AZRTOS-H7RS.1.1.0
2025-10-29 18:57:32,832 [WARN] PackLoader:240 - Cannot read IP mode file for Cesanta.I-CUBE-Mongoose.7.13.0
2025-10-29 18:57:32,869 [WARN] PackLoader:240 - Cannot read IP mode file for STMicroelectronics.X-CUBE-AZRTOS-G4.2.0.0
2025-10-29 18:57:32,892 [WARN] PackLoader:240 - Cannot read IP mode file for wolfSSL.I-CUBE-wolfSSH.1.4.20
2025-10-29 18:57:32,933 [WARN] PackLoader:240 - Cannot read IP mode file for STMicroelectronics.X-CUBE-NFC7.2.0.0
2025-10-29 18:57:32,967 [WARN] PackLoader:240 - Cannot read IP mode file for STMicroelectronics.X-CUBE-IPS.3.1.0
2025-10-29 18:57:32,997 [WARN] PackLoader:240 - Cannot read IP mode file for STMicroelectronics.X-CUBE-ALS.1.0.2
2025-10-29 18:57:33,012 [WARN] PackLoader:240 - Cannot read IP mode file for STMicroelectronics.X-CUBE-STSE01.1.0.0
2025-10-29 18:57:33,039 [WARN] PackLoader:240 - Cannot read IP mode file for portGmbH.I-Cube-SoM-uGOAL.1.1.0
2025-10-29 18:57:33,077 [WARN] PackLoader:240 - Cannot read IP mode file for STMicroelectronics.X-CUBE-TOF1.3.4.3
2025-10-29 18:57:33,099 [INFO] ThirdParty:978 - Integrity check success = true
2025-10-29 18:57:33,099 [INFO] IntegrityCheckThread:100 - exiting critical section [integrity check]
2025-10-29 18:57:33,099 [INFO] IntegrityCheckThread:103 - End integrity checks thread
2025-10-29 19:29:15,811 [ERROR] LogOutputStream:75 - [STDERR_REDIRECT] 
