2025-08-19 09:00:38,341 [INFO] Activator:176 - 


2025-08-19 09:00:38,348 [INFO] Activator:177 - !SESSION log4j initialized
2025-08-19 09:00:46,855 [INFO] LogOutputStream:77 - [STDOUT_REDIRECT] 
2025-08-19 09:00:48,615 [INFO] ApplicationProperties:184 - Using Application install path: C:\ST\STM32CubeIDE_1.19.0\STM32CubeIDE\plugins\com.st.stm32cube.common.mx_6.15.0.202507011659
2025-08-19 09:00:48,640 [INFO] DbMcusXml:78 - Set database path to: C:\ST\STM32CubeIDE_1.19.0\STM32CubeIDE\plugins\com.st.stm32cube.common.mx_6.15.0.202507011659\\db\/mcu/
2025-08-19 09:00:48,640 [INFO] ApiDb:274 - Set plugin database path to: C:\ST\STM32CubeIDE_1.19.0\STM32CubeIDE\plugins\com.st.stm32cube.common.mx_6.15.0.202507011659\\db\/plugins/boardmanager/
2025-08-19 09:00:48,641 [WARN] ApiDb:259 - Overriding images path with different value:  => C:\ST\STM32CubeIDE_1.19.0\STM32CubeIDE\plugins\com.st.stm32cube.common.mx_6.15.0.202507011659\\db\/plugins/mcufinder/images/
2025-08-19 09:00:48,653 [INFO] ApiDb:250 - Set database path to: C:\Users\kadir\.stmcufinder\plugins\mcufinder//mcu/
2025-08-19 09:00:48,654 [INFO] DbMcusAds:125 - Set database path to: C:\Users\kadir\.stmcufinder\plugins\mcufinder//mcu/
2025-08-19 09:00:48,660 [INFO] CrossReferenceDbSqlite:203 - Set database path to: C:\Users\kadir\.stmcufinder\plugins\mcufinder//mcu/cs/
2025-08-19 09:00:48,983 [INFO] RulesReader:64 - Compatibility file has been processed (317 Rules)
2025-08-19 09:00:49,138 [INFO] DbMcusXml:78 - Set database path to: C:\ST\STM32CubeIDE_1.19.0\STM32CubeIDE\plugins\com.st.stm32cube.common.mx_6.15.0.202507011659\\db\/mcu/
2025-08-19 09:00:49,139 [INFO] ApiDb:274 - Set plugin database path to: C:\ST\STM32CubeIDE_1.19.0\STM32CubeIDE\plugins\com.st.stm32cube.common.mx_6.15.0.202507011659\\db\/plugins/boardmanager/
2025-08-19 09:00:49,139 [INFO] ApiDb:261 - Set plugin images path to: C:\ST\STM32CubeIDE_1.19.0\STM32CubeIDE\plugins\com.st.stm32cube.common.mx_6.15.0.202507011659\\db\/plugins/mcufinder/images/
2025-08-19 09:00:49,139 [WARN] DbFile:41 - Overriding database path with different value: C:\Users\kadir\.stmcufinder\plugins\mcufinder/ => C:\Users\kadir\.stmcufinder\plugins\mcufinder
2025-08-19 09:00:49,140 [INFO] ApiDb:250 - Set database path to: C:\Users\kadir\.stmcufinder\plugins\mcufinder//mcu/
2025-08-19 09:00:49,140 [WARN] DbFile:41 - Overriding database path with different value: C:\Users\kadir\.stmcufinder\plugins\mcufinder/ => C:\Users\kadir\.stmcufinder\plugins\mcufinder
2025-08-19 09:00:49,140 [INFO] DbMcusAds:125 - Set database path to: C:\Users\kadir\.stmcufinder\plugins\mcufinder//mcu/
2025-08-19 09:00:49,140 [WARN] DbFile:41 - Overriding database path with different value: C:\Users\kadir\.stmcufinder\plugins\mcufinder/ => C:\Users\kadir\.stmcufinder\plugins\mcufinder
2025-08-19 09:00:49,140 [WARN] DbFile:41 - Overriding database path with different value: C:\Users\kadir\.stmcufinder\plugins\mcufinder/ => C:\Users\kadir\.stmcufinder\plugins\mcufinder
2025-08-19 09:00:49,140 [INFO] CrossReferenceDbSqlite:203 - Set database path to: C:\Users\kadir\.stmcufinder\plugins\mcufinder//mcu/cs/
2025-08-19 09:00:49,312 [INFO] MainPanel:274 - HeapMemory: 268435456
2025-08-19 09:00:49,505 [INFO] DbMcusXml:78 - Set database path to: C:\ST\STM32CubeIDE_1.19.0\STM32CubeIDE\plugins\com.st.stm32cube.common.mx_6.15.0.202507011659\\db\/mcu/
2025-08-19 09:00:49,505 [INFO] ApiDb:274 - Set plugin database path to: C:\ST\STM32CubeIDE_1.19.0\STM32CubeIDE\plugins\com.st.stm32cube.common.mx_6.15.0.202507011659\\db\/plugins/boardmanager/
2025-08-19 09:00:49,505 [INFO] ApiDb:261 - Set plugin images path to: C:\ST\STM32CubeIDE_1.19.0\STM32CubeIDE\plugins\com.st.stm32cube.common.mx_6.15.0.202507011659\\db\/plugins/mcufinder/images/
2025-08-19 09:00:49,506 [WARN] DbFile:41 - Overriding database path with different value: C:\Users\kadir\.stmcufinder\plugins\mcufinder/ => C:\Users\kadir\.stmcufinder\plugins\mcufinder
2025-08-19 09:00:49,506 [INFO] ApiDb:250 - Set database path to: C:\Users\kadir\.stmcufinder\plugins\mcufinder//mcu/
2025-08-19 09:00:49,506 [WARN] DbFile:41 - Overriding database path with different value: C:\Users\kadir\.stmcufinder\plugins\mcufinder/ => C:\Users\kadir\.stmcufinder\plugins\mcufinder
2025-08-19 09:00:49,506 [INFO] DbMcusAds:125 - Set database path to: C:\Users\kadir\.stmcufinder\plugins\mcufinder//mcu/
2025-08-19 09:00:49,506 [WARN] DbFile:41 - Overriding database path with different value: C:\Users\kadir\.stmcufinder\plugins\mcufinder/ => C:\Users\kadir\.stmcufinder\plugins\mcufinder
2025-08-19 09:00:49,506 [WARN] DbFile:41 - Overriding database path with different value: C:\Users\kadir\.stmcufinder\plugins\mcufinder/ => C:\Users\kadir\.stmcufinder\plugins\mcufinder
2025-08-19 09:00:49,506 [INFO] CrossReferenceDbSqlite:203 - Set database path to: C:\Users\kadir\.stmcufinder\plugins\mcufinder//mcu/cs/
2025-08-19 09:00:49,545 [INFO] ApplicationProperties:184 - Using Application install path: C:\ST\STM32CubeIDE_1.19.0\STM32CubeIDE\plugins\com.st.stm32cube.common.mx_6.15.0.202507011659
2025-08-19 09:00:49,547 [INFO] PluginManage:196 - Search for loadable plugins [exclusion list=, ]
2025-08-19 09:00:49,549 [INFO] PluginManage:310 - Check plugin analytics
2025-08-19 09:00:49,951 [INFO] AnalyticsPlugin:253 - Accepted Software Licenses: STM32CubeMX.6.15.0
2025-08-19 09:00:49,951 [INFO] AnalyticsPlugin:255 - Accepted CMSIS Pack Licenses: 
2025-08-19 09:00:49,952 [INFO] AnalyticsPlugin:257 - Accepted Firmware Licenses: 
2025-08-19 09:00:49,955 [INFO] PluginManage:359 - Loaded plugin analytics (category:tool,tabindex:-1)
2025-08-19 09:00:49,956 [INFO] PluginManage:310 - Check plugin cadmodel
2025-08-19 09:00:49,964 [INFO] CADModel:105 - Init CAD model plugin
2025-08-19 09:00:49,964 [INFO] PluginManage:359 - Loaded plugin cadmodel (category:power,tabindex:5)
2025-08-19 09:00:49,965 [INFO] PluginManage:310 - Check plugin clock
2025-08-19 09:00:49,978 [INFO] PluginManage:359 - Loaded plugin clock (category:base,tabindex:2)
2025-08-19 09:00:49,979 [INFO] PluginManage:310 - Check plugin ddr
2025-08-19 09:00:49,982 [INFO] PluginManage:359 - Loaded plugin ddr (category:tool,tabindex:6)
2025-08-19 09:00:49,983 [INFO] PluginManage:310 - Check plugin filemanager
2025-08-19 09:00:50,222 [INFO] PluginManage:359 - Loaded plugin filemanager (category:base,tabindex:10)
2025-08-19 09:00:50,223 [INFO] PluginManage:310 - Check plugin ipmanager
2025-08-19 09:00:50,232 [INFO] PluginManage:359 - Loaded plugin ipmanager (category:base,tabindex:5)
2025-08-19 09:00:50,232 [INFO] PluginManage:310 - Check plugin lpbam
2025-08-19 09:00:50,247 [INFO] PluginManage:359 - Loaded plugin lpbam (category:base,tabindex:0)
2025-08-19 09:00:50,247 [INFO] PluginManage:310 - Check plugin memorymap
2025-08-19 09:00:50,268 [INFO] PluginManage:359 - Loaded plugin memorymap (category:base,tabindex:4)
2025-08-19 09:00:50,268 [INFO] PluginManage:310 - Check plugin pinoutandconfiguration
2025-08-19 09:00:50,280 [INFO] PluginManage:359 - Loaded plugin pinoutandconfiguration (category:base,tabindex:1)
2025-08-19 09:00:50,281 [INFO] PluginManage:310 - Check plugin pinoutconfig
2025-08-19 09:00:50,400 [WARN] SupportedApi:132 - Cannot load RTOS API schema: s4s-elt-must-match.1: The content of 'definitions' must match (annotation?, (simpleType | complexType)?, (unique | key | keyref)*)). A problem was found starting at: attribute.
2025-08-19 09:00:50,585 [INFO] PluginManage:359 - Loaded plugin pinoutconfig (category:base,tabindex:0)
2025-08-19 09:00:50,585 [INFO] PluginManage:310 - Check plugin power
2025-08-19 09:00:50,596 [INFO] PluginManage:359 - Loaded plugin power (category:power,tabindex:4)
2025-08-19 09:00:50,596 [INFO] PluginManage:310 - Check plugin projectmanager
2025-08-19 09:00:50,627 [INFO] PluginManage:359 - Loaded plugin projectmanager (category:projectmanager,tabindex:4)
2025-08-19 09:00:50,627 [INFO] PluginManage:310 - Check plugin rif
2025-08-19 09:00:50,639 [INFO] PluginManage:359 - Loaded plugin rif (category:base,tabindex:3)
2025-08-19 09:00:50,639 [INFO] PluginManage:310 - Check plugin thirdparty
2025-08-19 09:00:50,904 [INFO] PluginManage:359 - Loaded plugin thirdparty (category:base,tabindex:-1)
2025-08-19 09:00:50,904 [WARN] IntegrityCheckThread:84 - waiting for thirdparty lock release [integrity check]
2025-08-19 09:00:50,905 [INFO] PluginManage:310 - Check plugin tools
2025-08-19 09:00:50,905 [INFO] IntegrityCheckThread:86 - entering critical section [integrity check]
2025-08-19 09:00:50,905 [INFO] ThirdPartyUpdaterWithRetryManager:70 - Updater plugin not ready yet. [1/15]
2025-08-19 09:00:50,908 [INFO] PluginManage:359 - Loaded plugin tools (category:base,tabindex:7)
2025-08-19 09:00:50,908 [INFO] PluginManage:310 - Check plugin tutovideos
2025-08-19 09:00:51,281 [INFO] PluginManage:359 - Loaded plugin tutovideos (category:base,tabindex:-1)
2025-08-19 09:00:51,281 [INFO] PluginManage:310 - Check plugin updater
2025-08-19 09:00:51,319 [INFO] PluginManage:359 - Loaded plugin updater (category:base,tabindex:12)
2025-08-19 09:00:51,319 [INFO] PluginManage:310 - Check plugin userauth
2025-08-19 09:00:51,325 [INFO] UserAuth:118 - Init User Auth plugin
2025-08-19 09:00:51,326 [INFO] PluginManage:359 - Loaded plugin userauth (category:base,tabindex:14)
2025-08-19 09:00:51,327 [INFO] PluginManage:283 - PluginManage : Loaded plugins [18]
2025-08-19 09:00:51,647 [INFO] PinOutPanel:1589 - setPackage(No Configuration,No Configuration)
2025-08-19 09:00:51,821 [INFO] CADModel:165 - CPN selected for project level
2025-08-19 09:00:51,821 [INFO] CADModel:114 - Register for checkConnection events
2025-08-19 09:00:51,857 [INFO] IPUIPlugin:80 - create IPUIPlugin
2025-08-19 09:00:51,858 [INFO] PluginManager:220 - loadIPPluginJar : add adc
2025-08-19 09:00:51,869 [INFO] IPUIPlugin:80 - create IPUIPlugin
2025-08-19 09:00:51,871 [INFO] PluginManager:220 - loadIPPluginJar : add aes
2025-08-19 09:00:51,875 [INFO] IPUIPlugin:80 - create IPUIPlugin
2025-08-19 09:00:51,876 [INFO] PluginManager:220 - loadIPPluginJar : add can
2025-08-19 09:00:51,878 [INFO] IPUIPlugin:80 - create IPUIPlugin
2025-08-19 09:00:51,878 [INFO] PluginManager:220 - loadIPPluginJar : add comp
2025-08-19 09:00:51,881 [INFO] IPUIPlugin:80 - create IPUIPlugin
2025-08-19 09:00:51,881 [INFO] PluginManager:220 - loadIPPluginJar : add cryp
2025-08-19 09:00:51,887 [INFO] IPUIPlugin:80 - create IPUIPlugin
2025-08-19 09:00:51,887 [INFO] PluginManager:220 - loadIPPluginJar : add ddr_ctrl_phy
2025-08-19 09:00:51,891 [INFO] IPUIPlugin:80 - create IPUIPlugin
2025-08-19 09:00:51,891 [INFO] PluginManager:220 - loadIPPluginJar : add dfsdm
2025-08-19 09:00:51,910 [INFO] IPUIPlugin:80 - create IPUIPlugin
2025-08-19 09:00:51,911 [INFO] PluginManager:220 - loadIPPluginJar : add dma
2025-08-19 09:00:51,916 [INFO] IPUIPlugin:80 - create IPUIPlugin
2025-08-19 09:00:51,916 [INFO] PluginManager:220 - loadIPPluginJar : add dma3
2025-08-19 09:00:51,922 [INFO] IPUIPlugin:80 - create IPUIPlugin
2025-08-19 09:00:51,922 [INFO] PluginManager:220 - loadIPPluginJar : add extmemmanager
2025-08-19 09:00:51,924 [INFO] IPUIPlugin:80 - create IPUIPlugin
2025-08-19 09:00:51,924 [INFO] PluginManager:220 - loadIPPluginJar : add fatfs
2025-08-19 09:00:51,932 [INFO] IPUIPlugin:80 - create IPUIPlugin
2025-08-19 09:00:51,932 [INFO] PluginManager:220 - loadIPPluginJar : add fmc
2025-08-19 09:00:51,947 [INFO] IPUIPlugin:80 - create IPUIPlugin
2025-08-19 09:00:51,947 [INFO] PluginManager:220 - loadIPPluginJar : add freertos
2025-08-19 09:00:51,951 [INFO] IPUIPlugin:80 - create IPUIPlugin
2025-08-19 09:00:51,951 [INFO] PluginManager:220 - loadIPPluginJar : add genericplugin
2025-08-19 09:00:51,956 [INFO] IPUIPlugin:80 - create IPUIPlugin
2025-08-19 09:00:51,956 [INFO] PluginManager:220 - loadIPPluginJar : add gfxmmu
2025-08-19 09:00:51,964 [INFO] IPUIPlugin:80 - create IPUIPlugin
2025-08-19 09:00:51,964 [INFO] PluginManager:220 - loadIPPluginJar : add gic
2025-08-19 09:00:51,971 [INFO] IPUIPlugin:80 - create IPUIPlugin
2025-08-19 09:00:51,971 [INFO] PluginManager:220 - loadIPPluginJar : add gpio
2025-08-19 09:00:51,975 [INFO] IPUIPlugin:80 - create IPUIPlugin
2025-08-19 09:00:51,975 [INFO] PluginManager:220 - loadIPPluginJar : add gtzc
2025-08-19 09:00:51,979 [INFO] IPUIPlugin:80 - create IPUIPlugin
2025-08-19 09:00:51,979 [INFO] PluginManager:220 - loadIPPluginJar : add hash
2025-08-19 09:00:51,983 [INFO] IPUIPlugin:80 - create IPUIPlugin
2025-08-19 09:00:51,983 [INFO] PluginManager:220 - loadIPPluginJar : add i2c
2025-08-19 09:00:51,986 [INFO] IPUIPlugin:80 - create IPUIPlugin
2025-08-19 09:00:51,986 [INFO] PluginManager:220 - loadIPPluginJar : add i2s
2025-08-19 09:00:51,989 [INFO] IPUIPlugin:80 - create IPUIPlugin
2025-08-19 09:00:51,990 [INFO] PluginManager:220 - loadIPPluginJar : add i3c
2025-08-19 09:00:51,994 [INFO] IPUIPlugin:80 - create IPUIPlugin
2025-08-19 09:00:51,994 [INFO] PluginManager:220 - loadIPPluginJar : add ipddr
2025-08-19 09:00:52,003 [INFO] IPUIPlugin:80 - create IPUIPlugin
2025-08-19 09:00:52,003 [INFO] PluginManager:220 - loadIPPluginJar : add linkedlist
2025-08-19 09:00:52,008 [INFO] IPUIPlugin:80 - create IPUIPlugin
2025-08-19 09:00:52,008 [INFO] PluginManager:220 - loadIPPluginJar : add lorawan
2025-08-19 09:00:52,010 [INFO] IPUIPlugin:80 - create IPUIPlugin
2025-08-19 09:00:52,010 [INFO] PluginManager:220 - loadIPPluginJar : add ltdc
2025-08-19 09:00:52,017 [INFO] IPUIPlugin:80 - create IPUIPlugin
2025-08-19 09:00:52,018 [INFO] PluginManager:220 - loadIPPluginJar : add mdma
2025-08-19 09:00:52,022 [INFO] IPUIPlugin:80 - create IPUIPlugin
2025-08-19 09:00:52,022 [INFO] PluginManager:220 - loadIPPluginJar : add nvic
2025-08-19 09:00:52,028 [INFO] IPUIPlugin:80 - create IPUIPlugin
2025-08-19 09:00:52,028 [INFO] PluginManager:220 - loadIPPluginJar : add opamp
2025-08-19 09:00:52,032 [INFO] IPUIPlugin:80 - create IPUIPlugin
2025-08-19 09:00:52,032 [INFO] PluginManager:220 - loadIPPluginJar : add openamp
2025-08-19 09:00:52,035 [INFO] IPUIPlugin:80 - create IPUIPlugin
2025-08-19 09:00:52,035 [INFO] PluginManager:220 - loadIPPluginJar : add pdm2pcm
2025-08-19 09:00:52,043 [INFO] IPUIPlugin:80 - create IPUIPlugin
2025-08-19 09:00:52,047 [INFO] PluginManager:220 - loadIPPluginJar : add plateformsettings
2025-08-19 09:00:52,049 [INFO] IPUIPlugin:80 - create IPUIPlugin
2025-08-19 09:00:52,049 [INFO] PluginManager:220 - loadIPPluginJar : add quadspi
2025-08-19 09:00:52,052 [INFO] IPUIPlugin:80 - create IPUIPlugin
2025-08-19 09:00:52,053 [INFO] PluginManager:220 - loadIPPluginJar : add radio
2025-08-19 09:00:52,058 [INFO] IPUIPlugin:80 - create IPUIPlugin
2025-08-19 09:00:52,059 [INFO] PluginManager:220 - loadIPPluginJar : add resmgrutility
2025-08-19 09:00:52,063 [INFO] IPUIPlugin:80 - create IPUIPlugin
2025-08-19 09:00:52,063 [INFO] PluginManager:220 - loadIPPluginJar : add sai
2025-08-19 09:00:52,067 [INFO] IPUIPlugin:80 - create IPUIPlugin
2025-08-19 09:00:52,067 [INFO] PluginManager:220 - loadIPPluginJar : add spi
2025-08-19 09:00:52,074 [INFO] IPUIPlugin:80 - create IPUIPlugin
2025-08-19 09:00:52,075 [INFO] PluginManager:220 - loadIPPluginJar : add stm32_wpan
2025-08-19 09:00:52,078 [INFO] IPUIPlugin:80 - create IPUIPlugin
2025-08-19 09:00:52,078 [INFO] PluginManager:220 - loadIPPluginJar : add tim
2025-08-19 09:00:52,088 [INFO] IPUIPlugin:80 - create IPUIPlugin
2025-08-19 09:00:52,088 [INFO] PluginManager:220 - loadIPPluginJar : add touchsensing
2025-08-19 09:00:52,092 [INFO] IPUIPlugin:80 - create IPUIPlugin
2025-08-19 09:00:52,092 [INFO] PluginManager:220 - loadIPPluginJar : add tracer_emb
2025-08-19 09:00:52,095 [INFO] IPUIPlugin:80 - create IPUIPlugin
2025-08-19 09:00:52,095 [INFO] PluginManager:220 - loadIPPluginJar : add ts
2025-08-19 09:00:52,097 [INFO] IPUIPlugin:80 - create IPUIPlugin
2025-08-19 09:00:52,097 [INFO] PluginManager:220 - loadIPPluginJar : add tsc
2025-08-19 09:00:52,101 [INFO] IPUIPlugin:80 - create IPUIPlugin
2025-08-19 09:00:52,101 [INFO] PluginManager:220 - loadIPPluginJar : add ucpd
2025-08-19 09:00:52,106 [INFO] IPUIPlugin:80 - create IPUIPlugin
2025-08-19 09:00:52,106 [INFO] PluginManager:220 - loadIPPluginJar : add usart
2025-08-19 09:00:52,112 [INFO] IPUIPlugin:80 - create IPUIPlugin
2025-08-19 09:00:52,112 [INFO] PluginManager:220 - loadIPPluginJar : add usbx
2025-08-19 09:00:52,267 [FATAL] Updater:351 - Updater called before beeing initialized
2025-08-19 09:00:52,394 [INFO] RulesReader:64 - Compatibility file has been processed (317 Rules)
2025-08-19 09:00:52,426 [INFO] RulesReader:64 - Compatibility file has been processed (317 Rules)
2025-08-19 09:00:52,486 [INFO] CADModel:165 - CPN selected for project level
2025-08-19 09:00:52,489 [INFO] CADModel:114 - Register for checkConnection events
2025-08-19 09:00:52,489 [FATAL] Updater:351 - Updater called before beeing initialized
2025-08-19 09:00:52,490 [ERROR] CADModel:125 - Updater not yet initialized, retry later 
2025-08-19 09:00:52,837 [FATAL] Updater:351 - Updater called before beeing initialized
2025-08-19 09:00:52,840 [INFO] CADModel:165 - CPN selected for project level
2025-08-19 09:00:52,840 [INFO] CADModel:114 - Register for checkConnection events
2025-08-19 09:00:52,840 [FATAL] Updater:351 - Updater called before beeing initialized
2025-08-19 09:00:52,840 [ERROR] CADModel:125 - Updater not yet initialized, retry later 
2025-08-19 09:00:52,844 [FATAL] Updater:351 - Updater called before beeing initialized
2025-08-19 09:00:53,032 [FATAL] Updater:351 - Updater called before beeing initialized
2025-08-19 09:00:53,037 [INFO] DbMcusAds:53 - JSON generation date=Tue Jul 08 11:14:23 TRT 2025 (1751962463582)
2025-08-19 09:00:53,039 [FATAL] Updater:351 - Updater called before beeing initialized
2025-08-19 09:00:53,098 [WARN] DetailPanel:346 - Failed to get advertising image, set to default
2025-08-19 09:00:53,213 [FATAL] Updater:351 - Updater called before beeing initialized
2025-08-19 09:00:53,216 [FATAL] Updater:351 - Updater called before beeing initialized
2025-08-19 09:00:53,216 [FATAL] Updater:351 - Updater called before beeing initialized
2025-08-19 09:00:53,218 [WARN] DetailPanel:346 - Failed to get advertising image, set to default
2025-08-19 09:00:53,219 [FATAL] Updater:351 - Updater called before beeing initialized
2025-08-19 09:00:53,290 [ERROR] Updater:1198 - MainUpdater not yet initialized. External WinMGr cannot be set.
2025-08-19 09:00:53,293 [INFO] Updater:1134 - Updater Version found : 6.15.0
2025-08-19 09:00:53,323 [INFO] ApplicationProperties:184 - Using Application install path: C:\ST\STM32CubeIDE_1.19.0\STM32CubeIDE\plugins\com.st.stm32cube.common.mx_6.15.0.202507011659
2025-08-19 09:00:53,908 [INFO] ThirdPartyUpdaterWithRetryManager:70 - Updater plugin not ready yet. [2/15]
2025-08-19 09:00:54,914 [ERROR] LogOutputStream:75 - [STDERR_REDIRECT] Aug 19, 2025 9:00:54 AM java.util.prefs.WindowsPreferences <init>
2025-08-19 09:00:54,916 [ERROR] LogOutputStream:75 - [STDERR_REDIRECT] WARNING: Could not open/create prefs root node Software\JavaSoft\Prefs at root 0xffffffff80000002. Windows RegCreateKeyEx(...) returned error code 5.
2025-08-19 09:00:54,916 [ERROR] LogOutputStream:75 - [STDERR_REDIRECT] 
2025-08-19 09:00:55,563 [INFO] MainUpdater:2872 - connection check result : 10
2025-08-19 09:00:55,563 [INFO] MainUpdater:3604 - Updater definition file requires update
2025-08-19 09:00:55,564 [INFO] MainUpdater:289 - Updater Check For Update Now.
2025-08-19 09:00:55,565 [INFO] MicroXplorer:498 - Change Database Version : DB.6.0.150
2025-08-19 09:00:55,582 [INFO] McuFinderGlobals:63 - Set McuFinder mode to 2 (CubeIDE integrated)
2025-08-19 09:00:55,582 [INFO] UserAuth:171 - activating auth plugin
2025-08-19 09:00:55,590 [INFO] UserAuth:487 - Internet connection configuration mode: 1
2025-08-19 09:00:55,624 [INFO] JxBrowserEngine:152 - Initiate JxBrowser Engine with user profile folder
2025-08-19 09:00:55,702 [INFO] ServerAccessManage:452 - Complete download http(s) 200
2025-08-19 09:00:55,703 [INFO] ServerAccessManage:509 - Download File updaters.zip
2025-08-19 09:00:55,800 [INFO] FileExtend:248 - Unzip File : updaters.zip
2025-08-19 09:00:55,800 [INFO] FileExtend:263 - Standard Zip Deflate
2025-08-19 09:00:56,174 [INFO] ServerAccessManage:452 - Complete download http(s) 200
2025-08-19 09:00:56,174 [INFO] ServerAccessManage:509 - Download File PacksControlFlags.xml
2025-08-19 09:00:56,257 [INFO] ServerAccessManage:452 - Complete download http(s) 200
2025-08-19 09:00:56,267 [INFO] ServerAccessManage:509 - Download File cubemx.pidx
2025-08-19 09:00:56,417 [INFO] LoadServerUpdatesThread:375 - End of LoadServerUpdate Thread
2025-08-19 09:00:56,591 [INFO] CheckServerUpdateThread:120 - End of CheckServer Thread
2025-08-19 09:00:57,178 [WARN] PackLoader:240 - Cannot read IP mode file for STMicroelectronics.FP-SNS-MOTENVWB1.1.4.0
2025-08-19 09:00:57,194 [WARN] PackLoader:240 - Cannot read IP mode file for STMicroelectronics.FP-ATR-ASTRA1.2.0.2
2025-08-19 09:00:57,206 [WARN] PackLoader:240 - Cannot read IP mode file for STMicroelectronics.X-CUBE-SMBUS.2.1.0
2025-08-19 09:00:57,213 [WARN] PackLoader:240 - Cannot read IP mode file for STMicroelectronics.X-CUBE-ST60.1.0.0
2025-08-19 09:00:57,284 [WARN] PackLoader:240 - Cannot read IP mode file for STMicroelectronics.X-CUBE-AZRTOS-F7.1.1.0
2025-08-19 09:00:57,337 [WARN] PackLoader:240 - Cannot read IP mode file for Infineon.AIROC-Wi-Fi-Bluetooth-STM32.1.7.1
2025-08-19 09:00:57,369 [WARN] PackLoader:240 - Cannot read IP mode file for STMicroelectronics.X-CUBE-AZRTOS-H7.3.4.0
2025-08-19 09:00:57,383 [WARN] PackLoader:240 - Cannot read IP mode file for STMicroelectronics.X-CUBE-DISPLAY.3.0.0
2025-08-19 09:00:57,396 [WARN] PackLoader:240 - Cannot read IP mode file for STMicroelectronics.X-CUBE-NFC10.1.0.0
2025-08-19 09:00:57,409 [WARN] PackLoader:240 - Cannot read IP mode file for STMicroelectronics.X-CUBE-BLEMGR.4.0.0
2025-08-19 09:00:57,417 [WARN] PackLoader:240 - Cannot read IP mode file for emotas.I-CUBE-CANOPEN.1.3.0
2025-08-19 09:00:57,421 [WARN] ConditionMgr:438 - getConditionDescription Invalid condition id : Cortex-A Device cause : null
2025-08-19 09:00:57,437 [WARN] ConditionMgr:1044 - genDependencies : Invalid condition id : Cortex-A Device cause : null
2025-08-19 09:00:57,437 [WARN] ConditionMgr:1044 - genDependencies : Invalid condition id : Cortex-A Device cause : null
2025-08-19 09:00:57,437 [WARN] ConditionMgr:1044 - genDependencies : Invalid condition id : Cortex-A Device cause : null
2025-08-19 09:00:57,452 [WARN] PackLoader:240 - Cannot read IP mode file for STMicroelectronics.FP-SNS-STBOX1.2.1.0
2025-08-19 09:00:57,462 [WARN] PackLoader:240 - Cannot read IP mode file for STMicroelectronics.FP-SNS-SMARTAG2.1.2.0
2025-08-19 09:00:57,470 [WARN] PackLoader:240 - Cannot read IP mode file for STMicroelectronics.FP-SNS-FLIGHT1.5.1.0
2025-08-19 09:00:57,481 [INFO] LogOutputStream:77 - [STDOUT_REDIRECT] 1 : Invalid condition id : UX_CORESTACK_Condition cause : null
2025-08-19 09:00:57,483 [INFO] LogOutputStream:77 - [STDOUT_REDIRECT] 1 : Invalid condition id : UX_CORESTACK_Condition cause : null
2025-08-19 09:00:57,484 [INFO] LogOutputStream:77 - [STDOUT_REDIRECT] 1 : Invalid condition id : UX_CORESTACK_Condition cause : null
2025-08-19 09:00:57,485 [INFO] LogOutputStream:77 - [STDOUT_REDIRECT] 1 : Invalid condition id : UX_CORESTACK_Condition cause : null
2025-08-19 09:00:57,486 [INFO] LogOutputStream:77 - [STDOUT_REDIRECT] 1 : Invalid condition id : UX_CORESTACK_Condition cause : null
2025-08-19 09:00:57,488 [WARN] PackLoader:240 - Cannot read IP mode file for STMicroelectronics.X-CUBE-AZRTOS-WL.2.0.0
2025-08-19 09:00:57,493 [WARN] PackLoader:240 - Cannot read IP mode file for STMicroelectronics.FP-SNS-MOTENV1.5.0.0
2025-08-19 09:00:57,509 [WARN] PackLoader:240 - Cannot read IP mode file for WES.I-CUBE-Cesium.1.3.0
2025-08-19 09:00:57,519 [WARN] PackLoader:240 - Cannot read IP mode file for STMicroelectronics.X-CUBE-BLE2.3.3.0
2025-08-19 09:00:57,524 [WARN] PackLoader:240 - Cannot read IP mode file for STMicroelectronics.X-CUBE-NFC9.1.0.0
2025-08-19 09:00:57,529 [WARN] PackLoader:240 - Cannot read IP mode file for wolfSSL.I-CUBE-wolfSSL.5.8.0
2025-08-19 09:00:57,534 [WARN] PackLoader:240 - Cannot read IP mode file for STMicroelectronics.X-CUBE-BLE1.7.1.0
2025-08-19 09:00:57,540 [WARN] PackLoader:240 - Cannot read IP mode file for wolfSSL.I-CUBE-wolfMQTT.1.19.2
2025-08-19 09:00:57,545 [WARN] PackLoader:240 - Cannot read IP mode file for STMicroelectronics.X-CUBE-EEPRMA1.5.2.0
2025-08-19 09:00:57,552 [WARN] PackLoader:240 - Cannot read IP mode file for STMicroelectronics.X-CUBE-AI.10.1.0
2025-08-19 09:00:57,562 [WARN] PackLoader:240 - Cannot read IP mode file for STMicroelectronics.X-CUBE-AZRTOS-G0.1.1.0
2025-08-19 09:00:57,568 [WARN] PackLoader:240 - Cannot read IP mode file for STMicroelectronics.X-CUBE-SAFEA1.1.2.2
2025-08-19 09:00:57,575 [WARN] PackLoader:240 - Cannot read IP mode file for STMicroelectronics.X-CUBE-NFC4.3.0.0
2025-08-19 09:00:57,583 [WARN] PackLoader:240 - Cannot read IP mode file for EmbeddedOffice.I-CUBE-FS-RTOS.1.0.1
2025-08-19 09:00:57,590 [WARN] PackLoader:240 - Cannot read IP mode file for STMicroelectronics.X-CUBE-WB05N.2.0.0
2025-08-19 09:00:57,594 [WARN] PackLoader:240 - Cannot read IP mode file for wolfSSL.I-CUBE-wolfTPM.3.8.0
2025-08-19 09:00:57,600 [WARN] PackLoader:240 - Cannot read IP mode file for STMicroelectronics.X-CUBE-TCPP.4.2.0
2025-08-19 09:00:57,608 [WARN] PackLoader:240 - Cannot read IP mode file for RealThread.X-CUBE-RT-Thread_Nano.4.1.1
2025-08-19 09:00:57,614 [WARN] PackLoader:240 - Cannot read IP mode file for STMicroelectronics.FP-ATR-SIGFOX1.3.2.0
2025-08-19 09:00:57,621 [WARN] PackLoader:240 - Cannot read IP mode file for ITTIA_DB.I-CUBE-ITTIADB.8.9.0
2025-08-19 09:00:57,630 [WARN] PackLoader:240 - Cannot read IP mode file for STMicroelectronics.X-CUBE-ST67W61.1.0.0
2025-08-19 09:00:57,635 [WARN] PackLoader:240 - Cannot read IP mode file for STMicroelectronics.X-CUBE-AI.10.2.0
2025-08-19 09:00:57,654 [WARN] PackLoader:240 - Cannot read IP mode file for SEGGER.I-CUBE-embOS.1.3.1
2025-08-19 09:00:57,681 [WARN] PackLoader:240 - Cannot read IP mode file for STMicroelectronics.X-CUBE-ALGOBUILD.1.4.0
2025-08-19 09:00:57,701 [WARN] PackLoader:240 - Cannot read IP mode file for STMicroelectronics.X-CUBE-MEMS1.11.3.0
2025-08-19 09:00:57,820 [WARN] PackLoader:240 - Cannot read IP mode file for STMicroelectronics.X-CUBE-PM33A1.1.0.0
2025-08-19 09:00:57,831 [WARN] PackLoader:240 - Cannot read IP mode file for STMicroelectronics.X-CUBE-AZRTOS-F4.1.1.0
2025-08-19 09:00:57,837 [WARN] PackLoader:240 - Cannot read IP mode file for Avnet-IotConnect.X-CUBE-IoTC-DA16k-PMOD.1.0.0
2025-08-19 09:00:57,841 [WARN] PackLoader:240 - Cannot read IP mode file for STMicroelectronics.X-CUBE-ISPU.2.1.0
2025-08-19 09:00:57,847 [WARN] PackLoader:240 - Cannot read IP mode file for STMicroelectronics.X-CUBE-NFC12.1.0.0
2025-08-19 09:00:57,859 [WARN] PackLoader:240 - Cannot read IP mode file for STMicroelectronics.X-CUBE-AZRTOS-L5.2.0.0
2025-08-19 09:00:57,866 [WARN] PackLoader:240 - Cannot read IP mode file for STMicroelectronics.X-CUBE-NFC6.3.1.0
2025-08-19 09:00:57,873 [WARN] PackLoader:240 - Cannot read IP mode file for STMicroelectronics.X-CUBE-FREERTOS.1.3.1
2025-08-19 09:00:57,879 [WARN] PackLoader:240 - Cannot read IP mode file for STMicroelectronics.FP-SNS-STAIOTCFT.1.0.0
2025-08-19 09:00:57,884 [WARN] PackLoader:240 - Cannot read IP mode file for STMicroelectronics.X-CUBE-DPower.1.3.0
2025-08-19 09:00:57,894 [WARN] ConditionMgr:438 - getConditionDescription Invalid condition id : LAN8742 Phy interface Condition cause : null
2025-08-19 09:00:57,895 [WARN] PackLoader:240 - Cannot read IP mode file for STMicroelectronics.X-CUBE-AZRTOS-L4.2.0.0
2025-08-19 09:00:57,895 [WARN] ConditionMgr:1044 - genDependencies : Invalid condition id : LAN8742 Phy interface Condition cause : null
2025-08-19 09:00:57,895 [WARN] ConditionMgr:1044 - genDependencies : Invalid condition id : LAN8742 Phy interface Condition cause : null
2025-08-19 09:00:57,896 [WARN] ConditionMgr:1044 - genDependencies : Invalid condition id : LAN8742 Phy interface Condition cause : null
2025-08-19 09:00:57,900 [WARN] PackLoader:240 - Cannot read IP mode file for STMicroelectronics.X-CUBE-SFXS2LP1.4.0.0
2025-08-19 09:00:57,905 [WARN] PackLoader:240 - Cannot read IP mode file for STMicroelectronics.X-CUBE-BLEMGR.4.1.0
2025-08-19 09:00:57,914 [WARN] ConditionMgr:438 - getConditionDescription Invalid condition id : UX DEVICE CLASS RTOS Condition cause : null
2025-08-19 09:00:57,914 [WARN] ConditionMgr:438 - getConditionDescription Invalid condition id : UX DEVICE CLASS RTOS Condition cause : null
2025-08-19 09:00:57,915 [WARN] PackLoader:240 - Cannot read IP mode file for STMicroelectronics.X-CUBE-AZRTOS-WB.2.0.0
2025-08-19 09:00:57,916 [WARN] ConditionMgr:1044 - genDependencies : Invalid condition id : UX DEVICE CLASS RTOS Condition cause : null
2025-08-19 09:00:57,916 [WARN] ConditionMgr:1044 - genDependencies : Invalid condition id : UX DEVICE CLASS RTOS Condition cause : null
2025-08-19 09:00:57,916 [WARN] ConditionMgr:1044 - genDependencies : Invalid condition id : UX DEVICE CLASS RTOS Condition cause : null
2025-08-19 09:00:57,916 [WARN] ConditionMgr:1044 - genDependencies : Invalid condition id : UX DEVICE CLASS RTOS Condition cause : null
2025-08-19 09:00:57,916 [WARN] ConditionMgr:1044 - genDependencies : Invalid condition id : UX DEVICE CLASS RTOS Condition cause : null
2025-08-19 09:00:57,923 [WARN] PackLoader:240 - Cannot read IP mode file for STMicroelectronics.X-CUBE-GNSS1.7.0.1
2025-08-19 09:00:57,931 [WARN] PackLoader:240 - Cannot read IP mode file for STMicroelectronics.X-CUBE-TOUCHGFX.4.25.0
2025-08-19 09:00:57,935 [WARN] PackLoader:240 - Cannot read IP mode file for STMicroelectronics.FP-SNS-STBOX1.2.0.0
2025-08-19 09:00:57,943 [WARN] PackLoader:240 - Cannot read IP mode file for STMicroelectronics.X-CUBE-SUBG2.5.0.0
2025-08-19 09:00:57,955 [WARN] PackLoader:240 - Cannot read IP mode file for STMicroelectronics.X-CUBE-AZRTOS-H7RS.1.1.0
2025-08-19 09:00:57,960 [WARN] PackLoader:240 - Cannot read IP mode file for Cesanta.I-CUBE-Mongoose.7.13.0
2025-08-19 09:00:57,968 [WARN] PackLoader:240 - Cannot read IP mode file for STMicroelectronics.X-CUBE-AZRTOS-G4.2.0.0
2025-08-19 09:00:57,972 [WARN] PackLoader:240 - Cannot read IP mode file for wolfSSL.I-CUBE-wolfSSH.1.4.20
2025-08-19 09:00:57,975 [WARN] PackLoader:240 - Cannot read IP mode file for STMicroelectronics.X-CUBE-NFC7.2.0.0
2025-08-19 09:00:57,981 [WARN] PackLoader:240 - Cannot read IP mode file for STMicroelectronics.X-CUBE-IPS.3.1.0
2025-08-19 09:00:57,987 [WARN] PackLoader:240 - Cannot read IP mode file for STMicroelectronics.X-CUBE-ALS.1.0.2
2025-08-19 09:00:57,990 [WARN] PackLoader:240 - Cannot read IP mode file for portGmbH.I-Cube-SoM-uGOAL.1.1.0
2025-08-19 09:00:58,005 [WARN] PackLoader:240 - Cannot read IP mode file for STMicroelectronics.X-CUBE-TOF1.3.4.3
2025-08-19 09:00:58,010 [INFO] ThirdParty:978 - Integrity check success = true
2025-08-19 09:00:58,011 [INFO] IntegrityCheckThread:100 - exiting critical section [integrity check]
2025-08-19 09:00:58,011 [INFO] IntegrityCheckThread:103 - End integrity checks thread
2025-08-19 09:00:58,237 [INFO] WebApp:169 - Instantiating new browser for Auth
2025-08-19 09:00:59,015 [INFO] WebApp:463 - Apply proxy settings
2025-08-19 09:00:59,016 [INFO] WebApp:548 - Chromium requires no authentication
2025-08-19 09:00:59,030 [INFO] WebApp:491 - Direct internet connection detected
2025-08-19 09:00:59,054 [INFO] WebApp:900 - Register for checkConnection events
2025-08-19 09:00:59,054 [INFO] WebApp:463 - Apply proxy settings
2025-08-19 09:00:59,054 [INFO] WebApp:548 - Chromium requires no authentication
2025-08-19 09:00:59,055 [INFO] WebApp:491 - Direct internet connection detected
2025-08-19 09:00:59,277 [INFO] WebApp:225 - Starting web application
2025-08-19 09:00:59,277 [INFO] WebApp:593 - Web application path used C:\ST\STM32CubeIDE_1.19.0\STM32CubeIDE\plugins\com.st.stm32cube.common.mx_6.15.0.202507011659\db\plugins\mcufinder\reactClient1\index.html
2025-08-19 09:00:59,573 [INFO] WebApp:191 - Connection restablished
2025-08-19 09:02:40,517 [ERROR] LogOutputStream:75 - [STDERR_REDIRECT] 
2025-08-19 09:39:10,986 [INFO] Activator:176 - 


2025-08-19 09:39:10,989 [INFO] Activator:177 - !SESSION log4j initialized
2025-08-19 09:39:17,846 [INFO] LogOutputStream:77 - [STDOUT_REDIRECT] 
2025-08-19 09:39:19,976 [INFO] ApplicationProperties:184 - Using Application install path: C:\ST\STM32CubeIDE_1.19.0\STM32CubeIDE\plugins\com.st.stm32cube.common.mx_6.15.0.202507011659
2025-08-19 09:39:20,012 [INFO] DbMcusXml:78 - Set database path to: C:\ST\STM32CubeIDE_1.19.0\STM32CubeIDE\plugins\com.st.stm32cube.common.mx_6.15.0.202507011659\\db\/mcu/
2025-08-19 09:39:20,012 [INFO] ApiDb:274 - Set plugin database path to: C:\ST\STM32CubeIDE_1.19.0\STM32CubeIDE\plugins\com.st.stm32cube.common.mx_6.15.0.202507011659\\db\/plugins/boardmanager/
2025-08-19 09:39:20,012 [WARN] ApiDb:259 - Overriding images path with different value:  => C:\ST\STM32CubeIDE_1.19.0\STM32CubeIDE\plugins\com.st.stm32cube.common.mx_6.15.0.202507011659\\db\/plugins/mcufinder/images/
2025-08-19 09:39:20,024 [INFO] ApiDb:250 - Set database path to: C:\Users\kadir\.stmcufinder\plugins\mcufinder//mcu/
2025-08-19 09:39:20,029 [INFO] DbMcusAds:125 - Set database path to: C:\Users\kadir\.stmcufinder\plugins\mcufinder//mcu/
2025-08-19 09:39:20,034 [INFO] CrossReferenceDbSqlite:203 - Set database path to: C:\Users\kadir\.stmcufinder\plugins\mcufinder//mcu/cs/
2025-08-19 09:39:20,250 [INFO] RulesReader:64 - Compatibility file has been processed (317 Rules)
2025-08-19 09:39:20,426 [INFO] DbMcusXml:78 - Set database path to: C:\ST\STM32CubeIDE_1.19.0\STM32CubeIDE\plugins\com.st.stm32cube.common.mx_6.15.0.202507011659\\db\/mcu/
2025-08-19 09:39:20,426 [INFO] ApiDb:274 - Set plugin database path to: C:\ST\STM32CubeIDE_1.19.0\STM32CubeIDE\plugins\com.st.stm32cube.common.mx_6.15.0.202507011659\\db\/plugins/boardmanager/
2025-08-19 09:39:20,426 [INFO] ApiDb:261 - Set plugin images path to: C:\ST\STM32CubeIDE_1.19.0\STM32CubeIDE\plugins\com.st.stm32cube.common.mx_6.15.0.202507011659\\db\/plugins/mcufinder/images/
2025-08-19 09:39:20,426 [WARN] DbFile:41 - Overriding database path with different value: C:\Users\kadir\.stmcufinder\plugins\mcufinder/ => C:\Users\kadir\.stmcufinder\plugins\mcufinder
2025-08-19 09:39:20,426 [INFO] ApiDb:250 - Set database path to: C:\Users\kadir\.stmcufinder\plugins\mcufinder//mcu/
2025-08-19 09:39:20,426 [WARN] DbFile:41 - Overriding database path with different value: C:\Users\kadir\.stmcufinder\plugins\mcufinder/ => C:\Users\kadir\.stmcufinder\plugins\mcufinder
2025-08-19 09:39:20,426 [INFO] DbMcusAds:125 - Set database path to: C:\Users\kadir\.stmcufinder\plugins\mcufinder//mcu/
2025-08-19 09:39:20,426 [WARN] DbFile:41 - Overriding database path with different value: C:\Users\kadir\.stmcufinder\plugins\mcufinder/ => C:\Users\kadir\.stmcufinder\plugins\mcufinder
2025-08-19 09:39:20,426 [WARN] DbFile:41 - Overriding database path with different value: C:\Users\kadir\.stmcufinder\plugins\mcufinder/ => C:\Users\kadir\.stmcufinder\plugins\mcufinder
2025-08-19 09:39:20,426 [INFO] CrossReferenceDbSqlite:203 - Set database path to: C:\Users\kadir\.stmcufinder\plugins\mcufinder//mcu/cs/
2025-08-19 09:39:20,566 [INFO] MainPanel:274 - HeapMemory: 268435456
2025-08-19 09:39:20,779 [INFO] DbMcusXml:78 - Set database path to: C:\ST\STM32CubeIDE_1.19.0\STM32CubeIDE\plugins\com.st.stm32cube.common.mx_6.15.0.202507011659\\db\/mcu/
2025-08-19 09:39:20,779 [INFO] ApiDb:274 - Set plugin database path to: C:\ST\STM32CubeIDE_1.19.0\STM32CubeIDE\plugins\com.st.stm32cube.common.mx_6.15.0.202507011659\\db\/plugins/boardmanager/
2025-08-19 09:39:20,779 [INFO] ApiDb:261 - Set plugin images path to: C:\ST\STM32CubeIDE_1.19.0\STM32CubeIDE\plugins\com.st.stm32cube.common.mx_6.15.0.202507011659\\db\/plugins/mcufinder/images/
2025-08-19 09:39:20,779 [WARN] DbFile:41 - Overriding database path with different value: C:\Users\kadir\.stmcufinder\plugins\mcufinder/ => C:\Users\kadir\.stmcufinder\plugins\mcufinder
2025-08-19 09:39:20,779 [INFO] ApiDb:250 - Set database path to: C:\Users\kadir\.stmcufinder\plugins\mcufinder//mcu/
2025-08-19 09:39:20,779 [WARN] DbFile:41 - Overriding database path with different value: C:\Users\kadir\.stmcufinder\plugins\mcufinder/ => C:\Users\kadir\.stmcufinder\plugins\mcufinder
2025-08-19 09:39:20,784 [INFO] DbMcusAds:125 - Set database path to: C:\Users\kadir\.stmcufinder\plugins\mcufinder//mcu/
2025-08-19 09:39:20,784 [WARN] DbFile:41 - Overriding database path with different value: C:\Users\kadir\.stmcufinder\plugins\mcufinder/ => C:\Users\kadir\.stmcufinder\plugins\mcufinder
2025-08-19 09:39:20,784 [WARN] DbFile:41 - Overriding database path with different value: C:\Users\kadir\.stmcufinder\plugins\mcufinder/ => C:\Users\kadir\.stmcufinder\plugins\mcufinder
2025-08-19 09:39:20,784 [INFO] CrossReferenceDbSqlite:203 - Set database path to: C:\Users\kadir\.stmcufinder\plugins\mcufinder//mcu/cs/
2025-08-19 09:39:20,838 [INFO] ApplicationProperties:184 - Using Application install path: C:\ST\STM32CubeIDE_1.19.0\STM32CubeIDE\plugins\com.st.stm32cube.common.mx_6.15.0.202507011659
2025-08-19 09:39:20,842 [INFO] PluginManage:196 - Search for loadable plugins [exclusion list=, ]
2025-08-19 09:39:20,847 [INFO] PluginManage:310 - Check plugin analytics
2025-08-19 09:39:21,239 [INFO] AnalyticsPlugin:253 - Accepted Software Licenses: STM32CubeMX.6.15.0
2025-08-19 09:39:21,239 [INFO] AnalyticsPlugin:255 - Accepted CMSIS Pack Licenses: 
2025-08-19 09:39:21,239 [INFO] AnalyticsPlugin:257 - Accepted Firmware Licenses: 
2025-08-19 09:39:21,255 [INFO] PluginManage:359 - Loaded plugin analytics (category:tool,tabindex:-1)
2025-08-19 09:39:21,256 [INFO] PluginManage:310 - Check plugin cadmodel
2025-08-19 09:39:21,270 [INFO] CADModel:105 - Init CAD model plugin
2025-08-19 09:39:21,270 [INFO] PluginManage:359 - Loaded plugin cadmodel (category:power,tabindex:5)
2025-08-19 09:39:21,270 [INFO] PluginManage:310 - Check plugin clock
2025-08-19 09:39:21,316 [INFO] PluginManage:359 - Loaded plugin clock (category:base,tabindex:2)
2025-08-19 09:39:21,316 [INFO] PluginManage:310 - Check plugin ddr
2025-08-19 09:39:21,323 [INFO] PluginManage:359 - Loaded plugin ddr (category:tool,tabindex:6)
2025-08-19 09:39:21,323 [INFO] PluginManage:310 - Check plugin filemanager
2025-08-19 09:39:21,726 [INFO] PluginManage:359 - Loaded plugin filemanager (category:base,tabindex:10)
2025-08-19 09:39:21,726 [INFO] PluginManage:310 - Check plugin ipmanager
2025-08-19 09:39:21,736 [INFO] PluginManage:359 - Loaded plugin ipmanager (category:base,tabindex:5)
2025-08-19 09:39:21,736 [INFO] PluginManage:310 - Check plugin lpbam
2025-08-19 09:39:21,749 [INFO] PluginManage:359 - Loaded plugin lpbam (category:base,tabindex:0)
2025-08-19 09:39:21,749 [INFO] PluginManage:310 - Check plugin memorymap
2025-08-19 09:39:21,786 [INFO] PluginManage:359 - Loaded plugin memorymap (category:base,tabindex:4)
2025-08-19 09:39:21,786 [INFO] PluginManage:310 - Check plugin pinoutandconfiguration
2025-08-19 09:39:21,797 [INFO] PluginManage:359 - Loaded plugin pinoutandconfiguration (category:base,tabindex:1)
2025-08-19 09:39:21,806 [INFO] PluginManage:310 - Check plugin pinoutconfig
2025-08-19 09:39:22,031 [WARN] SupportedApi:132 - Cannot load RTOS API schema: s4s-elt-must-match.1: The content of 'definitions' must match (annotation?, (simpleType | complexType)?, (unique | key | keyref)*)). A problem was found starting at: attribute.
2025-08-19 09:39:22,366 [INFO] PluginManage:359 - Loaded plugin pinoutconfig (category:base,tabindex:0)
2025-08-19 09:39:22,370 [INFO] PluginManage:310 - Check plugin power
2025-08-19 09:39:22,384 [INFO] PluginManage:359 - Loaded plugin power (category:power,tabindex:4)
2025-08-19 09:39:22,384 [INFO] PluginManage:310 - Check plugin projectmanager
2025-08-19 09:39:22,413 [INFO] PluginManage:359 - Loaded plugin projectmanager (category:projectmanager,tabindex:4)
2025-08-19 09:39:22,413 [INFO] PluginManage:310 - Check plugin rif
2025-08-19 09:39:22,426 [INFO] PluginManage:359 - Loaded plugin rif (category:base,tabindex:3)
2025-08-19 09:39:22,426 [INFO] PluginManage:310 - Check plugin thirdparty
2025-08-19 09:39:22,733 [INFO] PluginManage:359 - Loaded plugin thirdparty (category:base,tabindex:-1)
2025-08-19 09:39:22,733 [WARN] IntegrityCheckThread:84 - waiting for thirdparty lock release [integrity check]
2025-08-19 09:39:22,735 [INFO] IntegrityCheckThread:86 - entering critical section [integrity check]
2025-08-19 09:39:22,736 [INFO] PluginManage:310 - Check plugin tools
2025-08-19 09:39:22,735 [INFO] ThirdPartyUpdaterWithRetryManager:70 - Updater plugin not ready yet. [1/15]
2025-08-19 09:39:22,736 [INFO] PluginManage:359 - Loaded plugin tools (category:base,tabindex:7)
2025-08-19 09:39:22,736 [INFO] PluginManage:310 - Check plugin tutovideos
2025-08-19 09:39:23,266 [INFO] PluginManage:359 - Loaded plugin tutovideos (category:base,tabindex:-1)
2025-08-19 09:39:23,266 [INFO] PluginManage:310 - Check plugin updater
2025-08-19 09:39:23,322 [INFO] PluginManage:359 - Loaded plugin updater (category:base,tabindex:12)
2025-08-19 09:39:23,325 [INFO] PluginManage:310 - Check plugin userauth
2025-08-19 09:39:23,333 [INFO] UserAuth:118 - Init User Auth plugin
2025-08-19 09:39:23,334 [INFO] PluginManage:359 - Loaded plugin userauth (category:base,tabindex:14)
2025-08-19 09:39:23,336 [INFO] PluginManage:283 - PluginManage : Loaded plugins [18]
2025-08-19 09:39:23,756 [INFO] PinOutPanel:1589 - setPackage(No Configuration,No Configuration)
2025-08-19 09:39:23,930 [INFO] CADModel:165 - CPN selected for project level
2025-08-19 09:39:23,934 [INFO] CADModel:114 - Register for checkConnection events
2025-08-19 09:39:23,966 [INFO] IPUIPlugin:80 - create IPUIPlugin
2025-08-19 09:39:23,966 [INFO] PluginManager:220 - loadIPPluginJar : add adc
2025-08-19 09:39:23,977 [INFO] IPUIPlugin:80 - create IPUIPlugin
2025-08-19 09:39:23,977 [INFO] PluginManager:220 - loadIPPluginJar : add aes
2025-08-19 09:39:23,977 [INFO] IPUIPlugin:80 - create IPUIPlugin
2025-08-19 09:39:23,977 [INFO] PluginManager:220 - loadIPPluginJar : add can
2025-08-19 09:39:23,986 [INFO] IPUIPlugin:80 - create IPUIPlugin
2025-08-19 09:39:23,986 [INFO] PluginManager:220 - loadIPPluginJar : add comp
2025-08-19 09:39:23,986 [INFO] IPUIPlugin:80 - create IPUIPlugin
2025-08-19 09:39:23,986 [INFO] PluginManager:220 - loadIPPluginJar : add cryp
2025-08-19 09:39:23,993 [INFO] IPUIPlugin:80 - create IPUIPlugin
2025-08-19 09:39:23,996 [INFO] PluginManager:220 - loadIPPluginJar : add ddr_ctrl_phy
2025-08-19 09:39:23,996 [INFO] IPUIPlugin:80 - create IPUIPlugin
2025-08-19 09:39:23,996 [INFO] PluginManager:220 - loadIPPluginJar : add dfsdm
2025-08-19 09:39:24,010 [INFO] IPUIPlugin:80 - create IPUIPlugin
2025-08-19 09:39:24,010 [INFO] PluginManager:220 - loadIPPluginJar : add dma
2025-08-19 09:39:24,014 [INFO] IPUIPlugin:80 - create IPUIPlugin
2025-08-19 09:39:24,014 [INFO] PluginManager:220 - loadIPPluginJar : add dma3
2025-08-19 09:39:24,018 [INFO] IPUIPlugin:80 - create IPUIPlugin
2025-08-19 09:39:24,018 [INFO] PluginManager:220 - loadIPPluginJar : add extmemmanager
2025-08-19 09:39:24,026 [INFO] IPUIPlugin:80 - create IPUIPlugin
2025-08-19 09:39:24,026 [INFO] PluginManager:220 - loadIPPluginJar : add fatfs
2025-08-19 09:39:24,036 [INFO] IPUIPlugin:80 - create IPUIPlugin
2025-08-19 09:39:24,036 [INFO] PluginManager:220 - loadIPPluginJar : add fmc
2025-08-19 09:39:24,048 [INFO] IPUIPlugin:80 - create IPUIPlugin
2025-08-19 09:39:24,048 [INFO] PluginManager:220 - loadIPPluginJar : add freertos
2025-08-19 09:39:24,056 [INFO] IPUIPlugin:80 - create IPUIPlugin
2025-08-19 09:39:24,056 [INFO] PluginManager:220 - loadIPPluginJar : add genericplugin
2025-08-19 09:39:24,066 [INFO] IPUIPlugin:80 - create IPUIPlugin
2025-08-19 09:39:24,066 [INFO] PluginManager:220 - loadIPPluginJar : add gfxmmu
2025-08-19 09:39:24,076 [INFO] IPUIPlugin:80 - create IPUIPlugin
2025-08-19 09:39:24,076 [INFO] PluginManager:220 - loadIPPluginJar : add gic
2025-08-19 09:39:24,127 [INFO] IPUIPlugin:80 - create IPUIPlugin
2025-08-19 09:39:24,128 [INFO] PluginManager:220 - loadIPPluginJar : add gpio
2025-08-19 09:39:24,134 [INFO] IPUIPlugin:80 - create IPUIPlugin
2025-08-19 09:39:24,135 [INFO] PluginManager:220 - loadIPPluginJar : add gtzc
2025-08-19 09:39:24,146 [INFO] IPUIPlugin:80 - create IPUIPlugin
2025-08-19 09:39:24,146 [INFO] PluginManager:220 - loadIPPluginJar : add hash
2025-08-19 09:39:24,152 [INFO] IPUIPlugin:80 - create IPUIPlugin
2025-08-19 09:39:24,152 [INFO] PluginManager:220 - loadIPPluginJar : add i2c
2025-08-19 09:39:24,156 [INFO] IPUIPlugin:80 - create IPUIPlugin
2025-08-19 09:39:24,156 [INFO] PluginManager:220 - loadIPPluginJar : add i2s
2025-08-19 09:39:24,164 [INFO] IPUIPlugin:80 - create IPUIPlugin
2025-08-19 09:39:24,164 [INFO] PluginManager:220 - loadIPPluginJar : add i3c
2025-08-19 09:39:24,180 [INFO] IPUIPlugin:80 - create IPUIPlugin
2025-08-19 09:39:24,182 [INFO] PluginManager:220 - loadIPPluginJar : add ipddr
2025-08-19 09:39:24,202 [INFO] IPUIPlugin:80 - create IPUIPlugin
2025-08-19 09:39:24,204 [INFO] PluginManager:220 - loadIPPluginJar : add linkedlist
2025-08-19 09:39:24,211 [INFO] IPUIPlugin:80 - create IPUIPlugin
2025-08-19 09:39:24,211 [INFO] PluginManager:220 - loadIPPluginJar : add lorawan
2025-08-19 09:39:24,213 [INFO] IPUIPlugin:80 - create IPUIPlugin
2025-08-19 09:39:24,213 [INFO] PluginManager:220 - loadIPPluginJar : add ltdc
2025-08-19 09:39:24,223 [INFO] IPUIPlugin:80 - create IPUIPlugin
2025-08-19 09:39:24,223 [INFO] PluginManager:220 - loadIPPluginJar : add mdma
2025-08-19 09:39:24,229 [INFO] IPUIPlugin:80 - create IPUIPlugin
2025-08-19 09:39:24,229 [INFO] PluginManager:220 - loadIPPluginJar : add nvic
2025-08-19 09:39:24,239 [INFO] IPUIPlugin:80 - create IPUIPlugin
2025-08-19 09:39:24,239 [INFO] PluginManager:220 - loadIPPluginJar : add opamp
2025-08-19 09:39:24,245 [INFO] IPUIPlugin:80 - create IPUIPlugin
2025-08-19 09:39:24,245 [INFO] PluginManager:220 - loadIPPluginJar : add openamp
2025-08-19 09:39:24,246 [INFO] IPUIPlugin:80 - create IPUIPlugin
2025-08-19 09:39:24,246 [INFO] PluginManager:220 - loadIPPluginJar : add pdm2pcm
2025-08-19 09:39:24,256 [INFO] IPUIPlugin:80 - create IPUIPlugin
2025-08-19 09:39:24,261 [INFO] PluginManager:220 - loadIPPluginJar : add plateformsettings
2025-08-19 09:39:24,266 [INFO] IPUIPlugin:80 - create IPUIPlugin
2025-08-19 09:39:24,266 [INFO] PluginManager:220 - loadIPPluginJar : add quadspi
2025-08-19 09:39:24,266 [INFO] IPUIPlugin:80 - create IPUIPlugin
2025-08-19 09:39:24,266 [INFO] PluginManager:220 - loadIPPluginJar : add radio
2025-08-19 09:39:24,278 [INFO] IPUIPlugin:80 - create IPUIPlugin
2025-08-19 09:39:24,278 [INFO] PluginManager:220 - loadIPPluginJar : add resmgrutility
2025-08-19 09:39:24,280 [INFO] IPUIPlugin:80 - create IPUIPlugin
2025-08-19 09:39:24,280 [INFO] PluginManager:220 - loadIPPluginJar : add sai
2025-08-19 09:39:24,288 [INFO] IPUIPlugin:80 - create IPUIPlugin
2025-08-19 09:39:24,288 [INFO] PluginManager:220 - loadIPPluginJar : add spi
2025-08-19 09:39:24,298 [INFO] IPUIPlugin:80 - create IPUIPlugin
2025-08-19 09:39:24,298 [INFO] PluginManager:220 - loadIPPluginJar : add stm32_wpan
2025-08-19 09:39:24,298 [INFO] IPUIPlugin:80 - create IPUIPlugin
2025-08-19 09:39:24,298 [INFO] PluginManager:220 - loadIPPluginJar : add tim
2025-08-19 09:39:24,298 [INFO] IPUIPlugin:80 - create IPUIPlugin
2025-08-19 09:39:24,298 [INFO] PluginManager:220 - loadIPPluginJar : add touchsensing
2025-08-19 09:39:24,310 [INFO] IPUIPlugin:80 - create IPUIPlugin
2025-08-19 09:39:24,310 [INFO] PluginManager:220 - loadIPPluginJar : add tracer_emb
2025-08-19 09:39:24,310 [INFO] IPUIPlugin:80 - create IPUIPlugin
2025-08-19 09:39:24,310 [INFO] PluginManager:220 - loadIPPluginJar : add ts
2025-08-19 09:39:24,310 [INFO] IPUIPlugin:80 - create IPUIPlugin
2025-08-19 09:39:24,310 [INFO] PluginManager:220 - loadIPPluginJar : add tsc
2025-08-19 09:39:24,317 [INFO] IPUIPlugin:80 - create IPUIPlugin
2025-08-19 09:39:24,317 [INFO] PluginManager:220 - loadIPPluginJar : add ucpd
2025-08-19 09:39:24,317 [INFO] IPUIPlugin:80 - create IPUIPlugin
2025-08-19 09:39:24,317 [INFO] PluginManager:220 - loadIPPluginJar : add usart
2025-08-19 09:39:24,326 [INFO] IPUIPlugin:80 - create IPUIPlugin
2025-08-19 09:39:24,326 [INFO] PluginManager:220 - loadIPPluginJar : add usbx
2025-08-19 09:39:24,523 [FATAL] Updater:351 - Updater called before beeing initialized
2025-08-19 09:39:24,606 [INFO] RulesReader:64 - Compatibility file has been processed (317 Rules)
2025-08-19 09:39:24,621 [INFO] RulesReader:64 - Compatibility file has been processed (317 Rules)
2025-08-19 09:39:24,676 [INFO] CADModel:165 - CPN selected for project level
2025-08-19 09:39:24,676 [INFO] CADModel:114 - Register for checkConnection events
2025-08-19 09:39:24,676 [FATAL] Updater:351 - Updater called before beeing initialized
2025-08-19 09:39:24,676 [ERROR] CADModel:125 - Updater not yet initialized, retry later 
2025-08-19 09:39:25,142 [FATAL] Updater:351 - Updater called before beeing initialized
2025-08-19 09:39:25,142 [INFO] CADModel:165 - CPN selected for project level
2025-08-19 09:39:25,142 [INFO] CADModel:114 - Register for checkConnection events
2025-08-19 09:39:25,146 [FATAL] Updater:351 - Updater called before beeing initialized
2025-08-19 09:39:25,146 [ERROR] CADModel:125 - Updater not yet initialized, retry later 
2025-08-19 09:39:25,150 [FATAL] Updater:351 - Updater called before beeing initialized
2025-08-19 09:39:25,527 [FATAL] Updater:351 - Updater called before beeing initialized
2025-08-19 09:39:25,534 [INFO] DbMcusAds:53 - JSON generation date=Tue Jul 08 11:14:23 TRT 2025 (1751962463582)
2025-08-19 09:39:25,534 [FATAL] Updater:351 - Updater called before beeing initialized
2025-08-19 09:39:25,596 [WARN] DetailPanel:346 - Failed to get advertising image, set to default
2025-08-19 09:39:25,747 [INFO] ThirdPartyUpdaterWithRetryManager:70 - Updater plugin not ready yet. [2/15]
2025-08-19 09:39:25,798 [FATAL] Updater:351 - Updater called before beeing initialized
2025-08-19 09:39:25,801 [FATAL] Updater:351 - Updater called before beeing initialized
2025-08-19 09:39:25,802 [FATAL] Updater:351 - Updater called before beeing initialized
2025-08-19 09:39:25,803 [WARN] DetailPanel:346 - Failed to get advertising image, set to default
2025-08-19 09:39:25,803 [FATAL] Updater:351 - Updater called before beeing initialized
2025-08-19 09:39:25,910 [ERROR] Updater:1198 - MainUpdater not yet initialized. External WinMGr cannot be set.
2025-08-19 09:39:25,914 [INFO] Updater:1134 - Updater Version found : 6.15.0
2025-08-19 09:39:25,936 [INFO] ApplicationProperties:184 - Using Application install path: C:\ST\STM32CubeIDE_1.19.0\STM32CubeIDE\plugins\com.st.stm32cube.common.mx_6.15.0.202507011659
2025-08-19 09:39:27,583 [ERROR] LogOutputStream:75 - [STDERR_REDIRECT] Aug 19, 2025 9:39:27 AM java.util.prefs.WindowsPreferences <init>
2025-08-19 09:39:27,585 [ERROR] LogOutputStream:75 - [STDERR_REDIRECT] WARNING: Could not open/create prefs root node Software\JavaSoft\Prefs at root 0xffffffff80000002. Windows RegCreateKeyEx(...) returned error code 5.
2025-08-19 09:39:27,586 [ERROR] LogOutputStream:75 - [STDERR_REDIRECT] 
2025-08-19 09:39:28,754 [FATAL] Updater:351 - Updater called before beeing initialized
2025-08-19 09:39:28,754 [ERROR] IntegrityCheckThread:130 - Cannot retrieve database content from updater: error 21
2025-08-19 09:39:28,754 [INFO] ThirdParty:978 - Integrity check success = false
2025-08-19 09:39:28,754 [INFO] IntegrityCheckThread:100 - exiting critical section [integrity check]
2025-08-19 09:39:28,754 [INFO] IntegrityCheckThread:103 - End integrity checks thread
2025-08-19 09:39:28,776 [INFO] MainUpdater:2872 - connection check result : 10
2025-08-19 09:39:28,779 [INFO] MainUpdater:289 - Updater Check For Update Now.
2025-08-19 09:39:28,779 [INFO] MicroXplorer:498 - Change Database Version : DB.6.0.150
2025-08-19 09:39:28,896 [INFO] McuFinderGlobals:63 - Set McuFinder mode to 2 (CubeIDE integrated)
2025-08-19 09:39:28,896 [INFO] UserAuth:171 - activating auth plugin
2025-08-19 09:39:28,901 [INFO] UserAuth:487 - Internet connection configuration mode: 1
2025-08-19 09:39:28,989 [INFO] JxBrowserEngine:152 - Initiate JxBrowser Engine with user profile folder
2025-08-19 09:39:29,106 [INFO] CheckServerUpdateThread:120 - End of CheckServer Thread
2025-08-19 09:39:30,443 [INFO] WebApp:169 - Instantiating new browser for Auth
2025-08-19 09:39:31,713 [INFO] WebApp:463 - Apply proxy settings
2025-08-19 09:39:31,714 [INFO] WebApp:548 - Chromium requires no authentication
2025-08-19 09:39:31,786 [INFO] WebApp:491 - Direct internet connection detected
2025-08-19 09:39:31,819 [INFO] WebApp:900 - Register for checkConnection events
2025-08-19 09:39:31,819 [INFO] WebApp:463 - Apply proxy settings
2025-08-19 09:39:31,819 [INFO] WebApp:548 - Chromium requires no authentication
2025-08-19 09:39:31,819 [INFO] WebApp:491 - Direct internet connection detected
2025-08-19 09:39:32,121 [INFO] WebApp:225 - Starting web application
2025-08-19 09:39:32,125 [INFO] WebApp:593 - Web application path used C:\ST\STM32CubeIDE_1.19.0\STM32CubeIDE\plugins\com.st.stm32cube.common.mx_6.15.0.202507011659\db\plugins\mcufinder\reactClient1\index.html
2025-08-19 09:39:32,412 [INFO] WebApp:191 - Connection restablished
2025-08-19 10:01:59,766 [INFO] WebApp:194 - Connection lost
2025-08-19 10:02:00,056 [INFO] WebApp:191 - Connection restablished
2025-08-19 10:02:00,277 [INFO] WebApp:194 - Connection lost
2025-08-19 10:02:00,500 [INFO] WebApp:191 - Connection restablished
2025-08-19 10:39:00,543 [INFO] Activator:176 - 


2025-08-19 10:39:00,545 [INFO] Activator:177 - !SESSION log4j initialized
2025-08-19 10:39:06,515 [INFO] LogOutputStream:77 - [STDOUT_REDIRECT] 
2025-08-19 10:39:09,231 [INFO] ApplicationProperties:184 - Using Application install path: C:\ST\STM32CubeIDE_1.19.0\STM32CubeIDE\plugins\com.st.stm32cube.common.mx_6.15.0.202507011659
2025-08-19 10:39:09,261 [INFO] DbMcusXml:78 - Set database path to: C:\ST\STM32CubeIDE_1.19.0\STM32CubeIDE\plugins\com.st.stm32cube.common.mx_6.15.0.202507011659\\db\/mcu/
2025-08-19 10:39:09,264 [INFO] ApiDb:274 - Set plugin database path to: C:\ST\STM32CubeIDE_1.19.0\STM32CubeIDE\plugins\com.st.stm32cube.common.mx_6.15.0.202507011659\\db\/plugins/boardmanager/
2025-08-19 10:39:09,264 [WARN] ApiDb:259 - Overriding images path with different value:  => C:\ST\STM32CubeIDE_1.19.0\STM32CubeIDE\plugins\com.st.stm32cube.common.mx_6.15.0.202507011659\\db\/plugins/mcufinder/images/
2025-08-19 10:39:09,273 [INFO] ApiDb:250 - Set database path to: C:\Users\kadir\.stmcufinder\plugins\mcufinder//mcu/
2025-08-19 10:39:09,278 [INFO] DbMcusAds:125 - Set database path to: C:\Users\kadir\.stmcufinder\plugins\mcufinder//mcu/
2025-08-19 10:39:09,283 [INFO] CrossReferenceDbSqlite:203 - Set database path to: C:\Users\kadir\.stmcufinder\plugins\mcufinder//mcu/cs/
2025-08-19 10:39:09,569 [INFO] RulesReader:64 - Compatibility file has been processed (317 Rules)
2025-08-19 10:39:09,884 [INFO] DbMcusXml:78 - Set database path to: C:\ST\STM32CubeIDE_1.19.0\STM32CubeIDE\plugins\com.st.stm32cube.common.mx_6.15.0.202507011659\\db\/mcu/
2025-08-19 10:39:09,889 [INFO] ApiDb:274 - Set plugin database path to: C:\ST\STM32CubeIDE_1.19.0\STM32CubeIDE\plugins\com.st.stm32cube.common.mx_6.15.0.202507011659\\db\/plugins/boardmanager/
2025-08-19 10:39:09,889 [INFO] ApiDb:261 - Set plugin images path to: C:\ST\STM32CubeIDE_1.19.0\STM32CubeIDE\plugins\com.st.stm32cube.common.mx_6.15.0.202507011659\\db\/plugins/mcufinder/images/
2025-08-19 10:39:09,889 [WARN] DbFile:41 - Overriding database path with different value: C:\Users\kadir\.stmcufinder\plugins\mcufinder/ => C:\Users\kadir\.stmcufinder\plugins\mcufinder
2025-08-19 10:39:09,889 [INFO] ApiDb:250 - Set database path to: C:\Users\kadir\.stmcufinder\plugins\mcufinder//mcu/
2025-08-19 10:39:09,889 [WARN] DbFile:41 - Overriding database path with different value: C:\Users\kadir\.stmcufinder\plugins\mcufinder/ => C:\Users\kadir\.stmcufinder\plugins\mcufinder
2025-08-19 10:39:09,889 [INFO] DbMcusAds:125 - Set database path to: C:\Users\kadir\.stmcufinder\plugins\mcufinder//mcu/
2025-08-19 10:39:09,890 [WARN] DbFile:41 - Overriding database path with different value: C:\Users\kadir\.stmcufinder\plugins\mcufinder/ => C:\Users\kadir\.stmcufinder\plugins\mcufinder
2025-08-19 10:39:09,890 [WARN] DbFile:41 - Overriding database path with different value: C:\Users\kadir\.stmcufinder\plugins\mcufinder/ => C:\Users\kadir\.stmcufinder\plugins\mcufinder
2025-08-19 10:39:09,890 [INFO] CrossReferenceDbSqlite:203 - Set database path to: C:\Users\kadir\.stmcufinder\plugins\mcufinder//mcu/cs/
2025-08-19 10:39:10,010 [INFO] MainPanel:274 - HeapMemory: 268435456
2025-08-19 10:39:10,157 [INFO] DbMcusXml:78 - Set database path to: C:\ST\STM32CubeIDE_1.19.0\STM32CubeIDE\plugins\com.st.stm32cube.common.mx_6.15.0.202507011659\\db\/mcu/
2025-08-19 10:39:10,157 [INFO] ApiDb:274 - Set plugin database path to: C:\ST\STM32CubeIDE_1.19.0\STM32CubeIDE\plugins\com.st.stm32cube.common.mx_6.15.0.202507011659\\db\/plugins/boardmanager/
2025-08-19 10:39:10,157 [INFO] ApiDb:261 - Set plugin images path to: C:\ST\STM32CubeIDE_1.19.0\STM32CubeIDE\plugins\com.st.stm32cube.common.mx_6.15.0.202507011659\\db\/plugins/mcufinder/images/
2025-08-19 10:39:10,157 [WARN] DbFile:41 - Overriding database path with different value: C:\Users\kadir\.stmcufinder\plugins\mcufinder/ => C:\Users\kadir\.stmcufinder\plugins\mcufinder
2025-08-19 10:39:10,157 [INFO] ApiDb:250 - Set database path to: C:\Users\kadir\.stmcufinder\plugins\mcufinder//mcu/
2025-08-19 10:39:10,157 [WARN] DbFile:41 - Overriding database path with different value: C:\Users\kadir\.stmcufinder\plugins\mcufinder/ => C:\Users\kadir\.stmcufinder\plugins\mcufinder
2025-08-19 10:39:10,157 [INFO] DbMcusAds:125 - Set database path to: C:\Users\kadir\.stmcufinder\plugins\mcufinder//mcu/
2025-08-19 10:39:10,157 [WARN] DbFile:41 - Overriding database path with different value: C:\Users\kadir\.stmcufinder\plugins\mcufinder/ => C:\Users\kadir\.stmcufinder\plugins\mcufinder
2025-08-19 10:39:10,157 [WARN] DbFile:41 - Overriding database path with different value: C:\Users\kadir\.stmcufinder\plugins\mcufinder/ => C:\Users\kadir\.stmcufinder\plugins\mcufinder
2025-08-19 10:39:10,157 [INFO] CrossReferenceDbSqlite:203 - Set database path to: C:\Users\kadir\.stmcufinder\plugins\mcufinder//mcu/cs/
2025-08-19 10:39:10,195 [INFO] ApplicationProperties:184 - Using Application install path: C:\ST\STM32CubeIDE_1.19.0\STM32CubeIDE\plugins\com.st.stm32cube.common.mx_6.15.0.202507011659
2025-08-19 10:39:10,197 [INFO] PluginManage:196 - Search for loadable plugins [exclusion list=, ]
2025-08-19 10:39:10,199 [INFO] PluginManage:310 - Check plugin analytics
2025-08-19 10:39:10,485 [INFO] AnalyticsPlugin:253 - Accepted Software Licenses: STM32CubeMX.6.15.0
2025-08-19 10:39:10,485 [INFO] AnalyticsPlugin:255 - Accepted CMSIS Pack Licenses: 
2025-08-19 10:39:10,485 [INFO] AnalyticsPlugin:257 - Accepted Firmware Licenses: 
2025-08-19 10:39:10,501 [INFO] PluginManage:359 - Loaded plugin analytics (category:tool,tabindex:-1)
2025-08-19 10:39:10,501 [INFO] PluginManage:310 - Check plugin cadmodel
2025-08-19 10:39:10,514 [INFO] CADModel:105 - Init CAD model plugin
2025-08-19 10:39:10,514 [INFO] PluginManage:359 - Loaded plugin cadmodel (category:power,tabindex:5)
2025-08-19 10:39:10,514 [INFO] PluginManage:310 - Check plugin clock
2025-08-19 10:39:10,552 [INFO] PluginManage:359 - Loaded plugin clock (category:base,tabindex:2)
2025-08-19 10:39:10,552 [INFO] PluginManage:310 - Check plugin ddr
2025-08-19 10:39:10,563 [INFO] PluginManage:359 - Loaded plugin ddr (category:tool,tabindex:6)
2025-08-19 10:39:10,568 [INFO] PluginManage:310 - Check plugin filemanager
2025-08-19 10:39:10,836 [INFO] PluginManage:359 - Loaded plugin filemanager (category:base,tabindex:10)
2025-08-19 10:39:10,836 [INFO] PluginManage:310 - Check plugin ipmanager
2025-08-19 10:39:10,846 [INFO] PluginManage:359 - Loaded plugin ipmanager (category:base,tabindex:5)
2025-08-19 10:39:10,846 [INFO] PluginManage:310 - Check plugin lpbam
2025-08-19 10:39:10,866 [INFO] PluginManage:359 - Loaded plugin lpbam (category:base,tabindex:0)
2025-08-19 10:39:10,866 [INFO] PluginManage:310 - Check plugin memorymap
2025-08-19 10:39:10,892 [INFO] PluginManage:359 - Loaded plugin memorymap (category:base,tabindex:4)
2025-08-19 10:39:10,892 [INFO] PluginManage:310 - Check plugin pinoutandconfiguration
2025-08-19 10:39:10,912 [INFO] PluginManage:359 - Loaded plugin pinoutandconfiguration (category:base,tabindex:1)
2025-08-19 10:39:10,912 [INFO] PluginManage:310 - Check plugin pinoutconfig
2025-08-19 10:39:11,085 [WARN] SupportedApi:132 - Cannot load RTOS API schema: s4s-elt-must-match.1: The content of 'definitions' must match (annotation?, (simpleType | complexType)?, (unique | key | keyref)*)). A problem was found starting at: attribute.
2025-08-19 10:39:11,334 [INFO] PluginManage:359 - Loaded plugin pinoutconfig (category:base,tabindex:0)
2025-08-19 10:39:11,334 [INFO] PluginManage:310 - Check plugin power
2025-08-19 10:39:11,341 [INFO] PluginManage:359 - Loaded plugin power (category:power,tabindex:4)
2025-08-19 10:39:11,341 [INFO] PluginManage:310 - Check plugin projectmanager
2025-08-19 10:39:11,374 [INFO] PluginManage:359 - Loaded plugin projectmanager (category:projectmanager,tabindex:4)
2025-08-19 10:39:11,374 [INFO] PluginManage:310 - Check plugin rif
2025-08-19 10:39:11,385 [INFO] PluginManage:359 - Loaded plugin rif (category:base,tabindex:3)
2025-08-19 10:39:11,385 [INFO] PluginManage:310 - Check plugin thirdparty
2025-08-19 10:39:11,638 [INFO] PluginManage:359 - Loaded plugin thirdparty (category:base,tabindex:-1)
2025-08-19 10:39:11,638 [WARN] IntegrityCheckThread:84 - waiting for thirdparty lock release [integrity check]
2025-08-19 10:39:11,639 [INFO] PluginManage:310 - Check plugin tools
2025-08-19 10:39:11,639 [INFO] IntegrityCheckThread:86 - entering critical section [integrity check]
2025-08-19 10:39:11,639 [INFO] ThirdPartyUpdaterWithRetryManager:70 - Updater plugin not ready yet. [1/15]
2025-08-19 10:39:11,650 [INFO] PluginManage:359 - Loaded plugin tools (category:base,tabindex:7)
2025-08-19 10:39:11,650 [INFO] PluginManage:310 - Check plugin tutovideos
2025-08-19 10:39:12,128 [INFO] PluginManage:359 - Loaded plugin tutovideos (category:base,tabindex:-1)
2025-08-19 10:39:12,131 [INFO] PluginManage:310 - Check plugin updater
2025-08-19 10:39:12,225 [INFO] PluginManage:359 - Loaded plugin updater (category:base,tabindex:12)
2025-08-19 10:39:12,225 [INFO] PluginManage:310 - Check plugin userauth
2025-08-19 10:39:12,234 [INFO] UserAuth:118 - Init User Auth plugin
2025-08-19 10:39:12,234 [INFO] PluginManage:359 - Loaded plugin userauth (category:base,tabindex:14)
2025-08-19 10:39:12,234 [INFO] PluginManage:283 - PluginManage : Loaded plugins [18]
2025-08-19 10:39:12,852 [INFO] PinOutPanel:1589 - setPackage(No Configuration,No Configuration)
2025-08-19 10:39:13,032 [INFO] CADModel:165 - CPN selected for project level
2025-08-19 10:39:13,032 [INFO] CADModel:114 - Register for checkConnection events
2025-08-19 10:39:13,066 [INFO] IPUIPlugin:80 - create IPUIPlugin
2025-08-19 10:39:13,066 [INFO] PluginManager:220 - loadIPPluginJar : add adc
2025-08-19 10:39:13,070 [INFO] IPUIPlugin:80 - create IPUIPlugin
2025-08-19 10:39:13,070 [INFO] PluginManager:220 - loadIPPluginJar : add aes
2025-08-19 10:39:13,074 [INFO] IPUIPlugin:80 - create IPUIPlugin
2025-08-19 10:39:13,076 [INFO] PluginManager:220 - loadIPPluginJar : add can
2025-08-19 10:39:13,078 [INFO] IPUIPlugin:80 - create IPUIPlugin
2025-08-19 10:39:13,078 [INFO] PluginManager:220 - loadIPPluginJar : add comp
2025-08-19 10:39:13,083 [INFO] IPUIPlugin:80 - create IPUIPlugin
2025-08-19 10:39:13,083 [INFO] PluginManager:220 - loadIPPluginJar : add cryp
2025-08-19 10:39:13,088 [INFO] IPUIPlugin:80 - create IPUIPlugin
2025-08-19 10:39:13,088 [INFO] PluginManager:220 - loadIPPluginJar : add ddr_ctrl_phy
2025-08-19 10:39:13,093 [INFO] IPUIPlugin:80 - create IPUIPlugin
2025-08-19 10:39:13,093 [INFO] PluginManager:220 - loadIPPluginJar : add dfsdm
2025-08-19 10:39:13,101 [INFO] IPUIPlugin:80 - create IPUIPlugin
2025-08-19 10:39:13,101 [INFO] PluginManager:220 - loadIPPluginJar : add dma
2025-08-19 10:39:13,105 [INFO] IPUIPlugin:80 - create IPUIPlugin
2025-08-19 10:39:13,105 [INFO] PluginManager:220 - loadIPPluginJar : add dma3
2025-08-19 10:39:13,111 [INFO] IPUIPlugin:80 - create IPUIPlugin
2025-08-19 10:39:13,111 [INFO] PluginManager:220 - loadIPPluginJar : add extmemmanager
2025-08-19 10:39:13,117 [INFO] IPUIPlugin:80 - create IPUIPlugin
2025-08-19 10:39:13,117 [INFO] PluginManager:220 - loadIPPluginJar : add fatfs
2025-08-19 10:39:13,126 [INFO] IPUIPlugin:80 - create IPUIPlugin
2025-08-19 10:39:13,126 [INFO] PluginManager:220 - loadIPPluginJar : add fmc
2025-08-19 10:39:13,136 [INFO] IPUIPlugin:80 - create IPUIPlugin
2025-08-19 10:39:13,136 [INFO] PluginManager:220 - loadIPPluginJar : add freertos
2025-08-19 10:39:13,139 [INFO] IPUIPlugin:80 - create IPUIPlugin
2025-08-19 10:39:13,140 [INFO] PluginManager:220 - loadIPPluginJar : add genericplugin
2025-08-19 10:39:13,142 [INFO] IPUIPlugin:80 - create IPUIPlugin
2025-08-19 10:39:13,143 [INFO] PluginManager:220 - loadIPPluginJar : add gfxmmu
2025-08-19 10:39:13,153 [INFO] IPUIPlugin:80 - create IPUIPlugin
2025-08-19 10:39:13,153 [INFO] PluginManager:220 - loadIPPluginJar : add gic
2025-08-19 10:39:13,167 [INFO] IPUIPlugin:80 - create IPUIPlugin
2025-08-19 10:39:13,168 [INFO] PluginManager:220 - loadIPPluginJar : add gpio
2025-08-19 10:39:13,172 [INFO] IPUIPlugin:80 - create IPUIPlugin
2025-08-19 10:39:13,172 [INFO] PluginManager:220 - loadIPPluginJar : add gtzc
2025-08-19 10:39:13,177 [INFO] IPUIPlugin:80 - create IPUIPlugin
2025-08-19 10:39:13,177 [INFO] PluginManager:220 - loadIPPluginJar : add hash
2025-08-19 10:39:13,184 [INFO] IPUIPlugin:80 - create IPUIPlugin
2025-08-19 10:39:13,184 [INFO] PluginManager:220 - loadIPPluginJar : add i2c
2025-08-19 10:39:13,188 [INFO] IPUIPlugin:80 - create IPUIPlugin
2025-08-19 10:39:13,188 [INFO] PluginManager:220 - loadIPPluginJar : add i2s
2025-08-19 10:39:13,192 [INFO] IPUIPlugin:80 - create IPUIPlugin
2025-08-19 10:39:13,192 [INFO] PluginManager:220 - loadIPPluginJar : add i3c
2025-08-19 10:39:13,198 [INFO] IPUIPlugin:80 - create IPUIPlugin
2025-08-19 10:39:13,198 [INFO] PluginManager:220 - loadIPPluginJar : add ipddr
2025-08-19 10:39:13,211 [INFO] IPUIPlugin:80 - create IPUIPlugin
2025-08-19 10:39:13,213 [INFO] PluginManager:220 - loadIPPluginJar : add linkedlist
2025-08-19 10:39:13,220 [INFO] IPUIPlugin:80 - create IPUIPlugin
2025-08-19 10:39:13,220 [INFO] PluginManager:220 - loadIPPluginJar : add lorawan
2025-08-19 10:39:13,223 [INFO] IPUIPlugin:80 - create IPUIPlugin
2025-08-19 10:39:13,223 [INFO] PluginManager:220 - loadIPPluginJar : add ltdc
2025-08-19 10:39:13,233 [INFO] IPUIPlugin:80 - create IPUIPlugin
2025-08-19 10:39:13,233 [INFO] PluginManager:220 - loadIPPluginJar : add mdma
2025-08-19 10:39:13,239 [INFO] IPUIPlugin:80 - create IPUIPlugin
2025-08-19 10:39:13,239 [INFO] PluginManager:220 - loadIPPluginJar : add nvic
2025-08-19 10:39:13,243 [INFO] IPUIPlugin:80 - create IPUIPlugin
2025-08-19 10:39:13,243 [INFO] PluginManager:220 - loadIPPluginJar : add opamp
2025-08-19 10:39:13,243 [INFO] IPUIPlugin:80 - create IPUIPlugin
2025-08-19 10:39:13,249 [INFO] PluginManager:220 - loadIPPluginJar : add openamp
2025-08-19 10:39:13,253 [INFO] IPUIPlugin:80 - create IPUIPlugin
2025-08-19 10:39:13,253 [INFO] PluginManager:220 - loadIPPluginJar : add pdm2pcm
2025-08-19 10:39:13,263 [INFO] IPUIPlugin:80 - create IPUIPlugin
2025-08-19 10:39:13,267 [INFO] PluginManager:220 - loadIPPluginJar : add plateformsettings
2025-08-19 10:39:13,269 [INFO] IPUIPlugin:80 - create IPUIPlugin
2025-08-19 10:39:13,269 [INFO] PluginManager:220 - loadIPPluginJar : add quadspi
2025-08-19 10:39:13,273 [INFO] IPUIPlugin:80 - create IPUIPlugin
2025-08-19 10:39:13,273 [INFO] PluginManager:220 - loadIPPluginJar : add radio
2025-08-19 10:39:13,278 [INFO] IPUIPlugin:80 - create IPUIPlugin
2025-08-19 10:39:13,278 [INFO] PluginManager:220 - loadIPPluginJar : add resmgrutility
2025-08-19 10:39:13,284 [INFO] IPUIPlugin:80 - create IPUIPlugin
2025-08-19 10:39:13,284 [INFO] PluginManager:220 - loadIPPluginJar : add sai
2025-08-19 10:39:13,289 [INFO] IPUIPlugin:80 - create IPUIPlugin
2025-08-19 10:39:13,289 [INFO] PluginManager:220 - loadIPPluginJar : add spi
2025-08-19 10:39:13,300 [INFO] IPUIPlugin:80 - create IPUIPlugin
2025-08-19 10:39:13,300 [INFO] PluginManager:220 - loadIPPluginJar : add stm32_wpan
2025-08-19 10:39:13,300 [INFO] IPUIPlugin:80 - create IPUIPlugin
2025-08-19 10:39:13,300 [INFO] PluginManager:220 - loadIPPluginJar : add tim
2025-08-19 10:39:13,300 [INFO] IPUIPlugin:80 - create IPUIPlugin
2025-08-19 10:39:13,300 [INFO] PluginManager:220 - loadIPPluginJar : add touchsensing
2025-08-19 10:39:13,309 [INFO] IPUIPlugin:80 - create IPUIPlugin
2025-08-19 10:39:13,309 [INFO] PluginManager:220 - loadIPPluginJar : add tracer_emb
2025-08-19 10:39:13,311 [INFO] IPUIPlugin:80 - create IPUIPlugin
2025-08-19 10:39:13,311 [INFO] PluginManager:220 - loadIPPluginJar : add ts
2025-08-19 10:39:13,313 [INFO] IPUIPlugin:80 - create IPUIPlugin
2025-08-19 10:39:13,313 [INFO] PluginManager:220 - loadIPPluginJar : add tsc
2025-08-19 10:39:13,317 [INFO] IPUIPlugin:80 - create IPUIPlugin
2025-08-19 10:39:13,317 [INFO] PluginManager:220 - loadIPPluginJar : add ucpd
2025-08-19 10:39:13,322 [INFO] IPUIPlugin:80 - create IPUIPlugin
2025-08-19 10:39:13,322 [INFO] PluginManager:220 - loadIPPluginJar : add usart
2025-08-19 10:39:13,326 [INFO] IPUIPlugin:80 - create IPUIPlugin
2025-08-19 10:39:13,326 [INFO] PluginManager:220 - loadIPPluginJar : add usbx
2025-08-19 10:39:13,488 [FATAL] Updater:351 - Updater called before beeing initialized
2025-08-19 10:39:13,563 [INFO] RulesReader:64 - Compatibility file has been processed (317 Rules)
2025-08-19 10:39:13,620 [INFO] RulesReader:64 - Compatibility file has been processed (317 Rules)
2025-08-19 10:39:13,725 [INFO] CADModel:165 - CPN selected for project level
2025-08-19 10:39:13,725 [INFO] CADModel:114 - Register for checkConnection events
2025-08-19 10:39:13,725 [FATAL] Updater:351 - Updater called before beeing initialized
2025-08-19 10:39:13,725 [ERROR] CADModel:125 - Updater not yet initialized, retry later 
2025-08-19 10:39:14,233 [FATAL] Updater:351 - Updater called before beeing initialized
2025-08-19 10:39:14,236 [INFO] CADModel:165 - CPN selected for project level
2025-08-19 10:39:14,236 [INFO] CADModel:114 - Register for checkConnection events
2025-08-19 10:39:14,236 [FATAL] Updater:351 - Updater called before beeing initialized
2025-08-19 10:39:14,237 [ERROR] CADModel:125 - Updater not yet initialized, retry later 
2025-08-19 10:39:14,242 [FATAL] Updater:351 - Updater called before beeing initialized
2025-08-19 10:39:14,603 [FATAL] Updater:351 - Updater called before beeing initialized
2025-08-19 10:39:14,610 [INFO] DbMcusAds:53 - JSON generation date=Tue Jul 08 11:14:23 TRT 2025 (1751962463582)
2025-08-19 10:39:14,610 [FATAL] Updater:351 - Updater called before beeing initialized
2025-08-19 10:39:14,648 [INFO] ThirdPartyUpdaterWithRetryManager:70 - Updater plugin not ready yet. [2/15]
2025-08-19 10:39:14,674 [WARN] DetailPanel:346 - Failed to get advertising image, set to default
2025-08-19 10:39:14,857 [FATAL] Updater:351 - Updater called before beeing initialized
2025-08-19 10:39:14,861 [FATAL] Updater:351 - Updater called before beeing initialized
2025-08-19 10:39:14,861 [FATAL] Updater:351 - Updater called before beeing initialized
2025-08-19 10:39:14,861 [WARN] DetailPanel:346 - Failed to get advertising image, set to default
2025-08-19 10:39:14,864 [FATAL] Updater:351 - Updater called before beeing initialized
2025-08-19 10:39:15,000 [ERROR] Updater:1198 - MainUpdater not yet initialized. External WinMGr cannot be set.
2025-08-19 10:39:15,000 [INFO] Updater:1134 - Updater Version found : 6.15.0
2025-08-19 10:39:15,050 [INFO] ApplicationProperties:184 - Using Application install path: C:\ST\STM32CubeIDE_1.19.0\STM32CubeIDE\plugins\com.st.stm32cube.common.mx_6.15.0.202507011659
2025-08-19 10:39:16,676 [ERROR] LogOutputStream:75 - [STDERR_REDIRECT] Aug 19, 2025 10:39:16 AM java.util.prefs.WindowsPreferences <init>
2025-08-19 10:39:16,676 [ERROR] LogOutputStream:75 - [STDERR_REDIRECT] WARNING: Could not open/create prefs root node Software\JavaSoft\Prefs at root 0xffffffff80000002. Windows RegCreateKeyEx(...) returned error code 5.
2025-08-19 10:39:16,676 [ERROR] LogOutputStream:75 - [STDERR_REDIRECT] 
2025-08-19 10:39:17,650 [FATAL] Updater:351 - Updater called before beeing initialized
2025-08-19 10:39:17,650 [ERROR] IntegrityCheckThread:130 - Cannot retrieve database content from updater: error 21
2025-08-19 10:39:17,650 [INFO] ThirdParty:978 - Integrity check success = false
2025-08-19 10:39:17,650 [INFO] IntegrityCheckThread:100 - exiting critical section [integrity check]
2025-08-19 10:39:17,650 [INFO] IntegrityCheckThread:103 - End integrity checks thread
2025-08-19 10:39:17,758 [INFO] MainUpdater:2872 - connection check result : 10
2025-08-19 10:39:17,758 [INFO] MainUpdater:289 - Updater Check For Update Now.
2025-08-19 10:39:17,758 [INFO] MicroXplorer:498 - Change Database Version : DB.6.0.150
2025-08-19 10:39:17,774 [INFO] McuFinderGlobals:63 - Set McuFinder mode to 2 (CubeIDE integrated)
2025-08-19 10:39:17,774 [INFO] UserAuth:171 - activating auth plugin
2025-08-19 10:39:17,859 [INFO] UserAuth:487 - Internet connection configuration mode: 1
2025-08-19 10:39:17,964 [INFO] JxBrowserEngine:152 - Initiate JxBrowser Engine with user profile folder
2025-08-19 10:39:18,049 [INFO] CheckServerUpdateThread:120 - End of CheckServer Thread
2025-08-19 10:39:19,119 [INFO] WebApp:169 - Instantiating new browser for Auth
2025-08-19 10:39:20,185 [INFO] WebApp:463 - Apply proxy settings
2025-08-19 10:39:20,189 [INFO] WebApp:548 - Chromium requires no authentication
2025-08-19 10:39:20,203 [INFO] WebApp:491 - Direct internet connection detected
2025-08-19 10:39:20,251 [INFO] WebApp:900 - Register for checkConnection events
2025-08-19 10:39:20,251 [INFO] WebApp:463 - Apply proxy settings
2025-08-19 10:39:20,251 [INFO] WebApp:548 - Chromium requires no authentication
2025-08-19 10:39:20,251 [INFO] WebApp:491 - Direct internet connection detected
2025-08-19 10:39:20,646 [INFO] WebApp:225 - Starting web application
2025-08-19 10:39:20,650 [INFO] WebApp:593 - Web application path used C:\ST\STM32CubeIDE_1.19.0\STM32CubeIDE\plugins\com.st.stm32cube.common.mx_6.15.0.202507011659\db\plugins\mcufinder\reactClient1\index.html
2025-08-19 10:39:20,836 [INFO] WebApp:191 - Connection restablished
2025-08-19 11:23:37,369 [INFO] WebApp:194 - Connection lost
2025-08-19 11:23:37,586 [INFO] WebApp:191 - Connection restablished
2025-08-19 11:23:40,285 [INFO] WebApp:194 - Connection lost
2025-08-19 11:23:40,454 [INFO] WebApp:191 - Connection restablished
2025-08-19 16:51:47,155 [INFO] WebApp:194 - Connection lost
2025-08-19 16:53:03,021 [INFO] WebApp:191 - Connection restablished
2025-08-19 16:53:04,854 [INFO] WebApp:194 - Connection lost
2025-08-19 16:53:05,031 [INFO] WebApp:191 - Connection restablished
2025-08-19 16:53:42,791 [INFO] WebApp:194 - Connection lost
2025-08-19 16:53:43,058 [INFO] WebApp:191 - Connection restablished
2025-08-19 17:02:34,383 [INFO] WebApp:194 - Connection lost
2025-08-19 17:03:43,621 [INFO] WebApp:191 - Connection restablished
2025-08-19 17:03:52,391 [INFO] WebApp:403 - JxBrowser engine has been closed 
2025-08-19 17:59:59,126 [ERROR] LogOutputStream:75 - [STDERR_REDIRECT] 
