2025-08-21 15:01:07,016 [INFO] Activator:176 - 


2025-08-21 15:01:07,020 [INFO] Activator:177 - !SESSION log4j initialized
2025-08-21 15:01:12,720 [INFO] LogOutputStream:77 - [STDOUT_REDIRECT] 
2025-08-21 15:01:13,625 [INFO] ApplicationProperties:184 - Using Application install path: C:\ST\STM32CubeIDE_1.19.0\STM32CubeIDE\plugins\com.st.stm32cube.common.mx_6.15.0.202507011659
2025-08-21 15:01:13,641 [INFO] DbMcusXml:78 - Set database path to: C:\ST\STM32CubeIDE_1.19.0\STM32CubeIDE\plugins\com.st.stm32cube.common.mx_6.15.0.202507011659\\db\/mcu/
2025-08-21 15:01:13,641 [INFO] ApiDb:274 - Set plugin database path to: C:\ST\STM32CubeIDE_1.19.0\STM32CubeIDE\plugins\com.st.stm32cube.common.mx_6.15.0.202507011659\\db\/plugins/boardmanager/
2025-08-21 15:01:13,641 [WARN] ApiDb:259 - Overriding images path with different value:  => C:\ST\STM32CubeIDE_1.19.0\STM32CubeIDE\plugins\com.st.stm32cube.common.mx_6.15.0.202507011659\\db\/plugins/mcufinder/images/
2025-08-21 15:01:13,650 [INFO] ApiDb:250 - Set database path to: C:\Users\kadir\.stmcufinder\plugins\mcufinder//mcu/
2025-08-21 15:01:13,651 [INFO] DbMcusAds:125 - Set database path to: C:\Users\kadir\.stmcufinder\plugins\mcufinder//mcu/
2025-08-21 15:01:13,652 [INFO] CrossReferenceDbSqlite:203 - Set database path to: C:\Users\kadir\.stmcufinder\plugins\mcufinder//mcu/cs/
2025-08-21 15:01:13,757 [INFO] RulesReader:64 - Compatibility file has been processed (317 Rules)
2025-08-21 15:01:13,844 [INFO] DbMcusXml:78 - Set database path to: C:\ST\STM32CubeIDE_1.19.0\STM32CubeIDE\plugins\com.st.stm32cube.common.mx_6.15.0.202507011659\\db\/mcu/
2025-08-21 15:01:13,844 [INFO] ApiDb:274 - Set plugin database path to: C:\ST\STM32CubeIDE_1.19.0\STM32CubeIDE\plugins\com.st.stm32cube.common.mx_6.15.0.202507011659\\db\/plugins/boardmanager/
2025-08-21 15:01:13,844 [INFO] ApiDb:261 - Set plugin images path to: C:\ST\STM32CubeIDE_1.19.0\STM32CubeIDE\plugins\com.st.stm32cube.common.mx_6.15.0.202507011659\\db\/plugins/mcufinder/images/
2025-08-21 15:01:13,844 [WARN] DbFile:41 - Overriding database path with different value: C:\Users\kadir\.stmcufinder\plugins\mcufinder/ => C:\Users\kadir\.stmcufinder\plugins\mcufinder
2025-08-21 15:01:13,844 [INFO] ApiDb:250 - Set database path to: C:\Users\kadir\.stmcufinder\plugins\mcufinder//mcu/
2025-08-21 15:01:13,844 [WARN] DbFile:41 - Overriding database path with different value: C:\Users\kadir\.stmcufinder\plugins\mcufinder/ => C:\Users\kadir\.stmcufinder\plugins\mcufinder
2025-08-21 15:01:13,844 [INFO] DbMcusAds:125 - Set database path to: C:\Users\kadir\.stmcufinder\plugins\mcufinder//mcu/
2025-08-21 15:01:13,844 [WARN] DbFile:41 - Overriding database path with different value: C:\Users\kadir\.stmcufinder\plugins\mcufinder/ => C:\Users\kadir\.stmcufinder\plugins\mcufinder
2025-08-21 15:01:13,844 [WARN] DbFile:41 - Overriding database path with different value: C:\Users\kadir\.stmcufinder\plugins\mcufinder/ => C:\Users\kadir\.stmcufinder\plugins\mcufinder
2025-08-21 15:01:13,845 [INFO] CrossReferenceDbSqlite:203 - Set database path to: C:\Users\kadir\.stmcufinder\plugins\mcufinder//mcu/cs/
2025-08-21 15:01:13,915 [INFO] MainPanel:274 - HeapMemory: 268435456
2025-08-21 15:01:14,016 [INFO] DbMcusXml:78 - Set database path to: C:\ST\STM32CubeIDE_1.19.0\STM32CubeIDE\plugins\com.st.stm32cube.common.mx_6.15.0.202507011659\\db\/mcu/
2025-08-21 15:01:14,016 [INFO] ApiDb:274 - Set plugin database path to: C:\ST\STM32CubeIDE_1.19.0\STM32CubeIDE\plugins\com.st.stm32cube.common.mx_6.15.0.202507011659\\db\/plugins/boardmanager/
2025-08-21 15:01:14,017 [INFO] ApiDb:261 - Set plugin images path to: C:\ST\STM32CubeIDE_1.19.0\STM32CubeIDE\plugins\com.st.stm32cube.common.mx_6.15.0.202507011659\\db\/plugins/mcufinder/images/
2025-08-21 15:01:14,017 [WARN] DbFile:41 - Overriding database path with different value: C:\Users\kadir\.stmcufinder\plugins\mcufinder/ => C:\Users\kadir\.stmcufinder\plugins\mcufinder
2025-08-21 15:01:14,017 [INFO] ApiDb:250 - Set database path to: C:\Users\kadir\.stmcufinder\plugins\mcufinder//mcu/
2025-08-21 15:01:14,017 [WARN] DbFile:41 - Overriding database path with different value: C:\Users\kadir\.stmcufinder\plugins\mcufinder/ => C:\Users\kadir\.stmcufinder\plugins\mcufinder
2025-08-21 15:01:14,017 [INFO] DbMcusAds:125 - Set database path to: C:\Users\kadir\.stmcufinder\plugins\mcufinder//mcu/
2025-08-21 15:01:14,017 [WARN] DbFile:41 - Overriding database path with different value: C:\Users\kadir\.stmcufinder\plugins\mcufinder/ => C:\Users\kadir\.stmcufinder\plugins\mcufinder
2025-08-21 15:01:14,017 [WARN] DbFile:41 - Overriding database path with different value: C:\Users\kadir\.stmcufinder\plugins\mcufinder/ => C:\Users\kadir\.stmcufinder\plugins\mcufinder
2025-08-21 15:01:14,017 [INFO] CrossReferenceDbSqlite:203 - Set database path to: C:\Users\kadir\.stmcufinder\plugins\mcufinder//mcu/cs/
2025-08-21 15:01:14,032 [INFO] ApplicationProperties:184 - Using Application install path: C:\ST\STM32CubeIDE_1.19.0\STM32CubeIDE\plugins\com.st.stm32cube.common.mx_6.15.0.202507011659
2025-08-21 15:01:14,034 [INFO] PluginManage:196 - Search for loadable plugins [exclusion list=, ]
2025-08-21 15:01:14,035 [INFO] PluginManage:310 - Check plugin analytics
2025-08-21 15:01:14,182 [INFO] AnalyticsPlugin:253 - Accepted Software Licenses: STM32CubeMX.6.15.0
2025-08-21 15:01:14,182 [INFO] AnalyticsPlugin:255 - Accepted CMSIS Pack Licenses: 
2025-08-21 15:01:14,182 [INFO] AnalyticsPlugin:257 - Accepted Firmware Licenses: 
2025-08-21 15:01:14,184 [INFO] PluginManage:359 - Loaded plugin analytics (category:tool,tabindex:-1)
2025-08-21 15:01:14,184 [INFO] PluginManage:310 - Check plugin cadmodel
2025-08-21 15:01:14,189 [INFO] CADModel:105 - Init CAD model plugin
2025-08-21 15:01:14,189 [INFO] PluginManage:359 - Loaded plugin cadmodel (category:power,tabindex:5)
2025-08-21 15:01:14,189 [INFO] PluginManage:310 - Check plugin clock
2025-08-21 15:01:14,198 [INFO] PluginManage:359 - Loaded plugin clock (category:base,tabindex:2)
2025-08-21 15:01:14,198 [INFO] PluginManage:310 - Check plugin ddr
2025-08-21 15:01:14,200 [INFO] PluginManage:359 - Loaded plugin ddr (category:tool,tabindex:6)
2025-08-21 15:01:14,201 [INFO] PluginManage:310 - Check plugin filemanager
2025-08-21 15:01:14,343 [INFO] PluginManage:359 - Loaded plugin filemanager (category:base,tabindex:10)
2025-08-21 15:01:14,343 [INFO] PluginManage:310 - Check plugin ipmanager
2025-08-21 15:01:14,350 [INFO] PluginManage:359 - Loaded plugin ipmanager (category:base,tabindex:5)
2025-08-21 15:01:14,350 [INFO] PluginManage:310 - Check plugin lpbam
2025-08-21 15:01:14,359 [INFO] PluginManage:359 - Loaded plugin lpbam (category:base,tabindex:0)
2025-08-21 15:01:14,359 [INFO] PluginManage:310 - Check plugin memorymap
2025-08-21 15:01:14,375 [INFO] PluginManage:359 - Loaded plugin memorymap (category:base,tabindex:4)
2025-08-21 15:01:14,375 [INFO] PluginManage:310 - Check plugin pinoutandconfiguration
2025-08-21 15:01:14,384 [INFO] PluginManage:359 - Loaded plugin pinoutandconfiguration (category:base,tabindex:1)
2025-08-21 15:01:14,384 [INFO] PluginManage:310 - Check plugin pinoutconfig
2025-08-21 15:01:14,468 [WARN] SupportedApi:132 - Cannot load RTOS API schema: s4s-elt-must-match.1: The content of 'definitions' must match (annotation?, (simpleType | complexType)?, (unique | key | keyref)*)). A problem was found starting at: attribute.
2025-08-21 15:01:14,599 [INFO] PluginManage:359 - Loaded plugin pinoutconfig (category:base,tabindex:0)
2025-08-21 15:01:14,599 [INFO] PluginManage:310 - Check plugin power
2025-08-21 15:01:14,608 [INFO] PluginManage:359 - Loaded plugin power (category:power,tabindex:4)
2025-08-21 15:01:14,608 [INFO] PluginManage:310 - Check plugin projectmanager
2025-08-21 15:01:14,621 [INFO] PluginManage:359 - Loaded plugin projectmanager (category:projectmanager,tabindex:4)
2025-08-21 15:01:14,621 [INFO] PluginManage:310 - Check plugin rif
2025-08-21 15:01:14,632 [INFO] PluginManage:359 - Loaded plugin rif (category:base,tabindex:3)
2025-08-21 15:01:14,632 [INFO] PluginManage:310 - Check plugin thirdparty
2025-08-21 15:01:14,791 [INFO] PluginManage:359 - Loaded plugin thirdparty (category:base,tabindex:-1)
2025-08-21 15:01:14,791 [WARN] IntegrityCheckThread:84 - waiting for thirdparty lock release [integrity check]
2025-08-21 15:01:14,791 [INFO] PluginManage:310 - Check plugin tools
2025-08-21 15:01:14,791 [INFO] IntegrityCheckThread:86 - entering critical section [integrity check]
2025-08-21 15:01:14,792 [INFO] ThirdPartyUpdaterWithRetryManager:70 - Updater plugin not ready yet. [1/15]
2025-08-21 15:01:14,794 [INFO] PluginManage:359 - Loaded plugin tools (category:base,tabindex:7)
2025-08-21 15:01:14,794 [INFO] PluginManage:310 - Check plugin tutovideos
2025-08-21 15:01:15,006 [INFO] PluginManage:359 - Loaded plugin tutovideos (category:base,tabindex:-1)
2025-08-21 15:01:15,007 [INFO] PluginManage:310 - Check plugin updater
2025-08-21 15:01:15,026 [INFO] PluginManage:359 - Loaded plugin updater (category:base,tabindex:12)
2025-08-21 15:01:15,026 [INFO] PluginManage:310 - Check plugin userauth
2025-08-21 15:01:15,030 [INFO] UserAuth:118 - Init User Auth plugin
2025-08-21 15:01:15,031 [INFO] PluginManage:359 - Loaded plugin userauth (category:base,tabindex:14)
2025-08-21 15:01:15,031 [INFO] PluginManage:283 - PluginManage : Loaded plugins [18]
2025-08-21 15:01:15,219 [INFO] PinOutPanel:1589 - setPackage(No Configuration,No Configuration)
2025-08-21 15:01:15,300 [INFO] CADModel:165 - CPN selected for project level
2025-08-21 15:01:15,300 [INFO] CADModel:114 - Register for checkConnection events
2025-08-21 15:01:15,320 [INFO] IPUIPlugin:80 - create IPUIPlugin
2025-08-21 15:01:15,321 [INFO] PluginManager:220 - loadIPPluginJar : add adc
2025-08-21 15:01:15,324 [INFO] IPUIPlugin:80 - create IPUIPlugin
2025-08-21 15:01:15,324 [INFO] PluginManager:220 - loadIPPluginJar : add aes
2025-08-21 15:01:15,326 [INFO] IPUIPlugin:80 - create IPUIPlugin
2025-08-21 15:01:15,326 [INFO] PluginManager:220 - loadIPPluginJar : add can
2025-08-21 15:01:15,328 [INFO] IPUIPlugin:80 - create IPUIPlugin
2025-08-21 15:01:15,328 [INFO] PluginManager:220 - loadIPPluginJar : add comp
2025-08-21 15:01:15,330 [INFO] IPUIPlugin:80 - create IPUIPlugin
2025-08-21 15:01:15,330 [INFO] PluginManager:220 - loadIPPluginJar : add cryp
2025-08-21 15:01:15,333 [INFO] IPUIPlugin:80 - create IPUIPlugin
2025-08-21 15:01:15,333 [INFO] PluginManager:220 - loadIPPluginJar : add ddr_ctrl_phy
2025-08-21 15:01:15,335 [INFO] IPUIPlugin:80 - create IPUIPlugin
2025-08-21 15:01:15,335 [INFO] PluginManager:220 - loadIPPluginJar : add dfsdm
2025-08-21 15:01:15,340 [INFO] IPUIPlugin:80 - create IPUIPlugin
2025-08-21 15:01:15,341 [INFO] PluginManager:220 - loadIPPluginJar : add dma
2025-08-21 15:01:15,343 [INFO] IPUIPlugin:80 - create IPUIPlugin
2025-08-21 15:01:15,343 [INFO] PluginManager:220 - loadIPPluginJar : add dma3
2025-08-21 15:01:15,346 [INFO] IPUIPlugin:80 - create IPUIPlugin
2025-08-21 15:01:15,346 [INFO] PluginManager:220 - loadIPPluginJar : add extmemmanager
2025-08-21 15:01:15,347 [INFO] IPUIPlugin:80 - create IPUIPlugin
2025-08-21 15:01:15,347 [INFO] PluginManager:220 - loadIPPluginJar : add fatfs
2025-08-21 15:01:15,351 [INFO] IPUIPlugin:80 - create IPUIPlugin
2025-08-21 15:01:15,352 [INFO] PluginManager:220 - loadIPPluginJar : add fmc
2025-08-21 15:01:15,358 [INFO] IPUIPlugin:80 - create IPUIPlugin
2025-08-21 15:01:15,359 [INFO] PluginManager:220 - loadIPPluginJar : add freertos
2025-08-21 15:01:15,361 [INFO] IPUIPlugin:80 - create IPUIPlugin
2025-08-21 15:01:15,361 [INFO] PluginManager:220 - loadIPPluginJar : add genericplugin
2025-08-21 15:01:15,363 [INFO] IPUIPlugin:80 - create IPUIPlugin
2025-08-21 15:01:15,363 [INFO] PluginManager:220 - loadIPPluginJar : add gfxmmu
2025-08-21 15:01:15,368 [INFO] IPUIPlugin:80 - create IPUIPlugin
2025-08-21 15:01:15,368 [INFO] PluginManager:220 - loadIPPluginJar : add gic
2025-08-21 15:01:15,372 [INFO] IPUIPlugin:80 - create IPUIPlugin
2025-08-21 15:01:15,372 [INFO] PluginManager:220 - loadIPPluginJar : add gpio
2025-08-21 15:01:15,374 [INFO] IPUIPlugin:80 - create IPUIPlugin
2025-08-21 15:01:15,374 [INFO] PluginManager:220 - loadIPPluginJar : add gtzc
2025-08-21 15:01:15,376 [INFO] IPUIPlugin:80 - create IPUIPlugin
2025-08-21 15:01:15,376 [INFO] PluginManager:220 - loadIPPluginJar : add hash
2025-08-21 15:01:15,378 [INFO] IPUIPlugin:80 - create IPUIPlugin
2025-08-21 15:01:15,378 [INFO] PluginManager:220 - loadIPPluginJar : add i2c
2025-08-21 15:01:15,380 [INFO] IPUIPlugin:80 - create IPUIPlugin
2025-08-21 15:01:15,380 [INFO] PluginManager:220 - loadIPPluginJar : add i2s
2025-08-21 15:01:15,382 [INFO] IPUIPlugin:80 - create IPUIPlugin
2025-08-21 15:01:15,382 [INFO] PluginManager:220 - loadIPPluginJar : add i3c
2025-08-21 15:01:15,385 [INFO] IPUIPlugin:80 - create IPUIPlugin
2025-08-21 15:01:15,385 [INFO] PluginManager:220 - loadIPPluginJar : add ipddr
2025-08-21 15:01:15,391 [INFO] IPUIPlugin:80 - create IPUIPlugin
2025-08-21 15:01:15,393 [INFO] PluginManager:220 - loadIPPluginJar : add linkedlist
2025-08-21 15:01:15,395 [INFO] IPUIPlugin:80 - create IPUIPlugin
2025-08-21 15:01:15,395 [INFO] PluginManager:220 - loadIPPluginJar : add lorawan
2025-08-21 15:01:15,396 [INFO] IPUIPlugin:80 - create IPUIPlugin
2025-08-21 15:01:15,396 [INFO] PluginManager:220 - loadIPPluginJar : add ltdc
2025-08-21 15:01:15,401 [INFO] IPUIPlugin:80 - create IPUIPlugin
2025-08-21 15:01:15,401 [INFO] PluginManager:220 - loadIPPluginJar : add mdma
2025-08-21 15:01:15,404 [INFO] IPUIPlugin:80 - create IPUIPlugin
2025-08-21 15:01:15,404 [INFO] PluginManager:220 - loadIPPluginJar : add nvic
2025-08-21 15:01:15,406 [INFO] IPUIPlugin:80 - create IPUIPlugin
2025-08-21 15:01:15,406 [INFO] PluginManager:220 - loadIPPluginJar : add opamp
2025-08-21 15:01:15,408 [INFO] IPUIPlugin:80 - create IPUIPlugin
2025-08-21 15:01:15,408 [INFO] PluginManager:220 - loadIPPluginJar : add openamp
2025-08-21 15:01:15,411 [INFO] IPUIPlugin:80 - create IPUIPlugin
2025-08-21 15:01:15,411 [INFO] PluginManager:220 - loadIPPluginJar : add pdm2pcm
2025-08-21 15:01:15,417 [INFO] IPUIPlugin:80 - create IPUIPlugin
2025-08-21 15:01:15,419 [INFO] PluginManager:220 - loadIPPluginJar : add plateformsettings
2025-08-21 15:01:15,420 [INFO] IPUIPlugin:80 - create IPUIPlugin
2025-08-21 15:01:15,421 [INFO] PluginManager:220 - loadIPPluginJar : add quadspi
2025-08-21 15:01:15,422 [INFO] IPUIPlugin:80 - create IPUIPlugin
2025-08-21 15:01:15,423 [INFO] PluginManager:220 - loadIPPluginJar : add radio
2025-08-21 15:01:15,426 [INFO] IPUIPlugin:80 - create IPUIPlugin
2025-08-21 15:01:15,426 [INFO] PluginManager:220 - loadIPPluginJar : add resmgrutility
2025-08-21 15:01:15,428 [INFO] IPUIPlugin:80 - create IPUIPlugin
2025-08-21 15:01:15,429 [INFO] PluginManager:220 - loadIPPluginJar : add sai
2025-08-21 15:01:15,432 [INFO] IPUIPlugin:80 - create IPUIPlugin
2025-08-21 15:01:15,432 [INFO] PluginManager:220 - loadIPPluginJar : add spi
2025-08-21 15:01:15,438 [INFO] IPUIPlugin:80 - create IPUIPlugin
2025-08-21 15:01:15,438 [INFO] PluginManager:220 - loadIPPluginJar : add stm32_wpan
2025-08-21 15:01:15,439 [INFO] IPUIPlugin:80 - create IPUIPlugin
2025-08-21 15:01:15,440 [INFO] PluginManager:220 - loadIPPluginJar : add tim
2025-08-21 15:01:15,442 [INFO] IPUIPlugin:80 - create IPUIPlugin
2025-08-21 15:01:15,442 [INFO] PluginManager:220 - loadIPPluginJar : add touchsensing
2025-08-21 15:01:15,445 [INFO] IPUIPlugin:80 - create IPUIPlugin
2025-08-21 15:01:15,445 [INFO] PluginManager:220 - loadIPPluginJar : add tracer_emb
2025-08-21 15:01:15,445 [INFO] IPUIPlugin:80 - create IPUIPlugin
2025-08-21 15:01:15,447 [INFO] PluginManager:220 - loadIPPluginJar : add ts
2025-08-21 15:01:15,447 [INFO] IPUIPlugin:80 - create IPUIPlugin
2025-08-21 15:01:15,447 [INFO] PluginManager:220 - loadIPPluginJar : add tsc
2025-08-21 15:01:15,448 [INFO] IPUIPlugin:80 - create IPUIPlugin
2025-08-21 15:01:15,448 [INFO] PluginManager:220 - loadIPPluginJar : add ucpd
2025-08-21 15:01:15,450 [INFO] IPUIPlugin:80 - create IPUIPlugin
2025-08-21 15:01:15,450 [INFO] PluginManager:220 - loadIPPluginJar : add usart
2025-08-21 15:01:15,453 [INFO] IPUIPlugin:80 - create IPUIPlugin
2025-08-21 15:01:15,453 [INFO] PluginManager:220 - loadIPPluginJar : add usbx
2025-08-21 15:01:15,579 [FATAL] Updater:351 - Updater called before beeing initialized
2025-08-21 15:01:15,611 [INFO] RulesReader:64 - Compatibility file has been processed (317 Rules)
2025-08-21 15:01:15,618 [INFO] RulesReader:64 - Compatibility file has been processed (317 Rules)
2025-08-21 15:01:15,631 [INFO] CADModel:165 - CPN selected for project level
2025-08-21 15:01:15,632 [INFO] CADModel:114 - Register for checkConnection events
2025-08-21 15:01:15,632 [FATAL] Updater:351 - Updater called before beeing initialized
2025-08-21 15:01:15,632 [ERROR] CADModel:125 - Updater not yet initialized, retry later 
2025-08-21 15:01:15,755 [FATAL] Updater:351 - Updater called before beeing initialized
2025-08-21 15:01:15,757 [INFO] CADModel:165 - CPN selected for project level
2025-08-21 15:01:15,757 [INFO] CADModel:114 - Register for checkConnection events
2025-08-21 15:01:15,757 [FATAL] Updater:351 - Updater called before beeing initialized
2025-08-21 15:01:15,757 [ERROR] CADModel:125 - Updater not yet initialized, retry later 
2025-08-21 15:01:15,760 [FATAL] Updater:351 - Updater called before beeing initialized
2025-08-21 15:01:15,859 [FATAL] Updater:351 - Updater called before beeing initialized
2025-08-21 15:01:15,862 [INFO] DbMcusAds:53 - JSON generation date=Tue Jul 08 11:14:23 TRT 2025 (1751962463582)
2025-08-21 15:01:15,862 [FATAL] Updater:351 - Updater called before beeing initialized
2025-08-21 15:01:15,892 [WARN] DetailPanel:346 - Failed to get advertising image, set to default
2025-08-21 15:01:15,953 [FATAL] Updater:351 - Updater called before beeing initialized
2025-08-21 15:01:15,955 [FATAL] Updater:351 - Updater called before beeing initialized
2025-08-21 15:01:15,955 [FATAL] Updater:351 - Updater called before beeing initialized
2025-08-21 15:01:15,955 [WARN] DetailPanel:346 - Failed to get advertising image, set to default
2025-08-21 15:01:15,956 [FATAL] Updater:351 - Updater called before beeing initialized
2025-08-21 15:01:15,996 [ERROR] Updater:1198 - MainUpdater not yet initialized. External WinMGr cannot be set.
2025-08-21 15:01:15,998 [INFO] Updater:1134 - Updater Version found : 6.15.0
2025-08-21 15:01:16,018 [INFO] ApplicationProperties:184 - Using Application install path: C:\ST\STM32CubeIDE_1.19.0\STM32CubeIDE\plugins\com.st.stm32cube.common.mx_6.15.0.202507011659
2025-08-21 15:01:17,625 [ERROR] LogOutputStream:75 - [STDERR_REDIRECT] Aug 21, 2025 3:01:17 PM java.util.prefs.WindowsPreferences <init>
2025-08-21 15:01:17,672 [ERROR] LogOutputStream:75 - [STDERR_REDIRECT] WARNING: Could not open/create prefs root node Software\JavaSoft\Prefs at root 0xffffffff80000002. Windows RegCreateKeyEx(...) returned error code 5.
2025-08-21 15:01:17,673 [ERROR] LogOutputStream:75 - [STDERR_REDIRECT] 
2025-08-21 15:01:17,794 [INFO] ThirdPartyUpdaterWithRetryManager:70 - Updater plugin not ready yet. [2/15]
2025-08-21 15:01:18,970 [INFO] MainUpdater:2872 - connection check result : 10
2025-08-21 15:01:18,971 [INFO] MainUpdater:289 - Updater Check For Update Now.
2025-08-21 15:01:18,971 [INFO] MicroXplorer:498 - Change Database Version : DB.6.0.150
2025-08-21 15:01:18,979 [INFO] McuFinderGlobals:63 - Set McuFinder mode to 2 (CubeIDE integrated)
2025-08-21 15:01:18,979 [INFO] UserAuth:171 - activating auth plugin
2025-08-21 15:01:18,982 [INFO] UserAuth:487 - Internet connection configuration mode: 1
2025-08-21 15:01:19,032 [INFO] JxBrowserEngine:152 - Initiate JxBrowser Engine with user profile folder
2025-08-21 15:01:19,160 [INFO] CheckServerUpdateThread:120 - End of CheckServer Thread
2025-08-21 15:01:20,389 [INFO] WebApp:169 - Instantiating new browser for Auth
2025-08-21 15:01:21,032 [INFO] WebApp:463 - Apply proxy settings
2025-08-21 15:01:21,032 [INFO] WebApp:548 - Chromium requires no authentication
2025-08-21 15:01:21,041 [INFO] WebApp:491 - Direct internet connection detected
2025-08-21 15:01:21,066 [INFO] WebApp:900 - Register for checkConnection events
2025-08-21 15:01:21,066 [INFO] WebApp:463 - Apply proxy settings
2025-08-21 15:01:21,066 [INFO] WebApp:548 - Chromium requires no authentication
2025-08-21 15:01:21,066 [INFO] WebApp:491 - Direct internet connection detected
2025-08-21 15:01:21,069 [WARN] PackLoader:240 - Cannot read IP mode file for STMicroelectronics.FP-SNS-MOTENVWB1.1.4.0
2025-08-21 15:01:21,069 [WARN] PackLoader:240 - Cannot read IP mode file for STMicroelectronics.FP-ATR-ASTRA1.2.0.2
2025-08-21 15:01:21,092 [WARN] PackLoader:240 - Cannot read IP mode file for STMicroelectronics.X-CUBE-SMBUS.2.1.0
2025-08-21 15:01:21,097 [WARN] PackLoader:240 - Cannot read IP mode file for STMicroelectronics.X-CUBE-ST60.1.0.0
2025-08-21 15:01:21,123 [WARN] PackLoader:240 - Cannot read IP mode file for STMicroelectronics.X-CUBE-AZRTOS-F7.1.1.0
2025-08-21 15:01:21,144 [WARN] PackLoader:240 - Cannot read IP mode file for Infineon.AIROC-Wi-Fi-Bluetooth-STM32.1.7.1
2025-08-21 15:01:21,167 [WARN] PackLoader:240 - Cannot read IP mode file for STMicroelectronics.X-CUBE-AZRTOS-H7.3.4.0
2025-08-21 15:01:21,175 [WARN] PackLoader:240 - Cannot read IP mode file for STMicroelectronics.X-CUBE-DISPLAY.3.0.0
2025-08-21 15:01:21,186 [WARN] PackLoader:240 - Cannot read IP mode file for STMicroelectronics.X-CUBE-NFC10.1.0.0
2025-08-21 15:01:21,194 [WARN] PackLoader:240 - Cannot read IP mode file for STMicroelectronics.X-CUBE-BLEMGR.4.0.0
2025-08-21 15:01:21,194 [WARN] PackLoader:240 - Cannot read IP mode file for emotas.I-CUBE-CANOPEN.1.3.0
2025-08-21 15:01:21,202 [WARN] ConditionMgr:438 - getConditionDescription Invalid condition id : Cortex-A Device cause : null
2025-08-21 15:01:21,215 [WARN] ConditionMgr:1044 - genDependencies : Invalid condition id : Cortex-A Device cause : null
2025-08-21 15:01:21,215 [WARN] ConditionMgr:1044 - genDependencies : Invalid condition id : Cortex-A Device cause : null
2025-08-21 15:01:21,215 [WARN] ConditionMgr:1044 - genDependencies : Invalid condition id : Cortex-A Device cause : null
2025-08-21 15:01:21,221 [WARN] PackLoader:240 - Cannot read IP mode file for STMicroelectronics.FP-SNS-STBOX1.2.1.0
2025-08-21 15:01:21,226 [WARN] PackLoader:240 - Cannot read IP mode file for STMicroelectronics.FP-SNS-SMARTAG2.1.2.0
2025-08-21 15:01:21,229 [WARN] PackLoader:240 - Cannot read IP mode file for STMicroelectronics.FP-SNS-FLIGHT1.5.1.0
2025-08-21 15:01:21,236 [INFO] LogOutputStream:77 - [STDOUT_REDIRECT] 1 : Invalid condition id : UX_CORESTACK_Condition cause : null
2025-08-21 15:01:21,237 [INFO] LogOutputStream:77 - [STDOUT_REDIRECT] 1 : Invalid condition id : UX_CORESTACK_Condition cause : null
2025-08-21 15:01:21,238 [INFO] LogOutputStream:77 - [STDOUT_REDIRECT] 1 : Invalid condition id : UX_CORESTACK_Condition cause : null
2025-08-21 15:01:21,239 [INFO] LogOutputStream:77 - [STDOUT_REDIRECT] 1 : Invalid condition id : UX_CORESTACK_Condition cause : null
2025-08-21 15:01:21,240 [INFO] LogOutputStream:77 - [STDOUT_REDIRECT] 1 : Invalid condition id : UX_CORESTACK_Condition cause : null
2025-08-21 15:01:21,242 [WARN] PackLoader:240 - Cannot read IP mode file for STMicroelectronics.X-CUBE-AZRTOS-WL.2.0.0
2025-08-21 15:01:21,250 [WARN] PackLoader:240 - Cannot read IP mode file for STMicroelectronics.FP-SNS-MOTENV1.5.0.0
2025-08-21 15:01:21,260 [WARN] PackLoader:240 - Cannot read IP mode file for WES.I-CUBE-Cesium.1.3.0
2025-08-21 15:01:21,265 [WARN] PackLoader:240 - Cannot read IP mode file for STMicroelectronics.X-CUBE-BLE2.3.3.0
2025-08-21 15:01:21,271 [WARN] PackLoader:240 - Cannot read IP mode file for STMicroelectronics.X-CUBE-NFC9.1.0.0
2025-08-21 15:01:21,277 [WARN] PackLoader:240 - Cannot read IP mode file for wolfSSL.I-CUBE-wolfSSL.5.8.0
2025-08-21 15:01:21,282 [WARN] PackLoader:240 - Cannot read IP mode file for STMicroelectronics.X-CUBE-BLE1.7.1.0
2025-08-21 15:01:21,286 [WARN] PackLoader:240 - Cannot read IP mode file for wolfSSL.I-CUBE-wolfMQTT.1.19.2
2025-08-21 15:01:21,292 [WARN] PackLoader:240 - Cannot read IP mode file for STMicroelectronics.X-CUBE-EEPRMA1.5.2.0
2025-08-21 15:01:21,296 [WARN] PackLoader:240 - Cannot read IP mode file for STMicroelectronics.X-CUBE-AI.10.1.0
2025-08-21 15:01:21,312 [WARN] PackLoader:240 - Cannot read IP mode file for STMicroelectronics.X-CUBE-AZRTOS-G0.1.1.0
2025-08-21 15:01:21,322 [WARN] PackLoader:240 - Cannot read IP mode file for STMicroelectronics.X-CUBE-SAFEA1.1.2.2
2025-08-21 15:01:21,329 [WARN] PackLoader:240 - Cannot read IP mode file for STMicroelectronics.X-CUBE-NFC4.3.0.0
2025-08-21 15:01:21,375 [WARN] PackLoader:240 - Cannot read IP mode file for EmbeddedOffice.I-CUBE-FS-RTOS.1.0.1
2025-08-21 15:01:21,385 [WARN] PackLoader:240 - Cannot read IP mode file for STMicroelectronics.X-CUBE-WB05N.2.0.0
2025-08-21 15:01:21,391 [WARN] PackLoader:240 - Cannot read IP mode file for wolfSSL.I-CUBE-wolfTPM.3.8.0
2025-08-21 15:01:21,396 [WARN] PackLoader:240 - Cannot read IP mode file for STMicroelectronics.X-CUBE-TCPP.4.2.0
2025-08-21 15:01:21,400 [WARN] PackLoader:240 - Cannot read IP mode file for RealThread.X-CUBE-RT-Thread_Nano.4.1.1
2025-08-21 15:01:21,403 [WARN] PackLoader:240 - Cannot read IP mode file for STMicroelectronics.FP-ATR-SIGFOX1.3.2.0
2025-08-21 15:01:21,408 [WARN] PackLoader:240 - Cannot read IP mode file for ITTIA_DB.I-CUBE-ITTIADB.8.9.0
2025-08-21 15:01:21,416 [WARN] PackLoader:240 - Cannot read IP mode file for STMicroelectronics.X-CUBE-ST67W61.1.0.0
2025-08-21 15:01:21,416 [WARN] PackLoader:240 - Cannot read IP mode file for STMicroelectronics.X-CUBE-AI.10.2.0
2025-08-21 15:01:21,435 [WARN] PackLoader:240 - Cannot read IP mode file for SEGGER.I-CUBE-embOS.1.3.1
2025-08-21 15:01:21,456 [WARN] PackLoader:240 - Cannot read IP mode file for STMicroelectronics.X-CUBE-ALGOBUILD.1.4.0
2025-08-21 15:01:21,481 [WARN] PackLoader:240 - Cannot read IP mode file for STMicroelectronics.X-CUBE-MEMS1.11.3.0
2025-08-21 15:01:21,572 [WARN] PackLoader:240 - Cannot read IP mode file for STMicroelectronics.X-CUBE-PM33A1.1.0.0
2025-08-21 15:01:21,574 [INFO] WebApp:191 - Connection restablished
2025-08-21 15:01:21,580 [WARN] PackLoader:240 - Cannot read IP mode file for STMicroelectronics.X-CUBE-AZRTOS-F4.1.1.0
2025-08-21 15:01:21,585 [WARN] PackLoader:240 - Cannot read IP mode file for Avnet-IotConnect.X-CUBE-IoTC-DA16k-PMOD.1.0.0
2025-08-21 15:01:21,588 [WARN] PackLoader:240 - Cannot read IP mode file for STMicroelectronics.X-CUBE-ISPU.2.1.0
2025-08-21 15:01:21,592 [WARN] PackLoader:240 - Cannot read IP mode file for STMicroelectronics.X-CUBE-NFC12.1.0.0
2025-08-21 15:01:21,600 [WARN] PackLoader:240 - Cannot read IP mode file for STMicroelectronics.X-CUBE-AZRTOS-L5.2.0.0
2025-08-21 15:01:21,615 [WARN] PackLoader:240 - Cannot read IP mode file for STMicroelectronics.X-CUBE-NFC6.3.1.0
2025-08-21 15:01:21,620 [WARN] PackLoader:240 - Cannot read IP mode file for STMicroelectronics.X-CUBE-FREERTOS.1.3.1
2025-08-21 15:01:21,620 [WARN] PackLoader:240 - Cannot read IP mode file for STMicroelectronics.FP-SNS-STAIOTCFT.1.0.0
2025-08-21 15:01:21,620 [WARN] PackLoader:240 - Cannot read IP mode file for STMicroelectronics.X-CUBE-DPower.1.3.0
2025-08-21 15:01:21,632 [WARN] ConditionMgr:438 - getConditionDescription Invalid condition id : LAN8742 Phy interface Condition cause : null
2025-08-21 15:01:21,639 [WARN] PackLoader:240 - Cannot read IP mode file for STMicroelectronics.X-CUBE-AZRTOS-L4.2.0.0
2025-08-21 15:01:21,639 [WARN] ConditionMgr:1044 - genDependencies : Invalid condition id : LAN8742 Phy interface Condition cause : null
2025-08-21 15:01:21,639 [WARN] ConditionMgr:1044 - genDependencies : Invalid condition id : LAN8742 Phy interface Condition cause : null
2025-08-21 15:01:21,639 [WARN] ConditionMgr:1044 - genDependencies : Invalid condition id : LAN8742 Phy interface Condition cause : null
2025-08-21 15:01:21,644 [WARN] PackLoader:240 - Cannot read IP mode file for STMicroelectronics.X-CUBE-SFXS2LP1.4.0.0
2025-08-21 15:01:21,652 [WARN] PackLoader:240 - Cannot read IP mode file for STMicroelectronics.X-CUBE-BLEMGR.4.1.0
2025-08-21 15:01:21,661 [WARN] ConditionMgr:438 - getConditionDescription Invalid condition id : UX DEVICE CLASS RTOS Condition cause : null
2025-08-21 15:01:21,661 [WARN] ConditionMgr:438 - getConditionDescription Invalid condition id : UX DEVICE CLASS RTOS Condition cause : null
2025-08-21 15:01:21,662 [WARN] PackLoader:240 - Cannot read IP mode file for STMicroelectronics.X-CUBE-AZRTOS-WB.2.0.0
2025-08-21 15:01:21,662 [WARN] ConditionMgr:1044 - genDependencies : Invalid condition id : UX DEVICE CLASS RTOS Condition cause : null
2025-08-21 15:01:21,662 [WARN] ConditionMgr:1044 - genDependencies : Invalid condition id : UX DEVICE CLASS RTOS Condition cause : null
2025-08-21 15:01:21,662 [WARN] ConditionMgr:1044 - genDependencies : Invalid condition id : UX DEVICE CLASS RTOS Condition cause : null
2025-08-21 15:01:21,663 [WARN] ConditionMgr:1044 - genDependencies : Invalid condition id : UX DEVICE CLASS RTOS Condition cause : null
2025-08-21 15:01:21,663 [WARN] ConditionMgr:1044 - genDependencies : Invalid condition id : UX DEVICE CLASS RTOS Condition cause : null
2025-08-21 15:01:21,667 [WARN] PackLoader:240 - Cannot read IP mode file for STMicroelectronics.X-CUBE-GNSS1.7.0.1
2025-08-21 15:01:21,675 [WARN] PackLoader:240 - Cannot read IP mode file for STMicroelectronics.X-CUBE-TOUCHGFX.4.25.0
2025-08-21 15:01:21,679 [WARN] PackLoader:240 - Cannot read IP mode file for STMicroelectronics.FP-SNS-STBOX1.2.0.0
2025-08-21 15:01:21,685 [WARN] PackLoader:240 - Cannot read IP mode file for STMicroelectronics.X-CUBE-SUBG2.5.0.0
2025-08-21 15:01:21,698 [WARN] PackLoader:240 - Cannot read IP mode file for STMicroelectronics.X-CUBE-AZRTOS-H7RS.1.1.0
2025-08-21 15:01:21,705 [WARN] PackLoader:240 - Cannot read IP mode file for Cesanta.I-CUBE-Mongoose.7.13.0
2025-08-21 15:01:21,713 [WARN] PackLoader:240 - Cannot read IP mode file for STMicroelectronics.X-CUBE-AZRTOS-G4.2.0.0
2025-08-21 15:01:21,717 [WARN] PackLoader:240 - Cannot read IP mode file for wolfSSL.I-CUBE-wolfSSH.1.4.20
2025-08-21 15:01:21,721 [WARN] PackLoader:240 - Cannot read IP mode file for STMicroelectronics.X-CUBE-NFC7.2.0.0
2025-08-21 15:01:21,729 [WARN] PackLoader:240 - Cannot read IP mode file for STMicroelectronics.X-CUBE-IPS.3.1.0
2025-08-21 15:01:21,737 [WARN] PackLoader:240 - Cannot read IP mode file for STMicroelectronics.X-CUBE-ALS.1.0.2
2025-08-21 15:01:21,745 [WARN] PackLoader:240 - Cannot read IP mode file for portGmbH.I-Cube-SoM-uGOAL.1.1.0
2025-08-21 15:01:21,755 [WARN] PackLoader:240 - Cannot read IP mode file for STMicroelectronics.X-CUBE-TOF1.3.4.3
2025-08-21 15:01:21,765 [INFO] ThirdParty:978 - Integrity check success = true
2025-08-21 15:01:21,765 [INFO] IntegrityCheckThread:100 - exiting critical section [integrity check]
2025-08-21 15:01:21,765 [INFO] IntegrityCheckThread:103 - End integrity checks thread
2025-08-21 15:01:22,164 [INFO] WebApp:225 - Starting web application
2025-08-21 15:01:22,164 [INFO] WebApp:593 - Web application path used C:\ST\STM32CubeIDE_1.19.0\STM32CubeIDE\plugins\com.st.stm32cube.common.mx_6.15.0.202507011659\db\plugins\mcufinder\reactClient1\index.html
2025-08-21 15:07:02,341 [ERROR] LogOutputStream:75 - [STDERR_REDIRECT] 
