2025-08-13 21:35:25,246 [INFO] Activator:176 - 


2025-08-13 21:35:25,251 [INFO] Activator:177 - !SESSION log4j initialized
2025-08-13 21:35:33,771 [INFO] LogOutputStream:77 - [STDOUT_REDIRECT] 
2025-08-13 21:35:36,168 [INFO] ApplicationProperties:184 - Using Application install path: C:\ST\STM32CubeIDE_1.19.0\STM32CubeIDE\plugins\com.st.stm32cube.common.mx_6.15.0.202507011659
2025-08-13 21:35:36,212 [INFO] DbMcusXml:78 - Set database path to: C:\ST\STM32CubeIDE_1.19.0\STM32CubeIDE\plugins\com.st.stm32cube.common.mx_6.15.0.202507011659\\db\/mcu/
2025-08-13 21:35:36,212 [INFO] ApiDb:274 - Set plugin database path to: C:\ST\STM32CubeIDE_1.19.0\STM32CubeIDE\plugins\com.st.stm32cube.common.mx_6.15.0.202507011659\\db\/plugins/boardmanager/
2025-08-13 21:35:36,213 [WARN] ApiDb:259 - Overriding images path with different value:  => C:\ST\STM32CubeIDE_1.19.0\STM32CubeIDE\plugins\com.st.stm32cube.common.mx_6.15.0.202507011659\\db\/plugins/mcufinder/images/
2025-08-13 21:35:36,224 [INFO] ApiDb:250 - Set database path to: C:\Users\kadir\.stmcufinder\plugins\mcufinder//mcu/
2025-08-13 21:35:36,229 [INFO] DbMcusAds:125 - Set database path to: C:\Users\kadir\.stmcufinder\plugins\mcufinder//mcu/
2025-08-13 21:35:36,233 [INFO] CrossReferenceDbSqlite:203 - Set database path to: C:\Users\kadir\.stmcufinder\plugins\mcufinder//mcu/cs/
2025-08-13 21:35:36,476 [INFO] RulesReader:64 - Compatibility file has been processed (317 Rules)
2025-08-13 21:35:36,691 [INFO] DbMcusXml:78 - Set database path to: C:\ST\STM32CubeIDE_1.19.0\STM32CubeIDE\plugins\com.st.stm32cube.common.mx_6.15.0.202507011659\\db\/mcu/
2025-08-13 21:35:36,691 [INFO] ApiDb:274 - Set plugin database path to: C:\ST\STM32CubeIDE_1.19.0\STM32CubeIDE\plugins\com.st.stm32cube.common.mx_6.15.0.202507011659\\db\/plugins/boardmanager/
2025-08-13 21:35:36,691 [INFO] ApiDb:261 - Set plugin images path to: C:\ST\STM32CubeIDE_1.19.0\STM32CubeIDE\plugins\com.st.stm32cube.common.mx_6.15.0.202507011659\\db\/plugins/mcufinder/images/
2025-08-13 21:35:36,691 [WARN] DbFile:41 - Overriding database path with different value: C:\Users\kadir\.stmcufinder\plugins\mcufinder/ => C:\Users\kadir\.stmcufinder\plugins\mcufinder
2025-08-13 21:35:36,691 [INFO] ApiDb:250 - Set database path to: C:\Users\kadir\.stmcufinder\plugins\mcufinder//mcu/
2025-08-13 21:35:36,691 [WARN] DbFile:41 - Overriding database path with different value: C:\Users\kadir\.stmcufinder\plugins\mcufinder/ => C:\Users\kadir\.stmcufinder\plugins\mcufinder
2025-08-13 21:35:36,691 [INFO] DbMcusAds:125 - Set database path to: C:\Users\kadir\.stmcufinder\plugins\mcufinder//mcu/
2025-08-13 21:35:36,691 [WARN] DbFile:41 - Overriding database path with different value: C:\Users\kadir\.stmcufinder\plugins\mcufinder/ => C:\Users\kadir\.stmcufinder\plugins\mcufinder
2025-08-13 21:35:36,691 [WARN] DbFile:41 - Overriding database path with different value: C:\Users\kadir\.stmcufinder\plugins\mcufinder/ => C:\Users\kadir\.stmcufinder\plugins\mcufinder
2025-08-13 21:35:36,691 [INFO] CrossReferenceDbSqlite:203 - Set database path to: C:\Users\kadir\.stmcufinder\plugins\mcufinder//mcu/cs/
2025-08-13 21:35:36,841 [INFO] MainPanel:274 - HeapMemory: 268435456
2025-08-13 21:35:37,062 [INFO] DbMcusXml:78 - Set database path to: C:\ST\STM32CubeIDE_1.19.0\STM32CubeIDE\plugins\com.st.stm32cube.common.mx_6.15.0.202507011659\\db\/mcu/
2025-08-13 21:35:37,062 [INFO] ApiDb:274 - Set plugin database path to: C:\ST\STM32CubeIDE_1.19.0\STM32CubeIDE\plugins\com.st.stm32cube.common.mx_6.15.0.202507011659\\db\/plugins/boardmanager/
2025-08-13 21:35:37,062 [INFO] ApiDb:261 - Set plugin images path to: C:\ST\STM32CubeIDE_1.19.0\STM32CubeIDE\plugins\com.st.stm32cube.common.mx_6.15.0.202507011659\\db\/plugins/mcufinder/images/
2025-08-13 21:35:37,066 [WARN] DbFile:41 - Overriding database path with different value: C:\Users\kadir\.stmcufinder\plugins\mcufinder/ => C:\Users\kadir\.stmcufinder\plugins\mcufinder
2025-08-13 21:35:37,066 [INFO] ApiDb:250 - Set database path to: C:\Users\kadir\.stmcufinder\plugins\mcufinder//mcu/
2025-08-13 21:35:37,066 [WARN] DbFile:41 - Overriding database path with different value: C:\Users\kadir\.stmcufinder\plugins\mcufinder/ => C:\Users\kadir\.stmcufinder\plugins\mcufinder
2025-08-13 21:35:37,066 [INFO] DbMcusAds:125 - Set database path to: C:\Users\kadir\.stmcufinder\plugins\mcufinder//mcu/
2025-08-13 21:35:37,066 [WARN] DbFile:41 - Overriding database path with different value: C:\Users\kadir\.stmcufinder\plugins\mcufinder/ => C:\Users\kadir\.stmcufinder\plugins\mcufinder
2025-08-13 21:35:37,066 [WARN] DbFile:41 - Overriding database path with different value: C:\Users\kadir\.stmcufinder\plugins\mcufinder/ => C:\Users\kadir\.stmcufinder\plugins\mcufinder
2025-08-13 21:35:37,066 [INFO] CrossReferenceDbSqlite:203 - Set database path to: C:\Users\kadir\.stmcufinder\plugins\mcufinder//mcu/cs/
2025-08-13 21:35:37,102 [INFO] ApplicationProperties:184 - Using Application install path: C:\ST\STM32CubeIDE_1.19.0\STM32CubeIDE\plugins\com.st.stm32cube.common.mx_6.15.0.202507011659
2025-08-13 21:35:37,103 [INFO] PluginManage:196 - Search for loadable plugins [exclusion list=, ]
2025-08-13 21:35:37,105 [INFO] PluginManage:310 - Check plugin analytics
2025-08-13 21:35:37,509 [INFO] AnalyticsPlugin:253 - Accepted Software Licenses: STM32CubeMX.6.15.0
2025-08-13 21:35:37,509 [INFO] AnalyticsPlugin:255 - Accepted CMSIS Pack Licenses: 
2025-08-13 21:35:37,509 [INFO] AnalyticsPlugin:257 - Accepted Firmware Licenses: 
2025-08-13 21:35:37,515 [INFO] PluginManage:359 - Loaded plugin analytics (category:tool,tabindex:-1)
2025-08-13 21:35:37,517 [INFO] PluginManage:310 - Check plugin cadmodel
2025-08-13 21:35:37,532 [INFO] CADModel:105 - Init CAD model plugin
2025-08-13 21:35:37,532 [INFO] PluginManage:359 - Loaded plugin cadmodel (category:power,tabindex:5)
2025-08-13 21:35:37,532 [INFO] PluginManage:310 - Check plugin clock
2025-08-13 21:35:37,545 [INFO] PluginManage:359 - Loaded plugin clock (category:base,tabindex:2)
2025-08-13 21:35:37,545 [INFO] PluginManage:310 - Check plugin ddr
2025-08-13 21:35:37,554 [INFO] PluginManage:359 - Loaded plugin ddr (category:tool,tabindex:6)
2025-08-13 21:35:37,554 [INFO] PluginManage:310 - Check plugin filemanager
2025-08-13 21:35:37,952 [INFO] PluginManage:359 - Loaded plugin filemanager (category:base,tabindex:10)
2025-08-13 21:35:37,952 [INFO] PluginManage:310 - Check plugin ipmanager
2025-08-13 21:35:37,966 [INFO] PluginManage:359 - Loaded plugin ipmanager (category:base,tabindex:5)
2025-08-13 21:35:37,968 [INFO] PluginManage:310 - Check plugin lpbam
2025-08-13 21:35:37,984 [INFO] PluginManage:359 - Loaded plugin lpbam (category:base,tabindex:0)
2025-08-13 21:35:37,986 [INFO] PluginManage:310 - Check plugin memorymap
2025-08-13 21:35:38,011 [INFO] PluginManage:359 - Loaded plugin memorymap (category:base,tabindex:4)
2025-08-13 21:35:38,011 [INFO] PluginManage:310 - Check plugin pinoutandconfiguration
2025-08-13 21:35:38,026 [INFO] PluginManage:359 - Loaded plugin pinoutandconfiguration (category:base,tabindex:1)
2025-08-13 21:35:38,026 [INFO] PluginManage:310 - Check plugin pinoutconfig
2025-08-13 21:35:38,212 [WARN] SupportedApi:132 - Cannot load RTOS API schema: s4s-elt-must-match.1: The content of 'definitions' must match (annotation?, (simpleType | complexType)?, (unique | key | keyref)*)). A problem was found starting at: attribute.
2025-08-13 21:35:38,515 [INFO] PluginManage:359 - Loaded plugin pinoutconfig (category:base,tabindex:0)
2025-08-13 21:35:38,515 [INFO] PluginManage:310 - Check plugin power
2025-08-13 21:35:38,531 [INFO] PluginManage:359 - Loaded plugin power (category:power,tabindex:4)
2025-08-13 21:35:38,531 [INFO] PluginManage:310 - Check plugin projectmanager
2025-08-13 21:35:38,566 [INFO] PluginManage:359 - Loaded plugin projectmanager (category:projectmanager,tabindex:4)
2025-08-13 21:35:38,566 [INFO] PluginManage:310 - Check plugin rif
2025-08-13 21:35:38,607 [INFO] PluginManage:359 - Loaded plugin rif (category:base,tabindex:3)
2025-08-13 21:35:38,607 [INFO] PluginManage:310 - Check plugin thirdparty
2025-08-13 21:35:38,921 [WARN] IntegrityCheckThread:84 - waiting for thirdparty lock release [integrity check]
2025-08-13 21:35:38,921 [INFO] IntegrityCheckThread:86 - entering critical section [integrity check]
2025-08-13 21:35:38,923 [INFO] ThirdPartyUpdaterWithRetryManager:70 - Updater plugin not ready yet. [1/15]
2025-08-13 21:35:38,923 [INFO] PluginManage:359 - Loaded plugin thirdparty (category:base,tabindex:-1)
2025-08-13 21:35:38,925 [INFO] PluginManage:310 - Check plugin tools
2025-08-13 21:35:38,928 [INFO] PluginManage:359 - Loaded plugin tools (category:base,tabindex:7)
2025-08-13 21:35:38,928 [INFO] PluginManage:310 - Check plugin tutovideos
2025-08-13 21:35:39,396 [INFO] PluginManage:359 - Loaded plugin tutovideos (category:base,tabindex:-1)
2025-08-13 21:35:39,396 [INFO] PluginManage:310 - Check plugin updater
2025-08-13 21:35:39,447 [INFO] PluginManage:359 - Loaded plugin updater (category:base,tabindex:12)
2025-08-13 21:35:39,447 [INFO] PluginManage:310 - Check plugin userauth
2025-08-13 21:35:39,460 [INFO] UserAuth:118 - Init User Auth plugin
2025-08-13 21:35:39,461 [INFO] PluginManage:359 - Loaded plugin userauth (category:base,tabindex:14)
2025-08-13 21:35:39,462 [INFO] PluginManage:283 - PluginManage : Loaded plugins [18]
2025-08-13 21:35:39,872 [INFO] PinOutPanel:1589 - setPackage(No Configuration,No Configuration)
2025-08-13 21:35:40,021 [INFO] CADModel:165 - CPN selected for project level
2025-08-13 21:35:40,021 [INFO] CADModel:114 - Register for checkConnection events
2025-08-13 21:35:40,057 [INFO] IPUIPlugin:80 - create IPUIPlugin
2025-08-13 21:35:40,057 [INFO] PluginManager:220 - loadIPPluginJar : add adc
2025-08-13 21:35:40,061 [INFO] IPUIPlugin:80 - create IPUIPlugin
2025-08-13 21:35:40,063 [INFO] PluginManager:220 - loadIPPluginJar : add aes
2025-08-13 21:35:40,067 [INFO] IPUIPlugin:80 - create IPUIPlugin
2025-08-13 21:35:40,067 [INFO] PluginManager:220 - loadIPPluginJar : add can
2025-08-13 21:35:40,071 [INFO] IPUIPlugin:80 - create IPUIPlugin
2025-08-13 21:35:40,071 [INFO] PluginManager:220 - loadIPPluginJar : add comp
2025-08-13 21:35:40,072 [INFO] IPUIPlugin:80 - create IPUIPlugin
2025-08-13 21:35:40,072 [INFO] PluginManager:220 - loadIPPluginJar : add cryp
2025-08-13 21:35:40,082 [INFO] IPUIPlugin:80 - create IPUIPlugin
2025-08-13 21:35:40,082 [INFO] PluginManager:220 - loadIPPluginJar : add ddr_ctrl_phy
2025-08-13 21:35:40,086 [INFO] IPUIPlugin:80 - create IPUIPlugin
2025-08-13 21:35:40,086 [INFO] PluginManager:220 - loadIPPluginJar : add dfsdm
2025-08-13 21:35:40,095 [INFO] IPUIPlugin:80 - create IPUIPlugin
2025-08-13 21:35:40,095 [INFO] PluginManager:220 - loadIPPluginJar : add dma
2025-08-13 21:35:40,103 [INFO] IPUIPlugin:80 - create IPUIPlugin
2025-08-13 21:35:40,103 [INFO] PluginManager:220 - loadIPPluginJar : add dma3
2025-08-13 21:35:40,107 [INFO] IPUIPlugin:80 - create IPUIPlugin
2025-08-13 21:35:40,107 [INFO] PluginManager:220 - loadIPPluginJar : add extmemmanager
2025-08-13 21:35:40,113 [INFO] IPUIPlugin:80 - create IPUIPlugin
2025-08-13 21:35:40,113 [INFO] PluginManager:220 - loadIPPluginJar : add fatfs
2025-08-13 21:35:40,121 [INFO] IPUIPlugin:80 - create IPUIPlugin
2025-08-13 21:35:40,121 [INFO] PluginManager:220 - loadIPPluginJar : add fmc
2025-08-13 21:35:40,132 [INFO] IPUIPlugin:80 - create IPUIPlugin
2025-08-13 21:35:40,132 [INFO] PluginManager:220 - loadIPPluginJar : add freertos
2025-08-13 21:35:40,137 [INFO] IPUIPlugin:80 - create IPUIPlugin
2025-08-13 21:35:40,137 [INFO] PluginManager:220 - loadIPPluginJar : add genericplugin
2025-08-13 21:35:40,141 [INFO] IPUIPlugin:80 - create IPUIPlugin
2025-08-13 21:35:40,141 [INFO] PluginManager:220 - loadIPPluginJar : add gfxmmu
2025-08-13 21:35:40,147 [INFO] IPUIPlugin:80 - create IPUIPlugin
2025-08-13 21:35:40,147 [INFO] PluginManager:220 - loadIPPluginJar : add gic
2025-08-13 21:35:40,153 [INFO] IPUIPlugin:80 - create IPUIPlugin
2025-08-13 21:35:40,153 [INFO] PluginManager:220 - loadIPPluginJar : add gpio
2025-08-13 21:35:40,163 [INFO] IPUIPlugin:80 - create IPUIPlugin
2025-08-13 21:35:40,163 [INFO] PluginManager:220 - loadIPPluginJar : add gtzc
2025-08-13 21:35:40,167 [INFO] IPUIPlugin:80 - create IPUIPlugin
2025-08-13 21:35:40,167 [INFO] PluginManager:220 - loadIPPluginJar : add hash
2025-08-13 21:35:40,172 [INFO] IPUIPlugin:80 - create IPUIPlugin
2025-08-13 21:35:40,172 [INFO] PluginManager:220 - loadIPPluginJar : add i2c
2025-08-13 21:35:40,177 [INFO] IPUIPlugin:80 - create IPUIPlugin
2025-08-13 21:35:40,177 [INFO] PluginManager:220 - loadIPPluginJar : add i2s
2025-08-13 21:35:40,180 [INFO] IPUIPlugin:80 - create IPUIPlugin
2025-08-13 21:35:40,180 [INFO] PluginManager:220 - loadIPPluginJar : add i3c
2025-08-13 21:35:40,190 [INFO] IPUIPlugin:80 - create IPUIPlugin
2025-08-13 21:35:40,191 [INFO] PluginManager:220 - loadIPPluginJar : add ipddr
2025-08-13 21:35:40,208 [INFO] IPUIPlugin:80 - create IPUIPlugin
2025-08-13 21:35:40,208 [INFO] PluginManager:220 - loadIPPluginJar : add linkedlist
2025-08-13 21:35:40,219 [INFO] IPUIPlugin:80 - create IPUIPlugin
2025-08-13 21:35:40,219 [INFO] PluginManager:220 - loadIPPluginJar : add lorawan
2025-08-13 21:35:40,222 [INFO] IPUIPlugin:80 - create IPUIPlugin
2025-08-13 21:35:40,222 [INFO] PluginManager:220 - loadIPPluginJar : add ltdc
2025-08-13 21:35:40,233 [INFO] IPUIPlugin:80 - create IPUIPlugin
2025-08-13 21:35:40,233 [INFO] PluginManager:220 - loadIPPluginJar : add mdma
2025-08-13 21:35:40,240 [INFO] IPUIPlugin:80 - create IPUIPlugin
2025-08-13 21:35:40,240 [INFO] PluginManager:220 - loadIPPluginJar : add nvic
2025-08-13 21:35:40,244 [INFO] IPUIPlugin:80 - create IPUIPlugin
2025-08-13 21:35:40,246 [INFO] PluginManager:220 - loadIPPluginJar : add opamp
2025-08-13 21:35:40,251 [INFO] IPUIPlugin:80 - create IPUIPlugin
2025-08-13 21:35:40,251 [INFO] PluginManager:220 - loadIPPluginJar : add openamp
2025-08-13 21:35:40,252 [INFO] IPUIPlugin:80 - create IPUIPlugin
2025-08-13 21:35:40,252 [INFO] PluginManager:220 - loadIPPluginJar : add pdm2pcm
2025-08-13 21:35:40,264 [INFO] IPUIPlugin:80 - create IPUIPlugin
2025-08-13 21:35:40,271 [INFO] PluginManager:220 - loadIPPluginJar : add plateformsettings
2025-08-13 21:35:40,271 [INFO] IPUIPlugin:80 - create IPUIPlugin
2025-08-13 21:35:40,271 [INFO] PluginManager:220 - loadIPPluginJar : add quadspi
2025-08-13 21:35:40,277 [INFO] IPUIPlugin:80 - create IPUIPlugin
2025-08-13 21:35:40,279 [INFO] PluginManager:220 - loadIPPluginJar : add radio
2025-08-13 21:35:40,285 [INFO] IPUIPlugin:80 - create IPUIPlugin
2025-08-13 21:35:40,285 [INFO] PluginManager:220 - loadIPPluginJar : add resmgrutility
2025-08-13 21:35:40,290 [INFO] IPUIPlugin:80 - create IPUIPlugin
2025-08-13 21:35:40,290 [INFO] PluginManager:220 - loadIPPluginJar : add sai
2025-08-13 21:35:40,293 [INFO] IPUIPlugin:80 - create IPUIPlugin
2025-08-13 21:35:40,293 [INFO] PluginManager:220 - loadIPPluginJar : add spi
2025-08-13 21:35:40,309 [INFO] IPUIPlugin:80 - create IPUIPlugin
2025-08-13 21:35:40,311 [INFO] PluginManager:220 - loadIPPluginJar : add stm32_wpan
2025-08-13 21:35:40,313 [INFO] IPUIPlugin:80 - create IPUIPlugin
2025-08-13 21:35:40,313 [INFO] PluginManager:220 - loadIPPluginJar : add tim
2025-08-13 21:35:40,318 [INFO] IPUIPlugin:80 - create IPUIPlugin
2025-08-13 21:35:40,321 [INFO] PluginManager:220 - loadIPPluginJar : add touchsensing
2025-08-13 21:35:40,324 [INFO] IPUIPlugin:80 - create IPUIPlugin
2025-08-13 21:35:40,324 [INFO] PluginManager:220 - loadIPPluginJar : add tracer_emb
2025-08-13 21:35:40,326 [INFO] IPUIPlugin:80 - create IPUIPlugin
2025-08-13 21:35:40,326 [INFO] PluginManager:220 - loadIPPluginJar : add ts
2025-08-13 21:35:40,331 [INFO] IPUIPlugin:80 - create IPUIPlugin
2025-08-13 21:35:40,331 [INFO] PluginManager:220 - loadIPPluginJar : add tsc
2025-08-13 21:35:40,335 [INFO] IPUIPlugin:80 - create IPUIPlugin
2025-08-13 21:35:40,335 [INFO] PluginManager:220 - loadIPPluginJar : add ucpd
2025-08-13 21:35:40,338 [INFO] IPUIPlugin:80 - create IPUIPlugin
2025-08-13 21:35:40,338 [INFO] PluginManager:220 - loadIPPluginJar : add usart
2025-08-13 21:35:40,345 [INFO] IPUIPlugin:80 - create IPUIPlugin
2025-08-13 21:35:40,345 [INFO] PluginManager:220 - loadIPPluginJar : add usbx
2025-08-13 21:35:40,514 [FATAL] Updater:351 - Updater called before beeing initialized
2025-08-13 21:35:40,591 [INFO] RulesReader:64 - Compatibility file has been processed (317 Rules)
2025-08-13 21:35:40,633 [INFO] RulesReader:64 - Compatibility file has been processed (317 Rules)
2025-08-13 21:35:40,672 [INFO] CADModel:165 - CPN selected for project level
2025-08-13 21:35:40,672 [INFO] CADModel:114 - Register for checkConnection events
2025-08-13 21:35:40,672 [FATAL] Updater:351 - Updater called before beeing initialized
2025-08-13 21:35:40,672 [ERROR] CADModel:125 - Updater not yet initialized, retry later 
2025-08-13 21:35:41,174 [FATAL] Updater:351 - Updater called before beeing initialized
2025-08-13 21:35:41,176 [INFO] CADModel:165 - CPN selected for project level
2025-08-13 21:35:41,176 [INFO] CADModel:114 - Register for checkConnection events
2025-08-13 21:35:41,176 [FATAL] Updater:351 - Updater called before beeing initialized
2025-08-13 21:35:41,176 [ERROR] CADModel:125 - Updater not yet initialized, retry later 
2025-08-13 21:35:41,182 [FATAL] Updater:351 - Updater called before beeing initialized
2025-08-13 21:35:41,447 [FATAL] Updater:351 - Updater called before beeing initialized
2025-08-13 21:35:41,460 [INFO] DbMcusAds:53 - JSON generation date=Tue Jul 08 11:14:23 TRT 2025 (1751962463582)
2025-08-13 21:35:41,460 [FATAL] Updater:351 - Updater called before beeing initialized
2025-08-13 21:35:41,531 [WARN] DetailPanel:346 - Failed to get advertising image, set to default
2025-08-13 21:35:41,672 [FATAL] Updater:351 - Updater called before beeing initialized
2025-08-13 21:35:41,672 [FATAL] Updater:351 - Updater called before beeing initialized
2025-08-13 21:35:41,672 [FATAL] Updater:351 - Updater called before beeing initialized
2025-08-13 21:35:41,672 [WARN] DetailPanel:346 - Failed to get advertising image, set to default
2025-08-13 21:35:41,678 [FATAL] Updater:351 - Updater called before beeing initialized
2025-08-13 21:35:41,781 [ERROR] Updater:1198 - MainUpdater not yet initialized. External WinMGr cannot be set.
2025-08-13 21:35:41,785 [INFO] Updater:1134 - Updater Version found : 6.15.0
2025-08-13 21:35:41,816 [INFO] ApplicationProperties:184 - Using Application install path: C:\ST\STM32CubeIDE_1.19.0\STM32CubeIDE\plugins\com.st.stm32cube.common.mx_6.15.0.202507011659
2025-08-13 21:35:41,939 [INFO] ThirdPartyUpdaterWithRetryManager:70 - Updater plugin not ready yet. [2/15]
2025-08-13 21:35:43,434 [ERROR] LogOutputStream:75 - [STDERR_REDIRECT] Aug 13, 2025 9:35:43 PM java.util.prefs.WindowsPreferences <init>
2025-08-13 21:35:43,438 [ERROR] LogOutputStream:75 - [STDERR_REDIRECT] WARNING: Could not open/create prefs root node Software\JavaSoft\Prefs at root 0xffffffff80000002. Windows RegCreateKeyEx(...) returned error code 5.
2025-08-13 21:35:43,438 [ERROR] LogOutputStream:75 - [STDERR_REDIRECT] 
2025-08-13 21:35:44,816 [INFO] MainUpdater:2872 - connection check result : 10
2025-08-13 21:35:44,816 [INFO] MainUpdater:289 - Updater Check For Update Now.
2025-08-13 21:35:44,818 [INFO] MicroXplorer:498 - Change Database Version : DB.6.0.150
2025-08-13 21:35:44,972 [WARN] MainUpdater:1193 - Updater busy. Cannot search thirdparties
2025-08-13 21:35:44,974 [INFO] ThirdPartyUpdaterWithRetryManager:96 - Updater plugin is busy. [1/15]
2025-08-13 21:35:45,006 [INFO] McuFinderGlobals:63 - Set McuFinder mode to 2 (CubeIDE integrated)
2025-08-13 21:35:45,006 [INFO] UserAuth:171 - activating auth plugin
2025-08-13 21:35:45,016 [INFO] UserAuth:487 - Internet connection configuration mode: 1
2025-08-13 21:35:45,178 [INFO] JxBrowserEngine:152 - Initiate JxBrowser Engine with user profile folder
2025-08-13 21:35:45,452 [INFO] CheckServerUpdateThread:120 - End of CheckServer Thread
2025-08-13 21:35:47,243 [INFO] WebApp:169 - Instantiating new browser for Auth
2025-08-13 21:35:48,924 [WARN] PackLoader:240 - Cannot read IP mode file for STMicroelectronics.FP-SNS-MOTENVWB1.1.4.0
2025-08-13 21:35:49,108 [WARN] PackLoader:240 - Cannot read IP mode file for STMicroelectronics.FP-ATR-ASTRA1.2.0.2
2025-08-13 21:35:49,110 [INFO] WebApp:463 - Apply proxy settings
2025-08-13 21:35:49,110 [INFO] WebApp:548 - Chromium requires no authentication
2025-08-13 21:35:49,163 [WARN] PackLoader:240 - Cannot read IP mode file for STMicroelectronics.X-CUBE-SMBUS.2.1.0
2025-08-13 21:35:49,174 [WARN] PackLoader:240 - Cannot read IP mode file for STMicroelectronics.X-CUBE-ST60.1.0.0
2025-08-13 21:35:49,178 [INFO] WebApp:491 - Direct internet connection detected
2025-08-13 21:35:49,291 [WARN] PackLoader:240 - Cannot read IP mode file for STMicroelectronics.X-CUBE-AZRTOS-F7.1.1.0
2025-08-13 21:35:49,434 [WARN] PackLoader:240 - Cannot read IP mode file for Infineon.AIROC-Wi-Fi-Bluetooth-STM32.1.7.1
2025-08-13 21:35:49,499 [WARN] PackLoader:240 - Cannot read IP mode file for STMicroelectronics.X-CUBE-AZRTOS-H7.3.4.0
2025-08-13 21:35:49,587 [WARN] PackLoader:240 - Cannot read IP mode file for STMicroelectronics.X-CUBE-DISPLAY.3.0.0
2025-08-13 21:35:49,652 [WARN] PackLoader:240 - Cannot read IP mode file for STMicroelectronics.X-CUBE-NFC10.1.0.0
2025-08-13 21:35:49,687 [WARN] PackLoader:240 - Cannot read IP mode file for STMicroelectronics.X-CUBE-BLEMGR.4.0.0
2025-08-13 21:35:49,709 [WARN] PackLoader:240 - Cannot read IP mode file for emotas.I-CUBE-CANOPEN.1.3.0
2025-08-13 21:35:49,720 [WARN] ConditionMgr:438 - getConditionDescription Invalid condition id : Cortex-A Device cause : null
2025-08-13 21:35:49,765 [WARN] ConditionMgr:1044 - genDependencies : Invalid condition id : Cortex-A Device cause : null
2025-08-13 21:35:49,765 [WARN] ConditionMgr:1044 - genDependencies : Invalid condition id : Cortex-A Device cause : null
2025-08-13 21:35:49,765 [WARN] ConditionMgr:1044 - genDependencies : Invalid condition id : Cortex-A Device cause : null
2025-08-13 21:35:49,901 [WARN] PackLoader:240 - Cannot read IP mode file for STMicroelectronics.FP-SNS-STBOX1.2.1.0
2025-08-13 21:35:49,987 [WARN] PackLoader:240 - Cannot read IP mode file for STMicroelectronics.FP-SNS-SMARTAG2.1.2.0
2025-08-13 21:35:49,995 [WARN] PackLoader:240 - Cannot read IP mode file for STMicroelectronics.FP-SNS-FLIGHT1.5.1.0
2025-08-13 21:35:50,028 [INFO] LogOutputStream:77 - [STDOUT_REDIRECT] 1 : Invalid condition id : UX_CORESTACK_Condition cause : null
2025-08-13 21:35:50,035 [INFO] LogOutputStream:77 - [STDOUT_REDIRECT] 1 : Invalid condition id : UX_CORESTACK_Condition cause : null
2025-08-13 21:35:50,039 [INFO] LogOutputStream:77 - [STDOUT_REDIRECT] 1 : Invalid condition id : UX_CORESTACK_Condition cause : null
2025-08-13 21:35:50,055 [INFO] LogOutputStream:77 - [STDOUT_REDIRECT] 1 : Invalid condition id : UX_CORESTACK_Condition cause : null
2025-08-13 21:35:50,105 [INFO] LogOutputStream:77 - [STDOUT_REDIRECT] 1 : Invalid condition id : UX_CORESTACK_Condition cause : null
2025-08-13 21:35:50,115 [WARN] PackLoader:240 - Cannot read IP mode file for STMicroelectronics.X-CUBE-AZRTOS-WL.2.0.0
2025-08-13 21:35:50,134 [INFO] WebApp:191 - Connection restablished
2025-08-13 21:35:50,201 [WARN] PackLoader:240 - Cannot read IP mode file for STMicroelectronics.FP-SNS-MOTENV1.5.0.0
2025-08-13 21:35:50,572 [WARN] PackLoader:240 - Cannot read IP mode file for WES.I-CUBE-Cesium.1.3.0
2025-08-13 21:35:50,677 [WARN] PackLoader:240 - Cannot read IP mode file for STMicroelectronics.X-CUBE-BLE2.3.3.0
2025-08-13 21:35:50,693 [WARN] PackLoader:240 - Cannot read IP mode file for STMicroelectronics.X-CUBE-NFC9.1.0.0
2025-08-13 21:35:50,707 [WARN] PackLoader:240 - Cannot read IP mode file for wolfSSL.I-CUBE-wolfSSL.5.8.0
2025-08-13 21:35:50,714 [WARN] PackLoader:240 - Cannot read IP mode file for STMicroelectronics.X-CUBE-BLE1.7.1.0
2025-08-13 21:35:50,723 [WARN] PackLoader:240 - Cannot read IP mode file for wolfSSL.I-CUBE-wolfMQTT.1.19.2
2025-08-13 21:35:50,735 [WARN] PackLoader:240 - Cannot read IP mode file for STMicroelectronics.X-CUBE-EEPRMA1.5.2.0
2025-08-13 21:35:50,743 [WARN] PackLoader:240 - Cannot read IP mode file for STMicroelectronics.X-CUBE-AI.10.1.0
2025-08-13 21:35:50,827 [WARN] PackLoader:240 - Cannot read IP mode file for STMicroelectronics.X-CUBE-AZRTOS-G0.1.1.0
2025-08-13 21:35:50,851 [WARN] PackLoader:240 - Cannot read IP mode file for STMicroelectronics.X-CUBE-SAFEA1.1.2.2
2025-08-13 21:35:50,885 [WARN] PackLoader:240 - Cannot read IP mode file for STMicroelectronics.X-CUBE-NFC4.3.0.0
2025-08-13 21:35:50,907 [WARN] PackLoader:240 - Cannot read IP mode file for EmbeddedOffice.I-CUBE-FS-RTOS.1.0.1
2025-08-13 21:35:50,916 [WARN] PackLoader:240 - Cannot read IP mode file for STMicroelectronics.X-CUBE-WB05N.2.0.0
2025-08-13 21:35:50,928 [WARN] PackLoader:240 - Cannot read IP mode file for wolfSSL.I-CUBE-wolfTPM.3.8.0
2025-08-13 21:35:50,946 [WARN] PackLoader:240 - Cannot read IP mode file for STMicroelectronics.X-CUBE-TCPP.4.2.0
2025-08-13 21:35:50,979 [WARN] PackLoader:240 - Cannot read IP mode file for RealThread.X-CUBE-RT-Thread_Nano.4.1.1
2025-08-13 21:35:50,995 [WARN] PackLoader:240 - Cannot read IP mode file for STMicroelectronics.FP-ATR-SIGFOX1.3.2.0
2025-08-13 21:35:50,995 [INFO] WebApp:900 - Register for checkConnection events
2025-08-13 21:35:51,001 [INFO] WebApp:463 - Apply proxy settings
2025-08-13 21:35:51,001 [INFO] WebApp:548 - Chromium requires no authentication
2025-08-13 21:35:51,005 [INFO] WebApp:491 - Direct internet connection detected
2025-08-13 21:35:51,021 [WARN] PackLoader:240 - Cannot read IP mode file for ITTIA_DB.I-CUBE-ITTIADB.8.9.0
2025-08-13 21:35:51,088 [WARN] PackLoader:240 - Cannot read IP mode file for STMicroelectronics.X-CUBE-ST67W61.1.0.0
2025-08-13 21:35:51,095 [WARN] PackLoader:240 - Cannot read IP mode file for STMicroelectronics.X-CUBE-AI.10.2.0
2025-08-13 21:35:51,138 [WARN] PackLoader:240 - Cannot read IP mode file for SEGGER.I-CUBE-embOS.1.3.1
2025-08-13 21:35:51,223 [WARN] PackLoader:240 - Cannot read IP mode file for STMicroelectronics.X-CUBE-ALGOBUILD.1.4.0
2025-08-13 21:35:51,388 [WARN] PackLoader:240 - Cannot read IP mode file for STMicroelectronics.X-CUBE-MEMS1.11.3.0
2025-08-13 21:35:52,358 [WARN] PackLoader:240 - Cannot read IP mode file for STMicroelectronics.X-CUBE-PM33A1.1.0.0
2025-08-13 21:35:52,385 [WARN] PackLoader:240 - Cannot read IP mode file for STMicroelectronics.X-CUBE-AZRTOS-F4.1.1.0
2025-08-13 21:35:52,398 [WARN] PackLoader:240 - Cannot read IP mode file for Avnet-IotConnect.X-CUBE-IoTC-DA16k-PMOD.1.0.0
2025-08-13 21:35:52,405 [WARN] PackLoader:240 - Cannot read IP mode file for STMicroelectronics.X-CUBE-ISPU.2.1.0
2025-08-13 21:35:52,446 [WARN] PackLoader:240 - Cannot read IP mode file for STMicroelectronics.X-CUBE-NFC12.1.0.0
2025-08-13 21:35:52,471 [WARN] PackLoader:240 - Cannot read IP mode file for STMicroelectronics.X-CUBE-AZRTOS-L5.2.0.0
2025-08-13 21:35:52,511 [WARN] PackLoader:240 - Cannot read IP mode file for STMicroelectronics.X-CUBE-NFC6.3.1.0
2025-08-13 21:35:52,521 [WARN] PackLoader:240 - Cannot read IP mode file for STMicroelectronics.X-CUBE-FREERTOS.1.3.1
2025-08-13 21:35:52,528 [WARN] PackLoader:240 - Cannot read IP mode file for STMicroelectronics.FP-SNS-STAIOTCFT.1.0.0
2025-08-13 21:35:52,536 [WARN] PackLoader:240 - Cannot read IP mode file for STMicroelectronics.X-CUBE-DPower.1.3.0
2025-08-13 21:35:52,605 [WARN] ConditionMgr:438 - getConditionDescription Invalid condition id : LAN8742 Phy interface Condition cause : null
2025-08-13 21:35:52,619 [WARN] PackLoader:240 - Cannot read IP mode file for STMicroelectronics.X-CUBE-AZRTOS-L4.2.0.0
2025-08-13 21:35:52,621 [WARN] ConditionMgr:1044 - genDependencies : Invalid condition id : LAN8742 Phy interface Condition cause : null
2025-08-13 21:35:52,621 [WARN] ConditionMgr:1044 - genDependencies : Invalid condition id : LAN8742 Phy interface Condition cause : null
2025-08-13 21:35:52,622 [WARN] ConditionMgr:1044 - genDependencies : Invalid condition id : LAN8742 Phy interface Condition cause : null
2025-08-13 21:35:52,629 [WARN] PackLoader:240 - Cannot read IP mode file for STMicroelectronics.X-CUBE-SFXS2LP1.4.0.0
2025-08-13 21:35:52,652 [WARN] PackLoader:240 - Cannot read IP mode file for STMicroelectronics.X-CUBE-BLEMGR.4.1.0
2025-08-13 21:35:52,677 [WARN] ConditionMgr:438 - getConditionDescription Invalid condition id : UX DEVICE CLASS RTOS Condition cause : null
2025-08-13 21:35:52,677 [WARN] ConditionMgr:438 - getConditionDescription Invalid condition id : UX DEVICE CLASS RTOS Condition cause : null
2025-08-13 21:35:52,681 [WARN] PackLoader:240 - Cannot read IP mode file for STMicroelectronics.X-CUBE-AZRTOS-WB.2.0.0
2025-08-13 21:35:52,681 [WARN] ConditionMgr:1044 - genDependencies : Invalid condition id : UX DEVICE CLASS RTOS Condition cause : null
2025-08-13 21:35:52,681 [WARN] ConditionMgr:1044 - genDependencies : Invalid condition id : UX DEVICE CLASS RTOS Condition cause : null
2025-08-13 21:35:52,681 [WARN] ConditionMgr:1044 - genDependencies : Invalid condition id : UX DEVICE CLASS RTOS Condition cause : null
2025-08-13 21:35:52,681 [WARN] ConditionMgr:1044 - genDependencies : Invalid condition id : UX DEVICE CLASS RTOS Condition cause : null
2025-08-13 21:35:52,681 [WARN] ConditionMgr:1044 - genDependencies : Invalid condition id : UX DEVICE CLASS RTOS Condition cause : null
2025-08-13 21:35:52,700 [WARN] PackLoader:240 - Cannot read IP mode file for STMicroelectronics.X-CUBE-GNSS1.7.0.1
2025-08-13 21:35:52,748 [WARN] PackLoader:240 - Cannot read IP mode file for STMicroelectronics.X-CUBE-TOUCHGFX.4.25.0
2025-08-13 21:35:52,757 [WARN] PackLoader:240 - Cannot read IP mode file for STMicroelectronics.FP-SNS-STBOX1.2.0.0
2025-08-13 21:35:52,776 [WARN] PackLoader:240 - Cannot read IP mode file for STMicroelectronics.X-CUBE-SUBG2.5.0.0
2025-08-13 21:35:52,962 [WARN] PackLoader:240 - Cannot read IP mode file for STMicroelectronics.X-CUBE-AZRTOS-H7RS.1.1.0
2025-08-13 21:35:53,042 [WARN] PackLoader:240 - Cannot read IP mode file for Cesanta.I-CUBE-Mongoose.7.13.0
2025-08-13 21:35:53,073 [WARN] PackLoader:240 - Cannot read IP mode file for STMicroelectronics.X-CUBE-AZRTOS-G4.2.0.0
2025-08-13 21:35:53,096 [WARN] PackLoader:240 - Cannot read IP mode file for wolfSSL.I-CUBE-wolfSSH.1.4.20
2025-08-13 21:35:53,109 [WARN] PackLoader:240 - Cannot read IP mode file for STMicroelectronics.X-CUBE-NFC7.2.0.0
2025-08-13 21:35:53,122 [WARN] PackLoader:240 - Cannot read IP mode file for STMicroelectronics.X-CUBE-IPS.3.1.0
2025-08-13 21:35:53,149 [WARN] PackLoader:240 - Cannot read IP mode file for STMicroelectronics.X-CUBE-ALS.1.0.2
2025-08-13 21:35:53,167 [WARN] PackLoader:240 - Cannot read IP mode file for portGmbH.I-Cube-SoM-uGOAL.1.1.0
2025-08-13 21:35:53,191 [WARN] PackLoader:240 - Cannot read IP mode file for STMicroelectronics.X-CUBE-TOF1.3.4.3
2025-08-13 21:35:53,199 [INFO] ThirdParty:978 - Integrity check success = true
2025-08-13 21:35:53,199 [INFO] IntegrityCheckThread:100 - exiting critical section [integrity check]
2025-08-13 21:35:53,199 [INFO] IntegrityCheckThread:103 - End integrity checks thread
2025-08-13 21:35:53,932 [INFO] WebApp:225 - Starting web application
2025-08-13 21:35:53,932 [INFO] WebApp:593 - Web application path used C:\ST\STM32CubeIDE_1.19.0\STM32CubeIDE\plugins\com.st.stm32cube.common.mx_6.15.0.202507011659\db\plugins\mcufinder\reactClient1\index.html
2025-08-13 23:50:12,198 [ERROR] LogOutputStream:75 - [STDERR_REDIRECT] 
