2025-10-25 13:39:52,916 [INFO] Activator:176 - 


2025-10-25 13:39:52,922 [INFO] Activator:177 - !SESSION log4j initialized
2025-10-25 13:40:02,439 [INFO] LogOutputStream:77 - [STDOUT_REDIRECT] 
2025-10-25 13:40:05,465 [INFO] ApplicationProperties:184 - Using Application install path: C:\ST\STM32CubeIDE_1.19.0\STM32CubeIDE\plugins\com.st.stm32cube.common.mx_6.15.0.202507011659
2025-10-25 13:40:05,517 [INFO] DbMcusXml:78 - Set database path to: C:\ST\STM32CubeIDE_1.19.0\STM32CubeIDE\plugins\com.st.stm32cube.common.mx_6.15.0.202507011659\\db\/mcu/
2025-10-25 13:40:05,517 [INFO] ApiDb:274 - Set plugin database path to: C:\ST\STM32CubeIDE_1.19.0\STM32CubeIDE\plugins\com.st.stm32cube.common.mx_6.15.0.202507011659\\db\/plugins/boardmanager/
2025-10-25 13:40:05,517 [WARN] ApiDb:259 - Overriding images path with different value:  => C:\ST\STM32CubeIDE_1.19.0\STM32CubeIDE\plugins\com.st.stm32cube.common.mx_6.15.0.202507011659\\db\/plugins/mcufinder/images/
2025-10-25 13:40:05,539 [INFO] ApiDb:250 - Set database path to: C:\Users\kadir\.stmcufinder\plugins\mcufinder//mcu/
2025-10-25 13:40:05,539 [INFO] DbMcusAds:125 - Set database path to: C:\Users\kadir\.stmcufinder\plugins\mcufinder//mcu/
2025-10-25 13:40:05,548 [INFO] CrossReferenceDbSqlite:203 - Set database path to: C:\Users\kadir\.stmcufinder\plugins\mcufinder//mcu/cs/
2025-10-25 13:40:05,873 [INFO] RulesReader:64 - Compatibility file has been processed (317 Rules)
2025-10-25 13:40:06,214 [INFO] DbMcusXml:78 - Set database path to: C:\ST\STM32CubeIDE_1.19.0\STM32CubeIDE\plugins\com.st.stm32cube.common.mx_6.15.0.202507011659\\db\/mcu/
2025-10-25 13:40:06,214 [INFO] ApiDb:274 - Set plugin database path to: C:\ST\STM32CubeIDE_1.19.0\STM32CubeIDE\plugins\com.st.stm32cube.common.mx_6.15.0.202507011659\\db\/plugins/boardmanager/
2025-10-25 13:40:06,214 [INFO] ApiDb:261 - Set plugin images path to: C:\ST\STM32CubeIDE_1.19.0\STM32CubeIDE\plugins\com.st.stm32cube.common.mx_6.15.0.202507011659\\db\/plugins/mcufinder/images/
2025-10-25 13:40:06,214 [WARN] DbFile:41 - Overriding database path with different value: C:\Users\kadir\.stmcufinder\plugins\mcufinder/ => C:\Users\kadir\.stmcufinder\plugins\mcufinder
2025-10-25 13:40:06,214 [INFO] ApiDb:250 - Set database path to: C:\Users\kadir\.stmcufinder\plugins\mcufinder//mcu/
2025-10-25 13:40:06,214 [WARN] DbFile:41 - Overriding database path with different value: C:\Users\kadir\.stmcufinder\plugins\mcufinder/ => C:\Users\kadir\.stmcufinder\plugins\mcufinder
2025-10-25 13:40:06,214 [INFO] DbMcusAds:125 - Set database path to: C:\Users\kadir\.stmcufinder\plugins\mcufinder//mcu/
2025-10-25 13:40:06,214 [WARN] DbFile:41 - Overriding database path with different value: C:\Users\kadir\.stmcufinder\plugins\mcufinder/ => C:\Users\kadir\.stmcufinder\plugins\mcufinder
2025-10-25 13:40:06,214 [WARN] DbFile:41 - Overriding database path with different value: C:\Users\kadir\.stmcufinder\plugins\mcufinder/ => C:\Users\kadir\.stmcufinder\plugins\mcufinder
2025-10-25 13:40:06,214 [INFO] CrossReferenceDbSqlite:203 - Set database path to: C:\Users\kadir\.stmcufinder\plugins\mcufinder//mcu/cs/
2025-10-25 13:40:06,362 [INFO] MainPanel:274 - HeapMemory: 268435456
2025-10-25 13:40:06,600 [INFO] DbMcusXml:78 - Set database path to: C:\ST\STM32CubeIDE_1.19.0\STM32CubeIDE\plugins\com.st.stm32cube.common.mx_6.15.0.202507011659\\db\/mcu/
2025-10-25 13:40:06,600 [INFO] ApiDb:274 - Set plugin database path to: C:\ST\STM32CubeIDE_1.19.0\STM32CubeIDE\plugins\com.st.stm32cube.common.mx_6.15.0.202507011659\\db\/plugins/boardmanager/
2025-10-25 13:40:06,600 [INFO] ApiDb:261 - Set plugin images path to: C:\ST\STM32CubeIDE_1.19.0\STM32CubeIDE\plugins\com.st.stm32cube.common.mx_6.15.0.202507011659\\db\/plugins/mcufinder/images/
2025-10-25 13:40:06,600 [WARN] DbFile:41 - Overriding database path with different value: C:\Users\kadir\.stmcufinder\plugins\mcufinder/ => C:\Users\kadir\.stmcufinder\plugins\mcufinder
2025-10-25 13:40:06,600 [INFO] ApiDb:250 - Set database path to: C:\Users\kadir\.stmcufinder\plugins\mcufinder//mcu/
2025-10-25 13:40:06,600 [WARN] DbFile:41 - Overriding database path with different value: C:\Users\kadir\.stmcufinder\plugins\mcufinder/ => C:\Users\kadir\.stmcufinder\plugins\mcufinder
2025-10-25 13:40:06,600 [INFO] DbMcusAds:125 - Set database path to: C:\Users\kadir\.stmcufinder\plugins\mcufinder//mcu/
2025-10-25 13:40:06,600 [WARN] DbFile:41 - Overriding database path with different value: C:\Users\kadir\.stmcufinder\plugins\mcufinder/ => C:\Users\kadir\.stmcufinder\plugins\mcufinder
2025-10-25 13:40:06,600 [WARN] DbFile:41 - Overriding database path with different value: C:\Users\kadir\.stmcufinder\plugins\mcufinder/ => C:\Users\kadir\.stmcufinder\plugins\mcufinder
2025-10-25 13:40:06,600 [INFO] CrossReferenceDbSqlite:203 - Set database path to: C:\Users\kadir\.stmcufinder\plugins\mcufinder//mcu/cs/
2025-10-25 13:40:06,629 [INFO] ApplicationProperties:184 - Using Application install path: C:\ST\STM32CubeIDE_1.19.0\STM32CubeIDE\plugins\com.st.stm32cube.common.mx_6.15.0.202507011659
2025-10-25 13:40:06,637 [INFO] PluginManage:196 - Search for loadable plugins [exclusion list=, ]
2025-10-25 13:40:06,639 [INFO] PluginManage:310 - Check plugin analytics
2025-10-25 13:40:06,970 [INFO] AnalyticsPlugin:253 - Accepted Software Licenses: STM32CubeMX.6.15.0
2025-10-25 13:40:06,970 [INFO] AnalyticsPlugin:255 - Accepted CMSIS Pack Licenses: 
2025-10-25 13:40:06,973 [INFO] AnalyticsPlugin:257 - Accepted Firmware Licenses: FW.F4.1.28.0
2025-10-25 13:40:07,006 [INFO] PluginManage:359 - Loaded plugin analytics (category:tool,tabindex:-1)
2025-10-25 13:40:07,006 [INFO] PluginManage:310 - Check plugin cadmodel
2025-10-25 13:40:07,012 [INFO] CADModel:105 - Init CAD model plugin
2025-10-25 13:40:07,012 [INFO] PluginManage:359 - Loaded plugin cadmodel (category:power,tabindex:5)
2025-10-25 13:40:07,020 [INFO] PluginManage:310 - Check plugin clock
2025-10-25 13:40:07,039 [INFO] PluginManage:359 - Loaded plugin clock (category:base,tabindex:2)
2025-10-25 13:40:07,039 [INFO] PluginManage:310 - Check plugin ddr
2025-10-25 13:40:07,039 [INFO] PluginManage:359 - Loaded plugin ddr (category:tool,tabindex:6)
2025-10-25 13:40:07,039 [INFO] PluginManage:310 - Check plugin filemanager
2025-10-25 13:40:07,372 [INFO] PluginManage:359 - Loaded plugin filemanager (category:base,tabindex:10)
2025-10-25 13:40:07,372 [INFO] PluginManage:310 - Check plugin ipmanager
2025-10-25 13:40:07,387 [INFO] PluginManage:359 - Loaded plugin ipmanager (category:base,tabindex:5)
2025-10-25 13:40:07,387 [INFO] PluginManage:310 - Check plugin lpbam
2025-10-25 13:40:07,410 [INFO] PluginManage:359 - Loaded plugin lpbam (category:base,tabindex:0)
2025-10-25 13:40:07,410 [INFO] PluginManage:310 - Check plugin memorymap
2025-10-25 13:40:07,441 [INFO] PluginManage:359 - Loaded plugin memorymap (category:base,tabindex:4)
2025-10-25 13:40:07,441 [INFO] PluginManage:310 - Check plugin pinoutandconfiguration
2025-10-25 13:40:07,462 [INFO] PluginManage:359 - Loaded plugin pinoutandconfiguration (category:base,tabindex:1)
2025-10-25 13:40:07,462 [INFO] PluginManage:310 - Check plugin pinoutconfig
2025-10-25 13:40:07,672 [WARN] SupportedApi:132 - Cannot load RTOS API schema: s4s-elt-must-match.1: The content of 'definitions' must match (annotation?, (simpleType | complexType)?, (unique | key | keyref)*)). A problem was found starting at: attribute.
2025-10-25 13:40:08,037 [INFO] PluginManage:359 - Loaded plugin pinoutconfig (category:base,tabindex:0)
2025-10-25 13:40:08,037 [INFO] PluginManage:310 - Check plugin power
2025-10-25 13:40:08,056 [INFO] PluginManage:359 - Loaded plugin power (category:power,tabindex:4)
2025-10-25 13:40:08,056 [INFO] PluginManage:310 - Check plugin projectmanager
2025-10-25 13:40:08,090 [INFO] PluginManage:359 - Loaded plugin projectmanager (category:projectmanager,tabindex:4)
2025-10-25 13:40:08,090 [INFO] PluginManage:310 - Check plugin rif
2025-10-25 13:40:08,110 [INFO] PluginManage:359 - Loaded plugin rif (category:base,tabindex:3)
2025-10-25 13:40:08,110 [INFO] PluginManage:310 - Check plugin thirdparty
2025-10-25 13:40:08,424 [INFO] PluginManage:359 - Loaded plugin thirdparty (category:base,tabindex:-1)
2025-10-25 13:40:08,424 [WARN] IntegrityCheckThread:84 - waiting for thirdparty lock release [integrity check]
2025-10-25 13:40:08,424 [INFO] IntegrityCheckThread:86 - entering critical section [integrity check]
2025-10-25 13:40:08,424 [INFO] PluginManage:310 - Check plugin tools
2025-10-25 13:40:08,424 [INFO] ThirdPartyUpdaterWithRetryManager:70 - Updater plugin not ready yet. [1/15]
2025-10-25 13:40:08,429 [INFO] PluginManage:359 - Loaded plugin tools (category:base,tabindex:7)
2025-10-25 13:40:08,429 [INFO] PluginManage:310 - Check plugin tutovideos
2025-10-25 13:40:08,928 [INFO] PluginManage:359 - Loaded plugin tutovideos (category:base,tabindex:-1)
2025-10-25 13:40:08,928 [INFO] PluginManage:310 - Check plugin updater
2025-10-25 13:40:08,988 [INFO] PluginManage:359 - Loaded plugin updater (category:base,tabindex:12)
2025-10-25 13:40:08,988 [INFO] PluginManage:310 - Check plugin userauth
2025-10-25 13:40:08,996 [INFO] UserAuth:118 - Init User Auth plugin
2025-10-25 13:40:09,004 [INFO] PluginManage:359 - Loaded plugin userauth (category:base,tabindex:14)
2025-10-25 13:40:09,004 [INFO] PluginManage:283 - PluginManage : Loaded plugins [18]
2025-10-25 13:40:09,620 [INFO] PinOutPanel:1589 - setPackage(No Configuration,No Configuration)
2025-10-25 13:40:09,979 [INFO] CADModel:165 - CPN selected for project level
2025-10-25 13:40:09,979 [INFO] CADModel:114 - Register for checkConnection events
2025-10-25 13:40:10,012 [INFO] IPUIPlugin:80 - create IPUIPlugin
2025-10-25 13:40:10,020 [INFO] PluginManager:220 - loadIPPluginJar : add adc
2025-10-25 13:40:10,023 [INFO] IPUIPlugin:80 - create IPUIPlugin
2025-10-25 13:40:10,023 [INFO] PluginManager:220 - loadIPPluginJar : add aes
2025-10-25 13:40:10,030 [INFO] IPUIPlugin:80 - create IPUIPlugin
2025-10-25 13:40:10,030 [INFO] PluginManager:220 - loadIPPluginJar : add can
2025-10-25 13:40:10,035 [INFO] IPUIPlugin:80 - create IPUIPlugin
2025-10-25 13:40:10,037 [INFO] PluginManager:220 - loadIPPluginJar : add comp
2025-10-25 13:40:10,037 [INFO] IPUIPlugin:80 - create IPUIPlugin
2025-10-25 13:40:10,037 [INFO] PluginManager:220 - loadIPPluginJar : add cryp
2025-10-25 13:40:10,045 [INFO] IPUIPlugin:80 - create IPUIPlugin
2025-10-25 13:40:10,045 [INFO] PluginManager:220 - loadIPPluginJar : add ddr_ctrl_phy
2025-10-25 13:40:10,055 [INFO] IPUIPlugin:80 - create IPUIPlugin
2025-10-25 13:40:10,056 [INFO] PluginManager:220 - loadIPPluginJar : add dfsdm
2025-10-25 13:40:10,065 [INFO] IPUIPlugin:80 - create IPUIPlugin
2025-10-25 13:40:10,069 [INFO] PluginManager:220 - loadIPPluginJar : add dma
2025-10-25 13:40:10,077 [INFO] IPUIPlugin:80 - create IPUIPlugin
2025-10-25 13:40:10,077 [INFO] PluginManager:220 - loadIPPluginJar : add dma3
2025-10-25 13:40:10,085 [INFO] IPUIPlugin:80 - create IPUIPlugin
2025-10-25 13:40:10,085 [INFO] PluginManager:220 - loadIPPluginJar : add extmemmanager
2025-10-25 13:40:10,089 [INFO] IPUIPlugin:80 - create IPUIPlugin
2025-10-25 13:40:10,089 [INFO] PluginManager:220 - loadIPPluginJar : add fatfs
2025-10-25 13:40:10,127 [INFO] IPUIPlugin:80 - create IPUIPlugin
2025-10-25 13:40:10,127 [INFO] PluginManager:220 - loadIPPluginJar : add fmc
2025-10-25 13:40:10,143 [INFO] IPUIPlugin:80 - create IPUIPlugin
2025-10-25 13:40:10,143 [INFO] PluginManager:220 - loadIPPluginJar : add freertos
2025-10-25 13:40:10,151 [INFO] IPUIPlugin:80 - create IPUIPlugin
2025-10-25 13:40:10,151 [INFO] PluginManager:220 - loadIPPluginJar : add genericplugin
2025-10-25 13:40:10,156 [INFO] IPUIPlugin:80 - create IPUIPlugin
2025-10-25 13:40:10,159 [INFO] PluginManager:220 - loadIPPluginJar : add gfxmmu
2025-10-25 13:40:10,170 [INFO] IPUIPlugin:80 - create IPUIPlugin
2025-10-25 13:40:10,170 [INFO] PluginManager:220 - loadIPPluginJar : add gic
2025-10-25 13:40:10,177 [INFO] IPUIPlugin:80 - create IPUIPlugin
2025-10-25 13:40:10,179 [INFO] PluginManager:220 - loadIPPluginJar : add gpio
2025-10-25 13:40:10,185 [INFO] IPUIPlugin:80 - create IPUIPlugin
2025-10-25 13:40:10,185 [INFO] PluginManager:220 - loadIPPluginJar : add gtzc
2025-10-25 13:40:10,188 [INFO] IPUIPlugin:80 - create IPUIPlugin
2025-10-25 13:40:10,188 [INFO] PluginManager:220 - loadIPPluginJar : add hash
2025-10-25 13:40:10,196 [INFO] IPUIPlugin:80 - create IPUIPlugin
2025-10-25 13:40:10,196 [INFO] PluginManager:220 - loadIPPluginJar : add i2c
2025-10-25 13:40:10,200 [INFO] IPUIPlugin:80 - create IPUIPlugin
2025-10-25 13:40:10,200 [INFO] PluginManager:220 - loadIPPluginJar : add i2s
2025-10-25 13:40:10,207 [INFO] IPUIPlugin:80 - create IPUIPlugin
2025-10-25 13:40:10,207 [INFO] PluginManager:220 - loadIPPluginJar : add i3c
2025-10-25 13:40:10,215 [INFO] IPUIPlugin:80 - create IPUIPlugin
2025-10-25 13:40:10,215 [INFO] PluginManager:220 - loadIPPluginJar : add ipddr
2025-10-25 13:40:10,231 [INFO] IPUIPlugin:80 - create IPUIPlugin
2025-10-25 13:40:10,231 [INFO] PluginManager:220 - loadIPPluginJar : add linkedlist
2025-10-25 13:40:10,240 [INFO] IPUIPlugin:80 - create IPUIPlugin
2025-10-25 13:40:10,240 [INFO] PluginManager:220 - loadIPPluginJar : add lorawan
2025-10-25 13:40:10,240 [INFO] IPUIPlugin:80 - create IPUIPlugin
2025-10-25 13:40:10,240 [INFO] PluginManager:220 - loadIPPluginJar : add ltdc
2025-10-25 13:40:10,248 [INFO] IPUIPlugin:80 - create IPUIPlugin
2025-10-25 13:40:10,248 [INFO] PluginManager:220 - loadIPPluginJar : add mdma
2025-10-25 13:40:10,256 [INFO] IPUIPlugin:80 - create IPUIPlugin
2025-10-25 13:40:10,256 [INFO] PluginManager:220 - loadIPPluginJar : add nvic
2025-10-25 13:40:10,264 [INFO] IPUIPlugin:80 - create IPUIPlugin
2025-10-25 13:40:10,264 [INFO] PluginManager:220 - loadIPPluginJar : add opamp
2025-10-25 13:40:10,272 [INFO] IPUIPlugin:80 - create IPUIPlugin
2025-10-25 13:40:10,272 [INFO] PluginManager:220 - loadIPPluginJar : add openamp
2025-10-25 13:40:10,281 [INFO] IPUIPlugin:80 - create IPUIPlugin
2025-10-25 13:40:10,281 [INFO] PluginManager:220 - loadIPPluginJar : add pdm2pcm
2025-10-25 13:40:10,295 [INFO] IPUIPlugin:80 - create IPUIPlugin
2025-10-25 13:40:10,304 [INFO] PluginManager:220 - loadIPPluginJar : add plateformsettings
2025-10-25 13:40:10,329 [INFO] IPUIPlugin:80 - create IPUIPlugin
2025-10-25 13:40:10,329 [INFO] PluginManager:220 - loadIPPluginJar : add quadspi
2025-10-25 13:40:10,337 [INFO] IPUIPlugin:80 - create IPUIPlugin
2025-10-25 13:40:10,337 [INFO] PluginManager:220 - loadIPPluginJar : add radio
2025-10-25 13:40:10,366 [INFO] IPUIPlugin:80 - create IPUIPlugin
2025-10-25 13:40:10,366 [INFO] PluginManager:220 - loadIPPluginJar : add resmgrutility
2025-10-25 13:40:10,372 [INFO] IPUIPlugin:80 - create IPUIPlugin
2025-10-25 13:40:10,372 [INFO] PluginManager:220 - loadIPPluginJar : add sai
2025-10-25 13:40:10,379 [INFO] IPUIPlugin:80 - create IPUIPlugin
2025-10-25 13:40:10,379 [INFO] PluginManager:220 - loadIPPluginJar : add spi
2025-10-25 13:40:10,399 [INFO] IPUIPlugin:80 - create IPUIPlugin
2025-10-25 13:40:10,399 [INFO] PluginManager:220 - loadIPPluginJar : add stm32_wpan
2025-10-25 13:40:10,402 [INFO] IPUIPlugin:80 - create IPUIPlugin
2025-10-25 13:40:10,402 [INFO] PluginManager:220 - loadIPPluginJar : add tim
2025-10-25 13:40:10,407 [INFO] IPUIPlugin:80 - create IPUIPlugin
2025-10-25 13:40:10,407 [INFO] PluginManager:220 - loadIPPluginJar : add touchsensing
2025-10-25 13:40:10,412 [INFO] IPUIPlugin:80 - create IPUIPlugin
2025-10-25 13:40:10,412 [INFO] PluginManager:220 - loadIPPluginJar : add tracer_emb
2025-10-25 13:40:10,412 [INFO] IPUIPlugin:80 - create IPUIPlugin
2025-10-25 13:40:10,412 [INFO] PluginManager:220 - loadIPPluginJar : add ts
2025-10-25 13:40:10,421 [INFO] IPUIPlugin:80 - create IPUIPlugin
2025-10-25 13:40:10,422 [INFO] PluginManager:220 - loadIPPluginJar : add tsc
2025-10-25 13:40:10,426 [INFO] IPUIPlugin:80 - create IPUIPlugin
2025-10-25 13:40:10,426 [INFO] PluginManager:220 - loadIPPluginJar : add ucpd
2025-10-25 13:40:10,430 [INFO] IPUIPlugin:80 - create IPUIPlugin
2025-10-25 13:40:10,430 [INFO] PluginManager:220 - loadIPPluginJar : add usart
2025-10-25 13:40:10,445 [INFO] IPUIPlugin:80 - create IPUIPlugin
2025-10-25 13:40:10,445 [INFO] PluginManager:220 - loadIPPluginJar : add usbx
2025-10-25 13:40:10,679 [FATAL] Updater:351 - Updater called before beeing initialized
2025-10-25 13:40:10,754 [INFO] RulesReader:64 - Compatibility file has been processed (317 Rules)
2025-10-25 13:40:10,804 [INFO] RulesReader:64 - Compatibility file has been processed (317 Rules)
2025-10-25 13:40:10,857 [INFO] CADModel:165 - CPN selected for project level
2025-10-25 13:40:10,857 [INFO] CADModel:114 - Register for checkConnection events
2025-10-25 13:40:10,857 [FATAL] Updater:351 - Updater called before beeing initialized
2025-10-25 13:40:10,857 [ERROR] CADModel:125 - Updater not yet initialized, retry later 
2025-10-25 13:40:11,480 [INFO] ThirdPartyUpdaterWithRetryManager:70 - Updater plugin not ready yet. [2/15]
2025-10-25 13:40:11,521 [FATAL] Updater:351 - Updater called before beeing initialized
2025-10-25 13:40:11,529 [INFO] CADModel:165 - CPN selected for project level
2025-10-25 13:40:11,529 [INFO] CADModel:114 - Register for checkConnection events
2025-10-25 13:40:11,532 [FATAL] Updater:351 - Updater called before beeing initialized
2025-10-25 13:40:11,532 [ERROR] CADModel:125 - Updater not yet initialized, retry later 
2025-10-25 13:40:11,537 [FATAL] Updater:351 - Updater called before beeing initialized
2025-10-25 13:40:11,770 [FATAL] Updater:351 - Updater called before beeing initialized
2025-10-25 13:40:11,787 [INFO] DbMcusAds:53 - JSON generation date=Thu Oct 02 12:36:05 TRT 2025 (1759397765645)
2025-10-25 13:40:11,787 [FATAL] Updater:351 - Updater called before beeing initialized
2025-10-25 13:40:11,846 [WARN] DetailPanel:346 - Failed to get advertising image, set to default
2025-10-25 13:40:12,055 [FATAL] Updater:351 - Updater called before beeing initialized
2025-10-25 13:40:12,056 [FATAL] Updater:351 - Updater called before beeing initialized
2025-10-25 13:40:12,056 [FATAL] Updater:351 - Updater called before beeing initialized
2025-10-25 13:40:12,056 [WARN] DetailPanel:346 - Failed to get advertising image, set to default
2025-10-25 13:40:12,062 [FATAL] Updater:351 - Updater called before beeing initialized
2025-10-25 13:40:12,218 [ERROR] Updater:1198 - MainUpdater not yet initialized. External WinMGr cannot be set.
2025-10-25 13:40:12,222 [INFO] Updater:1134 - Updater Version found : 6.15.0
2025-10-25 13:40:12,262 [INFO] ApplicationProperties:184 - Using Application install path: C:\ST\STM32CubeIDE_1.19.0\STM32CubeIDE\plugins\com.st.stm32cube.common.mx_6.15.0.202507011659
2025-10-25 13:40:13,876 [ERROR] LogOutputStream:75 - [STDERR_REDIRECT] Oct 25, 2025 1:40:13 PM java.util.prefs.WindowsPreferences <init>
2025-10-25 13:40:13,882 [ERROR] LogOutputStream:75 - [STDERR_REDIRECT] WARNING: Could not open/create prefs root node Software\JavaSoft\Prefs at root 0xffffffff80000002. Windows RegCreateKeyEx(...) returned error code 5.
2025-10-25 13:40:13,882 [ERROR] LogOutputStream:75 - [STDERR_REDIRECT] 
2025-10-25 13:40:14,929 [FATAL] Updater:351 - Updater called before beeing initialized
2025-10-25 13:40:14,929 [ERROR] IntegrityCheckThread:130 - Cannot retrieve database content from updater: error 21
2025-10-25 13:40:14,929 [INFO] ThirdParty:978 - Integrity check success = false
2025-10-25 13:40:14,929 [INFO] IntegrityCheckThread:100 - exiting critical section [integrity check]
2025-10-25 13:40:14,929 [INFO] IntegrityCheckThread:103 - End integrity checks thread
2025-10-25 13:40:16,063 [INFO] MainUpdater:2872 - connection check result : 10
2025-10-25 13:40:16,070 [INFO] MainUpdater:289 - Updater Check For Update Now.
2025-10-25 13:40:16,070 [INFO] MicroXplorer:498 - Change Database Version : DB.6.0.150
2025-10-25 13:40:16,084 [INFO] McuFinderGlobals:63 - Set McuFinder mode to 2 (CubeIDE integrated)
2025-10-25 13:40:16,084 [INFO] UserAuth:171 - activating auth plugin
2025-10-25 13:40:16,093 [INFO] UserAuth:487 - Internet connection configuration mode: 1
2025-10-25 13:40:16,170 [INFO] JxBrowserEngine:152 - Initiate JxBrowser Engine with user profile folder
2025-10-25 13:40:16,317 [INFO] CheckServerUpdateThread:120 - End of CheckServer Thread
2025-10-25 13:40:17,796 [INFO] WebApp:169 - Instantiating new browser for Auth
2025-10-25 13:40:18,578 [INFO] WebApp:463 - Apply proxy settings
2025-10-25 13:40:18,580 [INFO] WebApp:548 - Chromium requires no authentication
2025-10-25 13:40:18,596 [INFO] WebApp:491 - Direct internet connection detected
2025-10-25 13:40:18,613 [INFO] WebApp:900 - Register for checkConnection events
2025-10-25 13:40:18,613 [INFO] WebApp:463 - Apply proxy settings
2025-10-25 13:40:18,613 [INFO] WebApp:548 - Chromium requires no authentication
2025-10-25 13:40:18,613 [INFO] WebApp:491 - Direct internet connection detected
2025-10-25 13:40:18,803 [INFO] WebApp:225 - Starting web application
2025-10-25 13:40:18,803 [INFO] WebApp:593 - Web application path used C:\ST\STM32CubeIDE_1.19.0\STM32CubeIDE\plugins\com.st.stm32cube.common.mx_6.15.0.202507011659\db\plugins\mcufinder\reactClient1\index.html
2025-10-25 13:40:19,191 [INFO] WebApp:191 - Connection restablished
2025-10-25 16:52:17,959 [INFO] WebApp:194 - Connection lost
2025-10-25 19:21:16,459 [INFO] WebApp:191 - Connection restablished
2025-10-25 20:35:32,436 [INFO] WebApp:194 - Connection lost
2025-10-25 20:35:32,751 [INFO] WebApp:191 - Connection restablished
2025-10-25 20:35:41,412 [INFO] WebApp:194 - Connection lost
2025-10-25 20:35:41,625 [INFO] WebApp:191 - Connection restablished
2025-10-25 22:24:47,625 [ERROR] LogOutputStream:75 - [STDERR_REDIRECT] 
