2025-08-10 10:55:49,936 [INFO] Activator:176 - 


2025-08-10 10:55:49,945 [INFO] Activator:177 - !SESSION log4j initialized
2025-08-10 10:56:02,377 [INFO] LogOutputStream:77 - [STDOUT_REDIRECT] 
2025-08-10 10:56:04,976 [INFO] ApplicationProperties:184 - Using Application install path: C:\ST\STM32CubeIDE_1.19.0\STM32CubeIDE\plugins\com.st.stm32cube.common.mx_6.15.0.202507011659
2025-08-10 10:56:05,009 [INFO] DbMcusXml:78 - Set database path to: C:\ST\STM32CubeIDE_1.19.0\STM32CubeIDE\plugins\com.st.stm32cube.common.mx_6.15.0.202507011659\\db\/mcu/
2025-08-10 10:56:05,009 [INFO] ApiDb:274 - Set plugin database path to: C:\ST\STM32CubeIDE_1.19.0\STM32CubeIDE\plugins\com.st.stm32cube.common.mx_6.15.0.202507011659\\db\/plugins/boardmanager/
2025-08-10 10:56:05,009 [WARN] ApiDb:259 - Overriding images path with different value:  => C:\ST\STM32CubeIDE_1.19.0\STM32CubeIDE\plugins\com.st.stm32cube.common.mx_6.15.0.202507011659\\db\/plugins/mcufinder/images/
2025-08-10 10:56:05,027 [INFO] ApiDb:250 - Set database path to: C:\Users\kadir\.stmcufinder\plugins\mcufinder//mcu/
2025-08-10 10:56:05,027 [INFO] DbMcusAds:125 - Set database path to: C:\Users\kadir\.stmcufinder\plugins\mcufinder//mcu/
2025-08-10 10:56:05,036 [INFO] CrossReferenceDbSqlite:203 - Set database path to: C:\Users\kadir\.stmcufinder\plugins\mcufinder//mcu/cs/
2025-08-10 10:56:05,319 [INFO] RulesReader:64 - Compatibility file has been processed (317 Rules)
2025-08-10 10:56:05,479 [INFO] DbMcusXml:78 - Set database path to: C:\ST\STM32CubeIDE_1.19.0\STM32CubeIDE\plugins\com.st.stm32cube.common.mx_6.15.0.202507011659\\db\/mcu/
2025-08-10 10:56:05,479 [INFO] ApiDb:274 - Set plugin database path to: C:\ST\STM32CubeIDE_1.19.0\STM32CubeIDE\plugins\com.st.stm32cube.common.mx_6.15.0.202507011659\\db\/plugins/boardmanager/
2025-08-10 10:56:05,479 [INFO] ApiDb:261 - Set plugin images path to: C:\ST\STM32CubeIDE_1.19.0\STM32CubeIDE\plugins\com.st.stm32cube.common.mx_6.15.0.202507011659\\db\/plugins/mcufinder/images/
2025-08-10 10:56:05,479 [WARN] DbFile:41 - Overriding database path with different value: C:\Users\kadir\.stmcufinder\plugins\mcufinder/ => C:\Users\kadir\.stmcufinder\plugins\mcufinder
2025-08-10 10:56:05,479 [INFO] ApiDb:250 - Set database path to: C:\Users\kadir\.stmcufinder\plugins\mcufinder//mcu/
2025-08-10 10:56:05,479 [WARN] DbFile:41 - Overriding database path with different value: C:\Users\kadir\.stmcufinder\plugins\mcufinder/ => C:\Users\kadir\.stmcufinder\plugins\mcufinder
2025-08-10 10:56:05,479 [INFO] DbMcusAds:125 - Set database path to: C:\Users\kadir\.stmcufinder\plugins\mcufinder//mcu/
2025-08-10 10:56:05,479 [WARN] DbFile:41 - Overriding database path with different value: C:\Users\kadir\.stmcufinder\plugins\mcufinder/ => C:\Users\kadir\.stmcufinder\plugins\mcufinder
2025-08-10 10:56:05,479 [WARN] DbFile:41 - Overriding database path with different value: C:\Users\kadir\.stmcufinder\plugins\mcufinder/ => C:\Users\kadir\.stmcufinder\plugins\mcufinder
2025-08-10 10:56:05,481 [INFO] CrossReferenceDbSqlite:203 - Set database path to: C:\Users\kadir\.stmcufinder\plugins\mcufinder//mcu/cs/
2025-08-10 10:56:05,610 [INFO] MainPanel:274 - HeapMemory: 268435456
2025-08-10 10:56:05,838 [INFO] DbMcusXml:78 - Set database path to: C:\ST\STM32CubeIDE_1.19.0\STM32CubeIDE\plugins\com.st.stm32cube.common.mx_6.15.0.202507011659\\db\/mcu/
2025-08-10 10:56:05,838 [INFO] ApiDb:274 - Set plugin database path to: C:\ST\STM32CubeIDE_1.19.0\STM32CubeIDE\plugins\com.st.stm32cube.common.mx_6.15.0.202507011659\\db\/plugins/boardmanager/
2025-08-10 10:56:05,838 [INFO] ApiDb:261 - Set plugin images path to: C:\ST\STM32CubeIDE_1.19.0\STM32CubeIDE\plugins\com.st.stm32cube.common.mx_6.15.0.202507011659\\db\/plugins/mcufinder/images/
2025-08-10 10:56:05,838 [WARN] DbFile:41 - Overriding database path with different value: C:\Users\kadir\.stmcufinder\plugins\mcufinder/ => C:\Users\kadir\.stmcufinder\plugins\mcufinder
2025-08-10 10:56:05,838 [INFO] ApiDb:250 - Set database path to: C:\Users\kadir\.stmcufinder\plugins\mcufinder//mcu/
2025-08-10 10:56:05,838 [WARN] DbFile:41 - Overriding database path with different value: C:\Users\kadir\.stmcufinder\plugins\mcufinder/ => C:\Users\kadir\.stmcufinder\plugins\mcufinder
2025-08-10 10:56:05,840 [INFO] DbMcusAds:125 - Set database path to: C:\Users\kadir\.stmcufinder\plugins\mcufinder//mcu/
2025-08-10 10:56:05,840 [WARN] DbFile:41 - Overriding database path with different value: C:\Users\kadir\.stmcufinder\plugins\mcufinder/ => C:\Users\kadir\.stmcufinder\plugins\mcufinder
2025-08-10 10:56:05,840 [WARN] DbFile:41 - Overriding database path with different value: C:\Users\kadir\.stmcufinder\plugins\mcufinder/ => C:\Users\kadir\.stmcufinder\plugins\mcufinder
2025-08-10 10:56:05,840 [INFO] CrossReferenceDbSqlite:203 - Set database path to: C:\Users\kadir\.stmcufinder\plugins\mcufinder//mcu/cs/
2025-08-10 10:56:05,868 [INFO] ApplicationProperties:184 - Using Application install path: C:\ST\STM32CubeIDE_1.19.0\STM32CubeIDE\plugins\com.st.stm32cube.common.mx_6.15.0.202507011659
2025-08-10 10:56:05,868 [INFO] PluginManage:196 - Search for loadable plugins [exclusion list=, ]
2025-08-10 10:56:05,876 [INFO] PluginManage:310 - Check plugin analytics
2025-08-10 10:56:06,286 [INFO] AnalyticsPlugin:253 - Accepted Software Licenses: STM32CubeMX.6.15.0
2025-08-10 10:56:06,286 [INFO] AnalyticsPlugin:255 - Accepted CMSIS Pack Licenses: 
2025-08-10 10:56:06,286 [INFO] AnalyticsPlugin:257 - Accepted Firmware Licenses: 
2025-08-10 10:56:06,296 [INFO] PluginManage:359 - Loaded plugin analytics (category:tool,tabindex:-1)
2025-08-10 10:56:06,296 [INFO] PluginManage:310 - Check plugin cadmodel
2025-08-10 10:56:06,306 [INFO] CADModel:105 - Init CAD model plugin
2025-08-10 10:56:06,306 [INFO] PluginManage:359 - Loaded plugin cadmodel (category:power,tabindex:5)
2025-08-10 10:56:06,309 [INFO] PluginManage:310 - Check plugin clock
2025-08-10 10:56:06,326 [INFO] PluginManage:359 - Loaded plugin clock (category:base,tabindex:2)
2025-08-10 10:56:06,326 [INFO] PluginManage:310 - Check plugin ddr
2025-08-10 10:56:06,328 [INFO] PluginManage:359 - Loaded plugin ddr (category:tool,tabindex:6)
2025-08-10 10:56:06,328 [INFO] PluginManage:310 - Check plugin filemanager
2025-08-10 10:56:06,668 [INFO] PluginManage:359 - Loaded plugin filemanager (category:base,tabindex:10)
2025-08-10 10:56:06,668 [INFO] PluginManage:310 - Check plugin ipmanager
2025-08-10 10:56:06,691 [INFO] PluginManage:359 - Loaded plugin ipmanager (category:base,tabindex:5)
2025-08-10 10:56:06,693 [INFO] PluginManage:310 - Check plugin lpbam
2025-08-10 10:56:06,715 [INFO] PluginManage:359 - Loaded plugin lpbam (category:base,tabindex:0)
2025-08-10 10:56:06,716 [INFO] PluginManage:310 - Check plugin memorymap
2025-08-10 10:56:06,752 [INFO] PluginManage:359 - Loaded plugin memorymap (category:base,tabindex:4)
2025-08-10 10:56:06,752 [INFO] PluginManage:310 - Check plugin pinoutandconfiguration
2025-08-10 10:56:06,768 [INFO] PluginManage:359 - Loaded plugin pinoutandconfiguration (category:base,tabindex:1)
2025-08-10 10:56:06,768 [INFO] PluginManage:310 - Check plugin pinoutconfig
2025-08-10 10:56:07,038 [WARN] SupportedApi:132 - Cannot load RTOS API schema: s4s-elt-must-match.1: The content of 'definitions' must match (annotation?, (simpleType | complexType)?, (unique | key | keyref)*)). A problem was found starting at: attribute.
2025-08-10 10:56:07,337 [INFO] PluginManage:359 - Loaded plugin pinoutconfig (category:base,tabindex:0)
2025-08-10 10:56:07,337 [INFO] PluginManage:310 - Check plugin power
2025-08-10 10:56:07,356 [INFO] PluginManage:359 - Loaded plugin power (category:power,tabindex:4)
2025-08-10 10:56:07,359 [INFO] PluginManage:310 - Check plugin projectmanager
2025-08-10 10:56:07,393 [INFO] PluginManage:359 - Loaded plugin projectmanager (category:projectmanager,tabindex:4)
2025-08-10 10:56:07,393 [INFO] PluginManage:310 - Check plugin rif
2025-08-10 10:56:07,429 [INFO] PluginManage:359 - Loaded plugin rif (category:base,tabindex:3)
2025-08-10 10:56:07,429 [INFO] PluginManage:310 - Check plugin thirdparty
2025-08-10 10:56:07,715 [WARN] IntegrityCheckThread:84 - waiting for thirdparty lock release [integrity check]
2025-08-10 10:56:07,718 [INFO] IntegrityCheckThread:86 - entering critical section [integrity check]
2025-08-10 10:56:07,718 [INFO] PluginManage:359 - Loaded plugin thirdparty (category:base,tabindex:-1)
2025-08-10 10:56:07,718 [INFO] ThirdPartyUpdaterWithRetryManager:70 - Updater plugin not ready yet. [1/15]
2025-08-10 10:56:07,718 [INFO] PluginManage:310 - Check plugin tools
2025-08-10 10:56:07,727 [INFO] PluginManage:359 - Loaded plugin tools (category:base,tabindex:7)
2025-08-10 10:56:07,727 [INFO] PluginManage:310 - Check plugin tutovideos
2025-08-10 10:56:08,311 [INFO] PluginManage:359 - Loaded plugin tutovideos (category:base,tabindex:-1)
2025-08-10 10:56:08,311 [INFO] PluginManage:310 - Check plugin updater
2025-08-10 10:56:08,381 [INFO] PluginManage:359 - Loaded plugin updater (category:base,tabindex:12)
2025-08-10 10:56:08,381 [INFO] PluginManage:310 - Check plugin userauth
2025-08-10 10:56:08,395 [INFO] UserAuth:118 - Init User Auth plugin
2025-08-10 10:56:08,395 [INFO] PluginManage:359 - Loaded plugin userauth (category:base,tabindex:14)
2025-08-10 10:56:08,395 [INFO] PluginManage:283 - PluginManage : Loaded plugins [18]
2025-08-10 10:56:08,961 [INFO] PinOutPanel:1589 - setPackage(No Configuration,No Configuration)
2025-08-10 10:56:09,219 [INFO] CADModel:165 - CPN selected for project level
2025-08-10 10:56:09,221 [INFO] CADModel:114 - Register for checkConnection events
2025-08-10 10:56:09,269 [INFO] IPUIPlugin:80 - create IPUIPlugin
2025-08-10 10:56:09,271 [INFO] PluginManager:220 - loadIPPluginJar : add adc
2025-08-10 10:56:09,286 [INFO] IPUIPlugin:80 - create IPUIPlugin
2025-08-10 10:56:09,286 [INFO] PluginManager:220 - loadIPPluginJar : add aes
2025-08-10 10:56:09,293 [INFO] IPUIPlugin:80 - create IPUIPlugin
2025-08-10 10:56:09,294 [INFO] PluginManager:220 - loadIPPluginJar : add can
2025-08-10 10:56:09,295 [INFO] IPUIPlugin:80 - create IPUIPlugin
2025-08-10 10:56:09,295 [INFO] PluginManager:220 - loadIPPluginJar : add comp
2025-08-10 10:56:09,303 [INFO] IPUIPlugin:80 - create IPUIPlugin
2025-08-10 10:56:09,303 [INFO] PluginManager:220 - loadIPPluginJar : add cryp
2025-08-10 10:56:09,310 [INFO] IPUIPlugin:80 - create IPUIPlugin
2025-08-10 10:56:09,313 [INFO] PluginManager:220 - loadIPPluginJar : add ddr_ctrl_phy
2025-08-10 10:56:09,319 [INFO] IPUIPlugin:80 - create IPUIPlugin
2025-08-10 10:56:09,319 [INFO] PluginManager:220 - loadIPPluginJar : add dfsdm
2025-08-10 10:56:09,331 [INFO] IPUIPlugin:80 - create IPUIPlugin
2025-08-10 10:56:09,333 [INFO] PluginManager:220 - loadIPPluginJar : add dma
2025-08-10 10:56:09,341 [INFO] IPUIPlugin:80 - create IPUIPlugin
2025-08-10 10:56:09,341 [INFO] PluginManager:220 - loadIPPluginJar : add dma3
2025-08-10 10:56:09,347 [INFO] IPUIPlugin:80 - create IPUIPlugin
2025-08-10 10:56:09,347 [INFO] PluginManager:220 - loadIPPluginJar : add extmemmanager
2025-08-10 10:56:09,352 [INFO] IPUIPlugin:80 - create IPUIPlugin
2025-08-10 10:56:09,352 [INFO] PluginManager:220 - loadIPPluginJar : add fatfs
2025-08-10 10:56:09,361 [INFO] IPUIPlugin:80 - create IPUIPlugin
2025-08-10 10:56:09,363 [INFO] PluginManager:220 - loadIPPluginJar : add fmc
2025-08-10 10:56:09,396 [INFO] IPUIPlugin:80 - create IPUIPlugin
2025-08-10 10:56:09,396 [INFO] PluginManager:220 - loadIPPluginJar : add freertos
2025-08-10 10:56:09,405 [INFO] IPUIPlugin:80 - create IPUIPlugin
2025-08-10 10:56:09,406 [INFO] PluginManager:220 - loadIPPluginJar : add genericplugin
2025-08-10 10:56:09,411 [INFO] IPUIPlugin:80 - create IPUIPlugin
2025-08-10 10:56:09,411 [INFO] PluginManager:220 - loadIPPluginJar : add gfxmmu
2025-08-10 10:56:09,427 [INFO] IPUIPlugin:80 - create IPUIPlugin
2025-08-10 10:56:09,427 [INFO] PluginManager:220 - loadIPPluginJar : add gic
2025-08-10 10:56:09,435 [INFO] IPUIPlugin:80 - create IPUIPlugin
2025-08-10 10:56:09,435 [INFO] PluginManager:220 - loadIPPluginJar : add gpio
2025-08-10 10:56:09,445 [INFO] IPUIPlugin:80 - create IPUIPlugin
2025-08-10 10:56:09,445 [INFO] PluginManager:220 - loadIPPluginJar : add gtzc
2025-08-10 10:56:09,451 [INFO] IPUIPlugin:80 - create IPUIPlugin
2025-08-10 10:56:09,451 [INFO] PluginManager:220 - loadIPPluginJar : add hash
2025-08-10 10:56:09,457 [INFO] IPUIPlugin:80 - create IPUIPlugin
2025-08-10 10:56:09,457 [INFO] PluginManager:220 - loadIPPluginJar : add i2c
2025-08-10 10:56:09,465 [INFO] IPUIPlugin:80 - create IPUIPlugin
2025-08-10 10:56:09,465 [INFO] PluginManager:220 - loadIPPluginJar : add i2s
2025-08-10 10:56:09,469 [INFO] IPUIPlugin:80 - create IPUIPlugin
2025-08-10 10:56:09,469 [INFO] PluginManager:220 - loadIPPluginJar : add i3c
2025-08-10 10:56:09,481 [INFO] IPUIPlugin:80 - create IPUIPlugin
2025-08-10 10:56:09,481 [INFO] PluginManager:220 - loadIPPluginJar : add ipddr
2025-08-10 10:56:09,507 [INFO] IPUIPlugin:80 - create IPUIPlugin
2025-08-10 10:56:09,511 [INFO] PluginManager:220 - loadIPPluginJar : add linkedlist
2025-08-10 10:56:09,537 [INFO] IPUIPlugin:80 - create IPUIPlugin
2025-08-10 10:56:09,537 [INFO] PluginManager:220 - loadIPPluginJar : add lorawan
2025-08-10 10:56:09,541 [INFO] IPUIPlugin:80 - create IPUIPlugin
2025-08-10 10:56:09,543 [INFO] PluginManager:220 - loadIPPluginJar : add ltdc
2025-08-10 10:56:09,559 [INFO] IPUIPlugin:80 - create IPUIPlugin
2025-08-10 10:56:09,560 [INFO] PluginManager:220 - loadIPPluginJar : add mdma
2025-08-10 10:56:09,569 [INFO] IPUIPlugin:80 - create IPUIPlugin
2025-08-10 10:56:09,571 [INFO] PluginManager:220 - loadIPPluginJar : add nvic
2025-08-10 10:56:09,579 [INFO] IPUIPlugin:80 - create IPUIPlugin
2025-08-10 10:56:09,579 [INFO] PluginManager:220 - loadIPPluginJar : add opamp
2025-08-10 10:56:09,586 [INFO] IPUIPlugin:80 - create IPUIPlugin
2025-08-10 10:56:09,586 [INFO] PluginManager:220 - loadIPPluginJar : add openamp
2025-08-10 10:56:09,595 [INFO] IPUIPlugin:80 - create IPUIPlugin
2025-08-10 10:56:09,595 [INFO] PluginManager:220 - loadIPPluginJar : add pdm2pcm
2025-08-10 10:56:09,609 [INFO] IPUIPlugin:80 - create IPUIPlugin
2025-08-10 10:56:09,615 [INFO] PluginManager:220 - loadIPPluginJar : add plateformsettings
2025-08-10 10:56:09,618 [INFO] IPUIPlugin:80 - create IPUIPlugin
2025-08-10 10:56:09,618 [INFO] PluginManager:220 - loadIPPluginJar : add quadspi
2025-08-10 10:56:09,627 [INFO] IPUIPlugin:80 - create IPUIPlugin
2025-08-10 10:56:09,627 [INFO] PluginManager:220 - loadIPPluginJar : add radio
2025-08-10 10:56:09,635 [INFO] IPUIPlugin:80 - create IPUIPlugin
2025-08-10 10:56:09,635 [INFO] PluginManager:220 - loadIPPluginJar : add resmgrutility
2025-08-10 10:56:09,646 [INFO] IPUIPlugin:80 - create IPUIPlugin
2025-08-10 10:56:09,646 [INFO] PluginManager:220 - loadIPPluginJar : add sai
2025-08-10 10:56:09,653 [INFO] IPUIPlugin:80 - create IPUIPlugin
2025-08-10 10:56:09,653 [INFO] PluginManager:220 - loadIPPluginJar : add spi
2025-08-10 10:56:09,666 [INFO] IPUIPlugin:80 - create IPUIPlugin
2025-08-10 10:56:09,666 [INFO] PluginManager:220 - loadIPPluginJar : add stm32_wpan
2025-08-10 10:56:09,669 [INFO] IPUIPlugin:80 - create IPUIPlugin
2025-08-10 10:56:09,669 [INFO] PluginManager:220 - loadIPPluginJar : add tim
2025-08-10 10:56:09,675 [INFO] IPUIPlugin:80 - create IPUIPlugin
2025-08-10 10:56:09,676 [INFO] PluginManager:220 - loadIPPluginJar : add touchsensing
2025-08-10 10:56:09,676 [INFO] IPUIPlugin:80 - create IPUIPlugin
2025-08-10 10:56:09,676 [INFO] PluginManager:220 - loadIPPluginJar : add tracer_emb
2025-08-10 10:56:09,685 [INFO] IPUIPlugin:80 - create IPUIPlugin
2025-08-10 10:56:09,685 [INFO] PluginManager:220 - loadIPPluginJar : add ts
2025-08-10 10:56:09,687 [INFO] IPUIPlugin:80 - create IPUIPlugin
2025-08-10 10:56:09,687 [INFO] PluginManager:220 - loadIPPluginJar : add tsc
2025-08-10 10:56:09,695 [INFO] IPUIPlugin:80 - create IPUIPlugin
2025-08-10 10:56:09,695 [INFO] PluginManager:220 - loadIPPluginJar : add ucpd
2025-08-10 10:56:09,705 [INFO] IPUIPlugin:80 - create IPUIPlugin
2025-08-10 10:56:09,705 [INFO] PluginManager:220 - loadIPPluginJar : add usart
2025-08-10 10:56:09,709 [INFO] IPUIPlugin:80 - create IPUIPlugin
2025-08-10 10:56:09,709 [INFO] PluginManager:220 - loadIPPluginJar : add usbx
2025-08-10 10:56:09,915 [FATAL] Updater:351 - Updater called before beeing initialized
2025-08-10 10:56:10,019 [INFO] RulesReader:64 - Compatibility file has been processed (317 Rules)
2025-08-10 10:56:10,093 [INFO] RulesReader:64 - Compatibility file has been processed (317 Rules)
2025-08-10 10:56:10,205 [INFO] CADModel:165 - CPN selected for project level
2025-08-10 10:56:10,205 [INFO] CADModel:114 - Register for checkConnection events
2025-08-10 10:56:10,205 [FATAL] Updater:351 - Updater called before beeing initialized
2025-08-10 10:56:10,205 [ERROR] CADModel:125 - Updater not yet initialized, retry later 
2025-08-10 10:56:10,651 [FATAL] Updater:351 - Updater called before beeing initialized
2025-08-10 10:56:10,655 [INFO] CADModel:165 - CPN selected for project level
2025-08-10 10:56:10,655 [INFO] CADModel:114 - Register for checkConnection events
2025-08-10 10:56:10,655 [FATAL] Updater:351 - Updater called before beeing initialized
2025-08-10 10:56:10,655 [ERROR] CADModel:125 - Updater not yet initialized, retry later 
2025-08-10 10:56:10,666 [FATAL] Updater:351 - Updater called before beeing initialized
2025-08-10 10:56:10,732 [INFO] ThirdPartyUpdaterWithRetryManager:70 - Updater plugin not ready yet. [2/15]
2025-08-10 10:56:11,080 [FATAL] Updater:351 - Updater called before beeing initialized
2025-08-10 10:56:11,093 [INFO] DbMcusAds:53 - JSON generation date=Tue Jul 08 11:14:23 TRT 2025 (1751962463562)
2025-08-10 10:56:11,093 [FATAL] Updater:351 - Updater called before beeing initialized
2025-08-10 10:56:11,477 [WARN] DetailPanel:346 - Failed to get advertising image, set to default
2025-08-10 10:56:11,685 [FATAL] Updater:351 - Updater called before beeing initialized
2025-08-10 10:56:11,694 [FATAL] Updater:351 - Updater called before beeing initialized
2025-08-10 10:56:11,694 [FATAL] Updater:351 - Updater called before beeing initialized
2025-08-10 10:56:11,694 [WARN] DetailPanel:346 - Failed to get advertising image, set to default
2025-08-10 10:56:11,699 [FATAL] Updater:351 - Updater called before beeing initialized
2025-08-10 10:56:11,851 [ERROR] Updater:1198 - MainUpdater not yet initialized. External WinMGr cannot be set.
2025-08-10 10:56:11,855 [INFO] Updater:1134 - Updater Version found : 6.15.0
2025-08-10 10:56:11,887 [INFO] ApplicationProperties:184 - Using Application install path: C:\ST\STM32CubeIDE_1.19.0\STM32CubeIDE\plugins\com.st.stm32cube.common.mx_6.15.0.202507011659
2025-08-10 10:56:13,542 [ERROR] LogOutputStream:75 - [STDERR_REDIRECT] Aug 10, 2025 10:56:13 AM java.util.prefs.WindowsPreferences <init>
2025-08-10 10:56:13,546 [ERROR] LogOutputStream:75 - [STDERR_REDIRECT] WARNING: Could not open/create prefs root node Software\JavaSoft\Prefs at root 0xffffffff80000002. Windows RegCreateKeyEx(...) returned error code 5.
2025-08-10 10:56:13,547 [ERROR] LogOutputStream:75 - [STDERR_REDIRECT] 
2025-08-10 10:56:13,736 [FATAL] Updater:351 - Updater called before beeing initialized
2025-08-10 10:56:13,740 [ERROR] IntegrityCheckThread:130 - Cannot retrieve database content from updater: error 21
2025-08-10 10:56:13,740 [INFO] ThirdParty:978 - Integrity check success = false
2025-08-10 10:56:13,740 [INFO] IntegrityCheckThread:100 - exiting critical section [integrity check]
2025-08-10 10:56:13,740 [INFO] IntegrityCheckThread:103 - End integrity checks thread
2025-08-10 10:56:14,906 [INFO] MainUpdater:2872 - connection check result : 10
2025-08-10 10:56:14,907 [INFO] MainUpdater:289 - Updater Check For Update Now.
2025-08-10 10:56:14,907 [INFO] MicroXplorer:498 - Change Database Version : DB.6.0.150
2025-08-10 10:56:15,046 [INFO] McuFinderGlobals:63 - Set McuFinder mode to 2 (CubeIDE integrated)
2025-08-10 10:56:15,046 [INFO] UserAuth:171 - activating auth plugin
2025-08-10 10:56:15,061 [INFO] UserAuth:487 - Internet connection configuration mode: 1
2025-08-10 10:56:15,226 [INFO] JxBrowserEngine:152 - Initiate JxBrowser Engine with user profile folder
2025-08-10 10:56:15,309 [INFO] CheckServerUpdateThread:120 - End of CheckServer Thread
2025-08-10 10:56:16,780 [INFO] WebApp:169 - Instantiating new browser for Auth
2025-08-10 10:56:17,955 [INFO] WebApp:463 - Apply proxy settings
2025-08-10 10:56:17,957 [INFO] WebApp:548 - Chromium requires no authentication
2025-08-10 10:56:17,973 [INFO] WebApp:491 - Direct internet connection detected
2025-08-10 10:56:18,010 [INFO] WebApp:900 - Register for checkConnection events
2025-08-10 10:56:18,010 [INFO] WebApp:463 - Apply proxy settings
2025-08-10 10:56:18,010 [INFO] WebApp:548 - Chromium requires no authentication
2025-08-10 10:56:18,010 [INFO] WebApp:491 - Direct internet connection detected
2025-08-10 10:56:18,315 [INFO] WebApp:225 - Starting web application
2025-08-10 10:56:18,315 [INFO] WebApp:593 - Web application path used C:\ST\STM32CubeIDE_1.19.0\STM32CubeIDE\plugins\com.st.stm32cube.common.mx_6.15.0.202507011659\db\plugins\mcufinder\reactClient1\index.html
2025-08-10 10:56:18,560 [INFO] WebApp:191 - Connection restablished
2025-08-10 12:03:35,780 [INFO] WebApp:194 - Connection lost
2025-08-10 12:03:36,022 [INFO] WebApp:191 - Connection restablished
2025-08-10 12:03:38,274 [INFO] WebApp:194 - Connection lost
2025-08-10 12:03:38,481 [INFO] WebApp:191 - Connection restablished
2025-08-10 13:02:23,987 [INFO] WebApp:194 - Connection lost
2025-08-10 13:02:43,356 [INFO] WebApp:191 - Connection restablished
2025-08-10 13:21:38,947 [INFO] WebApp:403 - JxBrowser engine has been closed 
2025-08-10 13:26:50,610 [INFO] Activator:176 - 


2025-08-10 13:26:50,614 [INFO] Activator:177 - !SESSION log4j initialized
2025-08-10 13:26:59,944 [INFO] LogOutputStream:77 - [STDOUT_REDIRECT] 
2025-08-10 13:27:01,278 [INFO] ApplicationProperties:184 - Using Application install path: C:\ST\STM32CubeIDE_1.19.0\STM32CubeIDE\plugins\com.st.stm32cube.common.mx_6.15.0.202507011659
2025-08-10 13:27:01,305 [INFO] DbMcusXml:78 - Set database path to: C:\ST\STM32CubeIDE_1.19.0\STM32CubeIDE\plugins\com.st.stm32cube.common.mx_6.15.0.202507011659\\db\/mcu/
2025-08-10 13:27:01,305 [INFO] ApiDb:274 - Set plugin database path to: C:\ST\STM32CubeIDE_1.19.0\STM32CubeIDE\plugins\com.st.stm32cube.common.mx_6.15.0.202507011659\\db\/plugins/boardmanager/
2025-08-10 13:27:01,305 [WARN] ApiDb:259 - Overriding images path with different value:  => C:\ST\STM32CubeIDE_1.19.0\STM32CubeIDE\plugins\com.st.stm32cube.common.mx_6.15.0.202507011659\\db\/plugins/mcufinder/images/
2025-08-10 13:27:01,314 [INFO] ApiDb:250 - Set database path to: C:\Users\kadir\.stmcufinder\plugins\mcufinder//mcu/
2025-08-10 13:27:01,316 [INFO] DbMcusAds:125 - Set database path to: C:\Users\kadir\.stmcufinder\plugins\mcufinder//mcu/
2025-08-10 13:27:01,318 [INFO] CrossReferenceDbSqlite:203 - Set database path to: C:\Users\kadir\.stmcufinder\plugins\mcufinder//mcu/cs/
2025-08-10 13:27:01,496 [INFO] RulesReader:64 - Compatibility file has been processed (317 Rules)
2025-08-10 13:27:01,638 [INFO] DbMcusXml:78 - Set database path to: C:\ST\STM32CubeIDE_1.19.0\STM32CubeIDE\plugins\com.st.stm32cube.common.mx_6.15.0.202507011659\\db\/mcu/
2025-08-10 13:27:01,638 [INFO] ApiDb:274 - Set plugin database path to: C:\ST\STM32CubeIDE_1.19.0\STM32CubeIDE\plugins\com.st.stm32cube.common.mx_6.15.0.202507011659\\db\/plugins/boardmanager/
2025-08-10 13:27:01,638 [INFO] ApiDb:261 - Set plugin images path to: C:\ST\STM32CubeIDE_1.19.0\STM32CubeIDE\plugins\com.st.stm32cube.common.mx_6.15.0.202507011659\\db\/plugins/mcufinder/images/
2025-08-10 13:27:01,638 [WARN] DbFile:41 - Overriding database path with different value: C:\Users\kadir\.stmcufinder\plugins\mcufinder/ => C:\Users\kadir\.stmcufinder\plugins\mcufinder
2025-08-10 13:27:01,638 [INFO] ApiDb:250 - Set database path to: C:\Users\kadir\.stmcufinder\plugins\mcufinder//mcu/
2025-08-10 13:27:01,638 [WARN] DbFile:41 - Overriding database path with different value: C:\Users\kadir\.stmcufinder\plugins\mcufinder/ => C:\Users\kadir\.stmcufinder\plugins\mcufinder
2025-08-10 13:27:01,638 [INFO] DbMcusAds:125 - Set database path to: C:\Users\kadir\.stmcufinder\plugins\mcufinder//mcu/
2025-08-10 13:27:01,638 [WARN] DbFile:41 - Overriding database path with different value: C:\Users\kadir\.stmcufinder\plugins\mcufinder/ => C:\Users\kadir\.stmcufinder\plugins\mcufinder
2025-08-10 13:27:01,638 [WARN] DbFile:41 - Overriding database path with different value: C:\Users\kadir\.stmcufinder\plugins\mcufinder/ => C:\Users\kadir\.stmcufinder\plugins\mcufinder
2025-08-10 13:27:01,639 [INFO] CrossReferenceDbSqlite:203 - Set database path to: C:\Users\kadir\.stmcufinder\plugins\mcufinder//mcu/cs/
2025-08-10 13:27:01,711 [INFO] MainPanel:274 - HeapMemory: 268435456
2025-08-10 13:27:01,881 [INFO] DbMcusXml:78 - Set database path to: C:\ST\STM32CubeIDE_1.19.0\STM32CubeIDE\plugins\com.st.stm32cube.common.mx_6.15.0.202507011659\\db\/mcu/
2025-08-10 13:27:01,881 [INFO] ApiDb:274 - Set plugin database path to: C:\ST\STM32CubeIDE_1.19.0\STM32CubeIDE\plugins\com.st.stm32cube.common.mx_6.15.0.202507011659\\db\/plugins/boardmanager/
2025-08-10 13:27:01,881 [INFO] ApiDb:261 - Set plugin images path to: C:\ST\STM32CubeIDE_1.19.0\STM32CubeIDE\plugins\com.st.stm32cube.common.mx_6.15.0.202507011659\\db\/plugins/mcufinder/images/
2025-08-10 13:27:01,881 [WARN] DbFile:41 - Overriding database path with different value: C:\Users\kadir\.stmcufinder\plugins\mcufinder/ => C:\Users\kadir\.stmcufinder\plugins\mcufinder
2025-08-10 13:27:01,881 [INFO] ApiDb:250 - Set database path to: C:\Users\kadir\.stmcufinder\plugins\mcufinder//mcu/
2025-08-10 13:27:01,882 [WARN] DbFile:41 - Overriding database path with different value: C:\Users\kadir\.stmcufinder\plugins\mcufinder/ => C:\Users\kadir\.stmcufinder\plugins\mcufinder
2025-08-10 13:27:01,882 [INFO] DbMcusAds:125 - Set database path to: C:\Users\kadir\.stmcufinder\plugins\mcufinder//mcu/
2025-08-10 13:27:01,882 [WARN] DbFile:41 - Overriding database path with different value: C:\Users\kadir\.stmcufinder\plugins\mcufinder/ => C:\Users\kadir\.stmcufinder\plugins\mcufinder
2025-08-10 13:27:01,882 [WARN] DbFile:41 - Overriding database path with different value: C:\Users\kadir\.stmcufinder\plugins\mcufinder/ => C:\Users\kadir\.stmcufinder\plugins\mcufinder
2025-08-10 13:27:01,882 [INFO] CrossReferenceDbSqlite:203 - Set database path to: C:\Users\kadir\.stmcufinder\plugins\mcufinder//mcu/cs/
2025-08-10 13:27:01,904 [INFO] ApplicationProperties:184 - Using Application install path: C:\ST\STM32CubeIDE_1.19.0\STM32CubeIDE\plugins\com.st.stm32cube.common.mx_6.15.0.202507011659
2025-08-10 13:27:01,906 [INFO] PluginManage:196 - Search for loadable plugins [exclusion list=, ]
2025-08-10 13:27:01,907 [INFO] PluginManage:310 - Check plugin analytics
2025-08-10 13:27:02,112 [INFO] AnalyticsPlugin:253 - Accepted Software Licenses: STM32CubeMX.6.15.0
2025-08-10 13:27:02,113 [INFO] AnalyticsPlugin:255 - Accepted CMSIS Pack Licenses: 
2025-08-10 13:27:02,113 [INFO] AnalyticsPlugin:257 - Accepted Firmware Licenses: 
2025-08-10 13:27:02,163 [INFO] PluginManage:359 - Loaded plugin analytics (category:tool,tabindex:-1)
2025-08-10 13:27:02,165 [INFO] PluginManage:310 - Check plugin cadmodel
2025-08-10 13:27:02,179 [INFO] CADModel:105 - Init CAD model plugin
2025-08-10 13:27:02,179 [INFO] PluginManage:359 - Loaded plugin cadmodel (category:power,tabindex:5)
2025-08-10 13:27:02,179 [INFO] PluginManage:310 - Check plugin clock
2025-08-10 13:27:02,189 [INFO] PluginManage:359 - Loaded plugin clock (category:base,tabindex:2)
2025-08-10 13:27:02,189 [INFO] PluginManage:310 - Check plugin ddr
2025-08-10 13:27:02,191 [INFO] PluginManage:359 - Loaded plugin ddr (category:tool,tabindex:6)
2025-08-10 13:27:02,192 [INFO] PluginManage:310 - Check plugin filemanager
2025-08-10 13:27:02,354 [INFO] PluginManage:359 - Loaded plugin filemanager (category:base,tabindex:10)
2025-08-10 13:27:02,354 [INFO] PluginManage:310 - Check plugin ipmanager
2025-08-10 13:27:02,367 [INFO] PluginManage:359 - Loaded plugin ipmanager (category:base,tabindex:5)
2025-08-10 13:27:02,367 [INFO] PluginManage:310 - Check plugin lpbam
2025-08-10 13:27:02,382 [INFO] PluginManage:359 - Loaded plugin lpbam (category:base,tabindex:0)
2025-08-10 13:27:02,382 [INFO] PluginManage:310 - Check plugin memorymap
2025-08-10 13:27:02,405 [INFO] PluginManage:359 - Loaded plugin memorymap (category:base,tabindex:4)
2025-08-10 13:27:02,405 [INFO] PluginManage:310 - Check plugin pinoutandconfiguration
2025-08-10 13:27:02,422 [INFO] PluginManage:359 - Loaded plugin pinoutandconfiguration (category:base,tabindex:1)
2025-08-10 13:27:02,423 [INFO] PluginManage:310 - Check plugin pinoutconfig
2025-08-10 13:27:02,532 [WARN] SupportedApi:132 - Cannot load RTOS API schema: s4s-elt-must-match.1: The content of 'definitions' must match (annotation?, (simpleType | complexType)?, (unique | key | keyref)*)). A problem was found starting at: attribute.
2025-08-10 13:27:02,685 [INFO] PluginManage:359 - Loaded plugin pinoutconfig (category:base,tabindex:0)
2025-08-10 13:27:02,686 [INFO] PluginManage:310 - Check plugin power
2025-08-10 13:27:02,694 [INFO] PluginManage:359 - Loaded plugin power (category:power,tabindex:4)
2025-08-10 13:27:02,694 [INFO] PluginManage:310 - Check plugin projectmanager
2025-08-10 13:27:02,707 [INFO] PluginManage:359 - Loaded plugin projectmanager (category:projectmanager,tabindex:4)
2025-08-10 13:27:02,707 [INFO] PluginManage:310 - Check plugin rif
2025-08-10 13:27:02,719 [INFO] PluginManage:359 - Loaded plugin rif (category:base,tabindex:3)
2025-08-10 13:27:02,719 [INFO] PluginManage:310 - Check plugin thirdparty
2025-08-10 13:27:02,857 [INFO] PluginManage:359 - Loaded plugin thirdparty (category:base,tabindex:-1)
2025-08-10 13:27:02,857 [INFO] PluginManage:310 - Check plugin tools
2025-08-10 13:27:02,857 [WARN] IntegrityCheckThread:84 - waiting for thirdparty lock release [integrity check]
2025-08-10 13:27:02,857 [INFO] IntegrityCheckThread:86 - entering critical section [integrity check]
2025-08-10 13:27:02,859 [INFO] ThirdPartyUpdaterWithRetryManager:70 - Updater plugin not ready yet. [1/15]
2025-08-10 13:27:02,861 [INFO] PluginManage:359 - Loaded plugin tools (category:base,tabindex:7)
2025-08-10 13:27:02,861 [INFO] PluginManage:310 - Check plugin tutovideos
2025-08-10 13:27:03,104 [INFO] PluginManage:359 - Loaded plugin tutovideos (category:base,tabindex:-1)
2025-08-10 13:27:03,104 [INFO] PluginManage:310 - Check plugin updater
2025-08-10 13:27:03,127 [INFO] PluginManage:359 - Loaded plugin updater (category:base,tabindex:12)
2025-08-10 13:27:03,127 [INFO] PluginManage:310 - Check plugin userauth
2025-08-10 13:27:03,132 [INFO] UserAuth:118 - Init User Auth plugin
2025-08-10 13:27:03,133 [INFO] PluginManage:359 - Loaded plugin userauth (category:base,tabindex:14)
2025-08-10 13:27:03,133 [INFO] PluginManage:283 - PluginManage : Loaded plugins [18]
2025-08-10 13:27:03,336 [INFO] PinOutPanel:1589 - setPackage(No Configuration,No Configuration)
2025-08-10 13:27:03,429 [INFO] CADModel:165 - CPN selected for project level
2025-08-10 13:27:03,429 [INFO] CADModel:114 - Register for checkConnection events
2025-08-10 13:27:03,447 [INFO] IPUIPlugin:80 - create IPUIPlugin
2025-08-10 13:27:03,447 [INFO] PluginManager:220 - loadIPPluginJar : add adc
2025-08-10 13:27:03,450 [INFO] IPUIPlugin:80 - create IPUIPlugin
2025-08-10 13:27:03,451 [INFO] PluginManager:220 - loadIPPluginJar : add aes
2025-08-10 13:27:03,453 [INFO] IPUIPlugin:80 - create IPUIPlugin
2025-08-10 13:27:03,454 [INFO] PluginManager:220 - loadIPPluginJar : add can
2025-08-10 13:27:03,455 [INFO] IPUIPlugin:80 - create IPUIPlugin
2025-08-10 13:27:03,455 [INFO] PluginManager:220 - loadIPPluginJar : add comp
2025-08-10 13:27:03,458 [INFO] IPUIPlugin:80 - create IPUIPlugin
2025-08-10 13:27:03,458 [INFO] PluginManager:220 - loadIPPluginJar : add cryp
2025-08-10 13:27:03,461 [INFO] IPUIPlugin:80 - create IPUIPlugin
2025-08-10 13:27:03,461 [INFO] PluginManager:220 - loadIPPluginJar : add ddr_ctrl_phy
2025-08-10 13:27:03,463 [INFO] IPUIPlugin:80 - create IPUIPlugin
2025-08-10 13:27:03,463 [INFO] PluginManager:220 - loadIPPluginJar : add dfsdm
2025-08-10 13:27:03,467 [INFO] IPUIPlugin:80 - create IPUIPlugin
2025-08-10 13:27:03,468 [INFO] PluginManager:220 - loadIPPluginJar : add dma
2025-08-10 13:27:03,470 [INFO] IPUIPlugin:80 - create IPUIPlugin
2025-08-10 13:27:03,470 [INFO] PluginManager:220 - loadIPPluginJar : add dma3
2025-08-10 13:27:03,472 [INFO] IPUIPlugin:80 - create IPUIPlugin
2025-08-10 13:27:03,472 [INFO] PluginManager:220 - loadIPPluginJar : add extmemmanager
2025-08-10 13:27:03,473 [INFO] IPUIPlugin:80 - create IPUIPlugin
2025-08-10 13:27:03,473 [INFO] PluginManager:220 - loadIPPluginJar : add fatfs
2025-08-10 13:27:03,477 [INFO] IPUIPlugin:80 - create IPUIPlugin
2025-08-10 13:27:03,479 [INFO] PluginManager:220 - loadIPPluginJar : add fmc
2025-08-10 13:27:03,486 [INFO] IPUIPlugin:80 - create IPUIPlugin
2025-08-10 13:27:03,487 [INFO] PluginManager:220 - loadIPPluginJar : add freertos
2025-08-10 13:27:03,488 [INFO] IPUIPlugin:80 - create IPUIPlugin
2025-08-10 13:27:03,488 [INFO] PluginManager:220 - loadIPPluginJar : add genericplugin
2025-08-10 13:27:03,490 [INFO] IPUIPlugin:80 - create IPUIPlugin
2025-08-10 13:27:03,490 [INFO] PluginManager:220 - loadIPPluginJar : add gfxmmu
2025-08-10 13:27:03,493 [INFO] IPUIPlugin:80 - create IPUIPlugin
2025-08-10 13:27:03,494 [INFO] PluginManager:220 - loadIPPluginJar : add gic
2025-08-10 13:27:03,497 [INFO] IPUIPlugin:80 - create IPUIPlugin
2025-08-10 13:27:03,497 [INFO] PluginManager:220 - loadIPPluginJar : add gpio
2025-08-10 13:27:03,500 [INFO] IPUIPlugin:80 - create IPUIPlugin
2025-08-10 13:27:03,500 [INFO] PluginManager:220 - loadIPPluginJar : add gtzc
2025-08-10 13:27:03,502 [INFO] IPUIPlugin:80 - create IPUIPlugin
2025-08-10 13:27:03,502 [INFO] PluginManager:220 - loadIPPluginJar : add hash
2025-08-10 13:27:03,504 [INFO] IPUIPlugin:80 - create IPUIPlugin
2025-08-10 13:27:03,504 [INFO] PluginManager:220 - loadIPPluginJar : add i2c
2025-08-10 13:27:03,507 [INFO] IPUIPlugin:80 - create IPUIPlugin
2025-08-10 13:27:03,507 [INFO] PluginManager:220 - loadIPPluginJar : add i2s
2025-08-10 13:27:03,509 [INFO] IPUIPlugin:80 - create IPUIPlugin
2025-08-10 13:27:03,509 [INFO] PluginManager:220 - loadIPPluginJar : add i3c
2025-08-10 13:27:03,512 [INFO] IPUIPlugin:80 - create IPUIPlugin
2025-08-10 13:27:03,512 [INFO] PluginManager:220 - loadIPPluginJar : add ipddr
2025-08-10 13:27:03,531 [INFO] IPUIPlugin:80 - create IPUIPlugin
2025-08-10 13:27:03,531 [INFO] PluginManager:220 - loadIPPluginJar : add linkedlist
2025-08-10 13:27:03,534 [INFO] IPUIPlugin:80 - create IPUIPlugin
2025-08-10 13:27:03,535 [INFO] PluginManager:220 - loadIPPluginJar : add lorawan
2025-08-10 13:27:03,538 [INFO] IPUIPlugin:80 - create IPUIPlugin
2025-08-10 13:27:03,538 [INFO] PluginManager:220 - loadIPPluginJar : add ltdc
2025-08-10 13:27:03,545 [INFO] IPUIPlugin:80 - create IPUIPlugin
2025-08-10 13:27:03,545 [INFO] PluginManager:220 - loadIPPluginJar : add mdma
2025-08-10 13:27:03,549 [INFO] IPUIPlugin:80 - create IPUIPlugin
2025-08-10 13:27:03,549 [INFO] PluginManager:220 - loadIPPluginJar : add nvic
2025-08-10 13:27:03,553 [INFO] IPUIPlugin:80 - create IPUIPlugin
2025-08-10 13:27:03,553 [INFO] PluginManager:220 - loadIPPluginJar : add opamp
2025-08-10 13:27:03,556 [INFO] IPUIPlugin:80 - create IPUIPlugin
2025-08-10 13:27:03,556 [INFO] PluginManager:220 - loadIPPluginJar : add openamp
2025-08-10 13:27:03,559 [INFO] IPUIPlugin:80 - create IPUIPlugin
2025-08-10 13:27:03,559 [INFO] PluginManager:220 - loadIPPluginJar : add pdm2pcm
2025-08-10 13:27:03,564 [INFO] IPUIPlugin:80 - create IPUIPlugin
2025-08-10 13:27:03,566 [INFO] PluginManager:220 - loadIPPluginJar : add plateformsettings
2025-08-10 13:27:03,569 [INFO] IPUIPlugin:80 - create IPUIPlugin
2025-08-10 13:27:03,570 [INFO] PluginManager:220 - loadIPPluginJar : add quadspi
2025-08-10 13:27:03,571 [INFO] IPUIPlugin:80 - create IPUIPlugin
2025-08-10 13:27:03,572 [INFO] PluginManager:220 - loadIPPluginJar : add radio
2025-08-10 13:27:03,576 [INFO] IPUIPlugin:80 - create IPUIPlugin
2025-08-10 13:27:03,576 [INFO] PluginManager:220 - loadIPPluginJar : add resmgrutility
2025-08-10 13:27:03,580 [INFO] IPUIPlugin:80 - create IPUIPlugin
2025-08-10 13:27:03,580 [INFO] PluginManager:220 - loadIPPluginJar : add sai
2025-08-10 13:27:03,581 [INFO] IPUIPlugin:80 - create IPUIPlugin
2025-08-10 13:27:03,581 [INFO] PluginManager:220 - loadIPPluginJar : add spi
2025-08-10 13:27:03,589 [INFO] IPUIPlugin:80 - create IPUIPlugin
2025-08-10 13:27:03,589 [INFO] PluginManager:220 - loadIPPluginJar : add stm32_wpan
2025-08-10 13:27:03,591 [INFO] IPUIPlugin:80 - create IPUIPlugin
2025-08-10 13:27:03,591 [INFO] PluginManager:220 - loadIPPluginJar : add tim
2025-08-10 13:27:03,595 [INFO] IPUIPlugin:80 - create IPUIPlugin
2025-08-10 13:27:03,595 [INFO] PluginManager:220 - loadIPPluginJar : add touchsensing
2025-08-10 13:27:03,599 [INFO] IPUIPlugin:80 - create IPUIPlugin
2025-08-10 13:27:03,599 [INFO] PluginManager:220 - loadIPPluginJar : add tracer_emb
2025-08-10 13:27:03,603 [INFO] IPUIPlugin:80 - create IPUIPlugin
2025-08-10 13:27:03,603 [INFO] PluginManager:220 - loadIPPluginJar : add ts
2025-08-10 13:27:03,603 [INFO] IPUIPlugin:80 - create IPUIPlugin
2025-08-10 13:27:03,605 [INFO] PluginManager:220 - loadIPPluginJar : add tsc
2025-08-10 13:27:03,606 [INFO] IPUIPlugin:80 - create IPUIPlugin
2025-08-10 13:27:03,606 [INFO] PluginManager:220 - loadIPPluginJar : add ucpd
2025-08-10 13:27:03,608 [INFO] IPUIPlugin:80 - create IPUIPlugin
2025-08-10 13:27:03,608 [INFO] PluginManager:220 - loadIPPluginJar : add usart
2025-08-10 13:27:03,612 [INFO] IPUIPlugin:80 - create IPUIPlugin
2025-08-10 13:27:03,612 [INFO] PluginManager:220 - loadIPPluginJar : add usbx
2025-08-10 13:27:03,735 [FATAL] Updater:351 - Updater called before beeing initialized
2025-08-10 13:27:03,815 [INFO] RulesReader:64 - Compatibility file has been processed (317 Rules)
2025-08-10 13:27:03,880 [INFO] RulesReader:64 - Compatibility file has been processed (317 Rules)
2025-08-10 13:27:03,905 [INFO] CADModel:165 - CPN selected for project level
2025-08-10 13:27:03,905 [INFO] CADModel:114 - Register for checkConnection events
2025-08-10 13:27:03,906 [FATAL] Updater:351 - Updater called before beeing initialized
2025-08-10 13:27:03,906 [ERROR] CADModel:125 - Updater not yet initialized, retry later 
2025-08-10 13:27:04,163 [FATAL] Updater:351 - Updater called before beeing initialized
2025-08-10 13:27:04,165 [INFO] CADModel:165 - CPN selected for project level
2025-08-10 13:27:04,165 [INFO] CADModel:114 - Register for checkConnection events
2025-08-10 13:27:04,165 [FATAL] Updater:351 - Updater called before beeing initialized
2025-08-10 13:27:04,165 [ERROR] CADModel:125 - Updater not yet initialized, retry later 
2025-08-10 13:27:04,169 [FATAL] Updater:351 - Updater called before beeing initialized
2025-08-10 13:27:04,331 [FATAL] Updater:351 - Updater called before beeing initialized
2025-08-10 13:27:04,336 [INFO] DbMcusAds:53 - JSON generation date=Tue Jul 08 11:14:23 TRT 2025 (1751962463562)
2025-08-10 13:27:04,336 [FATAL] Updater:351 - Updater called before beeing initialized
2025-08-10 13:27:04,383 [WARN] DetailPanel:346 - Failed to get advertising image, set to default
2025-08-10 13:27:04,501 [FATAL] Updater:351 - Updater called before beeing initialized
2025-08-10 13:27:04,503 [FATAL] Updater:351 - Updater called before beeing initialized
2025-08-10 13:27:04,504 [FATAL] Updater:351 - Updater called before beeing initialized
2025-08-10 13:27:04,504 [WARN] DetailPanel:346 - Failed to get advertising image, set to default
2025-08-10 13:27:04,506 [FATAL] Updater:351 - Updater called before beeing initialized
2025-08-10 13:27:04,590 [ERROR] Updater:1198 - MainUpdater not yet initialized. External WinMGr cannot be set.
2025-08-10 13:27:04,592 [INFO] Updater:1134 - Updater Version found : 6.15.0
2025-08-10 13:27:04,616 [INFO] ApplicationProperties:184 - Using Application install path: C:\ST\STM32CubeIDE_1.19.0\STM32CubeIDE\plugins\com.st.stm32cube.common.mx_6.15.0.202507011659
2025-08-10 13:27:05,860 [INFO] ThirdPartyUpdaterWithRetryManager:70 - Updater plugin not ready yet. [2/15]
2025-08-10 13:27:06,220 [ERROR] LogOutputStream:75 - [STDERR_REDIRECT] Aug 10, 2025 1:27:06 PM java.util.prefs.WindowsPreferences <init>
2025-08-10 13:27:06,222 [ERROR] LogOutputStream:75 - [STDERR_REDIRECT] WARNING: Could not open/create prefs root node Software\JavaSoft\Prefs at root 0xffffffff80000002. Windows RegCreateKeyEx(...) returned error code 5.
2025-08-10 13:27:06,222 [ERROR] LogOutputStream:75 - [STDERR_REDIRECT] 
2025-08-10 13:27:06,744 [INFO] MainUpdater:2872 - connection check result : 10
2025-08-10 13:27:06,744 [INFO] MainUpdater:289 - Updater Check For Update Now.
2025-08-10 13:27:06,745 [INFO] MicroXplorer:498 - Change Database Version : DB.6.0.150
2025-08-10 13:27:06,763 [INFO] McuFinderGlobals:63 - Set McuFinder mode to 2 (CubeIDE integrated)
2025-08-10 13:27:06,765 [INFO] UserAuth:171 - activating auth plugin
2025-08-10 13:27:06,779 [INFO] UserAuth:487 - Internet connection configuration mode: 1
2025-08-10 13:27:06,836 [INFO] JxBrowserEngine:152 - Initiate JxBrowser Engine with user profile folder
2025-08-10 13:27:07,003 [INFO] CheckServerUpdateThread:120 - End of CheckServer Thread
2025-08-10 13:27:08,246 [INFO] WebApp:169 - Instantiating new browser for Auth
2025-08-10 13:27:09,347 [INFO] WebApp:463 - Apply proxy settings
2025-08-10 13:27:09,349 [INFO] WebApp:548 - Chromium requires no authentication
2025-08-10 13:27:09,410 [WARN] PackLoader:240 - Cannot read IP mode file for STMicroelectronics.FP-SNS-MOTENVWB1.1.4.0
2025-08-10 13:27:09,417 [INFO] WebApp:491 - Direct internet connection detected
2025-08-10 13:27:09,426 [WARN] PackLoader:240 - Cannot read IP mode file for STMicroelectronics.FP-ATR-ASTRA1.2.0.2
2025-08-10 13:27:09,455 [WARN] PackLoader:240 - Cannot read IP mode file for STMicroelectronics.X-CUBE-SMBUS.2.1.0
2025-08-10 13:27:09,464 [WARN] PackLoader:240 - Cannot read IP mode file for STMicroelectronics.X-CUBE-ST60.1.0.0
2025-08-10 13:27:09,507 [WARN] PackLoader:240 - Cannot read IP mode file for STMicroelectronics.X-CUBE-AZRTOS-F7.1.1.0
2025-08-10 13:27:09,540 [WARN] PackLoader:240 - Cannot read IP mode file for Infineon.AIROC-Wi-Fi-Bluetooth-STM32.1.7.1
2025-08-10 13:27:09,594 [WARN] PackLoader:240 - Cannot read IP mode file for STMicroelectronics.X-CUBE-AZRTOS-H7.3.4.0
2025-08-10 13:27:09,613 [WARN] PackLoader:240 - Cannot read IP mode file for STMicroelectronics.X-CUBE-DISPLAY.3.0.0
2025-08-10 13:27:09,631 [WARN] PackLoader:240 - Cannot read IP mode file for STMicroelectronics.X-CUBE-NFC10.1.0.0
2025-08-10 13:27:09,640 [WARN] PackLoader:240 - Cannot read IP mode file for STMicroelectronics.X-CUBE-BLEMGR.4.0.0
2025-08-10 13:27:09,646 [WARN] PackLoader:240 - Cannot read IP mode file for emotas.I-CUBE-CANOPEN.1.3.0
2025-08-10 13:27:09,651 [WARN] ConditionMgr:438 - getConditionDescription Invalid condition id : Cortex-A Device cause : null
2025-08-10 13:27:09,674 [WARN] ConditionMgr:1044 - genDependencies : Invalid condition id : Cortex-A Device cause : null
2025-08-10 13:27:09,675 [WARN] ConditionMgr:1044 - genDependencies : Invalid condition id : Cortex-A Device cause : null
2025-08-10 13:27:09,675 [WARN] ConditionMgr:1044 - genDependencies : Invalid condition id : Cortex-A Device cause : null
2025-08-10 13:27:09,684 [WARN] PackLoader:240 - Cannot read IP mode file for STMicroelectronics.FP-SNS-STBOX1.2.1.0
2025-08-10 13:27:09,692 [WARN] PackLoader:240 - Cannot read IP mode file for STMicroelectronics.FP-SNS-SMARTAG2.1.2.0
2025-08-10 13:27:09,694 [INFO] WebApp:900 - Register for checkConnection events
2025-08-10 13:27:09,695 [INFO] WebApp:463 - Apply proxy settings
2025-08-10 13:27:09,695 [INFO] WebApp:548 - Chromium requires no authentication
2025-08-10 13:27:09,696 [INFO] WebApp:491 - Direct internet connection detected
2025-08-10 13:27:09,699 [WARN] PackLoader:240 - Cannot read IP mode file for STMicroelectronics.FP-SNS-FLIGHT1.5.1.0
2025-08-10 13:27:09,713 [INFO] LogOutputStream:77 - [STDOUT_REDIRECT] 1 : Invalid condition id : UX_CORESTACK_Condition cause : null
2025-08-10 13:27:09,714 [INFO] LogOutputStream:77 - [STDOUT_REDIRECT] 1 : Invalid condition id : UX_CORESTACK_Condition cause : null
2025-08-10 13:27:09,717 [INFO] LogOutputStream:77 - [STDOUT_REDIRECT] 1 : Invalid condition id : UX_CORESTACK_Condition cause : null
2025-08-10 13:27:09,719 [INFO] LogOutputStream:77 - [STDOUT_REDIRECT] 1 : Invalid condition id : UX_CORESTACK_Condition cause : null
2025-08-10 13:27:09,721 [INFO] LogOutputStream:77 - [STDOUT_REDIRECT] 1 : Invalid condition id : UX_CORESTACK_Condition cause : null
2025-08-10 13:27:09,723 [WARN] PackLoader:240 - Cannot read IP mode file for STMicroelectronics.X-CUBE-AZRTOS-WL.2.0.0
2025-08-10 13:27:09,729 [WARN] PackLoader:240 - Cannot read IP mode file for STMicroelectronics.FP-SNS-MOTENV1.5.0.0
2025-08-10 13:27:09,740 [WARN] PackLoader:240 - Cannot read IP mode file for WES.I-CUBE-Cesium.1.3.0
2025-08-10 13:27:09,747 [WARN] PackLoader:240 - Cannot read IP mode file for STMicroelectronics.X-CUBE-BLE2.3.3.0
2025-08-10 13:27:09,753 [INFO] WebApp:191 - Connection restablished
2025-08-10 13:27:09,755 [WARN] PackLoader:240 - Cannot read IP mode file for STMicroelectronics.X-CUBE-NFC9.1.0.0
2025-08-10 13:27:09,765 [WARN] PackLoader:240 - Cannot read IP mode file for wolfSSL.I-CUBE-wolfSSL.5.8.0
2025-08-10 13:27:09,771 [WARN] PackLoader:240 - Cannot read IP mode file for STMicroelectronics.X-CUBE-BLE1.7.1.0
2025-08-10 13:27:09,774 [WARN] PackLoader:240 - Cannot read IP mode file for wolfSSL.I-CUBE-wolfMQTT.1.19.2
2025-08-10 13:27:09,780 [WARN] PackLoader:240 - Cannot read IP mode file for STMicroelectronics.X-CUBE-EEPRMA1.5.2.0
2025-08-10 13:27:09,787 [WARN] PackLoader:240 - Cannot read IP mode file for STMicroelectronics.X-CUBE-AI.10.1.0
2025-08-10 13:27:09,804 [WARN] PackLoader:240 - Cannot read IP mode file for STMicroelectronics.X-CUBE-AZRTOS-G0.1.1.0
2025-08-10 13:27:09,814 [WARN] PackLoader:240 - Cannot read IP mode file for STMicroelectronics.X-CUBE-SAFEA1.1.2.2
2025-08-10 13:27:09,822 [WARN] PackLoader:240 - Cannot read IP mode file for STMicroelectronics.X-CUBE-NFC4.3.0.0
2025-08-10 13:27:09,835 [WARN] PackLoader:240 - Cannot read IP mode file for EmbeddedOffice.I-CUBE-FS-RTOS.1.0.1
2025-08-10 13:27:09,844 [WARN] PackLoader:240 - Cannot read IP mode file for STMicroelectronics.X-CUBE-WB05N.2.0.0
2025-08-10 13:27:09,849 [WARN] PackLoader:240 - Cannot read IP mode file for wolfSSL.I-CUBE-wolfTPM.3.8.0
2025-08-10 13:27:09,856 [WARN] PackLoader:240 - Cannot read IP mode file for STMicroelectronics.X-CUBE-TCPP.4.2.0
2025-08-10 13:27:09,866 [WARN] PackLoader:240 - Cannot read IP mode file for RealThread.X-CUBE-RT-Thread_Nano.4.1.1
2025-08-10 13:27:09,873 [WARN] PackLoader:240 - Cannot read IP mode file for STMicroelectronics.FP-ATR-SIGFOX1.3.2.0
2025-08-10 13:27:09,885 [WARN] PackLoader:240 - Cannot read IP mode file for ITTIA_DB.I-CUBE-ITTIADB.8.9.0
2025-08-10 13:27:09,902 [WARN] PackLoader:240 - Cannot read IP mode file for STMicroelectronics.X-CUBE-ST67W61.1.0.0
2025-08-10 13:27:09,907 [WARN] PackLoader:240 - Cannot read IP mode file for STMicroelectronics.X-CUBE-AI.10.2.0
2025-08-10 13:27:09,948 [WARN] PackLoader:240 - Cannot read IP mode file for SEGGER.I-CUBE-embOS.1.3.1
2025-08-10 13:27:10,048 [WARN] PackLoader:240 - Cannot read IP mode file for STMicroelectronics.X-CUBE-ALGOBUILD.1.4.0
2025-08-10 13:27:10,096 [WARN] PackLoader:240 - Cannot read IP mode file for STMicroelectronics.X-CUBE-MEMS1.11.3.0
2025-08-10 13:27:10,206 [WARN] PackLoader:240 - Cannot read IP mode file for STMicroelectronics.X-CUBE-PM33A1.1.0.0
2025-08-10 13:27:10,216 [WARN] PackLoader:240 - Cannot read IP mode file for STMicroelectronics.X-CUBE-AZRTOS-F4.1.1.0
2025-08-10 13:27:10,222 [WARN] PackLoader:240 - Cannot read IP mode file for Avnet-IotConnect.X-CUBE-IoTC-DA16k-PMOD.1.0.0
2025-08-10 13:27:10,225 [WARN] PackLoader:240 - Cannot read IP mode file for STMicroelectronics.X-CUBE-ISPU.2.1.0
2025-08-10 13:27:10,230 [WARN] PackLoader:240 - Cannot read IP mode file for STMicroelectronics.X-CUBE-NFC12.1.0.0
2025-08-10 13:27:10,241 [WARN] PackLoader:240 - Cannot read IP mode file for STMicroelectronics.X-CUBE-AZRTOS-L5.2.0.0
2025-08-10 13:27:10,250 [WARN] PackLoader:240 - Cannot read IP mode file for STMicroelectronics.X-CUBE-NFC6.3.1.0
2025-08-10 13:27:10,255 [WARN] PackLoader:240 - Cannot read IP mode file for STMicroelectronics.X-CUBE-FREERTOS.1.3.1
2025-08-10 13:27:10,260 [WARN] PackLoader:240 - Cannot read IP mode file for STMicroelectronics.FP-SNS-STAIOTCFT.1.0.0
2025-08-10 13:27:10,265 [WARN] PackLoader:240 - Cannot read IP mode file for STMicroelectronics.X-CUBE-DPower.1.3.0
2025-08-10 13:27:10,276 [WARN] ConditionMgr:438 - getConditionDescription Invalid condition id : LAN8742 Phy interface Condition cause : null
2025-08-10 13:27:10,276 [WARN] PackLoader:240 - Cannot read IP mode file for STMicroelectronics.X-CUBE-AZRTOS-L4.2.0.0
2025-08-10 13:27:10,277 [WARN] ConditionMgr:1044 - genDependencies : Invalid condition id : LAN8742 Phy interface Condition cause : null
2025-08-10 13:27:10,277 [WARN] ConditionMgr:1044 - genDependencies : Invalid condition id : LAN8742 Phy interface Condition cause : null
2025-08-10 13:27:10,278 [WARN] ConditionMgr:1044 - genDependencies : Invalid condition id : LAN8742 Phy interface Condition cause : null
2025-08-10 13:27:10,283 [WARN] PackLoader:240 - Cannot read IP mode file for STMicroelectronics.X-CUBE-SFXS2LP1.4.0.0
2025-08-10 13:27:10,290 [WARN] PackLoader:240 - Cannot read IP mode file for STMicroelectronics.X-CUBE-BLEMGR.4.1.0
2025-08-10 13:27:10,311 [WARN] ConditionMgr:438 - getConditionDescription Invalid condition id : UX DEVICE CLASS RTOS Condition cause : null
2025-08-10 13:27:10,311 [WARN] ConditionMgr:438 - getConditionDescription Invalid condition id : UX DEVICE CLASS RTOS Condition cause : null
2025-08-10 13:27:10,313 [WARN] PackLoader:240 - Cannot read IP mode file for STMicroelectronics.X-CUBE-AZRTOS-WB.2.0.0
2025-08-10 13:27:10,313 [WARN] ConditionMgr:1044 - genDependencies : Invalid condition id : UX DEVICE CLASS RTOS Condition cause : null
2025-08-10 13:27:10,313 [WARN] ConditionMgr:1044 - genDependencies : Invalid condition id : UX DEVICE CLASS RTOS Condition cause : null
2025-08-10 13:27:10,313 [WARN] ConditionMgr:1044 - genDependencies : Invalid condition id : UX DEVICE CLASS RTOS Condition cause : null
2025-08-10 13:27:10,314 [WARN] ConditionMgr:1044 - genDependencies : Invalid condition id : UX DEVICE CLASS RTOS Condition cause : null
2025-08-10 13:27:10,314 [WARN] ConditionMgr:1044 - genDependencies : Invalid condition id : UX DEVICE CLASS RTOS Condition cause : null
2025-08-10 13:27:10,319 [WARN] PackLoader:240 - Cannot read IP mode file for STMicroelectronics.X-CUBE-GNSS1.7.0.1
2025-08-10 13:27:10,327 [WARN] PackLoader:240 - Cannot read IP mode file for STMicroelectronics.X-CUBE-TOUCHGFX.4.25.0
2025-08-10 13:27:10,333 [WARN] PackLoader:240 - Cannot read IP mode file for STMicroelectronics.FP-SNS-STBOX1.2.0.0
2025-08-10 13:27:10,342 [WARN] PackLoader:240 - Cannot read IP mode file for STMicroelectronics.X-CUBE-SUBG2.5.0.0
2025-08-10 13:27:10,361 [WARN] PackLoader:240 - Cannot read IP mode file for STMicroelectronics.X-CUBE-AZRTOS-H7RS.1.1.0
2025-08-10 13:27:10,367 [WARN] PackLoader:240 - Cannot read IP mode file for Cesanta.I-CUBE-Mongoose.7.13.0
2025-08-10 13:27:10,374 [WARN] PackLoader:240 - Cannot read IP mode file for STMicroelectronics.X-CUBE-AZRTOS-G4.2.0.0
2025-08-10 13:27:10,379 [WARN] PackLoader:240 - Cannot read IP mode file for wolfSSL.I-CUBE-wolfSSH.1.4.20
2025-08-10 13:27:10,382 [WARN] PackLoader:240 - Cannot read IP mode file for STMicroelectronics.X-CUBE-NFC7.2.0.0
2025-08-10 13:27:10,391 [WARN] PackLoader:240 - Cannot read IP mode file for STMicroelectronics.X-CUBE-IPS.3.1.0
2025-08-10 13:27:10,397 [WARN] PackLoader:240 - Cannot read IP mode file for STMicroelectronics.X-CUBE-ALS.1.0.2
2025-08-10 13:27:10,405 [WARN] PackLoader:240 - Cannot read IP mode file for portGmbH.I-Cube-SoM-uGOAL.1.1.0
2025-08-10 13:27:10,414 [WARN] PackLoader:240 - Cannot read IP mode file for STMicroelectronics.X-CUBE-TOF1.3.4.3
2025-08-10 13:27:10,425 [INFO] ThirdParty:978 - Integrity check success = true
2025-08-10 13:27:10,425 [INFO] IntegrityCheckThread:100 - exiting critical section [integrity check]
2025-08-10 13:27:10,425 [INFO] IntegrityCheckThread:103 - End integrity checks thread
2025-08-10 13:27:10,903 [INFO] WebApp:225 - Starting web application
2025-08-10 13:27:10,904 [INFO] WebApp:593 - Web application path used C:\ST\STM32CubeIDE_1.19.0\STM32CubeIDE\plugins\com.st.stm32cube.common.mx_6.15.0.202507011659\db\plugins\mcufinder\reactClient1\index.html
2025-08-10 16:07:42,647 [INFO] WebApp:194 - Connection lost
2025-08-10 16:07:42,976 [INFO] WebApp:191 - Connection restablished
2025-08-10 16:07:45,262 [INFO] WebApp:194 - Connection lost
2025-08-10 16:07:45,428 [INFO] WebApp:191 - Connection restablished
2025-08-10 16:29:07,381 [ERROR] LogOutputStream:75 - [STDERR_REDIRECT] 
