2025-10-26 21:16:00,835 [INFO] Activator:176 - 


2025-10-26 21:16:00,840 [INFO] Activator:177 - !SESSION log4j initialized
2025-10-26 21:16:06,948 [INFO] LogOutputStream:77 - [STDOUT_REDIRECT] 
2025-10-26 21:16:08,354 [INFO] ApplicationProperties:184 - Using Application install path: C:\ST\STM32CubeIDE_1.19.0\STM32CubeIDE\plugins\com.st.stm32cube.common.mx_6.15.0.202507011659
2025-10-26 21:16:08,371 [INFO] DbMcusXml:78 - Set database path to: C:\ST\STM32CubeIDE_1.19.0\STM32CubeIDE\plugins\com.st.stm32cube.common.mx_6.15.0.202507011659\\db\/mcu/
2025-10-26 21:16:08,371 [INFO] ApiDb:274 - Set plugin database path to: C:\ST\STM32CubeIDE_1.19.0\STM32CubeIDE\plugins\com.st.stm32cube.common.mx_6.15.0.202507011659\\db\/plugins/boardmanager/
2025-10-26 21:16:08,371 [WARN] ApiDb:259 - Overriding images path with different value:  => C:\ST\STM32CubeIDE_1.19.0\STM32CubeIDE\plugins\com.st.stm32cube.common.mx_6.15.0.202507011659\\db\/plugins/mcufinder/images/
2025-10-26 21:16:08,379 [INFO] ApiDb:250 - Set database path to: C:\Users\kadir\.stmcufinder\plugins\mcufinder//mcu/
2025-10-26 21:16:08,380 [INFO] DbMcusAds:125 - Set database path to: C:\Users\kadir\.stmcufinder\plugins\mcufinder//mcu/
2025-10-26 21:16:08,381 [INFO] CrossReferenceDbSqlite:203 - Set database path to: C:\Users\kadir\.stmcufinder\plugins\mcufinder//mcu/cs/
2025-10-26 21:16:08,495 [INFO] RulesReader:64 - Compatibility file has been processed (317 Rules)
2025-10-26 21:16:08,570 [INFO] DbMcusXml:78 - Set database path to: C:\ST\STM32CubeIDE_1.19.0\STM32CubeIDE\plugins\com.st.stm32cube.common.mx_6.15.0.202507011659\\db\/mcu/
2025-10-26 21:16:08,570 [INFO] ApiDb:274 - Set plugin database path to: C:\ST\STM32CubeIDE_1.19.0\STM32CubeIDE\plugins\com.st.stm32cube.common.mx_6.15.0.202507011659\\db\/plugins/boardmanager/
2025-10-26 21:16:08,570 [INFO] ApiDb:261 - Set plugin images path to: C:\ST\STM32CubeIDE_1.19.0\STM32CubeIDE\plugins\com.st.stm32cube.common.mx_6.15.0.202507011659\\db\/plugins/mcufinder/images/
2025-10-26 21:16:08,570 [WARN] DbFile:41 - Overriding database path with different value: C:\Users\kadir\.stmcufinder\plugins\mcufinder/ => C:\Users\kadir\.stmcufinder\plugins\mcufinder
2025-10-26 21:16:08,570 [INFO] ApiDb:250 - Set database path to: C:\Users\kadir\.stmcufinder\plugins\mcufinder//mcu/
2025-10-26 21:16:08,570 [WARN] DbFile:41 - Overriding database path with different value: C:\Users\kadir\.stmcufinder\plugins\mcufinder/ => C:\Users\kadir\.stmcufinder\plugins\mcufinder
2025-10-26 21:16:08,570 [INFO] DbMcusAds:125 - Set database path to: C:\Users\kadir\.stmcufinder\plugins\mcufinder//mcu/
2025-10-26 21:16:08,570 [WARN] DbFile:41 - Overriding database path with different value: C:\Users\kadir\.stmcufinder\plugins\mcufinder/ => C:\Users\kadir\.stmcufinder\plugins\mcufinder
2025-10-26 21:16:08,571 [WARN] DbFile:41 - Overriding database path with different value: C:\Users\kadir\.stmcufinder\plugins\mcufinder/ => C:\Users\kadir\.stmcufinder\plugins\mcufinder
2025-10-26 21:16:08,571 [INFO] CrossReferenceDbSqlite:203 - Set database path to: C:\Users\kadir\.stmcufinder\plugins\mcufinder//mcu/cs/
2025-10-26 21:16:08,632 [INFO] MainPanel:274 - HeapMemory: 268435456
2025-10-26 21:16:08,742 [INFO] DbMcusXml:78 - Set database path to: C:\ST\STM32CubeIDE_1.19.0\STM32CubeIDE\plugins\com.st.stm32cube.common.mx_6.15.0.202507011659\\db\/mcu/
2025-10-26 21:16:08,742 [INFO] ApiDb:274 - Set plugin database path to: C:\ST\STM32CubeIDE_1.19.0\STM32CubeIDE\plugins\com.st.stm32cube.common.mx_6.15.0.202507011659\\db\/plugins/boardmanager/
2025-10-26 21:16:08,742 [INFO] ApiDb:261 - Set plugin images path to: C:\ST\STM32CubeIDE_1.19.0\STM32CubeIDE\plugins\com.st.stm32cube.common.mx_6.15.0.202507011659\\db\/plugins/mcufinder/images/
2025-10-26 21:16:08,742 [WARN] DbFile:41 - Overriding database path with different value: C:\Users\kadir\.stmcufinder\plugins\mcufinder/ => C:\Users\kadir\.stmcufinder\plugins\mcufinder
2025-10-26 21:16:08,742 [INFO] ApiDb:250 - Set database path to: C:\Users\kadir\.stmcufinder\plugins\mcufinder//mcu/
2025-10-26 21:16:08,742 [WARN] DbFile:41 - Overriding database path with different value: C:\Users\kadir\.stmcufinder\plugins\mcufinder/ => C:\Users\kadir\.stmcufinder\plugins\mcufinder
2025-10-26 21:16:08,742 [INFO] DbMcusAds:125 - Set database path to: C:\Users\kadir\.stmcufinder\plugins\mcufinder//mcu/
2025-10-26 21:16:08,742 [WARN] DbFile:41 - Overriding database path with different value: C:\Users\kadir\.stmcufinder\plugins\mcufinder/ => C:\Users\kadir\.stmcufinder\plugins\mcufinder
2025-10-26 21:16:08,742 [WARN] DbFile:41 - Overriding database path with different value: C:\Users\kadir\.stmcufinder\plugins\mcufinder/ => C:\Users\kadir\.stmcufinder\plugins\mcufinder
2025-10-26 21:16:08,743 [INFO] CrossReferenceDbSqlite:203 - Set database path to: C:\Users\kadir\.stmcufinder\plugins\mcufinder//mcu/cs/
2025-10-26 21:16:08,765 [INFO] ApplicationProperties:184 - Using Application install path: C:\ST\STM32CubeIDE_1.19.0\STM32CubeIDE\plugins\com.st.stm32cube.common.mx_6.15.0.202507011659
2025-10-26 21:16:08,767 [INFO] PluginManage:196 - Search for loadable plugins [exclusion list=, ]
2025-10-26 21:16:08,769 [INFO] PluginManage:310 - Check plugin analytics
2025-10-26 21:16:08,911 [INFO] AnalyticsPlugin:253 - Accepted Software Licenses: STM32CubeMX.6.15.0
2025-10-26 21:16:08,911 [INFO] AnalyticsPlugin:255 - Accepted CMSIS Pack Licenses: 
2025-10-26 21:16:08,911 [INFO] AnalyticsPlugin:257 - Accepted Firmware Licenses: FW.F4.1.28.0
2025-10-26 21:16:08,913 [INFO] PluginManage:359 - Loaded plugin analytics (category:tool,tabindex:-1)
2025-10-26 21:16:08,913 [INFO] PluginManage:310 - Check plugin cadmodel
2025-10-26 21:16:08,919 [INFO] CADModel:105 - Init CAD model plugin
2025-10-26 21:16:08,919 [INFO] PluginManage:359 - Loaded plugin cadmodel (category:power,tabindex:5)
2025-10-26 21:16:08,920 [INFO] PluginManage:310 - Check plugin clock
2025-10-26 21:16:08,928 [INFO] PluginManage:359 - Loaded plugin clock (category:base,tabindex:2)
2025-10-26 21:16:08,928 [INFO] PluginManage:310 - Check plugin ddr
2025-10-26 21:16:08,930 [INFO] PluginManage:359 - Loaded plugin ddr (category:tool,tabindex:6)
2025-10-26 21:16:08,930 [INFO] PluginManage:310 - Check plugin filemanager
2025-10-26 21:16:09,069 [INFO] PluginManage:359 - Loaded plugin filemanager (category:base,tabindex:10)
2025-10-26 21:16:09,070 [INFO] PluginManage:310 - Check plugin ipmanager
2025-10-26 21:16:09,075 [INFO] PluginManage:359 - Loaded plugin ipmanager (category:base,tabindex:5)
2025-10-26 21:16:09,076 [INFO] PluginManage:310 - Check plugin lpbam
2025-10-26 21:16:09,085 [INFO] PluginManage:359 - Loaded plugin lpbam (category:base,tabindex:0)
2025-10-26 21:16:09,085 [INFO] PluginManage:310 - Check plugin memorymap
2025-10-26 21:16:09,098 [INFO] PluginManage:359 - Loaded plugin memorymap (category:base,tabindex:4)
2025-10-26 21:16:09,098 [INFO] PluginManage:310 - Check plugin pinoutandconfiguration
2025-10-26 21:16:09,106 [INFO] PluginManage:359 - Loaded plugin pinoutandconfiguration (category:base,tabindex:1)
2025-10-26 21:16:09,106 [INFO] PluginManage:310 - Check plugin pinoutconfig
2025-10-26 21:16:09,190 [WARN] SupportedApi:132 - Cannot load RTOS API schema: s4s-elt-must-match.1: The content of 'definitions' must match (annotation?, (simpleType | complexType)?, (unique | key | keyref)*)). A problem was found starting at: attribute.
2025-10-26 21:16:09,322 [INFO] PluginManage:359 - Loaded plugin pinoutconfig (category:base,tabindex:0)
2025-10-26 21:16:09,322 [INFO] PluginManage:310 - Check plugin power
2025-10-26 21:16:09,329 [INFO] PluginManage:359 - Loaded plugin power (category:power,tabindex:4)
2025-10-26 21:16:09,329 [INFO] PluginManage:310 - Check plugin projectmanager
2025-10-26 21:16:09,343 [INFO] PluginManage:359 - Loaded plugin projectmanager (category:projectmanager,tabindex:4)
2025-10-26 21:16:09,343 [INFO] PluginManage:310 - Check plugin rif
2025-10-26 21:16:09,353 [INFO] PluginManage:359 - Loaded plugin rif (category:base,tabindex:3)
2025-10-26 21:16:09,354 [INFO] PluginManage:310 - Check plugin thirdparty
2025-10-26 21:16:09,480 [INFO] PluginManage:359 - Loaded plugin thirdparty (category:base,tabindex:-1)
2025-10-26 21:16:09,480 [WARN] IntegrityCheckThread:84 - waiting for thirdparty lock release [integrity check]
2025-10-26 21:16:09,481 [INFO] PluginManage:310 - Check plugin tools
2025-10-26 21:16:09,481 [INFO] IntegrityCheckThread:86 - entering critical section [integrity check]
2025-10-26 21:16:09,481 [INFO] ThirdPartyUpdaterWithRetryManager:70 - Updater plugin not ready yet. [1/15]
2025-10-26 21:16:09,483 [INFO] PluginManage:359 - Loaded plugin tools (category:base,tabindex:7)
2025-10-26 21:16:09,483 [INFO] PluginManage:310 - Check plugin tutovideos
2025-10-26 21:16:09,696 [INFO] PluginManage:359 - Loaded plugin tutovideos (category:base,tabindex:-1)
2025-10-26 21:16:09,696 [INFO] PluginManage:310 - Check plugin updater
2025-10-26 21:16:09,715 [INFO] PluginManage:359 - Loaded plugin updater (category:base,tabindex:12)
2025-10-26 21:16:09,715 [INFO] PluginManage:310 - Check plugin userauth
2025-10-26 21:16:09,720 [INFO] UserAuth:118 - Init User Auth plugin
2025-10-26 21:16:09,721 [INFO] PluginManage:359 - Loaded plugin userauth (category:base,tabindex:14)
2025-10-26 21:16:09,721 [INFO] PluginManage:283 - PluginManage : Loaded plugins [18]
2025-10-26 21:16:09,903 [INFO] PinOutPanel:1589 - setPackage(No Configuration,No Configuration)
2025-10-26 21:16:09,981 [INFO] CADModel:165 - CPN selected for project level
2025-10-26 21:16:09,981 [INFO] CADModel:114 - Register for checkConnection events
2025-10-26 21:16:10,001 [INFO] IPUIPlugin:80 - create IPUIPlugin
2025-10-26 21:16:10,001 [INFO] PluginManager:220 - loadIPPluginJar : add adc
2025-10-26 21:16:10,004 [INFO] IPUIPlugin:80 - create IPUIPlugin
2025-10-26 21:16:10,005 [INFO] PluginManager:220 - loadIPPluginJar : add aes
2025-10-26 21:16:10,007 [INFO] IPUIPlugin:80 - create IPUIPlugin
2025-10-26 21:16:10,007 [INFO] PluginManager:220 - loadIPPluginJar : add can
2025-10-26 21:16:10,009 [INFO] IPUIPlugin:80 - create IPUIPlugin
2025-10-26 21:16:10,009 [INFO] PluginManager:220 - loadIPPluginJar : add comp
2025-10-26 21:16:10,011 [INFO] IPUIPlugin:80 - create IPUIPlugin
2025-10-26 21:16:10,011 [INFO] PluginManager:220 - loadIPPluginJar : add cryp
2025-10-26 21:16:10,014 [INFO] IPUIPlugin:80 - create IPUIPlugin
2025-10-26 21:16:10,014 [INFO] PluginManager:220 - loadIPPluginJar : add ddr_ctrl_phy
2025-10-26 21:16:10,017 [INFO] IPUIPlugin:80 - create IPUIPlugin
2025-10-26 21:16:10,017 [INFO] PluginManager:220 - loadIPPluginJar : add dfsdm
2025-10-26 21:16:10,021 [INFO] IPUIPlugin:80 - create IPUIPlugin
2025-10-26 21:16:10,022 [INFO] PluginManager:220 - loadIPPluginJar : add dma
2025-10-26 21:16:10,024 [INFO] IPUIPlugin:80 - create IPUIPlugin
2025-10-26 21:16:10,024 [INFO] PluginManager:220 - loadIPPluginJar : add dma3
2025-10-26 21:16:10,027 [INFO] IPUIPlugin:80 - create IPUIPlugin
2025-10-26 21:16:10,027 [INFO] PluginManager:220 - loadIPPluginJar : add extmemmanager
2025-10-26 21:16:10,028 [INFO] IPUIPlugin:80 - create IPUIPlugin
2025-10-26 21:16:10,029 [INFO] PluginManager:220 - loadIPPluginJar : add fatfs
2025-10-26 21:16:10,032 [INFO] IPUIPlugin:80 - create IPUIPlugin
2025-10-26 21:16:10,032 [INFO] PluginManager:220 - loadIPPluginJar : add fmc
2025-10-26 21:16:10,039 [INFO] IPUIPlugin:80 - create IPUIPlugin
2025-10-26 21:16:10,040 [INFO] PluginManager:220 - loadIPPluginJar : add freertos
2025-10-26 21:16:10,041 [INFO] IPUIPlugin:80 - create IPUIPlugin
2025-10-26 21:16:10,041 [INFO] PluginManager:220 - loadIPPluginJar : add genericplugin
2025-10-26 21:16:10,044 [INFO] IPUIPlugin:80 - create IPUIPlugin
2025-10-26 21:16:10,044 [INFO] PluginManager:220 - loadIPPluginJar : add gfxmmu
2025-10-26 21:16:10,048 [INFO] IPUIPlugin:80 - create IPUIPlugin
2025-10-26 21:16:10,048 [INFO] PluginManager:220 - loadIPPluginJar : add gic
2025-10-26 21:16:10,051 [INFO] IPUIPlugin:80 - create IPUIPlugin
2025-10-26 21:16:10,051 [INFO] PluginManager:220 - loadIPPluginJar : add gpio
2025-10-26 21:16:10,053 [INFO] IPUIPlugin:80 - create IPUIPlugin
2025-10-26 21:16:10,053 [INFO] PluginManager:220 - loadIPPluginJar : add gtzc
2025-10-26 21:16:10,055 [INFO] IPUIPlugin:80 - create IPUIPlugin
2025-10-26 21:16:10,055 [INFO] PluginManager:220 - loadIPPluginJar : add hash
2025-10-26 21:16:10,057 [INFO] IPUIPlugin:80 - create IPUIPlugin
2025-10-26 21:16:10,057 [INFO] PluginManager:220 - loadIPPluginJar : add i2c
2025-10-26 21:16:10,059 [INFO] IPUIPlugin:80 - create IPUIPlugin
2025-10-26 21:16:10,059 [INFO] PluginManager:220 - loadIPPluginJar : add i2s
2025-10-26 21:16:10,061 [INFO] IPUIPlugin:80 - create IPUIPlugin
2025-10-26 21:16:10,062 [INFO] PluginManager:220 - loadIPPluginJar : add i3c
2025-10-26 21:16:10,065 [INFO] IPUIPlugin:80 - create IPUIPlugin
2025-10-26 21:16:10,065 [INFO] PluginManager:220 - loadIPPluginJar : add ipddr
2025-10-26 21:16:10,073 [INFO] IPUIPlugin:80 - create IPUIPlugin
2025-10-26 21:16:10,073 [INFO] PluginManager:220 - loadIPPluginJar : add linkedlist
2025-10-26 21:16:10,075 [INFO] IPUIPlugin:80 - create IPUIPlugin
2025-10-26 21:16:10,075 [INFO] PluginManager:220 - loadIPPluginJar : add lorawan
2025-10-26 21:16:10,076 [INFO] IPUIPlugin:80 - create IPUIPlugin
2025-10-26 21:16:10,076 [INFO] PluginManager:220 - loadIPPluginJar : add ltdc
2025-10-26 21:16:10,081 [INFO] IPUIPlugin:80 - create IPUIPlugin
2025-10-26 21:16:10,081 [INFO] PluginManager:220 - loadIPPluginJar : add mdma
2025-10-26 21:16:10,084 [INFO] IPUIPlugin:80 - create IPUIPlugin
2025-10-26 21:16:10,084 [INFO] PluginManager:220 - loadIPPluginJar : add nvic
2025-10-26 21:16:10,087 [INFO] IPUIPlugin:80 - create IPUIPlugin
2025-10-26 21:16:10,087 [INFO] PluginManager:220 - loadIPPluginJar : add opamp
2025-10-26 21:16:10,089 [INFO] IPUIPlugin:80 - create IPUIPlugin
2025-10-26 21:16:10,089 [INFO] PluginManager:220 - loadIPPluginJar : add openamp
2025-10-26 21:16:10,091 [INFO] IPUIPlugin:80 - create IPUIPlugin
2025-10-26 21:16:10,091 [INFO] PluginManager:220 - loadIPPluginJar : add pdm2pcm
2025-10-26 21:16:10,096 [INFO] IPUIPlugin:80 - create IPUIPlugin
2025-10-26 21:16:10,098 [INFO] PluginManager:220 - loadIPPluginJar : add plateformsettings
2025-10-26 21:16:10,099 [INFO] IPUIPlugin:80 - create IPUIPlugin
2025-10-26 21:16:10,099 [INFO] PluginManager:220 - loadIPPluginJar : add quadspi
2025-10-26 21:16:10,100 [INFO] IPUIPlugin:80 - create IPUIPlugin
2025-10-26 21:16:10,101 [INFO] PluginManager:220 - loadIPPluginJar : add radio
2025-10-26 21:16:10,105 [INFO] IPUIPlugin:80 - create IPUIPlugin
2025-10-26 21:16:10,105 [INFO] PluginManager:220 - loadIPPluginJar : add resmgrutility
2025-10-26 21:16:10,107 [INFO] IPUIPlugin:80 - create IPUIPlugin
2025-10-26 21:16:10,107 [INFO] PluginManager:220 - loadIPPluginJar : add sai
2025-10-26 21:16:10,110 [INFO] IPUIPlugin:80 - create IPUIPlugin
2025-10-26 21:16:10,110 [INFO] PluginManager:220 - loadIPPluginJar : add spi
2025-10-26 21:16:10,115 [INFO] IPUIPlugin:80 - create IPUIPlugin
2025-10-26 21:16:10,115 [INFO] PluginManager:220 - loadIPPluginJar : add stm32_wpan
2025-10-26 21:16:10,117 [INFO] IPUIPlugin:80 - create IPUIPlugin
2025-10-26 21:16:10,117 [INFO] PluginManager:220 - loadIPPluginJar : add tim
2025-10-26 21:16:10,119 [INFO] IPUIPlugin:80 - create IPUIPlugin
2025-10-26 21:16:10,120 [INFO] PluginManager:220 - loadIPPluginJar : add touchsensing
2025-10-26 21:16:10,121 [INFO] IPUIPlugin:80 - create IPUIPlugin
2025-10-26 21:16:10,121 [INFO] PluginManager:220 - loadIPPluginJar : add tracer_emb
2025-10-26 21:16:10,121 [INFO] IPUIPlugin:80 - create IPUIPlugin
2025-10-26 21:16:10,121 [INFO] PluginManager:220 - loadIPPluginJar : add ts
2025-10-26 21:16:10,122 [INFO] IPUIPlugin:80 - create IPUIPlugin
2025-10-26 21:16:10,123 [INFO] PluginManager:220 - loadIPPluginJar : add tsc
2025-10-26 21:16:10,124 [INFO] IPUIPlugin:80 - create IPUIPlugin
2025-10-26 21:16:10,124 [INFO] PluginManager:220 - loadIPPluginJar : add ucpd
2025-10-26 21:16:10,125 [INFO] IPUIPlugin:80 - create IPUIPlugin
2025-10-26 21:16:10,125 [INFO] PluginManager:220 - loadIPPluginJar : add usart
2025-10-26 21:16:10,129 [INFO] IPUIPlugin:80 - create IPUIPlugin
2025-10-26 21:16:10,129 [INFO] PluginManager:220 - loadIPPluginJar : add usbx
2025-10-26 21:16:10,244 [FATAL] Updater:351 - Updater called before beeing initialized
2025-10-26 21:16:10,287 [INFO] RulesReader:64 - Compatibility file has been processed (317 Rules)
2025-10-26 21:16:10,298 [INFO] RulesReader:64 - Compatibility file has been processed (317 Rules)
2025-10-26 21:16:10,313 [INFO] CADModel:165 - CPN selected for project level
2025-10-26 21:16:10,313 [INFO] CADModel:114 - Register for checkConnection events
2025-10-26 21:16:10,313 [FATAL] Updater:351 - Updater called before beeing initialized
2025-10-26 21:16:10,314 [ERROR] CADModel:125 - Updater not yet initialized, retry later 
2025-10-26 21:16:10,443 [FATAL] Updater:351 - Updater called before beeing initialized
2025-10-26 21:16:10,444 [INFO] CADModel:165 - CPN selected for project level
2025-10-26 21:16:10,444 [INFO] CADModel:114 - Register for checkConnection events
2025-10-26 21:16:10,444 [FATAL] Updater:351 - Updater called before beeing initialized
2025-10-26 21:16:10,445 [ERROR] CADModel:125 - Updater not yet initialized, retry later 
2025-10-26 21:16:10,447 [FATAL] Updater:351 - Updater called before beeing initialized
2025-10-26 21:16:10,537 [FATAL] Updater:351 - Updater called before beeing initialized
2025-10-26 21:16:10,541 [INFO] DbMcusAds:53 - JSON generation date=Thu Oct 02 12:36:05 TRT 2025 (1759397765645)
2025-10-26 21:16:10,541 [FATAL] Updater:351 - Updater called before beeing initialized
2025-10-26 21:16:10,569 [WARN] DetailPanel:346 - Failed to get advertising image, set to default
2025-10-26 21:16:10,629 [FATAL] Updater:351 - Updater called before beeing initialized
2025-10-26 21:16:10,631 [FATAL] Updater:351 - Updater called before beeing initialized
2025-10-26 21:16:10,631 [FATAL] Updater:351 - Updater called before beeing initialized
2025-10-26 21:16:10,631 [WARN] DetailPanel:346 - Failed to get advertising image, set to default
2025-10-26 21:16:10,631 [FATAL] Updater:351 - Updater called before beeing initialized
2025-10-26 21:16:10,666 [ERROR] Updater:1198 - MainUpdater not yet initialized. External WinMGr cannot be set.
2025-10-26 21:16:10,669 [INFO] Updater:1134 - Updater Version found : 6.15.0
2025-10-26 21:16:10,688 [INFO] ApplicationProperties:184 - Using Application install path: C:\ST\STM32CubeIDE_1.19.0\STM32CubeIDE\plugins\com.st.stm32cube.common.mx_6.15.0.202507011659
2025-10-26 21:16:12,295 [ERROR] LogOutputStream:75 - [STDERR_REDIRECT] Oct 26, 2025 9:16:12 PM java.util.prefs.WindowsPreferences <init>
2025-10-26 21:16:12,295 [ERROR] LogOutputStream:75 - [STDERR_REDIRECT] WARNING: Could not open/create prefs root node Software\JavaSoft\Prefs at root 0xffffffff80000002. Windows RegCreateKeyEx(...) returned error code 5.
2025-10-26 21:16:12,297 [ERROR] LogOutputStream:75 - [STDERR_REDIRECT] 
2025-10-26 21:16:12,488 [INFO] ThirdPartyUpdaterWithRetryManager:70 - Updater plugin not ready yet. [2/15]
2025-10-26 21:16:13,270 [INFO] MainUpdater:2872 - connection check result : 10
2025-10-26 21:16:13,271 [INFO] MainUpdater:289 - Updater Check For Update Now.
2025-10-26 21:16:13,271 [INFO] MicroXplorer:498 - Change Database Version : DB.6.0.150
2025-10-26 21:16:13,282 [INFO] McuFinderGlobals:63 - Set McuFinder mode to 2 (CubeIDE integrated)
2025-10-26 21:16:13,282 [INFO] UserAuth:171 - activating auth plugin
2025-10-26 21:16:13,287 [INFO] UserAuth:487 - Internet connection configuration mode: 1
2025-10-26 21:16:13,354 [INFO] JxBrowserEngine:152 - Initiate JxBrowser Engine with user profile folder
2025-10-26 21:16:13,456 [INFO] CheckServerUpdateThread:120 - End of CheckServer Thread
2025-10-26 21:16:14,406 [INFO] WebApp:169 - Instantiating new browser for Auth
2025-10-26 21:16:15,145 [INFO] WebApp:463 - Apply proxy settings
2025-10-26 21:16:15,147 [INFO] WebApp:548 - Chromium requires no authentication
2025-10-26 21:16:15,161 [INFO] WebApp:491 - Direct internet connection detected
2025-10-26 21:16:15,190 [INFO] WebApp:900 - Register for checkConnection events
2025-10-26 21:16:15,190 [INFO] WebApp:463 - Apply proxy settings
2025-10-26 21:16:15,190 [INFO] WebApp:548 - Chromium requires no authentication
2025-10-26 21:16:15,191 [INFO] WebApp:491 - Direct internet connection detected
2025-10-26 21:16:15,365 [INFO] WebApp:225 - Starting web application
2025-10-26 21:16:15,365 [INFO] WebApp:593 - Web application path used C:\ST\STM32CubeIDE_1.19.0\STM32CubeIDE\plugins\com.st.stm32cube.common.mx_6.15.0.202507011659\db\plugins\mcufinder\reactClient1\index.html
2025-10-26 21:16:15,800 [WARN] PackLoader:240 - Cannot read IP mode file for STMicroelectronics.FP-SNS-MOTENVWB1.1.4.0
2025-10-26 21:16:15,814 [WARN] PackLoader:240 - Cannot read IP mode file for STMicroelectronics.FP-ATR-ASTRA1.2.0.2
2025-10-26 21:16:15,829 [WARN] PackLoader:240 - Cannot read IP mode file for STMicroelectronics.X-CUBE-SMBUS.2.1.0
2025-10-26 21:16:15,837 [WARN] PackLoader:240 - Cannot read IP mode file for STMicroelectronics.X-CUBE-ST60.1.0.0
2025-10-26 21:16:15,878 [INFO] WebApp:191 - Connection restablished
2025-10-26 21:16:15,880 [WARN] PackLoader:240 - Cannot read IP mode file for STMicroelectronics.X-CUBE-AZRTOS-F7.1.1.0
2025-10-26 21:16:15,920 [WARN] PackLoader:240 - Cannot read IP mode file for Infineon.AIROC-Wi-Fi-Bluetooth-STM32.1.7.1
2025-10-26 21:16:15,945 [WARN] PackLoader:240 - Cannot read IP mode file for STMicroelectronics.X-CUBE-AZRTOS-H7.3.4.0
2025-10-26 21:16:15,959 [WARN] PackLoader:240 - Cannot read IP mode file for STMicroelectronics.X-CUBE-DISPLAY.3.0.0
2025-10-26 21:16:15,982 [WARN] PackLoader:240 - Cannot read IP mode file for STMicroelectronics.X-CUBE-NFC10.1.0.0
2025-10-26 21:16:15,995 [WARN] PackLoader:240 - Cannot read IP mode file for STMicroelectronics.X-CUBE-BLEMGR.4.0.0
2025-10-26 21:16:16,004 [WARN] PackLoader:240 - Cannot read IP mode file for STMicroelectronics.X-CUBE-ST60.1.1.0
2025-10-26 21:16:16,012 [WARN] PackLoader:240 - Cannot read IP mode file for emotas.I-CUBE-CANOPEN.1.3.0
2025-10-26 21:16:16,017 [WARN] ConditionMgr:438 - getConditionDescription Invalid condition id : Cortex-A Device cause : null
2025-10-26 21:16:16,045 [WARN] ConditionMgr:1044 - genDependencies : Invalid condition id : Cortex-A Device cause : null
2025-10-26 21:16:16,045 [WARN] ConditionMgr:1044 - genDependencies : Invalid condition id : Cortex-A Device cause : null
2025-10-26 21:16:16,045 [WARN] ConditionMgr:1044 - genDependencies : Invalid condition id : Cortex-A Device cause : null
2025-10-26 21:16:16,054 [WARN] PackLoader:240 - Cannot read IP mode file for STMicroelectronics.FP-SNS-STBOX1.2.1.0
2025-10-26 21:16:16,061 [WARN] PackLoader:240 - Cannot read IP mode file for STMicroelectronics.FP-SNS-SMARTAG2.1.2.0
2025-10-26 21:16:16,068 [WARN] PackLoader:240 - Cannot read IP mode file for STMicroelectronics.FP-SNS-FLIGHT1.5.1.0
2025-10-26 21:16:16,081 [INFO] LogOutputStream:77 - [STDOUT_REDIRECT] 1 : Invalid condition id : UX_CORESTACK_Condition cause : null
2025-10-26 21:16:16,082 [INFO] LogOutputStream:77 - [STDOUT_REDIRECT] 1 : Invalid condition id : UX_CORESTACK_Condition cause : null
2025-10-26 21:16:16,085 [INFO] LogOutputStream:77 - [STDOUT_REDIRECT] 1 : Invalid condition id : UX_CORESTACK_Condition cause : null
2025-10-26 21:16:16,087 [INFO] LogOutputStream:77 - [STDOUT_REDIRECT] 1 : Invalid condition id : UX_CORESTACK_Condition cause : null
2025-10-26 21:16:16,089 [INFO] LogOutputStream:77 - [STDOUT_REDIRECT] 1 : Invalid condition id : UX_CORESTACK_Condition cause : null
2025-10-26 21:16:16,093 [WARN] PackLoader:240 - Cannot read IP mode file for STMicroelectronics.X-CUBE-AZRTOS-WL.2.0.0
2025-10-26 21:16:16,102 [WARN] PackLoader:240 - Cannot read IP mode file for STMicroelectronics.FP-SNS-MOTENV1.5.0.0
2025-10-26 21:16:16,122 [WARN] PackLoader:240 - Cannot read IP mode file for WES.I-CUBE-Cesium.1.3.0
2025-10-26 21:16:16,139 [WARN] PackLoader:240 - Cannot read IP mode file for STMicroelectronics.X-CUBE-BLE2.3.3.0
2025-10-26 21:16:16,147 [WARN] PackLoader:240 - Cannot read IP mode file for STMicroelectronics.X-CUBE-NFC9.1.0.0
2025-10-26 21:16:16,160 [WARN] PackLoader:240 - Cannot read IP mode file for wolfSSL.I-CUBE-wolfSSL.5.8.0
2025-10-26 21:16:16,168 [WARN] PackLoader:240 - Cannot read IP mode file for STMicroelectronics.X-CUBE-BLE1.7.1.0
2025-10-26 21:16:16,174 [WARN] PackLoader:240 - Cannot read IP mode file for wolfSSL.I-CUBE-wolfMQTT.1.19.2
2025-10-26 21:16:16,183 [WARN] PackLoader:240 - Cannot read IP mode file for STMicroelectronics.X-CUBE-EEPRMA1.5.2.0
2025-10-26 21:16:16,194 [WARN] PackLoader:240 - Cannot read IP mode file for STMicroelectronics.X-CUBE-ST67W61.1.1.0
2025-10-26 21:16:16,201 [WARN] PackLoader:240 - Cannot read IP mode file for STMicroelectronics.X-CUBE-AI.10.1.0
2025-10-26 21:16:16,221 [WARN] PackLoader:240 - Cannot read IP mode file for STMicroelectronics.X-CUBE-AZRTOS-G0.1.1.0
2025-10-26 21:16:16,232 [WARN] PackLoader:240 - Cannot read IP mode file for STMicroelectronics.X-CUBE-SAFEA1.1.2.2
2025-10-26 21:16:16,241 [WARN] PackLoader:240 - Cannot read IP mode file for STMicroelectronics.X-CUBE-NFC4.3.0.0
2025-10-26 21:16:16,253 [WARN] PackLoader:240 - Cannot read IP mode file for EmbeddedOffice.I-CUBE-FS-RTOS.1.0.1
2025-10-26 21:16:16,262 [WARN] PackLoader:240 - Cannot read IP mode file for STMicroelectronics.X-CUBE-WB05N.2.0.0
2025-10-26 21:16:16,268 [WARN] PackLoader:240 - Cannot read IP mode file for wolfSSL.I-CUBE-wolfTPM.3.8.0
2025-10-26 21:16:16,273 [WARN] PackLoader:240 - Cannot read IP mode file for STMicroelectronics.X-CUBE-TCPP.4.2.0
2025-10-26 21:16:16,280 [WARN] PackLoader:240 - Cannot read IP mode file for RealThread.X-CUBE-RT-Thread_Nano.4.1.1
2025-10-26 21:16:16,287 [WARN] PackLoader:240 - Cannot read IP mode file for STMicroelectronics.FP-ATR-SIGFOX1.3.2.0
2025-10-26 21:16:16,297 [WARN] PackLoader:240 - Cannot read IP mode file for ITTIA_DB.I-CUBE-ITTIADB.8.9.0
2025-10-26 21:16:16,307 [WARN] PackLoader:240 - Cannot read IP mode file for STMicroelectronics.X-CUBE-ST67W61.1.0.0
2025-10-26 21:16:16,312 [WARN] PackLoader:240 - Cannot read IP mode file for STMicroelectronics.X-CUBE-AI.10.2.0
2025-10-26 21:16:16,341 [WARN] PackLoader:240 - Cannot read IP mode file for SEGGER.I-CUBE-embOS.1.3.1
2025-10-26 21:16:16,377 [WARN] PackLoader:240 - Cannot read IP mode file for STMicroelectronics.X-CUBE-ALGOBUILD.1.4.0
2025-10-26 21:16:16,409 [WARN] PackLoader:240 - Cannot read IP mode file for STMicroelectronics.X-CUBE-MEMS1.11.3.0
2025-10-26 21:16:16,517 [WARN] PackLoader:240 - Cannot read IP mode file for STMicroelectronics.X-CUBE-PM33A1.1.0.0
2025-10-26 21:16:16,531 [WARN] PackLoader:240 - Cannot read IP mode file for STMicroelectronics.X-CUBE-AZRTOS-F4.1.1.0
2025-10-26 21:16:16,540 [WARN] PackLoader:240 - Cannot read IP mode file for Avnet-IotConnect.X-CUBE-IoTC-DA16k-PMOD.1.0.0
2025-10-26 21:16:16,546 [WARN] PackLoader:240 - Cannot read IP mode file for STMicroelectronics.X-CUBE-ISPU.2.1.0
2025-10-26 21:16:16,620 [WARN] PackLoader:240 - Cannot read IP mode file for STMicroelectronics.X-CUBE-IPS.3.2.0
2025-10-26 21:16:16,642 [WARN] PackLoader:240 - Cannot read IP mode file for STMicroelectronics.X-CUBE-NFC12.1.0.0
2025-10-26 21:16:16,666 [WARN] PackLoader:240 - Cannot read IP mode file for STMicroelectronics.X-CUBE-AZRTOS-L5.2.0.0
2025-10-26 21:16:16,677 [WARN] PackLoader:240 - Cannot read IP mode file for STMicroelectronics.X-CUBE-NFC6.3.1.0
2025-10-26 21:16:16,684 [WARN] PackLoader:240 - Cannot read IP mode file for STMicroelectronics.X-CUBE-FREERTOS.1.3.1
2025-10-26 21:16:16,703 [WARN] PackLoader:240 - Cannot read IP mode file for STMicroelectronics.X-CUBE-TOUCHGFX.4.26.0
2025-10-26 21:16:16,709 [WARN] PackLoader:240 - Cannot read IP mode file for STMicroelectronics.FP-SNS-STAIOTCFT.1.0.0
2025-10-26 21:16:16,717 [WARN] PackLoader:240 - Cannot read IP mode file for STMicroelectronics.X-CUBE-DPower.1.3.0
2025-10-26 21:16:16,731 [WARN] ConditionMgr:438 - getConditionDescription Invalid condition id : LAN8742 Phy interface Condition cause : null
2025-10-26 21:16:16,732 [WARN] PackLoader:240 - Cannot read IP mode file for STMicroelectronics.X-CUBE-AZRTOS-L4.2.0.0
2025-10-26 21:16:16,733 [WARN] ConditionMgr:1044 - genDependencies : Invalid condition id : LAN8742 Phy interface Condition cause : null
2025-10-26 21:16:16,734 [WARN] ConditionMgr:1044 - genDependencies : Invalid condition id : LAN8742 Phy interface Condition cause : null
2025-10-26 21:16:16,734 [WARN] ConditionMgr:1044 - genDependencies : Invalid condition id : LAN8742 Phy interface Condition cause : null
2025-10-26 21:16:16,744 [WARN] PackLoader:240 - Cannot read IP mode file for STMicroelectronics.X-CUBE-SFXS2LP1.4.0.0
2025-10-26 21:16:16,754 [WARN] PackLoader:240 - Cannot read IP mode file for STMicroelectronics.X-CUBE-BLEMGR.4.1.0
2025-10-26 21:16:16,771 [WARN] ConditionMgr:438 - getConditionDescription Invalid condition id : UX DEVICE CLASS RTOS Condition cause : null
2025-10-26 21:16:16,771 [WARN] ConditionMgr:438 - getConditionDescription Invalid condition id : UX DEVICE CLASS RTOS Condition cause : null
2025-10-26 21:16:16,774 [WARN] PackLoader:240 - Cannot read IP mode file for STMicroelectronics.X-CUBE-AZRTOS-WB.2.0.0
2025-10-26 21:16:16,774 [WARN] ConditionMgr:1044 - genDependencies : Invalid condition id : UX DEVICE CLASS RTOS Condition cause : null
2025-10-26 21:16:16,774 [WARN] ConditionMgr:1044 - genDependencies : Invalid condition id : UX DEVICE CLASS RTOS Condition cause : null
2025-10-26 21:16:16,775 [WARN] ConditionMgr:1044 - genDependencies : Invalid condition id : UX DEVICE CLASS RTOS Condition cause : null
2025-10-26 21:16:16,775 [WARN] ConditionMgr:1044 - genDependencies : Invalid condition id : UX DEVICE CLASS RTOS Condition cause : null
2025-10-26 21:16:16,775 [WARN] ConditionMgr:1044 - genDependencies : Invalid condition id : UX DEVICE CLASS RTOS Condition cause : null
2025-10-26 21:16:16,782 [WARN] PackLoader:240 - Cannot read IP mode file for STMicroelectronics.X-CUBE-GNSS1.7.0.1
2025-10-26 21:16:16,787 [WARN] PackLoader:240 - Cannot read IP mode file for STMicroelectronics.X-CUBE-TOUCHGFX.4.25.0
2025-10-26 21:16:16,795 [WARN] PackLoader:240 - Cannot read IP mode file for STMicroelectronics.FP-SNS-STBOX1.2.0.0
2025-10-26 21:16:16,804 [WARN] PackLoader:240 - Cannot read IP mode file for STMicroelectronics.X-CUBE-SUBG2.5.0.0
2025-10-26 21:16:16,822 [WARN] PackLoader:240 - Cannot read IP mode file for STMicroelectronics.X-CUBE-AZRTOS-H7RS.1.1.0
2025-10-26 21:16:16,828 [WARN] PackLoader:240 - Cannot read IP mode file for Cesanta.I-CUBE-Mongoose.7.13.0
2025-10-26 21:16:16,837 [WARN] PackLoader:240 - Cannot read IP mode file for STMicroelectronics.X-CUBE-AZRTOS-G4.2.0.0
2025-10-26 21:16:16,842 [WARN] PackLoader:240 - Cannot read IP mode file for wolfSSL.I-CUBE-wolfSSH.1.4.20
2025-10-26 21:16:16,848 [WARN] PackLoader:240 - Cannot read IP mode file for STMicroelectronics.X-CUBE-NFC7.2.0.0
2025-10-26 21:16:16,855 [WARN] PackLoader:240 - Cannot read IP mode file for STMicroelectronics.X-CUBE-IPS.3.1.0
2025-10-26 21:16:16,865 [WARN] PackLoader:240 - Cannot read IP mode file for STMicroelectronics.X-CUBE-ALS.1.0.2
2025-10-26 21:16:16,871 [WARN] PackLoader:240 - Cannot read IP mode file for STMicroelectronics.X-CUBE-STSE01.1.0.0
2025-10-26 21:16:16,876 [WARN] PackLoader:240 - Cannot read IP mode file for portGmbH.I-Cube-SoM-uGOAL.1.1.0
2025-10-26 21:16:16,885 [WARN] PackLoader:240 - Cannot read IP mode file for STMicroelectronics.X-CUBE-TOF1.3.4.3
2025-10-26 21:16:16,891 [INFO] ThirdParty:978 - Integrity check success = true
2025-10-26 21:16:16,891 [INFO] IntegrityCheckThread:100 - exiting critical section [integrity check]
2025-10-26 21:16:16,891 [INFO] IntegrityCheckThread:103 - End integrity checks thread
2025-10-26 21:28:32,256 [ERROR] LogOutputStream:75 - [STDERR_REDIRECT] 
