2025-08-01 10:09:48,433 [INFO] Activator:176 - 


2025-08-01 10:09:48,443 [INFO] Activator:177 - !SESSION log4j initialized
2025-08-01 10:09:54,631 [INFO] LogOutputStream:77 - [STDOUT_REDIRECT] 
2025-08-01 10:09:56,443 [INFO] ApplicationProperties:184 - Using Application install path: C:\ST\STM32CubeIDE_1.19.0\STM32CubeIDE\plugins\com.st.stm32cube.common.mx_6.15.0.202507011659
2025-08-01 10:09:56,474 [INFO] DbMcusXml:78 - Set database path to: C:\ST\STM32CubeIDE_1.19.0\STM32CubeIDE\plugins\com.st.stm32cube.common.mx_6.15.0.202507011659\\db\/mcu/
2025-08-01 10:09:56,475 [INFO] ApiDb:274 - Set plugin database path to: C:\ST\STM32CubeIDE_1.19.0\STM32CubeIDE\plugins\com.st.stm32cube.common.mx_6.15.0.202507011659\\db\/plugins/boardmanager/
2025-08-01 10:09:56,475 [WARN] ApiDb:259 - Overriding images path with different value:  => C:\ST\STM32CubeIDE_1.19.0\STM32CubeIDE\plugins\com.st.stm32cube.common.mx_6.15.0.202507011659\\db\/plugins/mcufinder/images/
2025-08-01 10:09:56,500 [INFO] ApiDb:250 - Set database path to: C:\Users\kadir\.stmcufinder\plugins\mcufinder//mcu/
2025-08-01 10:09:56,503 [INFO] DbMcusAds:125 - Set database path to: C:\Users\kadir\.stmcufinder\plugins\mcufinder//mcu/
2025-08-01 10:09:56,506 [INFO] CrossReferenceDbSqlite:203 - Set database path to: C:\Users\kadir\.stmcufinder\plugins\mcufinder//mcu/cs/
2025-08-01 10:09:56,904 [INFO] RulesReader:64 - Compatibility file has been processed (317 Rules)
2025-08-01 10:09:57,548 [INFO] DbMcusXml:78 - Set database path to: C:\ST\STM32CubeIDE_1.19.0\STM32CubeIDE\plugins\com.st.stm32cube.common.mx_6.15.0.202507011659\\db\/mcu/
2025-08-01 10:09:57,548 [INFO] ApiDb:274 - Set plugin database path to: C:\ST\STM32CubeIDE_1.19.0\STM32CubeIDE\plugins\com.st.stm32cube.common.mx_6.15.0.202507011659\\db\/plugins/boardmanager/
2025-08-01 10:09:57,548 [INFO] ApiDb:261 - Set plugin images path to: C:\ST\STM32CubeIDE_1.19.0\STM32CubeIDE\plugins\com.st.stm32cube.common.mx_6.15.0.202507011659\\db\/plugins/mcufinder/images/
2025-08-01 10:09:57,548 [WARN] DbFile:41 - Overriding database path with different value: C:\Users\kadir\.stmcufinder\plugins\mcufinder/ => C:\Users\kadir\.stmcufinder\plugins\mcufinder
2025-08-01 10:09:57,548 [INFO] ApiDb:250 - Set database path to: C:\Users\kadir\.stmcufinder\plugins\mcufinder//mcu/
2025-08-01 10:09:57,548 [WARN] DbFile:41 - Overriding database path with different value: C:\Users\kadir\.stmcufinder\plugins\mcufinder/ => C:\Users\kadir\.stmcufinder\plugins\mcufinder
2025-08-01 10:09:57,548 [INFO] DbMcusAds:125 - Set database path to: C:\Users\kadir\.stmcufinder\plugins\mcufinder//mcu/
2025-08-01 10:09:57,548 [WARN] DbFile:41 - Overriding database path with different value: C:\Users\kadir\.stmcufinder\plugins\mcufinder/ => C:\Users\kadir\.stmcufinder\plugins\mcufinder
2025-08-01 10:09:57,548 [WARN] DbFile:41 - Overriding database path with different value: C:\Users\kadir\.stmcufinder\plugins\mcufinder/ => C:\Users\kadir\.stmcufinder\plugins\mcufinder
2025-08-01 10:09:57,548 [INFO] CrossReferenceDbSqlite:203 - Set database path to: C:\Users\kadir\.stmcufinder\plugins\mcufinder//mcu/cs/
2025-08-01 10:09:57,769 [INFO] MainPanel:274 - HeapMemory: 268435456
2025-08-01 10:09:58,147 [INFO] DbMcusXml:78 - Set database path to: C:\ST\STM32CubeIDE_1.19.0\STM32CubeIDE\plugins\com.st.stm32cube.common.mx_6.15.0.202507011659\\db\/mcu/
2025-08-01 10:09:58,147 [INFO] ApiDb:274 - Set plugin database path to: C:\ST\STM32CubeIDE_1.19.0\STM32CubeIDE\plugins\com.st.stm32cube.common.mx_6.15.0.202507011659\\db\/plugins/boardmanager/
2025-08-01 10:09:58,147 [INFO] ApiDb:261 - Set plugin images path to: C:\ST\STM32CubeIDE_1.19.0\STM32CubeIDE\plugins\com.st.stm32cube.common.mx_6.15.0.202507011659\\db\/plugins/mcufinder/images/
2025-08-01 10:09:58,147 [WARN] DbFile:41 - Overriding database path with different value: C:\Users\kadir\.stmcufinder\plugins\mcufinder/ => C:\Users\kadir\.stmcufinder\plugins\mcufinder
2025-08-01 10:09:58,147 [INFO] ApiDb:250 - Set database path to: C:\Users\kadir\.stmcufinder\plugins\mcufinder//mcu/
2025-08-01 10:09:58,147 [WARN] DbFile:41 - Overriding database path with different value: C:\Users\kadir\.stmcufinder\plugins\mcufinder/ => C:\Users\kadir\.stmcufinder\plugins\mcufinder
2025-08-01 10:09:58,147 [INFO] DbMcusAds:125 - Set database path to: C:\Users\kadir\.stmcufinder\plugins\mcufinder//mcu/
2025-08-01 10:09:58,147 [WARN] DbFile:41 - Overriding database path with different value: C:\Users\kadir\.stmcufinder\plugins\mcufinder/ => C:\Users\kadir\.stmcufinder\plugins\mcufinder
2025-08-01 10:09:58,147 [WARN] DbFile:41 - Overriding database path with different value: C:\Users\kadir\.stmcufinder\plugins\mcufinder/ => C:\Users\kadir\.stmcufinder\plugins\mcufinder
2025-08-01 10:09:58,147 [INFO] CrossReferenceDbSqlite:203 - Set database path to: C:\Users\kadir\.stmcufinder\plugins\mcufinder//mcu/cs/
2025-08-01 10:09:58,179 [INFO] ApplicationProperties:184 - Using Application install path: C:\ST\STM32CubeIDE_1.19.0\STM32CubeIDE\plugins\com.st.stm32cube.common.mx_6.15.0.202507011659
2025-08-01 10:09:58,195 [INFO] PluginManage:196 - Search for loadable plugins [exclusion list=, ]
2025-08-01 10:09:58,195 [INFO] PluginManage:310 - Check plugin analytics
2025-08-01 10:09:58,841 [INFO] AnalyticsPlugin:253 - Accepted Software Licenses: STM32CubeMX.6.15.0
2025-08-01 10:09:58,841 [INFO] AnalyticsPlugin:255 - Accepted CMSIS Pack Licenses: 
2025-08-01 10:09:58,841 [INFO] AnalyticsPlugin:257 - Accepted Firmware Licenses: 
2025-08-01 10:09:58,841 [INFO] PluginManage:359 - Loaded plugin analytics (category:tool,tabindex:-1)
2025-08-01 10:09:58,841 [INFO] PluginManage:310 - Check plugin cadmodel
2025-08-01 10:09:58,856 [INFO] CADModel:105 - Init CAD model plugin
2025-08-01 10:09:58,856 [INFO] PluginManage:359 - Loaded plugin cadmodel (category:power,tabindex:5)
2025-08-01 10:09:58,856 [INFO] PluginManage:310 - Check plugin clock
2025-08-01 10:09:58,888 [INFO] PluginManage:359 - Loaded plugin clock (category:base,tabindex:2)
2025-08-01 10:09:58,888 [INFO] PluginManage:310 - Check plugin ddr
2025-08-01 10:09:58,888 [INFO] PluginManage:359 - Loaded plugin ddr (category:tool,tabindex:6)
2025-08-01 10:09:58,888 [INFO] PluginManage:310 - Check plugin filemanager
2025-08-01 10:09:59,234 [INFO] PluginManage:359 - Loaded plugin filemanager (category:base,tabindex:10)
2025-08-01 10:09:59,234 [INFO] PluginManage:310 - Check plugin ipmanager
2025-08-01 10:09:59,249 [INFO] PluginManage:359 - Loaded plugin ipmanager (category:base,tabindex:5)
2025-08-01 10:09:59,249 [INFO] PluginManage:310 - Check plugin lpbam
2025-08-01 10:09:59,265 [INFO] PluginManage:359 - Loaded plugin lpbam (category:base,tabindex:0)
2025-08-01 10:09:59,265 [INFO] PluginManage:310 - Check plugin memorymap
2025-08-01 10:09:59,297 [INFO] PluginManage:359 - Loaded plugin memorymap (category:base,tabindex:4)
2025-08-01 10:09:59,297 [INFO] PluginManage:310 - Check plugin pinoutandconfiguration
2025-08-01 10:09:59,313 [INFO] PluginManage:359 - Loaded plugin pinoutandconfiguration (category:base,tabindex:1)
2025-08-01 10:09:59,313 [INFO] PluginManage:310 - Check plugin pinoutconfig
2025-08-01 10:09:59,503 [WARN] SupportedApi:132 - Cannot load RTOS API schema: s4s-elt-must-match.1: The content of 'definitions' must match (annotation?, (simpleType | complexType)?, (unique | key | keyref)*)). A problem was found starting at: attribute.
2025-08-01 10:09:59,961 [INFO] PluginManage:359 - Loaded plugin pinoutconfig (category:base,tabindex:0)
2025-08-01 10:09:59,961 [INFO] PluginManage:310 - Check plugin power
2025-08-01 10:09:59,992 [INFO] PluginManage:359 - Loaded plugin power (category:power,tabindex:4)
2025-08-01 10:09:59,992 [INFO] PluginManage:310 - Check plugin projectmanager
2025-08-01 10:10:00,090 [INFO] PluginManage:359 - Loaded plugin projectmanager (category:projectmanager,tabindex:4)
2025-08-01 10:10:00,090 [INFO] PluginManage:310 - Check plugin rif
2025-08-01 10:10:00,113 [INFO] PluginManage:359 - Loaded plugin rif (category:base,tabindex:3)
2025-08-01 10:10:00,113 [INFO] PluginManage:310 - Check plugin thirdparty
2025-08-01 10:10:00,338 [INFO] PluginManage:359 - Loaded plugin thirdparty (category:base,tabindex:-1)
2025-08-01 10:10:00,338 [INFO] PluginManage:310 - Check plugin tools
2025-08-01 10:10:00,338 [WARN] IntegrityCheckThread:84 - waiting for thirdparty lock release [integrity check]
2025-08-01 10:10:00,338 [INFO] IntegrityCheckThread:86 - entering critical section [integrity check]
2025-08-01 10:10:00,338 [INFO] ThirdPartyUpdaterWithRetryManager:70 - Updater plugin not ready yet. [1/15]
2025-08-01 10:10:00,338 [INFO] PluginManage:359 - Loaded plugin tools (category:base,tabindex:7)
2025-08-01 10:10:00,338 [INFO] PluginManage:310 - Check plugin tutovideos
2025-08-01 10:10:00,711 [INFO] PluginManage:359 - Loaded plugin tutovideos (category:base,tabindex:-1)
2025-08-01 10:10:00,711 [INFO] PluginManage:310 - Check plugin updater
2025-08-01 10:10:00,747 [INFO] PluginManage:359 - Loaded plugin updater (category:base,tabindex:12)
2025-08-01 10:10:00,747 [INFO] PluginManage:310 - Check plugin userauth
2025-08-01 10:10:00,747 [INFO] UserAuth:118 - Init User Auth plugin
2025-08-01 10:10:00,747 [INFO] PluginManage:359 - Loaded plugin userauth (category:base,tabindex:14)
2025-08-01 10:10:00,747 [INFO] PluginManage:283 - PluginManage : Loaded plugins [18]
2025-08-01 10:10:01,548 [INFO] PinOutPanel:1589 - setPackage(No Configuration,No Configuration)
2025-08-01 10:10:01,774 [INFO] CADModel:165 - CPN selected for project level
2025-08-01 10:10:01,774 [INFO] CADModel:114 - Register for checkConnection events
2025-08-01 10:10:01,823 [INFO] IPUIPlugin:80 - create IPUIPlugin
2025-08-01 10:10:01,823 [INFO] PluginManager:220 - loadIPPluginJar : add adc
2025-08-01 10:10:01,832 [INFO] IPUIPlugin:80 - create IPUIPlugin
2025-08-01 10:10:01,832 [INFO] PluginManager:220 - loadIPPluginJar : add aes
2025-08-01 10:10:01,839 [INFO] IPUIPlugin:80 - create IPUIPlugin
2025-08-01 10:10:01,840 [INFO] PluginManager:220 - loadIPPluginJar : add can
2025-08-01 10:10:01,840 [INFO] IPUIPlugin:80 - create IPUIPlugin
2025-08-01 10:10:01,840 [INFO] PluginManager:220 - loadIPPluginJar : add comp
2025-08-01 10:10:01,840 [INFO] IPUIPlugin:80 - create IPUIPlugin
2025-08-01 10:10:01,840 [INFO] PluginManager:220 - loadIPPluginJar : add cryp
2025-08-01 10:10:01,855 [INFO] IPUIPlugin:80 - create IPUIPlugin
2025-08-01 10:10:01,855 [INFO] PluginManager:220 - loadIPPluginJar : add ddr_ctrl_phy
2025-08-01 10:10:01,855 [INFO] IPUIPlugin:80 - create IPUIPlugin
2025-08-01 10:10:01,855 [INFO] PluginManager:220 - loadIPPluginJar : add dfsdm
2025-08-01 10:10:01,870 [INFO] IPUIPlugin:80 - create IPUIPlugin
2025-08-01 10:10:01,870 [INFO] PluginManager:220 - loadIPPluginJar : add dma
2025-08-01 10:10:01,886 [INFO] IPUIPlugin:80 - create IPUIPlugin
2025-08-01 10:10:01,886 [INFO] PluginManager:220 - loadIPPluginJar : add dma3
2025-08-01 10:10:01,886 [INFO] IPUIPlugin:80 - create IPUIPlugin
2025-08-01 10:10:01,886 [INFO] PluginManager:220 - loadIPPluginJar : add extmemmanager
2025-08-01 10:10:01,886 [INFO] IPUIPlugin:80 - create IPUIPlugin
2025-08-01 10:10:01,902 [INFO] PluginManager:220 - loadIPPluginJar : add fatfs
2025-08-01 10:10:01,902 [INFO] IPUIPlugin:80 - create IPUIPlugin
2025-08-01 10:10:01,902 [INFO] PluginManager:220 - loadIPPluginJar : add fmc
2025-08-01 10:10:01,923 [INFO] IPUIPlugin:80 - create IPUIPlugin
2025-08-01 10:10:01,923 [INFO] PluginManager:220 - loadIPPluginJar : add freertos
2025-08-01 10:10:01,931 [INFO] IPUIPlugin:80 - create IPUIPlugin
2025-08-01 10:10:01,931 [INFO] PluginManager:220 - loadIPPluginJar : add genericplugin
2025-08-01 10:10:01,931 [INFO] IPUIPlugin:80 - create IPUIPlugin
2025-08-01 10:10:01,931 [INFO] PluginManager:220 - loadIPPluginJar : add gfxmmu
2025-08-01 10:10:02,121 [INFO] IPUIPlugin:80 - create IPUIPlugin
2025-08-01 10:10:02,141 [INFO] PluginManager:220 - loadIPPluginJar : add gic
2025-08-01 10:10:02,200 [INFO] IPUIPlugin:80 - create IPUIPlugin
2025-08-01 10:10:02,200 [INFO] PluginManager:220 - loadIPPluginJar : add gpio
2025-08-01 10:10:02,227 [INFO] IPUIPlugin:80 - create IPUIPlugin
2025-08-01 10:10:02,231 [INFO] PluginManager:220 - loadIPPluginJar : add gtzc
2025-08-01 10:10:02,249 [INFO] IPUIPlugin:80 - create IPUIPlugin
2025-08-01 10:10:02,249 [INFO] PluginManager:220 - loadIPPluginJar : add hash
2025-08-01 10:10:02,257 [INFO] IPUIPlugin:80 - create IPUIPlugin
2025-08-01 10:10:02,257 [INFO] PluginManager:220 - loadIPPluginJar : add i2c
2025-08-01 10:10:02,257 [INFO] IPUIPlugin:80 - create IPUIPlugin
2025-08-01 10:10:02,257 [INFO] PluginManager:220 - loadIPPluginJar : add i2s
2025-08-01 10:10:02,420 [INFO] IPUIPlugin:80 - create IPUIPlugin
2025-08-01 10:10:02,420 [INFO] PluginManager:220 - loadIPPluginJar : add i3c
2025-08-01 10:10:02,443 [INFO] IPUIPlugin:80 - create IPUIPlugin
2025-08-01 10:10:02,443 [INFO] PluginManager:220 - loadIPPluginJar : add ipddr
2025-08-01 10:10:02,456 [INFO] IPUIPlugin:80 - create IPUIPlugin
2025-08-01 10:10:02,456 [INFO] PluginManager:220 - loadIPPluginJar : add linkedlist
2025-08-01 10:10:02,467 [INFO] IPUIPlugin:80 - create IPUIPlugin
2025-08-01 10:10:02,467 [INFO] PluginManager:220 - loadIPPluginJar : add lorawan
2025-08-01 10:10:02,467 [INFO] IPUIPlugin:80 - create IPUIPlugin
2025-08-01 10:10:02,467 [INFO] PluginManager:220 - loadIPPluginJar : add ltdc
2025-08-01 10:10:02,498 [INFO] IPUIPlugin:80 - create IPUIPlugin
2025-08-01 10:10:02,498 [INFO] PluginManager:220 - loadIPPluginJar : add mdma
2025-08-01 10:10:02,508 [INFO] IPUIPlugin:80 - create IPUIPlugin
2025-08-01 10:10:02,508 [INFO] PluginManager:220 - loadIPPluginJar : add nvic
2025-08-01 10:10:02,508 [INFO] IPUIPlugin:80 - create IPUIPlugin
2025-08-01 10:10:02,508 [INFO] PluginManager:220 - loadIPPluginJar : add opamp
2025-08-01 10:10:02,656 [INFO] IPUIPlugin:80 - create IPUIPlugin
2025-08-01 10:10:02,656 [INFO] PluginManager:220 - loadIPPluginJar : add openamp
2025-08-01 10:10:02,711 [INFO] IPUIPlugin:80 - create IPUIPlugin
2025-08-01 10:10:02,711 [INFO] PluginManager:220 - loadIPPluginJar : add pdm2pcm
2025-08-01 10:10:02,768 [INFO] IPUIPlugin:80 - create IPUIPlugin
2025-08-01 10:10:02,781 [INFO] PluginManager:220 - loadIPPluginJar : add plateformsettings
2025-08-01 10:10:02,873 [INFO] IPUIPlugin:80 - create IPUIPlugin
2025-08-01 10:10:02,905 [INFO] PluginManager:220 - loadIPPluginJar : add quadspi
2025-08-01 10:10:02,905 [INFO] IPUIPlugin:80 - create IPUIPlugin
2025-08-01 10:10:02,905 [INFO] PluginManager:220 - loadIPPluginJar : add radio
2025-08-01 10:10:02,952 [INFO] IPUIPlugin:80 - create IPUIPlugin
2025-08-01 10:10:02,952 [INFO] PluginManager:220 - loadIPPluginJar : add resmgrutility
2025-08-01 10:10:02,997 [INFO] IPUIPlugin:80 - create IPUIPlugin
2025-08-01 10:10:02,997 [INFO] PluginManager:220 - loadIPPluginJar : add sai
2025-08-01 10:10:03,266 [INFO] IPUIPlugin:80 - create IPUIPlugin
2025-08-01 10:10:03,266 [INFO] PluginManager:220 - loadIPPluginJar : add spi
2025-08-01 10:10:03,356 [INFO] ThirdPartyUpdaterWithRetryManager:70 - Updater plugin not ready yet. [2/15]
2025-08-01 10:10:03,463 [INFO] IPUIPlugin:80 - create IPUIPlugin
2025-08-01 10:10:03,463 [INFO] PluginManager:220 - loadIPPluginJar : add stm32_wpan
2025-08-01 10:10:03,494 [INFO] IPUIPlugin:80 - create IPUIPlugin
2025-08-01 10:10:03,494 [INFO] PluginManager:220 - loadIPPluginJar : add tim
2025-08-01 10:10:03,542 [INFO] IPUIPlugin:80 - create IPUIPlugin
2025-08-01 10:10:03,557 [INFO] PluginManager:220 - loadIPPluginJar : add touchsensing
2025-08-01 10:10:03,573 [INFO] IPUIPlugin:80 - create IPUIPlugin
2025-08-01 10:10:03,573 [INFO] PluginManager:220 - loadIPPluginJar : add tracer_emb
2025-08-01 10:10:03,639 [INFO] IPUIPlugin:80 - create IPUIPlugin
2025-08-01 10:10:03,639 [INFO] PluginManager:220 - loadIPPluginJar : add ts
2025-08-01 10:10:03,667 [INFO] IPUIPlugin:80 - create IPUIPlugin
2025-08-01 10:10:03,667 [INFO] PluginManager:220 - loadIPPluginJar : add tsc
2025-08-01 10:10:03,667 [INFO] IPUIPlugin:80 - create IPUIPlugin
2025-08-01 10:10:03,667 [INFO] PluginManager:220 - loadIPPluginJar : add ucpd
2025-08-01 10:10:03,730 [INFO] IPUIPlugin:80 - create IPUIPlugin
2025-08-01 10:10:03,730 [INFO] PluginManager:220 - loadIPPluginJar : add usart
2025-08-01 10:10:03,762 [INFO] IPUIPlugin:80 - create IPUIPlugin
2025-08-01 10:10:03,762 [INFO] PluginManager:220 - loadIPPluginJar : add usbx
2025-08-01 10:10:04,218 [FATAL] Updater:351 - Updater called before beeing initialized
2025-08-01 10:10:04,440 [INFO] RulesReader:64 - Compatibility file has been processed (317 Rules)
2025-08-01 10:10:04,827 [INFO] RulesReader:64 - Compatibility file has been processed (317 Rules)
2025-08-01 10:10:05,047 [INFO] CADModel:165 - CPN selected for project level
2025-08-01 10:10:05,048 [INFO] CADModel:114 - Register for checkConnection events
2025-08-01 10:10:05,048 [FATAL] Updater:351 - Updater called before beeing initialized
2025-08-01 10:10:05,049 [ERROR] CADModel:125 - Updater not yet initialized, retry later 
2025-08-01 10:10:05,336 [FATAL] Updater:351 - Updater called before beeing initialized
2025-08-01 10:10:05,339 [INFO] CADModel:165 - CPN selected for project level
2025-08-01 10:10:05,339 [INFO] CADModel:114 - Register for checkConnection events
2025-08-01 10:10:05,339 [FATAL] Updater:351 - Updater called before beeing initialized
2025-08-01 10:10:05,340 [ERROR] CADModel:125 - Updater not yet initialized, retry later 
2025-08-01 10:10:05,345 [FATAL] Updater:351 - Updater called before beeing initialized
2025-08-01 10:10:05,534 [FATAL] Updater:351 - Updater called before beeing initialized
2025-08-01 10:10:05,542 [INFO] DbMcusAds:53 - JSON generation date=Tue Jul 08 11:14:23 TRT 2025 (1751962463562)
2025-08-01 10:10:05,543 [FATAL] Updater:351 - Updater called before beeing initialized
2025-08-01 10:10:05,590 [WARN] DetailPanel:346 - Failed to get advertising image, set to default
2025-08-01 10:10:05,669 [FATAL] Updater:351 - Updater called before beeing initialized
2025-08-01 10:10:05,672 [FATAL] Updater:351 - Updater called before beeing initialized
2025-08-01 10:10:05,673 [FATAL] Updater:351 - Updater called before beeing initialized
2025-08-01 10:10:05,673 [WARN] DetailPanel:346 - Failed to get advertising image, set to default
2025-08-01 10:10:05,675 [FATAL] Updater:351 - Updater called before beeing initialized
2025-08-01 10:10:05,734 [ERROR] Updater:1198 - MainUpdater not yet initialized. External WinMGr cannot be set.
2025-08-01 10:10:05,737 [INFO] Updater:1134 - Updater Version found : 6.15.0
2025-08-01 10:10:05,768 [INFO] ApplicationProperties:184 - Using Application install path: C:\ST\STM32CubeIDE_1.19.0\STM32CubeIDE\plugins\com.st.stm32cube.common.mx_6.15.0.202507011659
2025-08-01 10:10:06,361 [INFO] ThirdPartyUpdaterWithRetryManager:70 - Updater plugin not ready yet. [3/15]
2025-08-01 10:10:07,351 [ERROR] LogOutputStream:75 - [STDERR_REDIRECT] Aug 01, 2025 10:10:07 AM java.util.prefs.WindowsPreferences <init>
2025-08-01 10:10:07,353 [ERROR] LogOutputStream:75 - [STDERR_REDIRECT] WARNING: Could not open/create prefs root node Software\JavaSoft\Prefs at root 0xffffffff80000002. Windows RegCreateKeyEx(...) returned error code 5.
2025-08-01 10:10:07,353 [ERROR] LogOutputStream:75 - [STDERR_REDIRECT] 
2025-08-01 10:10:07,838 [INFO] MainUpdater:2872 - connection check result : 10
2025-08-01 10:10:07,839 [INFO] MainUpdater:289 - Updater Check For Update Now.
2025-08-01 10:10:07,839 [INFO] MicroXplorer:498 - Change Database Version : DB.6.0.150
2025-08-01 10:10:07,864 [INFO] McuFinderGlobals:63 - Set McuFinder mode to 2 (CubeIDE integrated)
2025-08-01 10:10:07,864 [INFO] UserAuth:171 - activating auth plugin
2025-08-01 10:10:07,902 [INFO] UserAuth:487 - Internet connection configuration mode: 1
2025-08-01 10:10:08,038 [INFO] JxBrowserEngine:152 - Initiate JxBrowser Engine with user profile folder
2025-08-01 10:10:08,081 [INFO] CheckServerUpdateThread:120 - End of CheckServer Thread
2025-08-01 10:10:09,187 [INFO] WebApp:169 - Instantiating new browser for Auth
2025-08-01 10:10:09,678 [WARN] PackLoader:240 - Cannot read IP mode file for STMicroelectronics.FP-SNS-MOTENVWB1.1.4.0
2025-08-01 10:10:09,690 [WARN] PackLoader:240 - Cannot read IP mode file for STMicroelectronics.FP-ATR-ASTRA1.2.0.2
2025-08-01 10:10:09,699 [WARN] PackLoader:240 - Cannot read IP mode file for STMicroelectronics.X-CUBE-SMBUS.2.1.0
2025-08-01 10:10:09,704 [WARN] PackLoader:240 - Cannot read IP mode file for STMicroelectronics.X-CUBE-ST60.1.0.0
2025-08-01 10:10:09,753 [WARN] PackLoader:240 - Cannot read IP mode file for STMicroelectronics.X-CUBE-AZRTOS-F7.1.1.0
2025-08-01 10:10:09,780 [WARN] PackLoader:240 - Cannot read IP mode file for Infineon.AIROC-Wi-Fi-Bluetooth-STM32.1.7.1
2025-08-01 10:10:09,800 [WARN] PackLoader:240 - Cannot read IP mode file for STMicroelectronics.X-CUBE-AZRTOS-H7.3.4.0
2025-08-01 10:10:09,809 [WARN] PackLoader:240 - Cannot read IP mode file for STMicroelectronics.X-CUBE-DISPLAY.3.0.0
2025-08-01 10:10:09,825 [WARN] PackLoader:240 - Cannot read IP mode file for STMicroelectronics.X-CUBE-NFC10.1.0.0
2025-08-01 10:10:09,835 [WARN] PackLoader:240 - Cannot read IP mode file for STMicroelectronics.X-CUBE-BLEMGR.4.0.0
2025-08-01 10:10:09,842 [WARN] PackLoader:240 - Cannot read IP mode file for emotas.I-CUBE-CANOPEN.1.3.0
2025-08-01 10:10:09,848 [WARN] ConditionMgr:438 - getConditionDescription Invalid condition id : Cortex-A Device cause : null
2025-08-01 10:10:09,867 [WARN] ConditionMgr:1044 - genDependencies : Invalid condition id : Cortex-A Device cause : null
2025-08-01 10:10:09,868 [WARN] ConditionMgr:1044 - genDependencies : Invalid condition id : Cortex-A Device cause : null
2025-08-01 10:10:09,868 [WARN] ConditionMgr:1044 - genDependencies : Invalid condition id : Cortex-A Device cause : null
2025-08-01 10:10:09,876 [WARN] PackLoader:240 - Cannot read IP mode file for STMicroelectronics.FP-SNS-STBOX1.2.1.0
2025-08-01 10:10:09,886 [WARN] PackLoader:240 - Cannot read IP mode file for STMicroelectronics.FP-SNS-SMARTAG2.1.2.0
2025-08-01 10:10:09,892 [WARN] PackLoader:240 - Cannot read IP mode file for STMicroelectronics.FP-SNS-FLIGHT1.5.1.0
2025-08-01 10:10:09,906 [INFO] LogOutputStream:77 - [STDOUT_REDIRECT] 1 : Invalid condition id : UX_CORESTACK_Condition cause : null
2025-08-01 10:10:09,907 [INFO] LogOutputStream:77 - [STDOUT_REDIRECT] 1 : Invalid condition id : UX_CORESTACK_Condition cause : null
2025-08-01 10:10:09,908 [INFO] LogOutputStream:77 - [STDOUT_REDIRECT] 1 : Invalid condition id : UX_CORESTACK_Condition cause : null
2025-08-01 10:10:09,910 [INFO] LogOutputStream:77 - [STDOUT_REDIRECT] 1 : Invalid condition id : UX_CORESTACK_Condition cause : null
2025-08-01 10:10:09,911 [INFO] LogOutputStream:77 - [STDOUT_REDIRECT] 1 : Invalid condition id : UX_CORESTACK_Condition cause : null
2025-08-01 10:10:09,914 [WARN] PackLoader:240 - Cannot read IP mode file for STMicroelectronics.X-CUBE-AZRTOS-WL.2.0.0
2025-08-01 10:10:09,921 [WARN] PackLoader:240 - Cannot read IP mode file for STMicroelectronics.FP-SNS-MOTENV1.5.0.0
2025-08-01 10:10:09,934 [WARN] PackLoader:240 - Cannot read IP mode file for WES.I-CUBE-Cesium.1.3.0
2025-08-01 10:10:09,948 [WARN] PackLoader:240 - Cannot read IP mode file for STMicroelectronics.X-CUBE-BLE2.3.3.0
2025-08-01 10:10:09,954 [WARN] PackLoader:240 - Cannot read IP mode file for STMicroelectronics.X-CUBE-NFC9.1.0.0
2025-08-01 10:10:09,963 [WARN] PackLoader:240 - Cannot read IP mode file for wolfSSL.I-CUBE-wolfSSL.5.8.0
2025-08-01 10:10:09,971 [WARN] PackLoader:240 - Cannot read IP mode file for STMicroelectronics.X-CUBE-BLE1.7.1.0
2025-08-01 10:10:09,976 [WARN] PackLoader:240 - Cannot read IP mode file for wolfSSL.I-CUBE-wolfMQTT.1.19.2
2025-08-01 10:10:09,990 [WARN] PackLoader:240 - Cannot read IP mode file for STMicroelectronics.X-CUBE-EEPRMA1.5.2.0
2025-08-01 10:10:09,998 [WARN] PackLoader:240 - Cannot read IP mode file for STMicroelectronics.X-CUBE-AI.10.1.0
2025-08-01 10:10:10,015 [WARN] PackLoader:240 - Cannot read IP mode file for STMicroelectronics.X-CUBE-AZRTOS-G0.1.1.0
2025-08-01 10:10:10,025 [WARN] PackLoader:240 - Cannot read IP mode file for STMicroelectronics.X-CUBE-SAFEA1.1.2.2
2025-08-01 10:10:10,031 [WARN] PackLoader:240 - Cannot read IP mode file for STMicroelectronics.X-CUBE-NFC4.3.0.0
2025-08-01 10:10:10,043 [WARN] PackLoader:240 - Cannot read IP mode file for EmbeddedOffice.I-CUBE-FS-RTOS.1.0.1
2025-08-01 10:10:10,049 [WARN] PackLoader:240 - Cannot read IP mode file for STMicroelectronics.X-CUBE-WB05N.2.0.0
2025-08-01 10:10:10,055 [WARN] PackLoader:240 - Cannot read IP mode file for wolfSSL.I-CUBE-wolfTPM.3.8.0
2025-08-01 10:10:10,061 [WARN] PackLoader:240 - Cannot read IP mode file for STMicroelectronics.X-CUBE-TCPP.4.2.0
2025-08-01 10:10:10,070 [WARN] PackLoader:240 - Cannot read IP mode file for RealThread.X-CUBE-RT-Thread_Nano.4.1.1
2025-08-01 10:10:10,076 [WARN] PackLoader:240 - Cannot read IP mode file for STMicroelectronics.FP-ATR-SIGFOX1.3.2.0
2025-08-01 10:10:10,085 [WARN] PackLoader:240 - Cannot read IP mode file for ITTIA_DB.I-CUBE-ITTIADB.8.9.0
2025-08-01 10:10:10,097 [WARN] PackLoader:240 - Cannot read IP mode file for STMicroelectronics.X-CUBE-ST67W61.1.0.0
2025-08-01 10:10:10,120 [WARN] PackLoader:240 - Cannot read IP mode file for SEGGER.I-CUBE-embOS.1.3.1
2025-08-01 10:10:10,150 [WARN] PackLoader:240 - Cannot read IP mode file for STMicroelectronics.X-CUBE-ALGOBUILD.1.4.0
2025-08-01 10:10:10,194 [WARN] PackLoader:240 - Cannot read IP mode file for STMicroelectronics.X-CUBE-MEMS1.11.3.0
2025-08-01 10:10:10,349 [WARN] PackLoader:240 - Cannot read IP mode file for STMicroelectronics.X-CUBE-PM33A1.1.0.0
2025-08-01 10:10:10,364 [WARN] PackLoader:240 - Cannot read IP mode file for STMicroelectronics.X-CUBE-AZRTOS-F4.1.1.0
2025-08-01 10:10:10,371 [WARN] PackLoader:240 - Cannot read IP mode file for Avnet-IotConnect.X-CUBE-IoTC-DA16k-PMOD.1.0.0
2025-08-01 10:10:10,377 [WARN] PackLoader:240 - Cannot read IP mode file for STMicroelectronics.X-CUBE-ISPU.2.1.0
2025-08-01 10:10:10,383 [WARN] PackLoader:240 - Cannot read IP mode file for STMicroelectronics.X-CUBE-NFC12.1.0.0
2025-08-01 10:10:10,402 [WARN] PackLoader:240 - Cannot read IP mode file for STMicroelectronics.X-CUBE-AZRTOS-L5.2.0.0
2025-08-01 10:10:10,413 [WARN] PackLoader:240 - Cannot read IP mode file for STMicroelectronics.X-CUBE-NFC6.3.1.0
2025-08-01 10:10:10,421 [WARN] PackLoader:240 - Cannot read IP mode file for STMicroelectronics.X-CUBE-FREERTOS.1.3.1
2025-08-01 10:10:10,428 [WARN] PackLoader:240 - Cannot read IP mode file for STMicroelectronics.FP-SNS-STAIOTCFT.1.0.0
2025-08-01 10:10:10,434 [WARN] PackLoader:240 - Cannot read IP mode file for STMicroelectronics.X-CUBE-DPower.1.3.0
2025-08-01 10:10:10,449 [WARN] ConditionMgr:438 - getConditionDescription Invalid condition id : LAN8742 Phy interface Condition cause : null
2025-08-01 10:10:10,450 [WARN] PackLoader:240 - Cannot read IP mode file for STMicroelectronics.X-CUBE-AZRTOS-L4.2.0.0
2025-08-01 10:10:10,451 [WARN] ConditionMgr:1044 - genDependencies : Invalid condition id : LAN8742 Phy interface Condition cause : null
2025-08-01 10:10:10,451 [WARN] ConditionMgr:1044 - genDependencies : Invalid condition id : LAN8742 Phy interface Condition cause : null
2025-08-01 10:10:10,451 [WARN] ConditionMgr:1044 - genDependencies : Invalid condition id : LAN8742 Phy interface Condition cause : null
2025-08-01 10:10:10,459 [WARN] PackLoader:240 - Cannot read IP mode file for STMicroelectronics.X-CUBE-SFXS2LP1.4.0.0
2025-08-01 10:10:10,470 [WARN] PackLoader:240 - Cannot read IP mode file for STMicroelectronics.X-CUBE-BLEMGR.4.1.0
2025-08-01 10:10:10,482 [WARN] ConditionMgr:438 - getConditionDescription Invalid condition id : UX DEVICE CLASS RTOS Condition cause : null
2025-08-01 10:10:10,482 [WARN] ConditionMgr:438 - getConditionDescription Invalid condition id : UX DEVICE CLASS RTOS Condition cause : null
2025-08-01 10:10:10,483 [WARN] PackLoader:240 - Cannot read IP mode file for STMicroelectronics.X-CUBE-AZRTOS-WB.2.0.0
2025-08-01 10:10:10,484 [WARN] ConditionMgr:1044 - genDependencies : Invalid condition id : UX DEVICE CLASS RTOS Condition cause : null
2025-08-01 10:10:10,484 [WARN] ConditionMgr:1044 - genDependencies : Invalid condition id : UX DEVICE CLASS RTOS Condition cause : null
2025-08-01 10:10:10,484 [WARN] ConditionMgr:1044 - genDependencies : Invalid condition id : UX DEVICE CLASS RTOS Condition cause : null
2025-08-01 10:10:10,484 [WARN] ConditionMgr:1044 - genDependencies : Invalid condition id : UX DEVICE CLASS RTOS Condition cause : null
2025-08-01 10:10:10,485 [WARN] ConditionMgr:1044 - genDependencies : Invalid condition id : UX DEVICE CLASS RTOS Condition cause : null
2025-08-01 10:10:10,491 [WARN] PackLoader:240 - Cannot read IP mode file for STMicroelectronics.X-CUBE-GNSS1.7.0.1
2025-08-01 10:10:10,501 [WARN] PackLoader:240 - Cannot read IP mode file for STMicroelectronics.X-CUBE-TOUCHGFX.4.25.0
2025-08-01 10:10:10,507 [WARN] PackLoader:240 - Cannot read IP mode file for STMicroelectronics.FP-SNS-STBOX1.2.0.0
2025-08-01 10:10:10,517 [WARN] PackLoader:240 - Cannot read IP mode file for STMicroelectronics.X-CUBE-SUBG2.5.0.0
2025-08-01 10:10:10,536 [WARN] PackLoader:240 - Cannot read IP mode file for STMicroelectronics.X-CUBE-AZRTOS-H7RS.1.1.0
2025-08-01 10:10:10,544 [WARN] PackLoader:240 - Cannot read IP mode file for Cesanta.I-CUBE-Mongoose.7.13.0
2025-08-01 10:10:10,555 [WARN] PackLoader:240 - Cannot read IP mode file for STMicroelectronics.X-CUBE-AZRTOS-G4.2.0.0
2025-08-01 10:10:10,563 [WARN] PackLoader:240 - Cannot read IP mode file for wolfSSL.I-CUBE-wolfSSH.1.4.20
2025-08-01 10:10:10,570 [WARN] PackLoader:240 - Cannot read IP mode file for STMicroelectronics.X-CUBE-NFC7.2.0.0
2025-08-01 10:10:10,582 [WARN] PackLoader:240 - Cannot read IP mode file for STMicroelectronics.X-CUBE-IPS.3.1.0
2025-08-01 10:10:10,595 [WARN] PackLoader:240 - Cannot read IP mode file for STMicroelectronics.X-CUBE-ALS.1.0.2
2025-08-01 10:10:10,602 [WARN] PackLoader:240 - Cannot read IP mode file for portGmbH.I-Cube-SoM-uGOAL.1.1.0
2025-08-01 10:10:10,611 [WARN] PackLoader:240 - Cannot read IP mode file for STMicroelectronics.X-CUBE-TOF1.3.4.3
2025-08-01 10:10:10,619 [INFO] ThirdParty:978 - Integrity check success = true
2025-08-01 10:10:10,619 [INFO] IntegrityCheckThread:100 - exiting critical section [integrity check]
2025-08-01 10:10:10,619 [INFO] IntegrityCheckThread:103 - End integrity checks thread
2025-08-01 10:10:10,935 [INFO] WebApp:463 - Apply proxy settings
2025-08-01 10:10:10,935 [INFO] WebApp:548 - Chromium requires no authentication
2025-08-01 10:10:10,959 [INFO] WebApp:491 - Direct internet connection detected
2025-08-01 10:10:11,002 [INFO] WebApp:900 - Register for checkConnection events
2025-08-01 10:10:11,002 [INFO] WebApp:463 - Apply proxy settings
2025-08-01 10:10:11,002 [INFO] WebApp:548 - Chromium requires no authentication
2025-08-01 10:10:11,003 [INFO] WebApp:491 - Direct internet connection detected
2025-08-01 10:10:11,222 [INFO] WebApp:225 - Starting web application
2025-08-01 10:10:11,222 [INFO] WebApp:593 - Web application path used C:\ST\STM32CubeIDE_1.19.0\STM32CubeIDE\plugins\com.st.stm32cube.common.mx_6.15.0.202507011659\db\plugins\mcufinder\reactClient1\index.html
2025-08-01 10:10:11,490 [INFO] WebApp:191 - Connection restablished
2025-08-01 12:06:02,751 [ERROR] LogOutputStream:75 - [STDERR_REDIRECT] 
2025-08-01 16:30:34,357 [INFO] Activator:176 - 


2025-08-01 16:30:34,359 [INFO] Activator:177 - !SESSION log4j initialized
2025-08-01 16:30:41,712 [INFO] LogOutputStream:77 - [STDOUT_REDIRECT] 
2025-08-01 16:30:43,056 [INFO] ApplicationProperties:184 - Using Application install path: C:\ST\STM32CubeIDE_1.19.0\STM32CubeIDE\plugins\com.st.stm32cube.common.mx_6.15.0.202507011659
2025-08-01 16:30:43,077 [INFO] DbMcusXml:78 - Set database path to: C:\ST\STM32CubeIDE_1.19.0\STM32CubeIDE\plugins\com.st.stm32cube.common.mx_6.15.0.202507011659\\db\/mcu/
2025-08-01 16:30:43,077 [INFO] ApiDb:274 - Set plugin database path to: C:\ST\STM32CubeIDE_1.19.0\STM32CubeIDE\plugins\com.st.stm32cube.common.mx_6.15.0.202507011659\\db\/plugins/boardmanager/
2025-08-01 16:30:43,077 [WARN] ApiDb:259 - Overriding images path with different value:  => C:\ST\STM32CubeIDE_1.19.0\STM32CubeIDE\plugins\com.st.stm32cube.common.mx_6.15.0.202507011659\\db\/plugins/mcufinder/images/
2025-08-01 16:30:43,089 [INFO] ApiDb:250 - Set database path to: C:\Users\kadir\.stmcufinder\plugins\mcufinder//mcu/
2025-08-01 16:30:43,090 [INFO] DbMcusAds:125 - Set database path to: C:\Users\kadir\.stmcufinder\plugins\mcufinder//mcu/
2025-08-01 16:30:43,092 [INFO] CrossReferenceDbSqlite:203 - Set database path to: C:\Users\kadir\.stmcufinder\plugins\mcufinder//mcu/cs/
2025-08-01 16:30:43,277 [INFO] RulesReader:64 - Compatibility file has been processed (317 Rules)
2025-08-01 16:30:43,358 [INFO] DbMcusXml:78 - Set database path to: C:\ST\STM32CubeIDE_1.19.0\STM32CubeIDE\plugins\com.st.stm32cube.common.mx_6.15.0.202507011659\\db\/mcu/
2025-08-01 16:30:43,359 [INFO] ApiDb:274 - Set plugin database path to: C:\ST\STM32CubeIDE_1.19.0\STM32CubeIDE\plugins\com.st.stm32cube.common.mx_6.15.0.202507011659\\db\/plugins/boardmanager/
2025-08-01 16:30:43,359 [INFO] ApiDb:261 - Set plugin images path to: C:\ST\STM32CubeIDE_1.19.0\STM32CubeIDE\plugins\com.st.stm32cube.common.mx_6.15.0.202507011659\\db\/plugins/mcufinder/images/
2025-08-01 16:30:43,359 [WARN] DbFile:41 - Overriding database path with different value: C:\Users\kadir\.stmcufinder\plugins\mcufinder/ => C:\Users\kadir\.stmcufinder\plugins\mcufinder
2025-08-01 16:30:43,359 [INFO] ApiDb:250 - Set database path to: C:\Users\kadir\.stmcufinder\plugins\mcufinder//mcu/
2025-08-01 16:30:43,359 [WARN] DbFile:41 - Overriding database path with different value: C:\Users\kadir\.stmcufinder\plugins\mcufinder/ => C:\Users\kadir\.stmcufinder\plugins\mcufinder
2025-08-01 16:30:43,359 [INFO] DbMcusAds:125 - Set database path to: C:\Users\kadir\.stmcufinder\plugins\mcufinder//mcu/
2025-08-01 16:30:43,359 [WARN] DbFile:41 - Overriding database path with different value: C:\Users\kadir\.stmcufinder\plugins\mcufinder/ => C:\Users\kadir\.stmcufinder\plugins\mcufinder
2025-08-01 16:30:43,359 [WARN] DbFile:41 - Overriding database path with different value: C:\Users\kadir\.stmcufinder\plugins\mcufinder/ => C:\Users\kadir\.stmcufinder\plugins\mcufinder
2025-08-01 16:30:43,360 [INFO] CrossReferenceDbSqlite:203 - Set database path to: C:\Users\kadir\.stmcufinder\plugins\mcufinder//mcu/cs/
2025-08-01 16:30:43,449 [INFO] MainPanel:274 - HeapMemory: 268435456
2025-08-01 16:30:43,579 [INFO] DbMcusXml:78 - Set database path to: C:\ST\STM32CubeIDE_1.19.0\STM32CubeIDE\plugins\com.st.stm32cube.common.mx_6.15.0.202507011659\\db\/mcu/
2025-08-01 16:30:43,579 [INFO] ApiDb:274 - Set plugin database path to: C:\ST\STM32CubeIDE_1.19.0\STM32CubeIDE\plugins\com.st.stm32cube.common.mx_6.15.0.202507011659\\db\/plugins/boardmanager/
2025-08-01 16:30:43,579 [INFO] ApiDb:261 - Set plugin images path to: C:\ST\STM32CubeIDE_1.19.0\STM32CubeIDE\plugins\com.st.stm32cube.common.mx_6.15.0.202507011659\\db\/plugins/mcufinder/images/
2025-08-01 16:30:43,579 [WARN] DbFile:41 - Overriding database path with different value: C:\Users\kadir\.stmcufinder\plugins\mcufinder/ => C:\Users\kadir\.stmcufinder\plugins\mcufinder
2025-08-01 16:30:43,579 [INFO] ApiDb:250 - Set database path to: C:\Users\kadir\.stmcufinder\plugins\mcufinder//mcu/
2025-08-01 16:30:43,579 [WARN] DbFile:41 - Overriding database path with different value: C:\Users\kadir\.stmcufinder\plugins\mcufinder/ => C:\Users\kadir\.stmcufinder\plugins\mcufinder
2025-08-01 16:30:43,580 [INFO] DbMcusAds:125 - Set database path to: C:\Users\kadir\.stmcufinder\plugins\mcufinder//mcu/
2025-08-01 16:30:43,580 [WARN] DbFile:41 - Overriding database path with different value: C:\Users\kadir\.stmcufinder\plugins\mcufinder/ => C:\Users\kadir\.stmcufinder\plugins\mcufinder
2025-08-01 16:30:43,580 [WARN] DbFile:41 - Overriding database path with different value: C:\Users\kadir\.stmcufinder\plugins\mcufinder/ => C:\Users\kadir\.stmcufinder\plugins\mcufinder
2025-08-01 16:30:43,580 [INFO] CrossReferenceDbSqlite:203 - Set database path to: C:\Users\kadir\.stmcufinder\plugins\mcufinder//mcu/cs/
2025-08-01 16:30:43,600 [INFO] ApplicationProperties:184 - Using Application install path: C:\ST\STM32CubeIDE_1.19.0\STM32CubeIDE\plugins\com.st.stm32cube.common.mx_6.15.0.202507011659
2025-08-01 16:30:43,602 [INFO] PluginManage:196 - Search for loadable plugins [exclusion list=, ]
2025-08-01 16:30:43,603 [INFO] PluginManage:310 - Check plugin analytics
2025-08-01 16:30:43,789 [INFO] AnalyticsPlugin:253 - Accepted Software Licenses: STM32CubeMX.6.15.0
2025-08-01 16:30:43,789 [INFO] AnalyticsPlugin:255 - Accepted CMSIS Pack Licenses: 
2025-08-01 16:30:43,789 [INFO] AnalyticsPlugin:257 - Accepted Firmware Licenses: 
2025-08-01 16:30:43,794 [INFO] PluginManage:359 - Loaded plugin analytics (category:tool,tabindex:-1)
2025-08-01 16:30:43,795 [INFO] PluginManage:310 - Check plugin cadmodel
2025-08-01 16:30:43,801 [INFO] CADModel:105 - Init CAD model plugin
2025-08-01 16:30:43,801 [INFO] PluginManage:359 - Loaded plugin cadmodel (category:power,tabindex:5)
2025-08-01 16:30:43,801 [INFO] PluginManage:310 - Check plugin clock
2025-08-01 16:30:43,821 [INFO] PluginManage:359 - Loaded plugin clock (category:base,tabindex:2)
2025-08-01 16:30:43,822 [INFO] PluginManage:310 - Check plugin ddr
2025-08-01 16:30:43,824 [INFO] PluginManage:359 - Loaded plugin ddr (category:tool,tabindex:6)
2025-08-01 16:30:43,825 [INFO] PluginManage:310 - Check plugin filemanager
2025-08-01 16:30:43,971 [INFO] PluginManage:359 - Loaded plugin filemanager (category:base,tabindex:10)
2025-08-01 16:30:43,971 [INFO] PluginManage:310 - Check plugin ipmanager
2025-08-01 16:30:43,979 [INFO] PluginManage:359 - Loaded plugin ipmanager (category:base,tabindex:5)
2025-08-01 16:30:43,980 [INFO] PluginManage:310 - Check plugin lpbam
2025-08-01 16:30:43,994 [INFO] PluginManage:359 - Loaded plugin lpbam (category:base,tabindex:0)
2025-08-01 16:30:43,994 [INFO] PluginManage:310 - Check plugin memorymap
2025-08-01 16:30:44,019 [INFO] PluginManage:359 - Loaded plugin memorymap (category:base,tabindex:4)
2025-08-01 16:30:44,019 [INFO] PluginManage:310 - Check plugin pinoutandconfiguration
2025-08-01 16:30:44,032 [INFO] PluginManage:359 - Loaded plugin pinoutandconfiguration (category:base,tabindex:1)
2025-08-01 16:30:44,032 [INFO] PluginManage:310 - Check plugin pinoutconfig
2025-08-01 16:30:44,127 [WARN] SupportedApi:132 - Cannot load RTOS API schema: s4s-elt-must-match.1: The content of 'definitions' must match (annotation?, (simpleType | complexType)?, (unique | key | keyref)*)). A problem was found starting at: attribute.
2025-08-01 16:30:44,271 [INFO] PluginManage:359 - Loaded plugin pinoutconfig (category:base,tabindex:0)
2025-08-01 16:30:44,271 [INFO] PluginManage:310 - Check plugin power
2025-08-01 16:30:44,279 [INFO] PluginManage:359 - Loaded plugin power (category:power,tabindex:4)
2025-08-01 16:30:44,280 [INFO] PluginManage:310 - Check plugin projectmanager
2025-08-01 16:30:44,305 [INFO] PluginManage:359 - Loaded plugin projectmanager (category:projectmanager,tabindex:4)
2025-08-01 16:30:44,308 [INFO] PluginManage:310 - Check plugin rif
2025-08-01 16:30:44,325 [INFO] PluginManage:359 - Loaded plugin rif (category:base,tabindex:3)
2025-08-01 16:30:44,326 [INFO] PluginManage:310 - Check plugin thirdparty
2025-08-01 16:30:44,477 [INFO] PluginManage:359 - Loaded plugin thirdparty (category:base,tabindex:-1)
2025-08-01 16:30:44,476 [WARN] IntegrityCheckThread:84 - waiting for thirdparty lock release [integrity check]
2025-08-01 16:30:44,477 [INFO] IntegrityCheckThread:86 - entering critical section [integrity check]
2025-08-01 16:30:44,477 [INFO] PluginManage:310 - Check plugin tools
2025-08-01 16:30:44,478 [INFO] ThirdPartyUpdaterWithRetryManager:70 - Updater plugin not ready yet. [1/15]
2025-08-01 16:30:44,481 [INFO] PluginManage:359 - Loaded plugin tools (category:base,tabindex:7)
2025-08-01 16:30:44,481 [INFO] PluginManage:310 - Check plugin tutovideos
2025-08-01 16:30:44,764 [INFO] PluginManage:359 - Loaded plugin tutovideos (category:base,tabindex:-1)
2025-08-01 16:30:44,764 [INFO] PluginManage:310 - Check plugin updater
2025-08-01 16:30:44,802 [INFO] PluginManage:359 - Loaded plugin updater (category:base,tabindex:12)
2025-08-01 16:30:44,802 [INFO] PluginManage:310 - Check plugin userauth
2025-08-01 16:30:44,808 [INFO] UserAuth:118 - Init User Auth plugin
2025-08-01 16:30:44,809 [INFO] PluginManage:359 - Loaded plugin userauth (category:base,tabindex:14)
2025-08-01 16:30:44,809 [INFO] PluginManage:283 - PluginManage : Loaded plugins [18]
2025-08-01 16:30:45,116 [INFO] PinOutPanel:1589 - setPackage(No Configuration,No Configuration)
2025-08-01 16:30:45,284 [INFO] CADModel:165 - CPN selected for project level
2025-08-01 16:30:45,285 [INFO] CADModel:114 - Register for checkConnection events
2025-08-01 16:30:45,313 [INFO] IPUIPlugin:80 - create IPUIPlugin
2025-08-01 16:30:45,314 [INFO] PluginManager:220 - loadIPPluginJar : add adc
2025-08-01 16:30:45,317 [INFO] IPUIPlugin:80 - create IPUIPlugin
2025-08-01 16:30:45,317 [INFO] PluginManager:220 - loadIPPluginJar : add aes
2025-08-01 16:30:45,321 [INFO] IPUIPlugin:80 - create IPUIPlugin
2025-08-01 16:30:45,323 [INFO] PluginManager:220 - loadIPPluginJar : add can
2025-08-01 16:30:45,325 [INFO] IPUIPlugin:80 - create IPUIPlugin
2025-08-01 16:30:45,325 [INFO] PluginManager:220 - loadIPPluginJar : add comp
2025-08-01 16:30:45,328 [INFO] IPUIPlugin:80 - create IPUIPlugin
2025-08-01 16:30:45,328 [INFO] PluginManager:220 - loadIPPluginJar : add cryp
2025-08-01 16:30:45,332 [INFO] IPUIPlugin:80 - create IPUIPlugin
2025-08-01 16:30:45,332 [INFO] PluginManager:220 - loadIPPluginJar : add ddr_ctrl_phy
2025-08-01 16:30:45,335 [INFO] IPUIPlugin:80 - create IPUIPlugin
2025-08-01 16:30:45,335 [INFO] PluginManager:220 - loadIPPluginJar : add dfsdm
2025-08-01 16:30:45,342 [INFO] IPUIPlugin:80 - create IPUIPlugin
2025-08-01 16:30:45,342 [INFO] PluginManager:220 - loadIPPluginJar : add dma
2025-08-01 16:30:45,346 [INFO] IPUIPlugin:80 - create IPUIPlugin
2025-08-01 16:30:45,346 [INFO] PluginManager:220 - loadIPPluginJar : add dma3
2025-08-01 16:30:45,349 [INFO] IPUIPlugin:80 - create IPUIPlugin
2025-08-01 16:30:45,349 [INFO] PluginManager:220 - loadIPPluginJar : add extmemmanager
2025-08-01 16:30:45,351 [INFO] IPUIPlugin:80 - create IPUIPlugin
2025-08-01 16:30:45,351 [INFO] PluginManager:220 - loadIPPluginJar : add fatfs
2025-08-01 16:30:45,356 [INFO] IPUIPlugin:80 - create IPUIPlugin
2025-08-01 16:30:45,356 [INFO] PluginManager:220 - loadIPPluginJar : add fmc
2025-08-01 16:30:45,366 [INFO] IPUIPlugin:80 - create IPUIPlugin
2025-08-01 16:30:45,366 [INFO] PluginManager:220 - loadIPPluginJar : add freertos
2025-08-01 16:30:45,368 [INFO] IPUIPlugin:80 - create IPUIPlugin
2025-08-01 16:30:45,368 [INFO] PluginManager:220 - loadIPPluginJar : add genericplugin
2025-08-01 16:30:45,370 [INFO] IPUIPlugin:80 - create IPUIPlugin
2025-08-01 16:30:45,371 [INFO] PluginManager:220 - loadIPPluginJar : add gfxmmu
2025-08-01 16:30:45,377 [INFO] IPUIPlugin:80 - create IPUIPlugin
2025-08-01 16:30:45,377 [INFO] PluginManager:220 - loadIPPluginJar : add gic
2025-08-01 16:30:45,382 [INFO] IPUIPlugin:80 - create IPUIPlugin
2025-08-01 16:30:45,382 [INFO] PluginManager:220 - loadIPPluginJar : add gpio
2025-08-01 16:30:45,386 [INFO] IPUIPlugin:80 - create IPUIPlugin
2025-08-01 16:30:45,386 [INFO] PluginManager:220 - loadIPPluginJar : add gtzc
2025-08-01 16:30:45,389 [INFO] IPUIPlugin:80 - create IPUIPlugin
2025-08-01 16:30:45,389 [INFO] PluginManager:220 - loadIPPluginJar : add hash
2025-08-01 16:30:45,392 [INFO] IPUIPlugin:80 - create IPUIPlugin
2025-08-01 16:30:45,392 [INFO] PluginManager:220 - loadIPPluginJar : add i2c
2025-08-01 16:30:45,395 [INFO] IPUIPlugin:80 - create IPUIPlugin
2025-08-01 16:30:45,395 [INFO] PluginManager:220 - loadIPPluginJar : add i2s
2025-08-01 16:30:45,398 [INFO] IPUIPlugin:80 - create IPUIPlugin
2025-08-01 16:30:45,398 [INFO] PluginManager:220 - loadIPPluginJar : add i3c
2025-08-01 16:30:45,401 [INFO] IPUIPlugin:80 - create IPUIPlugin
2025-08-01 16:30:45,401 [INFO] PluginManager:220 - loadIPPluginJar : add ipddr
2025-08-01 16:30:45,409 [INFO] IPUIPlugin:80 - create IPUIPlugin
2025-08-01 16:30:45,410 [INFO] PluginManager:220 - loadIPPluginJar : add linkedlist
2025-08-01 16:30:45,413 [INFO] IPUIPlugin:80 - create IPUIPlugin
2025-08-01 16:30:45,413 [INFO] PluginManager:220 - loadIPPluginJar : add lorawan
2025-08-01 16:30:45,414 [INFO] IPUIPlugin:80 - create IPUIPlugin
2025-08-01 16:30:45,414 [INFO] PluginManager:220 - loadIPPluginJar : add ltdc
2025-08-01 16:30:45,420 [INFO] IPUIPlugin:80 - create IPUIPlugin
2025-08-01 16:30:45,421 [INFO] PluginManager:220 - loadIPPluginJar : add mdma
2025-08-01 16:30:45,424 [INFO] IPUIPlugin:80 - create IPUIPlugin
2025-08-01 16:30:45,424 [INFO] PluginManager:220 - loadIPPluginJar : add nvic
2025-08-01 16:30:45,427 [INFO] IPUIPlugin:80 - create IPUIPlugin
2025-08-01 16:30:45,427 [INFO] PluginManager:220 - loadIPPluginJar : add opamp
2025-08-01 16:30:45,431 [INFO] IPUIPlugin:80 - create IPUIPlugin
2025-08-01 16:30:45,432 [INFO] PluginManager:220 - loadIPPluginJar : add openamp
2025-08-01 16:30:45,435 [INFO] IPUIPlugin:80 - create IPUIPlugin
2025-08-01 16:30:45,435 [INFO] PluginManager:220 - loadIPPluginJar : add pdm2pcm
2025-08-01 16:30:45,444 [INFO] IPUIPlugin:80 - create IPUIPlugin
2025-08-01 16:30:45,447 [INFO] PluginManager:220 - loadIPPluginJar : add plateformsettings
2025-08-01 16:30:45,449 [INFO] IPUIPlugin:80 - create IPUIPlugin
2025-08-01 16:30:45,449 [INFO] PluginManager:220 - loadIPPluginJar : add quadspi
2025-08-01 16:30:45,451 [INFO] IPUIPlugin:80 - create IPUIPlugin
2025-08-01 16:30:45,452 [INFO] PluginManager:220 - loadIPPluginJar : add radio
2025-08-01 16:30:45,456 [INFO] IPUIPlugin:80 - create IPUIPlugin
2025-08-01 16:30:45,456 [INFO] PluginManager:220 - loadIPPluginJar : add resmgrutility
2025-08-01 16:30:45,460 [INFO] IPUIPlugin:80 - create IPUIPlugin
2025-08-01 16:30:45,460 [INFO] PluginManager:220 - loadIPPluginJar : add sai
2025-08-01 16:30:45,464 [INFO] IPUIPlugin:80 - create IPUIPlugin
2025-08-01 16:30:45,465 [INFO] PluginManager:220 - loadIPPluginJar : add spi
2025-08-01 16:30:45,475 [INFO] IPUIPlugin:80 - create IPUIPlugin
2025-08-01 16:30:45,475 [INFO] PluginManager:220 - loadIPPluginJar : add stm32_wpan
2025-08-01 16:30:45,477 [INFO] IPUIPlugin:80 - create IPUIPlugin
2025-08-01 16:30:45,478 [INFO] PluginManager:220 - loadIPPluginJar : add tim
2025-08-01 16:30:45,482 [INFO] IPUIPlugin:80 - create IPUIPlugin
2025-08-01 16:30:45,482 [INFO] PluginManager:220 - loadIPPluginJar : add touchsensing
2025-08-01 16:30:45,485 [INFO] IPUIPlugin:80 - create IPUIPlugin
2025-08-01 16:30:45,485 [INFO] PluginManager:220 - loadIPPluginJar : add tracer_emb
2025-08-01 16:30:45,487 [INFO] IPUIPlugin:80 - create IPUIPlugin
2025-08-01 16:30:45,488 [INFO] PluginManager:220 - loadIPPluginJar : add ts
2025-08-01 16:30:45,491 [INFO] IPUIPlugin:80 - create IPUIPlugin
2025-08-01 16:30:45,491 [INFO] PluginManager:220 - loadIPPluginJar : add tsc
2025-08-01 16:30:45,493 [INFO] IPUIPlugin:80 - create IPUIPlugin
2025-08-01 16:30:45,494 [INFO] PluginManager:220 - loadIPPluginJar : add ucpd
2025-08-01 16:30:45,498 [INFO] IPUIPlugin:80 - create IPUIPlugin
2025-08-01 16:30:45,498 [INFO] PluginManager:220 - loadIPPluginJar : add usart
2025-08-01 16:30:45,505 [INFO] IPUIPlugin:80 - create IPUIPlugin
2025-08-01 16:30:45,505 [INFO] PluginManager:220 - loadIPPluginJar : add usbx
2025-08-01 16:30:45,660 [FATAL] Updater:351 - Updater called before beeing initialized
2025-08-01 16:30:45,764 [INFO] RulesReader:64 - Compatibility file has been processed (317 Rules)
2025-08-01 16:30:45,778 [INFO] RulesReader:64 - Compatibility file has been processed (317 Rules)
2025-08-01 16:30:45,835 [INFO] CADModel:165 - CPN selected for project level
2025-08-01 16:30:45,837 [INFO] CADModel:114 - Register for checkConnection events
2025-08-01 16:30:45,837 [FATAL] Updater:351 - Updater called before beeing initialized
2025-08-01 16:30:45,837 [ERROR] CADModel:125 - Updater not yet initialized, retry later 
2025-08-01 16:30:46,221 [FATAL] Updater:351 - Updater called before beeing initialized
2025-08-01 16:30:46,223 [INFO] CADModel:165 - CPN selected for project level
2025-08-01 16:30:46,224 [INFO] CADModel:114 - Register for checkConnection events
2025-08-01 16:30:46,224 [FATAL] Updater:351 - Updater called before beeing initialized
2025-08-01 16:30:46,224 [ERROR] CADModel:125 - Updater not yet initialized, retry later 
2025-08-01 16:30:46,228 [FATAL] Updater:351 - Updater called before beeing initialized
2025-08-01 16:30:46,368 [FATAL] Updater:351 - Updater called before beeing initialized
2025-08-01 16:30:46,372 [INFO] DbMcusAds:53 - JSON generation date=Tue Jul 08 11:14:23 TRT 2025 (1751962463562)
2025-08-01 16:30:46,372 [FATAL] Updater:351 - Updater called before beeing initialized
2025-08-01 16:30:46,423 [WARN] DetailPanel:346 - Failed to get advertising image, set to default
2025-08-01 16:30:46,521 [FATAL] Updater:351 - Updater called before beeing initialized
2025-08-01 16:30:46,523 [FATAL] Updater:351 - Updater called before beeing initialized
2025-08-01 16:30:46,523 [FATAL] Updater:351 - Updater called before beeing initialized
2025-08-01 16:30:46,524 [WARN] DetailPanel:346 - Failed to get advertising image, set to default
2025-08-01 16:30:46,525 [FATAL] Updater:351 - Updater called before beeing initialized
2025-08-01 16:30:46,585 [ERROR] Updater:1198 - MainUpdater not yet initialized. External WinMGr cannot be set.
2025-08-01 16:30:46,587 [INFO] Updater:1134 - Updater Version found : 6.15.0
2025-08-01 16:30:46,609 [INFO] ApplicationProperties:184 - Using Application install path: C:\ST\STM32CubeIDE_1.19.0\STM32CubeIDE\plugins\com.st.stm32cube.common.mx_6.15.0.202507011659
2025-08-01 16:30:47,479 [INFO] ThirdPartyUpdaterWithRetryManager:70 - Updater plugin not ready yet. [2/15]
2025-08-01 16:30:48,196 [ERROR] LogOutputStream:75 - [STDERR_REDIRECT] Aug 01, 2025 4:30:48 PM java.util.prefs.WindowsPreferences <init>
2025-08-01 16:30:48,198 [ERROR] LogOutputStream:75 - [STDERR_REDIRECT] WARNING: Could not open/create prefs root node Software\JavaSoft\Prefs at root 0xffffffff80000002. Windows RegCreateKeyEx(...) returned error code 5.
2025-08-01 16:30:48,199 [ERROR] LogOutputStream:75 - [STDERR_REDIRECT] 
2025-08-01 16:30:49,273 [INFO] MainUpdater:2872 - connection check result : 10
2025-08-01 16:30:49,274 [INFO] MainUpdater:289 - Updater Check For Update Now.
2025-08-01 16:30:49,274 [INFO] MicroXplorer:498 - Change Database Version : DB.6.0.150
2025-08-01 16:30:49,338 [INFO] McuFinderGlobals:63 - Set McuFinder mode to 2 (CubeIDE integrated)
2025-08-01 16:30:49,339 [INFO] UserAuth:171 - activating auth plugin
2025-08-01 16:30:49,349 [INFO] UserAuth:487 - Internet connection configuration mode: 1
2025-08-01 16:30:49,470 [INFO] JxBrowserEngine:152 - Initiate JxBrowser Engine with user profile folder
2025-08-01 16:30:49,584 [INFO] CheckServerUpdateThread:120 - End of CheckServer Thread
2025-08-01 16:30:50,913 [WARN] PackLoader:240 - Cannot read IP mode file for STMicroelectronics.FP-SNS-MOTENVWB1.1.4.0
2025-08-01 16:30:50,929 [WARN] PackLoader:240 - Cannot read IP mode file for STMicroelectronics.FP-ATR-ASTRA1.2.0.2
2025-08-01 16:30:50,941 [WARN] PackLoader:240 - Cannot read IP mode file for STMicroelectronics.X-CUBE-SMBUS.2.1.0
2025-08-01 16:30:50,947 [WARN] PackLoader:240 - Cannot read IP mode file for STMicroelectronics.X-CUBE-ST60.1.0.0
2025-08-01 16:30:50,988 [WARN] PackLoader:240 - Cannot read IP mode file for STMicroelectronics.X-CUBE-AZRTOS-F7.1.1.0
2025-08-01 16:30:51,032 [WARN] PackLoader:240 - Cannot read IP mode file for Infineon.AIROC-Wi-Fi-Bluetooth-STM32.1.7.1
2025-08-01 16:30:51,089 [WARN] PackLoader:240 - Cannot read IP mode file for STMicroelectronics.X-CUBE-AZRTOS-H7.3.4.0
2025-08-01 16:30:51,107 [WARN] PackLoader:240 - Cannot read IP mode file for STMicroelectronics.X-CUBE-DISPLAY.3.0.0
2025-08-01 16:30:51,129 [WARN] PackLoader:240 - Cannot read IP mode file for STMicroelectronics.X-CUBE-NFC10.1.0.0
2025-08-01 16:30:51,146 [WARN] PackLoader:240 - Cannot read IP mode file for STMicroelectronics.X-CUBE-BLEMGR.4.0.0
2025-08-01 16:30:51,156 [WARN] PackLoader:240 - Cannot read IP mode file for emotas.I-CUBE-CANOPEN.1.3.0
2025-08-01 16:30:51,162 [WARN] ConditionMgr:438 - getConditionDescription Invalid condition id : Cortex-A Device cause : null
2025-08-01 16:30:51,187 [WARN] ConditionMgr:1044 - genDependencies : Invalid condition id : Cortex-A Device cause : null
2025-08-01 16:30:51,187 [WARN] ConditionMgr:1044 - genDependencies : Invalid condition id : Cortex-A Device cause : null
2025-08-01 16:30:51,187 [WARN] ConditionMgr:1044 - genDependencies : Invalid condition id : Cortex-A Device cause : null
2025-08-01 16:30:51,193 [WARN] PackLoader:240 - Cannot read IP mode file for STMicroelectronics.FP-SNS-STBOX1.2.1.0
2025-08-01 16:30:51,202 [WARN] PackLoader:240 - Cannot read IP mode file for STMicroelectronics.FP-SNS-SMARTAG2.1.2.0
2025-08-01 16:30:51,209 [WARN] PackLoader:240 - Cannot read IP mode file for STMicroelectronics.FP-SNS-FLIGHT1.5.1.0
2025-08-01 16:30:51,218 [INFO] LogOutputStream:77 - [STDOUT_REDIRECT] 1 : Invalid condition id : UX_CORESTACK_Condition cause : null
2025-08-01 16:30:51,220 [INFO] LogOutputStream:77 - [STDOUT_REDIRECT] 1 : Invalid condition id : UX_CORESTACK_Condition cause : null
2025-08-01 16:30:51,222 [INFO] LogOutputStream:77 - [STDOUT_REDIRECT] 1 : Invalid condition id : UX_CORESTACK_Condition cause : null
2025-08-01 16:30:51,223 [INFO] LogOutputStream:77 - [STDOUT_REDIRECT] 1 : Invalid condition id : UX_CORESTACK_Condition cause : null
2025-08-01 16:30:51,224 [INFO] LogOutputStream:77 - [STDOUT_REDIRECT] 1 : Invalid condition id : UX_CORESTACK_Condition cause : null
2025-08-01 16:30:51,227 [WARN] PackLoader:240 - Cannot read IP mode file for STMicroelectronics.X-CUBE-AZRTOS-WL.2.0.0
2025-08-01 16:30:51,234 [WARN] PackLoader:240 - Cannot read IP mode file for STMicroelectronics.FP-SNS-MOTENV1.5.0.0
2025-08-01 16:30:51,248 [WARN] PackLoader:240 - Cannot read IP mode file for WES.I-CUBE-Cesium.1.3.0
2025-08-01 16:30:51,256 [WARN] PackLoader:240 - Cannot read IP mode file for STMicroelectronics.X-CUBE-BLE2.3.3.0
2025-08-01 16:30:51,264 [WARN] PackLoader:240 - Cannot read IP mode file for STMicroelectronics.X-CUBE-NFC9.1.0.0
2025-08-01 16:30:51,271 [WARN] PackLoader:240 - Cannot read IP mode file for wolfSSL.I-CUBE-wolfSSL.5.8.0
2025-08-01 16:30:51,276 [WARN] PackLoader:240 - Cannot read IP mode file for STMicroelectronics.X-CUBE-BLE1.7.1.0
2025-08-01 16:30:51,279 [WARN] PackLoader:240 - Cannot read IP mode file for wolfSSL.I-CUBE-wolfMQTT.1.19.2
2025-08-01 16:30:51,286 [WARN] PackLoader:240 - Cannot read IP mode file for STMicroelectronics.X-CUBE-EEPRMA1.5.2.0
2025-08-01 16:30:51,293 [WARN] PackLoader:240 - Cannot read IP mode file for STMicroelectronics.X-CUBE-AI.10.1.0
2025-08-01 16:30:51,307 [WARN] PackLoader:240 - Cannot read IP mode file for STMicroelectronics.X-CUBE-AZRTOS-G0.1.1.0
2025-08-01 16:30:51,315 [WARN] PackLoader:240 - Cannot read IP mode file for STMicroelectronics.X-CUBE-SAFEA1.1.2.2
2025-08-01 16:30:51,323 [WARN] PackLoader:240 - Cannot read IP mode file for STMicroelectronics.X-CUBE-NFC4.3.0.0
2025-08-01 16:30:51,332 [WARN] PackLoader:240 - Cannot read IP mode file for EmbeddedOffice.I-CUBE-FS-RTOS.1.0.1
2025-08-01 16:30:51,342 [WARN] PackLoader:240 - Cannot read IP mode file for STMicroelectronics.X-CUBE-WB05N.2.0.0
2025-08-01 16:30:51,349 [WARN] PackLoader:240 - Cannot read IP mode file for wolfSSL.I-CUBE-wolfTPM.3.8.0
2025-08-01 16:30:51,356 [WARN] PackLoader:240 - Cannot read IP mode file for STMicroelectronics.X-CUBE-TCPP.4.2.0
2025-08-01 16:30:51,363 [WARN] PackLoader:240 - Cannot read IP mode file for RealThread.X-CUBE-RT-Thread_Nano.4.1.1
2025-08-01 16:30:51,368 [WARN] PackLoader:240 - Cannot read IP mode file for STMicroelectronics.FP-ATR-SIGFOX1.3.2.0
2025-08-01 16:30:51,377 [WARN] PackLoader:240 - Cannot read IP mode file for ITTIA_DB.I-CUBE-ITTIADB.8.9.0
2025-08-01 16:30:51,391 [WARN] PackLoader:240 - Cannot read IP mode file for STMicroelectronics.X-CUBE-ST67W61.1.0.0
2025-08-01 16:30:51,424 [WARN] PackLoader:240 - Cannot read IP mode file for SEGGER.I-CUBE-embOS.1.3.1
2025-08-01 16:30:51,456 [WARN] PackLoader:240 - Cannot read IP mode file for STMicroelectronics.X-CUBE-ALGOBUILD.1.4.0
2025-08-01 16:30:51,480 [WARN] PackLoader:240 - Cannot read IP mode file for STMicroelectronics.X-CUBE-MEMS1.11.3.0
2025-08-01 16:30:51,697 [WARN] PackLoader:240 - Cannot read IP mode file for STMicroelectronics.X-CUBE-PM33A1.1.0.0
2025-08-01 16:30:51,706 [WARN] PackLoader:240 - Cannot read IP mode file for STMicroelectronics.X-CUBE-AZRTOS-F4.1.1.0
2025-08-01 16:30:51,712 [WARN] PackLoader:240 - Cannot read IP mode file for Avnet-IotConnect.X-CUBE-IoTC-DA16k-PMOD.1.0.0
2025-08-01 16:30:51,716 [WARN] PackLoader:240 - Cannot read IP mode file for STMicroelectronics.X-CUBE-ISPU.2.1.0
2025-08-01 16:30:51,720 [WARN] PackLoader:240 - Cannot read IP mode file for STMicroelectronics.X-CUBE-NFC12.1.0.0
2025-08-01 16:30:51,730 [WARN] PackLoader:240 - Cannot read IP mode file for STMicroelectronics.X-CUBE-AZRTOS-L5.2.0.0
2025-08-01 16:30:51,741 [WARN] PackLoader:240 - Cannot read IP mode file for STMicroelectronics.X-CUBE-NFC6.3.1.0
2025-08-01 16:30:51,746 [WARN] PackLoader:240 - Cannot read IP mode file for STMicroelectronics.X-CUBE-FREERTOS.1.3.1
2025-08-01 16:30:51,751 [WARN] PackLoader:240 - Cannot read IP mode file for STMicroelectronics.FP-SNS-STAIOTCFT.1.0.0
2025-08-01 16:30:51,755 [WARN] PackLoader:240 - Cannot read IP mode file for STMicroelectronics.X-CUBE-DPower.1.3.0
2025-08-01 16:30:51,768 [WARN] ConditionMgr:438 - getConditionDescription Invalid condition id : LAN8742 Phy interface Condition cause : null
2025-08-01 16:30:51,770 [WARN] PackLoader:240 - Cannot read IP mode file for STMicroelectronics.X-CUBE-AZRTOS-L4.2.0.0
2025-08-01 16:30:51,771 [WARN] ConditionMgr:1044 - genDependencies : Invalid condition id : LAN8742 Phy interface Condition cause : null
2025-08-01 16:30:51,771 [WARN] ConditionMgr:1044 - genDependencies : Invalid condition id : LAN8742 Phy interface Condition cause : null
2025-08-01 16:30:51,772 [WARN] ConditionMgr:1044 - genDependencies : Invalid condition id : LAN8742 Phy interface Condition cause : null
2025-08-01 16:30:51,783 [WARN] PackLoader:240 - Cannot read IP mode file for STMicroelectronics.X-CUBE-SFXS2LP1.4.0.0
2025-08-01 16:30:51,793 [WARN] PackLoader:240 - Cannot read IP mode file for STMicroelectronics.X-CUBE-BLEMGR.4.1.0
2025-08-01 16:30:51,806 [WARN] ConditionMgr:438 - getConditionDescription Invalid condition id : UX DEVICE CLASS RTOS Condition cause : null
2025-08-01 16:30:51,807 [WARN] ConditionMgr:438 - getConditionDescription Invalid condition id : UX DEVICE CLASS RTOS Condition cause : null
2025-08-01 16:30:51,809 [WARN] PackLoader:240 - Cannot read IP mode file for STMicroelectronics.X-CUBE-AZRTOS-WB.2.0.0
2025-08-01 16:30:51,809 [WARN] ConditionMgr:1044 - genDependencies : Invalid condition id : UX DEVICE CLASS RTOS Condition cause : null
2025-08-01 16:30:51,809 [WARN] ConditionMgr:1044 - genDependencies : Invalid condition id : UX DEVICE CLASS RTOS Condition cause : null
2025-08-01 16:30:51,810 [WARN] ConditionMgr:1044 - genDependencies : Invalid condition id : UX DEVICE CLASS RTOS Condition cause : null
2025-08-01 16:30:51,810 [WARN] ConditionMgr:1044 - genDependencies : Invalid condition id : UX DEVICE CLASS RTOS Condition cause : null
2025-08-01 16:30:51,810 [WARN] ConditionMgr:1044 - genDependencies : Invalid condition id : UX DEVICE CLASS RTOS Condition cause : null
2025-08-01 16:30:51,820 [WARN] PackLoader:240 - Cannot read IP mode file for STMicroelectronics.X-CUBE-GNSS1.7.0.1
2025-08-01 16:30:51,829 [WARN] PackLoader:240 - Cannot read IP mode file for STMicroelectronics.X-CUBE-TOUCHGFX.4.25.0
2025-08-01 16:30:51,834 [WARN] PackLoader:240 - Cannot read IP mode file for STMicroelectronics.FP-SNS-STBOX1.2.0.0
2025-08-01 16:30:51,844 [WARN] PackLoader:240 - Cannot read IP mode file for STMicroelectronics.X-CUBE-SUBG2.5.0.0
2025-08-01 16:30:51,864 [WARN] PackLoader:240 - Cannot read IP mode file for STMicroelectronics.X-CUBE-AZRTOS-H7RS.1.1.0
2025-08-01 16:30:51,870 [WARN] PackLoader:240 - Cannot read IP mode file for Cesanta.I-CUBE-Mongoose.7.13.0
2025-08-01 16:30:51,878 [WARN] PackLoader:240 - Cannot read IP mode file for STMicroelectronics.X-CUBE-AZRTOS-G4.2.0.0
2025-08-01 16:30:51,885 [WARN] PackLoader:240 - Cannot read IP mode file for wolfSSL.I-CUBE-wolfSSH.1.4.20
2025-08-01 16:30:51,889 [WARN] PackLoader:240 - Cannot read IP mode file for STMicroelectronics.X-CUBE-NFC7.2.0.0
2025-08-01 16:30:51,898 [WARN] PackLoader:240 - Cannot read IP mode file for STMicroelectronics.X-CUBE-IPS.3.1.0
2025-08-01 16:30:51,906 [WARN] PackLoader:240 - Cannot read IP mode file for STMicroelectronics.X-CUBE-ALS.1.0.2
2025-08-01 16:30:51,911 [WARN] PackLoader:240 - Cannot read IP mode file for portGmbH.I-Cube-SoM-uGOAL.1.1.0
2025-08-01 16:30:51,918 [WARN] PackLoader:240 - Cannot read IP mode file for STMicroelectronics.X-CUBE-TOF1.3.4.3
2025-08-01 16:30:51,931 [INFO] ThirdParty:978 - Integrity check success = true
2025-08-01 16:30:51,931 [INFO] IntegrityCheckThread:100 - exiting critical section [integrity check]
2025-08-01 16:30:51,931 [INFO] IntegrityCheckThread:103 - End integrity checks thread
2025-08-01 16:30:52,182 [INFO] WebApp:169 - Instantiating new browser for Auth
2025-08-01 16:30:53,283 [INFO] WebApp:463 - Apply proxy settings
2025-08-01 16:30:53,284 [INFO] WebApp:548 - Chromium requires no authentication
2025-08-01 16:30:53,301 [INFO] WebApp:491 - Direct internet connection detected
2025-08-01 16:30:53,332 [INFO] WebApp:900 - Register for checkConnection events
2025-08-01 16:30:53,332 [INFO] WebApp:463 - Apply proxy settings
2025-08-01 16:30:53,333 [INFO] WebApp:548 - Chromium requires no authentication
2025-08-01 16:30:53,333 [INFO] WebApp:491 - Direct internet connection detected
2025-08-01 16:30:53,566 [INFO] WebApp:225 - Starting web application
2025-08-01 16:30:53,566 [INFO] WebApp:593 - Web application path used C:\ST\STM32CubeIDE_1.19.0\STM32CubeIDE\plugins\com.st.stm32cube.common.mx_6.15.0.202507011659\db\plugins\mcufinder\reactClient1\index.html
2025-08-01 16:30:53,641 [INFO] WebApp:191 - Connection restablished
2025-08-01 16:37:44,175 [INFO] WebApp:403 - JxBrowser engine has been closed 
2025-08-01 16:37:48,958 [ERROR] LogOutputStream:75 - [STDERR_REDIRECT] [Fatal Error] :1:1: Premature end of file.
2025-08-01 16:37:48,958 [ERROR] LogOutputStream:75 - [STDERR_REDIRECT] 
2025-08-01 16:37:49,945 [ERROR] LogOutputStream:75 - [STDERR_REDIRECT] [Fatal Error] :1:1: Premature end of file.
2025-08-01 16:37:49,945 [ERROR] LogOutputStream:75 - [STDERR_REDIRECT] 
2025-08-01 16:37:50,945 [ERROR] LogOutputStream:75 - [STDERR_REDIRECT] [Fatal Error] :1:1: Premature end of file.
2025-08-01 16:37:50,948 [ERROR] LogOutputStream:75 - [STDERR_REDIRECT] 
2025-08-01 16:37:51,943 [ERROR] LogOutputStream:75 - [STDERR_REDIRECT] [Fatal Error] :1:1: Premature end of file.
2025-08-01 16:37:51,943 [ERROR] LogOutputStream:75 - [STDERR_REDIRECT] 
