2025-08-02 10:33:02,776 [INFO] Activator:176 - 


2025-08-02 10:33:02,781 [INFO] Activator:177 - !SESSION log4j initialized
2025-08-02 10:33:07,409 [INFO] LogOutputStream:77 - [STDOUT_REDIRECT] 
2025-08-02 10:33:08,200 [INFO] ApplicationProperties:184 - Using Application install path: C:\ST\STM32CubeIDE_1.19.0\STM32CubeIDE\plugins\com.st.stm32cube.common.mx_6.15.0.202507011659
2025-08-02 10:33:08,216 [INFO] DbMcusXml:78 - Set database path to: C:\ST\STM32CubeIDE_1.19.0\STM32CubeIDE\plugins\com.st.stm32cube.common.mx_6.15.0.202507011659\\db\/mcu/
2025-08-02 10:33:08,217 [INFO] ApiDb:274 - Set plugin database path to: C:\ST\STM32CubeIDE_1.19.0\STM32CubeIDE\plugins\com.st.stm32cube.common.mx_6.15.0.202507011659\\db\/plugins/boardmanager/
2025-08-02 10:33:08,217 [WARN] ApiDb:259 - Overriding images path with different value:  => C:\ST\STM32CubeIDE_1.19.0\STM32CubeIDE\plugins\com.st.stm32cube.common.mx_6.15.0.202507011659\\db\/plugins/mcufinder/images/
2025-08-02 10:33:08,225 [INFO] ApiDb:250 - Set database path to: C:\Users\kadir\.stmcufinder\plugins\mcufinder//mcu/
2025-08-02 10:33:08,226 [INFO] DbMcusAds:125 - Set database path to: C:\Users\kadir\.stmcufinder\plugins\mcufinder//mcu/
2025-08-02 10:33:08,228 [INFO] CrossReferenceDbSqlite:203 - Set database path to: C:\Users\kadir\.stmcufinder\plugins\mcufinder//mcu/cs/
2025-08-02 10:33:08,330 [INFO] RulesReader:64 - Compatibility file has been processed (317 Rules)
2025-08-02 10:33:08,388 [INFO] DbMcusXml:78 - Set database path to: C:\ST\STM32CubeIDE_1.19.0\STM32CubeIDE\plugins\com.st.stm32cube.common.mx_6.15.0.202507011659\\db\/mcu/
2025-08-02 10:33:08,388 [INFO] ApiDb:274 - Set plugin database path to: C:\ST\STM32CubeIDE_1.19.0\STM32CubeIDE\plugins\com.st.stm32cube.common.mx_6.15.0.202507011659\\db\/plugins/boardmanager/
2025-08-02 10:33:08,388 [INFO] ApiDb:261 - Set plugin images path to: C:\ST\STM32CubeIDE_1.19.0\STM32CubeIDE\plugins\com.st.stm32cube.common.mx_6.15.0.202507011659\\db\/plugins/mcufinder/images/
2025-08-02 10:33:08,388 [WARN] DbFile:41 - Overriding database path with different value: C:\Users\kadir\.stmcufinder\plugins\mcufinder/ => C:\Users\kadir\.stmcufinder\plugins\mcufinder
2025-08-02 10:33:08,388 [INFO] ApiDb:250 - Set database path to: C:\Users\kadir\.stmcufinder\plugins\mcufinder//mcu/
2025-08-02 10:33:08,389 [WARN] DbFile:41 - Overriding database path with different value: C:\Users\kadir\.stmcufinder\plugins\mcufinder/ => C:\Users\kadir\.stmcufinder\plugins\mcufinder
2025-08-02 10:33:08,389 [INFO] DbMcusAds:125 - Set database path to: C:\Users\kadir\.stmcufinder\plugins\mcufinder//mcu/
2025-08-02 10:33:08,389 [WARN] DbFile:41 - Overriding database path with different value: C:\Users\kadir\.stmcufinder\plugins\mcufinder/ => C:\Users\kadir\.stmcufinder\plugins\mcufinder
2025-08-02 10:33:08,389 [WARN] DbFile:41 - Overriding database path with different value: C:\Users\kadir\.stmcufinder\plugins\mcufinder/ => C:\Users\kadir\.stmcufinder\plugins\mcufinder
2025-08-02 10:33:08,389 [INFO] CrossReferenceDbSqlite:203 - Set database path to: C:\Users\kadir\.stmcufinder\plugins\mcufinder//mcu/cs/
2025-08-02 10:33:08,448 [INFO] MainPanel:274 - HeapMemory: 268435456
2025-08-02 10:33:08,545 [INFO] DbMcusXml:78 - Set database path to: C:\ST\STM32CubeIDE_1.19.0\STM32CubeIDE\plugins\com.st.stm32cube.common.mx_6.15.0.202507011659\\db\/mcu/
2025-08-02 10:33:08,546 [INFO] ApiDb:274 - Set plugin database path to: C:\ST\STM32CubeIDE_1.19.0\STM32CubeIDE\plugins\com.st.stm32cube.common.mx_6.15.0.202507011659\\db\/plugins/boardmanager/
2025-08-02 10:33:08,546 [INFO] ApiDb:261 - Set plugin images path to: C:\ST\STM32CubeIDE_1.19.0\STM32CubeIDE\plugins\com.st.stm32cube.common.mx_6.15.0.202507011659\\db\/plugins/mcufinder/images/
2025-08-02 10:33:08,546 [WARN] DbFile:41 - Overriding database path with different value: C:\Users\kadir\.stmcufinder\plugins\mcufinder/ => C:\Users\kadir\.stmcufinder\plugins\mcufinder
2025-08-02 10:33:08,546 [INFO] ApiDb:250 - Set database path to: C:\Users\kadir\.stmcufinder\plugins\mcufinder//mcu/
2025-08-02 10:33:08,546 [WARN] DbFile:41 - Overriding database path with different value: C:\Users\kadir\.stmcufinder\plugins\mcufinder/ => C:\Users\kadir\.stmcufinder\plugins\mcufinder
2025-08-02 10:33:08,546 [INFO] DbMcusAds:125 - Set database path to: C:\Users\kadir\.stmcufinder\plugins\mcufinder//mcu/
2025-08-02 10:33:08,546 [WARN] DbFile:41 - Overriding database path with different value: C:\Users\kadir\.stmcufinder\plugins\mcufinder/ => C:\Users\kadir\.stmcufinder\plugins\mcufinder
2025-08-02 10:33:08,546 [WARN] DbFile:41 - Overriding database path with different value: C:\Users\kadir\.stmcufinder\plugins\mcufinder/ => C:\Users\kadir\.stmcufinder\plugins\mcufinder
2025-08-02 10:33:08,546 [INFO] CrossReferenceDbSqlite:203 - Set database path to: C:\Users\kadir\.stmcufinder\plugins\mcufinder//mcu/cs/
2025-08-02 10:33:08,561 [INFO] ApplicationProperties:184 - Using Application install path: C:\ST\STM32CubeIDE_1.19.0\STM32CubeIDE\plugins\com.st.stm32cube.common.mx_6.15.0.202507011659
2025-08-02 10:33:08,562 [INFO] PluginManage:196 - Search for loadable plugins [exclusion list=, ]
2025-08-02 10:33:08,563 [INFO] PluginManage:310 - Check plugin analytics
2025-08-02 10:33:08,713 [INFO] AnalyticsPlugin:253 - Accepted Software Licenses: STM32CubeMX.6.15.0
2025-08-02 10:33:08,713 [INFO] AnalyticsPlugin:255 - Accepted CMSIS Pack Licenses: 
2025-08-02 10:33:08,713 [INFO] AnalyticsPlugin:257 - Accepted Firmware Licenses: 
2025-08-02 10:33:08,715 [INFO] PluginManage:359 - Loaded plugin analytics (category:tool,tabindex:-1)
2025-08-02 10:33:08,716 [INFO] PluginManage:310 - Check plugin cadmodel
2025-08-02 10:33:08,720 [INFO] CADModel:105 - Init CAD model plugin
2025-08-02 10:33:08,720 [INFO] PluginManage:359 - Loaded plugin cadmodel (category:power,tabindex:5)
2025-08-02 10:33:08,721 [INFO] PluginManage:310 - Check plugin clock
2025-08-02 10:33:08,729 [INFO] PluginManage:359 - Loaded plugin clock (category:base,tabindex:2)
2025-08-02 10:33:08,729 [INFO] PluginManage:310 - Check plugin ddr
2025-08-02 10:33:08,731 [INFO] PluginManage:359 - Loaded plugin ddr (category:tool,tabindex:6)
2025-08-02 10:33:08,731 [INFO] PluginManage:310 - Check plugin filemanager
2025-08-02 10:33:08,854 [INFO] PluginManage:359 - Loaded plugin filemanager (category:base,tabindex:10)
2025-08-02 10:33:08,854 [INFO] PluginManage:310 - Check plugin ipmanager
2025-08-02 10:33:08,860 [INFO] PluginManage:359 - Loaded plugin ipmanager (category:base,tabindex:5)
2025-08-02 10:33:08,860 [INFO] PluginManage:310 - Check plugin lpbam
2025-08-02 10:33:08,867 [INFO] PluginManage:359 - Loaded plugin lpbam (category:base,tabindex:0)
2025-08-02 10:33:08,867 [INFO] PluginManage:310 - Check plugin memorymap
2025-08-02 10:33:08,878 [INFO] PluginManage:359 - Loaded plugin memorymap (category:base,tabindex:4)
2025-08-02 10:33:08,878 [INFO] PluginManage:310 - Check plugin pinoutandconfiguration
2025-08-02 10:33:08,884 [INFO] PluginManage:359 - Loaded plugin pinoutandconfiguration (category:base,tabindex:1)
2025-08-02 10:33:08,884 [INFO] PluginManage:310 - Check plugin pinoutconfig
2025-08-02 10:33:08,958 [WARN] SupportedApi:132 - Cannot load RTOS API schema: s4s-elt-must-match.1: The content of 'definitions' must match (annotation?, (simpleType | complexType)?, (unique | key | keyref)*)). A problem was found starting at: attribute.
2025-08-02 10:33:09,069 [INFO] PluginManage:359 - Loaded plugin pinoutconfig (category:base,tabindex:0)
2025-08-02 10:33:09,069 [INFO] PluginManage:310 - Check plugin power
2025-08-02 10:33:09,076 [INFO] PluginManage:359 - Loaded plugin power (category:power,tabindex:4)
2025-08-02 10:33:09,076 [INFO] PluginManage:310 - Check plugin projectmanager
2025-08-02 10:33:09,098 [INFO] PluginManage:359 - Loaded plugin projectmanager (category:projectmanager,tabindex:4)
2025-08-02 10:33:09,098 [INFO] PluginManage:310 - Check plugin rif
2025-08-02 10:33:09,108 [INFO] PluginManage:359 - Loaded plugin rif (category:base,tabindex:3)
2025-08-02 10:33:09,108 [INFO] PluginManage:310 - Check plugin thirdparty
2025-08-02 10:33:09,231 [INFO] PluginManage:359 - Loaded plugin thirdparty (category:base,tabindex:-1)
2025-08-02 10:33:09,231 [WARN] IntegrityCheckThread:84 - waiting for thirdparty lock release [integrity check]
2025-08-02 10:33:09,231 [INFO] PluginManage:310 - Check plugin tools
2025-08-02 10:33:09,231 [INFO] IntegrityCheckThread:86 - entering critical section [integrity check]
2025-08-02 10:33:09,232 [INFO] ThirdPartyUpdaterWithRetryManager:70 - Updater plugin not ready yet. [1/15]
2025-08-02 10:33:09,233 [INFO] PluginManage:359 - Loaded plugin tools (category:base,tabindex:7)
2025-08-02 10:33:09,233 [INFO] PluginManage:310 - Check plugin tutovideos
2025-08-02 10:33:09,409 [INFO] PluginManage:359 - Loaded plugin tutovideos (category:base,tabindex:-1)
2025-08-02 10:33:09,409 [INFO] PluginManage:310 - Check plugin updater
2025-08-02 10:33:09,427 [INFO] PluginManage:359 - Loaded plugin updater (category:base,tabindex:12)
2025-08-02 10:33:09,427 [INFO] PluginManage:310 - Check plugin userauth
2025-08-02 10:33:09,431 [INFO] UserAuth:118 - Init User Auth plugin
2025-08-02 10:33:09,431 [INFO] PluginManage:359 - Loaded plugin userauth (category:base,tabindex:14)
2025-08-02 10:33:09,432 [INFO] PluginManage:283 - PluginManage : Loaded plugins [18]
2025-08-02 10:33:09,608 [INFO] PinOutPanel:1589 - setPackage(No Configuration,No Configuration)
2025-08-02 10:33:09,683 [INFO] CADModel:165 - CPN selected for project level
2025-08-02 10:33:09,683 [INFO] CADModel:114 - Register for checkConnection events
2025-08-02 10:33:09,701 [INFO] IPUIPlugin:80 - create IPUIPlugin
2025-08-02 10:33:09,702 [INFO] PluginManager:220 - loadIPPluginJar : add adc
2025-08-02 10:33:09,704 [INFO] IPUIPlugin:80 - create IPUIPlugin
2025-08-02 10:33:09,704 [INFO] PluginManager:220 - loadIPPluginJar : add aes
2025-08-02 10:33:09,708 [INFO] IPUIPlugin:80 - create IPUIPlugin
2025-08-02 10:33:09,709 [INFO] PluginManager:220 - loadIPPluginJar : add can
2025-08-02 10:33:09,710 [INFO] IPUIPlugin:80 - create IPUIPlugin
2025-08-02 10:33:09,710 [INFO] PluginManager:220 - loadIPPluginJar : add comp
2025-08-02 10:33:09,712 [INFO] IPUIPlugin:80 - create IPUIPlugin
2025-08-02 10:33:09,713 [INFO] PluginManager:220 - loadIPPluginJar : add cryp
2025-08-02 10:33:09,715 [INFO] IPUIPlugin:80 - create IPUIPlugin
2025-08-02 10:33:09,715 [INFO] PluginManager:220 - loadIPPluginJar : add ddr_ctrl_phy
2025-08-02 10:33:09,717 [INFO] IPUIPlugin:80 - create IPUIPlugin
2025-08-02 10:33:09,717 [INFO] PluginManager:220 - loadIPPluginJar : add dfsdm
2025-08-02 10:33:09,721 [INFO] IPUIPlugin:80 - create IPUIPlugin
2025-08-02 10:33:09,722 [INFO] PluginManager:220 - loadIPPluginJar : add dma
2025-08-02 10:33:09,724 [INFO] IPUIPlugin:80 - create IPUIPlugin
2025-08-02 10:33:09,724 [INFO] PluginManager:220 - loadIPPluginJar : add dma3
2025-08-02 10:33:09,726 [INFO] IPUIPlugin:80 - create IPUIPlugin
2025-08-02 10:33:09,726 [INFO] PluginManager:220 - loadIPPluginJar : add extmemmanager
2025-08-02 10:33:09,726 [INFO] IPUIPlugin:80 - create IPUIPlugin
2025-08-02 10:33:09,727 [INFO] PluginManager:220 - loadIPPluginJar : add fatfs
2025-08-02 10:33:09,730 [INFO] IPUIPlugin:80 - create IPUIPlugin
2025-08-02 10:33:09,730 [INFO] PluginManager:220 - loadIPPluginJar : add fmc
2025-08-02 10:33:09,735 [INFO] IPUIPlugin:80 - create IPUIPlugin
2025-08-02 10:33:09,735 [INFO] PluginManager:220 - loadIPPluginJar : add freertos
2025-08-02 10:33:09,736 [INFO] IPUIPlugin:80 - create IPUIPlugin
2025-08-02 10:33:09,736 [INFO] PluginManager:220 - loadIPPluginJar : add genericplugin
2025-08-02 10:33:09,738 [INFO] IPUIPlugin:80 - create IPUIPlugin
2025-08-02 10:33:09,738 [INFO] PluginManager:220 - loadIPPluginJar : add gfxmmu
2025-08-02 10:33:09,741 [INFO] IPUIPlugin:80 - create IPUIPlugin
2025-08-02 10:33:09,742 [INFO] PluginManager:220 - loadIPPluginJar : add gic
2025-08-02 10:33:09,744 [INFO] IPUIPlugin:80 - create IPUIPlugin
2025-08-02 10:33:09,744 [INFO] PluginManager:220 - loadIPPluginJar : add gpio
2025-08-02 10:33:09,746 [INFO] IPUIPlugin:80 - create IPUIPlugin
2025-08-02 10:33:09,746 [INFO] PluginManager:220 - loadIPPluginJar : add gtzc
2025-08-02 10:33:09,748 [INFO] IPUIPlugin:80 - create IPUIPlugin
2025-08-02 10:33:09,748 [INFO] PluginManager:220 - loadIPPluginJar : add hash
2025-08-02 10:33:09,750 [INFO] IPUIPlugin:80 - create IPUIPlugin
2025-08-02 10:33:09,750 [INFO] PluginManager:220 - loadIPPluginJar : add i2c
2025-08-02 10:33:09,752 [INFO] IPUIPlugin:80 - create IPUIPlugin
2025-08-02 10:33:09,752 [INFO] PluginManager:220 - loadIPPluginJar : add i2s
2025-08-02 10:33:09,754 [INFO] IPUIPlugin:80 - create IPUIPlugin
2025-08-02 10:33:09,754 [INFO] PluginManager:220 - loadIPPluginJar : add i3c
2025-08-02 10:33:09,757 [INFO] IPUIPlugin:80 - create IPUIPlugin
2025-08-02 10:33:09,757 [INFO] PluginManager:220 - loadIPPluginJar : add ipddr
2025-08-02 10:33:09,764 [INFO] IPUIPlugin:80 - create IPUIPlugin
2025-08-02 10:33:09,764 [INFO] PluginManager:220 - loadIPPluginJar : add linkedlist
2025-08-02 10:33:09,766 [INFO] IPUIPlugin:80 - create IPUIPlugin
2025-08-02 10:33:09,766 [INFO] PluginManager:220 - loadIPPluginJar : add lorawan
2025-08-02 10:33:09,767 [INFO] IPUIPlugin:80 - create IPUIPlugin
2025-08-02 10:33:09,767 [INFO] PluginManager:220 - loadIPPluginJar : add ltdc
2025-08-02 10:33:09,771 [INFO] IPUIPlugin:80 - create IPUIPlugin
2025-08-02 10:33:09,772 [INFO] PluginManager:220 - loadIPPluginJar : add mdma
2025-08-02 10:33:09,774 [INFO] IPUIPlugin:80 - create IPUIPlugin
2025-08-02 10:33:09,774 [INFO] PluginManager:220 - loadIPPluginJar : add nvic
2025-08-02 10:33:09,776 [INFO] IPUIPlugin:80 - create IPUIPlugin
2025-08-02 10:33:09,776 [INFO] PluginManager:220 - loadIPPluginJar : add opamp
2025-08-02 10:33:09,778 [INFO] IPUIPlugin:80 - create IPUIPlugin
2025-08-02 10:33:09,778 [INFO] PluginManager:220 - loadIPPluginJar : add openamp
2025-08-02 10:33:09,780 [INFO] IPUIPlugin:80 - create IPUIPlugin
2025-08-02 10:33:09,780 [INFO] PluginManager:220 - loadIPPluginJar : add pdm2pcm
2025-08-02 10:33:09,785 [INFO] IPUIPlugin:80 - create IPUIPlugin
2025-08-02 10:33:09,787 [INFO] PluginManager:220 - loadIPPluginJar : add plateformsettings
2025-08-02 10:33:09,789 [INFO] IPUIPlugin:80 - create IPUIPlugin
2025-08-02 10:33:09,789 [INFO] PluginManager:220 - loadIPPluginJar : add quadspi
2025-08-02 10:33:09,790 [INFO] IPUIPlugin:80 - create IPUIPlugin
2025-08-02 10:33:09,791 [INFO] PluginManager:220 - loadIPPluginJar : add radio
2025-08-02 10:33:09,794 [INFO] IPUIPlugin:80 - create IPUIPlugin
2025-08-02 10:33:09,794 [INFO] PluginManager:220 - loadIPPluginJar : add resmgrutility
2025-08-02 10:33:09,797 [INFO] IPUIPlugin:80 - create IPUIPlugin
2025-08-02 10:33:09,797 [INFO] PluginManager:220 - loadIPPluginJar : add sai
2025-08-02 10:33:09,799 [INFO] IPUIPlugin:80 - create IPUIPlugin
2025-08-02 10:33:09,799 [INFO] PluginManager:220 - loadIPPluginJar : add spi
2025-08-02 10:33:09,804 [INFO] IPUIPlugin:80 - create IPUIPlugin
2025-08-02 10:33:09,804 [INFO] PluginManager:220 - loadIPPluginJar : add stm32_wpan
2025-08-02 10:33:09,805 [INFO] IPUIPlugin:80 - create IPUIPlugin
2025-08-02 10:33:09,805 [INFO] PluginManager:220 - loadIPPluginJar : add tim
2025-08-02 10:33:09,808 [INFO] IPUIPlugin:80 - create IPUIPlugin
2025-08-02 10:33:09,808 [INFO] PluginManager:220 - loadIPPluginJar : add touchsensing
2025-08-02 10:33:09,809 [INFO] IPUIPlugin:80 - create IPUIPlugin
2025-08-02 10:33:09,809 [INFO] PluginManager:220 - loadIPPluginJar : add tracer_emb
2025-08-02 10:33:09,811 [INFO] IPUIPlugin:80 - create IPUIPlugin
2025-08-02 10:33:09,811 [INFO] PluginManager:220 - loadIPPluginJar : add ts
2025-08-02 10:33:09,812 [INFO] IPUIPlugin:80 - create IPUIPlugin
2025-08-02 10:33:09,812 [INFO] PluginManager:220 - loadIPPluginJar : add tsc
2025-08-02 10:33:09,813 [INFO] IPUIPlugin:80 - create IPUIPlugin
2025-08-02 10:33:09,813 [INFO] PluginManager:220 - loadIPPluginJar : add ucpd
2025-08-02 10:33:09,815 [INFO] IPUIPlugin:80 - create IPUIPlugin
2025-08-02 10:33:09,815 [INFO] PluginManager:220 - loadIPPluginJar : add usart
2025-08-02 10:33:09,818 [INFO] IPUIPlugin:80 - create IPUIPlugin
2025-08-02 10:33:09,818 [INFO] PluginManager:220 - loadIPPluginJar : add usbx
2025-08-02 10:33:09,926 [FATAL] Updater:351 - Updater called before beeing initialized
2025-08-02 10:33:09,957 [INFO] RulesReader:64 - Compatibility file has been processed (317 Rules)
2025-08-02 10:33:09,978 [INFO] RulesReader:64 - Compatibility file has been processed (317 Rules)
2025-08-02 10:33:09,992 [INFO] CADModel:165 - CPN selected for project level
2025-08-02 10:33:09,993 [INFO] CADModel:114 - Register for checkConnection events
2025-08-02 10:33:09,993 [FATAL] Updater:351 - Updater called before beeing initialized
2025-08-02 10:33:09,993 [ERROR] CADModel:125 - Updater not yet initialized, retry later 
2025-08-02 10:33:10,128 [FATAL] Updater:351 - Updater called before beeing initialized
2025-08-02 10:33:10,148 [INFO] CADModel:165 - CPN selected for project level
2025-08-02 10:33:10,148 [INFO] CADModel:114 - Register for checkConnection events
2025-08-02 10:33:10,148 [FATAL] Updater:351 - Updater called before beeing initialized
2025-08-02 10:33:10,148 [ERROR] CADModel:125 - Updater not yet initialized, retry later 
2025-08-02 10:33:10,152 [FATAL] Updater:351 - Updater called before beeing initialized
2025-08-02 10:33:10,259 [FATAL] Updater:351 - Updater called before beeing initialized
2025-08-02 10:33:10,264 [INFO] DbMcusAds:53 - JSON generation date=Tue Jul 08 11:14:23 TRT 2025 (1751962463562)
2025-08-02 10:33:10,264 [FATAL] Updater:351 - Updater called before beeing initialized
2025-08-02 10:33:10,294 [WARN] DetailPanel:346 - Failed to get advertising image, set to default
2025-08-02 10:33:10,348 [FATAL] Updater:351 - Updater called before beeing initialized
2025-08-02 10:33:10,350 [FATAL] Updater:351 - Updater called before beeing initialized
2025-08-02 10:33:10,350 [FATAL] Updater:351 - Updater called before beeing initialized
2025-08-02 10:33:10,350 [WARN] DetailPanel:346 - Failed to get advertising image, set to default
2025-08-02 10:33:10,351 [FATAL] Updater:351 - Updater called before beeing initialized
2025-08-02 10:33:10,388 [ERROR] Updater:1198 - MainUpdater not yet initialized. External WinMGr cannot be set.
2025-08-02 10:33:10,390 [INFO] Updater:1134 - Updater Version found : 6.15.0
2025-08-02 10:33:10,408 [INFO] ApplicationProperties:184 - Using Application install path: C:\ST\STM32CubeIDE_1.19.0\STM32CubeIDE\plugins\com.st.stm32cube.common.mx_6.15.0.202507011659
2025-08-02 10:33:11,988 [ERROR] LogOutputStream:75 - [STDERR_REDIRECT] Aug 02, 2025 10:33:11 AM java.util.prefs.WindowsPreferences <init>
2025-08-02 10:33:11,989 [ERROR] LogOutputStream:75 - [STDERR_REDIRECT] WARNING: Could not open/create prefs root node Software\JavaSoft\Prefs at root 0xffffffff80000002. Windows RegCreateKeyEx(...) returned error code 5.
2025-08-02 10:33:11,989 [ERROR] LogOutputStream:75 - [STDERR_REDIRECT] 
2025-08-02 10:33:12,232 [INFO] ThirdPartyUpdaterWithRetryManager:70 - Updater plugin not ready yet. [2/15]
2025-08-02 10:33:12,347 [INFO] MainUpdater:2872 - connection check result : 10
2025-08-02 10:33:12,348 [INFO] MainUpdater:289 - Updater Check For Update Now.
2025-08-02 10:33:12,349 [INFO] MicroXplorer:498 - Change Database Version : DB.6.0.150
2025-08-02 10:33:12,371 [INFO] McuFinderGlobals:63 - Set McuFinder mode to 2 (CubeIDE integrated)
2025-08-02 10:33:12,371 [INFO] UserAuth:171 - activating auth plugin
2025-08-02 10:33:12,375 [INFO] UserAuth:487 - Internet connection configuration mode: 1
2025-08-02 10:33:12,427 [INFO] JxBrowserEngine:152 - Initiate JxBrowser Engine with user profile folder
2025-08-02 10:33:12,527 [INFO] CheckServerUpdateThread:120 - End of CheckServer Thread
2025-08-02 10:33:13,547 [INFO] WebApp:169 - Instantiating new browser for Auth
2025-08-02 10:33:14,094 [INFO] WebApp:463 - Apply proxy settings
2025-08-02 10:33:14,095 [INFO] WebApp:548 - Chromium requires no authentication
2025-08-02 10:33:14,103 [INFO] WebApp:491 - Direct internet connection detected
2025-08-02 10:33:14,118 [INFO] WebApp:900 - Register for checkConnection events
2025-08-02 10:33:14,119 [INFO] WebApp:463 - Apply proxy settings
2025-08-02 10:33:14,119 [INFO] WebApp:548 - Chromium requires no authentication
2025-08-02 10:33:14,119 [INFO] WebApp:491 - Direct internet connection detected
2025-08-02 10:33:14,249 [INFO] WebApp:225 - Starting web application
2025-08-02 10:33:14,250 [INFO] WebApp:593 - Web application path used C:\ST\STM32CubeIDE_1.19.0\STM32CubeIDE\plugins\com.st.stm32cube.common.mx_6.15.0.202507011659\db\plugins\mcufinder\reactClient1\index.html
2025-08-02 10:33:14,679 [INFO] WebApp:191 - Connection restablished
2025-08-02 10:33:15,429 [WARN] PackLoader:240 - Cannot read IP mode file for STMicroelectronics.FP-SNS-MOTENVWB1.1.4.0
2025-08-02 10:33:15,437 [WARN] PackLoader:240 - Cannot read IP mode file for STMicroelectronics.FP-ATR-ASTRA1.2.0.2
2025-08-02 10:33:15,445 [WARN] PackLoader:240 - Cannot read IP mode file for STMicroelectronics.X-CUBE-SMBUS.2.1.0
2025-08-02 10:33:15,450 [WARN] PackLoader:240 - Cannot read IP mode file for STMicroelectronics.X-CUBE-ST60.1.0.0
2025-08-02 10:33:15,479 [WARN] PackLoader:240 - Cannot read IP mode file for STMicroelectronics.X-CUBE-AZRTOS-F7.1.1.0
2025-08-02 10:33:15,499 [WARN] PackLoader:240 - Cannot read IP mode file for Infineon.AIROC-Wi-Fi-Bluetooth-STM32.1.7.1
2025-08-02 10:33:15,530 [WARN] PackLoader:240 - Cannot read IP mode file for STMicroelectronics.X-CUBE-AZRTOS-H7.3.4.0
2025-08-02 10:33:15,540 [WARN] PackLoader:240 - Cannot read IP mode file for STMicroelectronics.X-CUBE-DISPLAY.3.0.0
2025-08-02 10:33:15,554 [WARN] PackLoader:240 - Cannot read IP mode file for STMicroelectronics.X-CUBE-NFC10.1.0.0
2025-08-02 10:33:15,562 [WARN] PackLoader:240 - Cannot read IP mode file for STMicroelectronics.X-CUBE-BLEMGR.4.0.0
2025-08-02 10:33:15,569 [WARN] PackLoader:240 - Cannot read IP mode file for emotas.I-CUBE-CANOPEN.1.3.0
2025-08-02 10:33:15,572 [WARN] ConditionMgr:438 - getConditionDescription Invalid condition id : Cortex-A Device cause : null
2025-08-02 10:33:15,589 [WARN] ConditionMgr:1044 - genDependencies : Invalid condition id : Cortex-A Device cause : null
2025-08-02 10:33:15,589 [WARN] ConditionMgr:1044 - genDependencies : Invalid condition id : Cortex-A Device cause : null
2025-08-02 10:33:15,590 [WARN] ConditionMgr:1044 - genDependencies : Invalid condition id : Cortex-A Device cause : null
2025-08-02 10:33:15,595 [WARN] PackLoader:240 - Cannot read IP mode file for STMicroelectronics.FP-SNS-STBOX1.2.1.0
2025-08-02 10:33:15,601 [WARN] PackLoader:240 - Cannot read IP mode file for STMicroelectronics.FP-SNS-SMARTAG2.1.2.0
2025-08-02 10:33:15,605 [WARN] PackLoader:240 - Cannot read IP mode file for STMicroelectronics.FP-SNS-FLIGHT1.5.1.0
2025-08-02 10:33:15,618 [INFO] LogOutputStream:77 - [STDOUT_REDIRECT] 1 : Invalid condition id : UX_CORESTACK_Condition cause : null
2025-08-02 10:33:15,619 [INFO] LogOutputStream:77 - [STDOUT_REDIRECT] 1 : Invalid condition id : UX_CORESTACK_Condition cause : null
2025-08-02 10:33:15,621 [INFO] LogOutputStream:77 - [STDOUT_REDIRECT] 1 : Invalid condition id : UX_CORESTACK_Condition cause : null
2025-08-02 10:33:15,622 [INFO] LogOutputStream:77 - [STDOUT_REDIRECT] 1 : Invalid condition id : UX_CORESTACK_Condition cause : null
2025-08-02 10:33:15,624 [INFO] LogOutputStream:77 - [STDOUT_REDIRECT] 1 : Invalid condition id : UX_CORESTACK_Condition cause : null
2025-08-02 10:33:15,626 [WARN] PackLoader:240 - Cannot read IP mode file for STMicroelectronics.X-CUBE-AZRTOS-WL.2.0.0
2025-08-02 10:33:15,631 [WARN] PackLoader:240 - Cannot read IP mode file for STMicroelectronics.FP-SNS-MOTENV1.5.0.0
2025-08-02 10:33:15,640 [WARN] PackLoader:240 - Cannot read IP mode file for WES.I-CUBE-Cesium.1.3.0
2025-08-02 10:33:15,645 [WARN] PackLoader:240 - Cannot read IP mode file for STMicroelectronics.X-CUBE-BLE2.3.3.0
2025-08-02 10:33:15,650 [WARN] PackLoader:240 - Cannot read IP mode file for STMicroelectronics.X-CUBE-NFC9.1.0.0
2025-08-02 10:33:15,655 [WARN] PackLoader:240 - Cannot read IP mode file for wolfSSL.I-CUBE-wolfSSL.5.8.0
2025-08-02 10:33:15,658 [WARN] PackLoader:240 - Cannot read IP mode file for STMicroelectronics.X-CUBE-BLE1.7.1.0
2025-08-02 10:33:15,662 [WARN] PackLoader:240 - Cannot read IP mode file for wolfSSL.I-CUBE-wolfMQTT.1.19.2
2025-08-02 10:33:15,665 [WARN] PackLoader:240 - Cannot read IP mode file for STMicroelectronics.X-CUBE-EEPRMA1.5.2.0
2025-08-02 10:33:15,670 [WARN] PackLoader:240 - Cannot read IP mode file for STMicroelectronics.X-CUBE-AI.10.1.0
2025-08-02 10:33:15,678 [WARN] PackLoader:240 - Cannot read IP mode file for STMicroelectronics.X-CUBE-AZRTOS-G0.1.1.0
2025-08-02 10:33:15,683 [WARN] PackLoader:240 - Cannot read IP mode file for STMicroelectronics.X-CUBE-SAFEA1.1.2.2
2025-08-02 10:33:15,687 [WARN] PackLoader:240 - Cannot read IP mode file for STMicroelectronics.X-CUBE-NFC4.3.0.0
2025-08-02 10:33:15,692 [WARN] PackLoader:240 - Cannot read IP mode file for EmbeddedOffice.I-CUBE-FS-RTOS.1.0.1
2025-08-02 10:33:15,696 [WARN] PackLoader:240 - Cannot read IP mode file for STMicroelectronics.X-CUBE-WB05N.2.0.0
2025-08-02 10:33:15,699 [WARN] PackLoader:240 - Cannot read IP mode file for wolfSSL.I-CUBE-wolfTPM.3.8.0
2025-08-02 10:33:15,703 [WARN] PackLoader:240 - Cannot read IP mode file for STMicroelectronics.X-CUBE-TCPP.4.2.0
2025-08-02 10:33:15,707 [WARN] PackLoader:240 - Cannot read IP mode file for RealThread.X-CUBE-RT-Thread_Nano.4.1.1
2025-08-02 10:33:15,710 [WARN] PackLoader:240 - Cannot read IP mode file for STMicroelectronics.FP-ATR-SIGFOX1.3.2.0
2025-08-02 10:33:15,714 [WARN] PackLoader:240 - Cannot read IP mode file for ITTIA_DB.I-CUBE-ITTIADB.8.9.0
2025-08-02 10:33:15,722 [WARN] PackLoader:240 - Cannot read IP mode file for STMicroelectronics.X-CUBE-ST67W61.1.0.0
2025-08-02 10:33:15,737 [WARN] PackLoader:240 - Cannot read IP mode file for SEGGER.I-CUBE-embOS.1.3.1
2025-08-02 10:33:15,759 [WARN] PackLoader:240 - Cannot read IP mode file for STMicroelectronics.X-CUBE-ALGOBUILD.1.4.0
2025-08-02 10:33:15,825 [WARN] PackLoader:240 - Cannot read IP mode file for STMicroelectronics.X-CUBE-MEMS1.11.3.0
2025-08-02 10:33:15,909 [WARN] PackLoader:240 - Cannot read IP mode file for STMicroelectronics.X-CUBE-PM33A1.1.0.0
2025-08-02 10:33:15,917 [WARN] PackLoader:240 - Cannot read IP mode file for STMicroelectronics.X-CUBE-AZRTOS-F4.1.1.0
2025-08-02 10:33:15,922 [WARN] PackLoader:240 - Cannot read IP mode file for Avnet-IotConnect.X-CUBE-IoTC-DA16k-PMOD.1.0.0
2025-08-02 10:33:15,925 [WARN] PackLoader:240 - Cannot read IP mode file for STMicroelectronics.X-CUBE-ISPU.2.1.0
2025-08-02 10:33:15,929 [WARN] PackLoader:240 - Cannot read IP mode file for STMicroelectronics.X-CUBE-NFC12.1.0.0
2025-08-02 10:33:15,937 [WARN] PackLoader:240 - Cannot read IP mode file for STMicroelectronics.X-CUBE-AZRTOS-L5.2.0.0
2025-08-02 10:33:15,944 [WARN] PackLoader:240 - Cannot read IP mode file for STMicroelectronics.X-CUBE-NFC6.3.1.0
2025-08-02 10:33:15,950 [WARN] PackLoader:240 - Cannot read IP mode file for STMicroelectronics.X-CUBE-FREERTOS.1.3.1
2025-08-02 10:33:15,962 [WARN] PackLoader:240 - Cannot read IP mode file for STMicroelectronics.FP-SNS-STAIOTCFT.1.0.0
2025-08-02 10:33:15,971 [WARN] PackLoader:240 - Cannot read IP mode file for STMicroelectronics.X-CUBE-DPower.1.3.0
2025-08-02 10:33:15,981 [WARN] ConditionMgr:438 - getConditionDescription Invalid condition id : LAN8742 Phy interface Condition cause : null
2025-08-02 10:33:15,982 [WARN] PackLoader:240 - Cannot read IP mode file for STMicroelectronics.X-CUBE-AZRTOS-L4.2.0.0
2025-08-02 10:33:15,983 [WARN] ConditionMgr:1044 - genDependencies : Invalid condition id : LAN8742 Phy interface Condition cause : null
2025-08-02 10:33:15,983 [WARN] ConditionMgr:1044 - genDependencies : Invalid condition id : LAN8742 Phy interface Condition cause : null
2025-08-02 10:33:15,983 [WARN] ConditionMgr:1044 - genDependencies : Invalid condition id : LAN8742 Phy interface Condition cause : null
2025-08-02 10:33:15,989 [WARN] PackLoader:240 - Cannot read IP mode file for STMicroelectronics.X-CUBE-SFXS2LP1.4.0.0
2025-08-02 10:33:15,997 [WARN] PackLoader:240 - Cannot read IP mode file for STMicroelectronics.X-CUBE-BLEMGR.4.1.0
2025-08-02 10:33:16,007 [WARN] ConditionMgr:438 - getConditionDescription Invalid condition id : UX DEVICE CLASS RTOS Condition cause : null
2025-08-02 10:33:16,007 [WARN] ConditionMgr:438 - getConditionDescription Invalid condition id : UX DEVICE CLASS RTOS Condition cause : null
2025-08-02 10:33:16,009 [WARN] PackLoader:240 - Cannot read IP mode file for STMicroelectronics.X-CUBE-AZRTOS-WB.2.0.0
2025-08-02 10:33:16,009 [WARN] ConditionMgr:1044 - genDependencies : Invalid condition id : UX DEVICE CLASS RTOS Condition cause : null
2025-08-02 10:33:16,009 [WARN] ConditionMgr:1044 - genDependencies : Invalid condition id : UX DEVICE CLASS RTOS Condition cause : null
2025-08-02 10:33:16,009 [WARN] ConditionMgr:1044 - genDependencies : Invalid condition id : UX DEVICE CLASS RTOS Condition cause : null
2025-08-02 10:33:16,009 [WARN] ConditionMgr:1044 - genDependencies : Invalid condition id : UX DEVICE CLASS RTOS Condition cause : null
2025-08-02 10:33:16,009 [WARN] ConditionMgr:1044 - genDependencies : Invalid condition id : UX DEVICE CLASS RTOS Condition cause : null
2025-08-02 10:33:16,014 [WARN] PackLoader:240 - Cannot read IP mode file for STMicroelectronics.X-CUBE-GNSS1.7.0.1
2025-08-02 10:33:16,021 [WARN] PackLoader:240 - Cannot read IP mode file for STMicroelectronics.X-CUBE-TOUCHGFX.4.25.0
2025-08-02 10:33:16,026 [WARN] PackLoader:240 - Cannot read IP mode file for STMicroelectronics.FP-SNS-STBOX1.2.0.0
2025-08-02 10:33:16,035 [WARN] PackLoader:240 - Cannot read IP mode file for STMicroelectronics.X-CUBE-SUBG2.5.0.0
2025-08-02 10:33:16,052 [WARN] PackLoader:240 - Cannot read IP mode file for STMicroelectronics.X-CUBE-AZRTOS-H7RS.1.1.0
2025-08-02 10:33:16,058 [WARN] PackLoader:240 - Cannot read IP mode file for Cesanta.I-CUBE-Mongoose.7.13.0
2025-08-02 10:33:16,066 [WARN] PackLoader:240 - Cannot read IP mode file for STMicroelectronics.X-CUBE-AZRTOS-G4.2.0.0
2025-08-02 10:33:16,072 [WARN] PackLoader:240 - Cannot read IP mode file for wolfSSL.I-CUBE-wolfSSH.1.4.20
2025-08-02 10:33:16,085 [WARN] PackLoader:240 - Cannot read IP mode file for STMicroelectronics.X-CUBE-NFC7.2.0.0
2025-08-02 10:33:16,101 [WARN] PackLoader:240 - Cannot read IP mode file for STMicroelectronics.X-CUBE-IPS.3.1.0
2025-08-02 10:33:16,110 [WARN] PackLoader:240 - Cannot read IP mode file for STMicroelectronics.X-CUBE-ALS.1.0.2
2025-08-02 10:33:16,115 [WARN] PackLoader:240 - Cannot read IP mode file for portGmbH.I-Cube-SoM-uGOAL.1.1.0
2025-08-02 10:33:16,124 [WARN] PackLoader:240 - Cannot read IP mode file for STMicroelectronics.X-CUBE-TOF1.3.4.3
2025-08-02 10:33:16,136 [INFO] ThirdParty:978 - Integrity check success = true
2025-08-02 10:33:16,136 [INFO] IntegrityCheckThread:100 - exiting critical section [integrity check]
2025-08-02 10:33:16,136 [INFO] IntegrityCheckThread:103 - End integrity checks thread
2025-08-02 16:57:08,013 [INFO] WebApp:194 - Connection lost
2025-08-02 16:57:08,365 [INFO] WebApp:191 - Connection restablished
2025-08-02 16:57:08,498 [INFO] WebApp:194 - Connection lost
2025-08-02 16:57:08,856 [INFO] WebApp:191 - Connection restablished
2025-08-02 16:57:09,468 [INFO] WebApp:194 - Connection lost
2025-08-02 16:57:09,653 [INFO] WebApp:191 - Connection restablished
2025-08-02 16:57:11,749 [INFO] WebApp:194 - Connection lost
2025-08-02 16:57:11,911 [INFO] WebApp:191 - Connection restablished
2025-08-02 16:57:14,872 [INFO] WebApp:194 - Connection lost
2025-08-02 16:57:15,057 [INFO] WebApp:191 - Connection restablished
2025-08-02 16:58:59,785 [INFO] WebApp:194 - Connection lost
2025-08-02 16:59:00,027 [INFO] WebApp:191 - Connection restablished
2025-08-02 20:17:42,021 [INFO] WebApp:194 - Connection lost
2025-08-02 20:17:42,317 [INFO] WebApp:191 - Connection restablished
2025-08-02 20:17:42,496 [INFO] WebApp:194 - Connection lost
2025-08-02 20:17:42,688 [INFO] WebApp:191 - Connection restablished
2025-08-02 20:17:43,502 [INFO] WebApp:194 - Connection lost
2025-08-02 20:17:43,785 [INFO] WebApp:191 - Connection restablished
2025-08-02 20:17:45,774 [INFO] WebApp:194 - Connection lost
2025-08-02 20:17:46,023 [INFO] WebApp:191 - Connection restablished
2025-08-02 20:17:48,265 [INFO] WebApp:194 - Connection lost
2025-08-02 20:17:48,437 [INFO] WebApp:191 - Connection restablished
2025-08-02 20:19:33,327 [INFO] WebApp:194 - Connection lost
2025-08-02 20:19:33,568 [INFO] WebApp:191 - Connection restablished
