2025-08-09 09:23:40,166 [INFO] Activator:176 - 


2025-08-09 09:23:40,171 [INFO] Activator:177 - !SESSION log4j initialized
2025-08-09 09:23:50,648 [INFO] LogOutputStream:77 - [STDOUT_REDIRECT] 
2025-08-09 09:23:52,492 [INFO] ApplicationProperties:184 - Using Application install path: C:\ST\STM32CubeIDE_1.19.0\STM32CubeIDE\plugins\com.st.stm32cube.common.mx_6.15.0.202507011659
2025-08-09 09:23:52,516 [INFO] DbMcusXml:78 - Set database path to: C:\ST\STM32CubeIDE_1.19.0\STM32CubeIDE\plugins\com.st.stm32cube.common.mx_6.15.0.202507011659\\db\/mcu/
2025-08-09 09:23:52,516 [INFO] ApiDb:274 - Set plugin database path to: C:\ST\STM32CubeIDE_1.19.0\STM32CubeIDE\plugins\com.st.stm32cube.common.mx_6.15.0.202507011659\\db\/plugins/boardmanager/
2025-08-09 09:23:52,517 [WARN] ApiDb:259 - Overriding images path with different value:  => C:\ST\STM32CubeIDE_1.19.0\STM32CubeIDE\plugins\com.st.stm32cube.common.mx_6.15.0.202507011659\\db\/plugins/mcufinder/images/
2025-08-09 09:23:52,527 [INFO] ApiDb:250 - Set database path to: C:\Users\kadir\.stmcufinder\plugins\mcufinder//mcu/
2025-08-09 09:23:52,529 [INFO] DbMcusAds:125 - Set database path to: C:\Users\kadir\.stmcufinder\plugins\mcufinder//mcu/
2025-08-09 09:23:52,531 [INFO] CrossReferenceDbSqlite:203 - Set database path to: C:\Users\kadir\.stmcufinder\plugins\mcufinder//mcu/cs/
2025-08-09 09:23:52,791 [INFO] RulesReader:64 - Compatibility file has been processed (317 Rules)
2025-08-09 09:23:52,913 [INFO] DbMcusXml:78 - Set database path to: C:\ST\STM32CubeIDE_1.19.0\STM32CubeIDE\plugins\com.st.stm32cube.common.mx_6.15.0.202507011659\\db\/mcu/
2025-08-09 09:23:52,914 [INFO] ApiDb:274 - Set plugin database path to: C:\ST\STM32CubeIDE_1.19.0\STM32CubeIDE\plugins\com.st.stm32cube.common.mx_6.15.0.202507011659\\db\/plugins/boardmanager/
2025-08-09 09:23:52,915 [INFO] ApiDb:261 - Set plugin images path to: C:\ST\STM32CubeIDE_1.19.0\STM32CubeIDE\plugins\com.st.stm32cube.common.mx_6.15.0.202507011659\\db\/plugins/mcufinder/images/
2025-08-09 09:23:52,916 [WARN] DbFile:41 - Overriding database path with different value: C:\Users\kadir\.stmcufinder\plugins\mcufinder/ => C:\Users\kadir\.stmcufinder\plugins\mcufinder
2025-08-09 09:23:52,917 [INFO] ApiDb:250 - Set database path to: C:\Users\kadir\.stmcufinder\plugins\mcufinder//mcu/
2025-08-09 09:23:52,917 [WARN] DbFile:41 - Overriding database path with different value: C:\Users\kadir\.stmcufinder\plugins\mcufinder/ => C:\Users\kadir\.stmcufinder\plugins\mcufinder
2025-08-09 09:23:52,917 [INFO] DbMcusAds:125 - Set database path to: C:\Users\kadir\.stmcufinder\plugins\mcufinder//mcu/
2025-08-09 09:23:52,917 [WARN] DbFile:41 - Overriding database path with different value: C:\Users\kadir\.stmcufinder\plugins\mcufinder/ => C:\Users\kadir\.stmcufinder\plugins\mcufinder
2025-08-09 09:23:52,918 [WARN] DbFile:41 - Overriding database path with different value: C:\Users\kadir\.stmcufinder\plugins\mcufinder/ => C:\Users\kadir\.stmcufinder\plugins\mcufinder
2025-08-09 09:23:52,918 [INFO] CrossReferenceDbSqlite:203 - Set database path to: C:\Users\kadir\.stmcufinder\plugins\mcufinder//mcu/cs/
2025-08-09 09:23:53,023 [INFO] MainPanel:274 - HeapMemory: 268435456
2025-08-09 09:23:53,167 [INFO] DbMcusXml:78 - Set database path to: C:\ST\STM32CubeIDE_1.19.0\STM32CubeIDE\plugins\com.st.stm32cube.common.mx_6.15.0.202507011659\\db\/mcu/
2025-08-09 09:23:53,167 [INFO] ApiDb:274 - Set plugin database path to: C:\ST\STM32CubeIDE_1.19.0\STM32CubeIDE\plugins\com.st.stm32cube.common.mx_6.15.0.202507011659\\db\/plugins/boardmanager/
2025-08-09 09:23:53,167 [INFO] ApiDb:261 - Set plugin images path to: C:\ST\STM32CubeIDE_1.19.0\STM32CubeIDE\plugins\com.st.stm32cube.common.mx_6.15.0.202507011659\\db\/plugins/mcufinder/images/
2025-08-09 09:23:53,168 [WARN] DbFile:41 - Overriding database path with different value: C:\Users\kadir\.stmcufinder\plugins\mcufinder/ => C:\Users\kadir\.stmcufinder\plugins\mcufinder
2025-08-09 09:23:53,168 [INFO] ApiDb:250 - Set database path to: C:\Users\kadir\.stmcufinder\plugins\mcufinder//mcu/
2025-08-09 09:23:53,168 [WARN] DbFile:41 - Overriding database path with different value: C:\Users\kadir\.stmcufinder\plugins\mcufinder/ => C:\Users\kadir\.stmcufinder\plugins\mcufinder
2025-08-09 09:23:53,208 [INFO] DbMcusAds:125 - Set database path to: C:\Users\kadir\.stmcufinder\plugins\mcufinder//mcu/
2025-08-09 09:23:53,209 [WARN] DbFile:41 - Overriding database path with different value: C:\Users\kadir\.stmcufinder\plugins\mcufinder/ => C:\Users\kadir\.stmcufinder\plugins\mcufinder
2025-08-09 09:23:53,209 [WARN] DbFile:41 - Overriding database path with different value: C:\Users\kadir\.stmcufinder\plugins\mcufinder/ => C:\Users\kadir\.stmcufinder\plugins\mcufinder
2025-08-09 09:23:53,209 [INFO] CrossReferenceDbSqlite:203 - Set database path to: C:\Users\kadir\.stmcufinder\plugins\mcufinder//mcu/cs/
2025-08-09 09:23:53,256 [INFO] ApplicationProperties:184 - Using Application install path: C:\ST\STM32CubeIDE_1.19.0\STM32CubeIDE\plugins\com.st.stm32cube.common.mx_6.15.0.202507011659
2025-08-09 09:23:53,260 [INFO] PluginManage:196 - Search for loadable plugins [exclusion list=, ]
2025-08-09 09:23:53,265 [INFO] PluginManage:310 - Check plugin analytics
2025-08-09 09:23:53,548 [INFO] AnalyticsPlugin:253 - Accepted Software Licenses: STM32CubeMX.6.15.0
2025-08-09 09:23:53,548 [INFO] AnalyticsPlugin:255 - Accepted CMSIS Pack Licenses: 
2025-08-09 09:23:53,548 [INFO] AnalyticsPlugin:257 - Accepted Firmware Licenses: 
2025-08-09 09:23:53,553 [INFO] PluginManage:359 - Loaded plugin analytics (category:tool,tabindex:-1)
2025-08-09 09:23:53,554 [INFO] PluginManage:310 - Check plugin cadmodel
2025-08-09 09:23:53,562 [INFO] CADModel:105 - Init CAD model plugin
2025-08-09 09:23:53,562 [INFO] PluginManage:359 - Loaded plugin cadmodel (category:power,tabindex:5)
2025-08-09 09:23:53,563 [INFO] PluginManage:310 - Check plugin clock
2025-08-09 09:23:53,575 [INFO] PluginManage:359 - Loaded plugin clock (category:base,tabindex:2)
2025-08-09 09:23:53,576 [INFO] PluginManage:310 - Check plugin ddr
2025-08-09 09:23:53,579 [INFO] PluginManage:359 - Loaded plugin ddr (category:tool,tabindex:6)
2025-08-09 09:23:53,579 [INFO] PluginManage:310 - Check plugin filemanager
2025-08-09 09:23:53,794 [INFO] PluginManage:359 - Loaded plugin filemanager (category:base,tabindex:10)
2025-08-09 09:23:53,795 [INFO] PluginManage:310 - Check plugin ipmanager
2025-08-09 09:23:53,806 [INFO] PluginManage:359 - Loaded plugin ipmanager (category:base,tabindex:5)
2025-08-09 09:23:53,806 [INFO] PluginManage:310 - Check plugin lpbam
2025-08-09 09:23:53,826 [INFO] PluginManage:359 - Loaded plugin lpbam (category:base,tabindex:0)
2025-08-09 09:23:53,826 [INFO] PluginManage:310 - Check plugin memorymap
2025-08-09 09:23:53,849 [INFO] PluginManage:359 - Loaded plugin memorymap (category:base,tabindex:4)
2025-08-09 09:23:53,850 [INFO] PluginManage:310 - Check plugin pinoutandconfiguration
2025-08-09 09:23:53,865 [INFO] PluginManage:359 - Loaded plugin pinoutandconfiguration (category:base,tabindex:1)
2025-08-09 09:23:53,865 [INFO] PluginManage:310 - Check plugin pinoutconfig
2025-08-09 09:23:54,019 [WARN] SupportedApi:132 - Cannot load RTOS API schema: s4s-elt-must-match.1: The content of 'definitions' must match (annotation?, (simpleType | complexType)?, (unique | key | keyref)*)). A problem was found starting at: attribute.
2025-08-09 09:23:54,287 [INFO] PluginManage:359 - Loaded plugin pinoutconfig (category:base,tabindex:0)
2025-08-09 09:23:54,288 [INFO] PluginManage:310 - Check plugin power
2025-08-09 09:23:54,316 [INFO] PluginManage:359 - Loaded plugin power (category:power,tabindex:4)
2025-08-09 09:23:54,317 [INFO] PluginManage:310 - Check plugin projectmanager
2025-08-09 09:23:54,359 [INFO] PluginManage:359 - Loaded plugin projectmanager (category:projectmanager,tabindex:4)
2025-08-09 09:23:54,359 [INFO] PluginManage:310 - Check plugin rif
2025-08-09 09:23:54,378 [INFO] PluginManage:359 - Loaded plugin rif (category:base,tabindex:3)
2025-08-09 09:23:54,379 [INFO] PluginManage:310 - Check plugin thirdparty
2025-08-09 09:23:54,567 [INFO] PluginManage:359 - Loaded plugin thirdparty (category:base,tabindex:-1)
2025-08-09 09:23:54,567 [WARN] IntegrityCheckThread:84 - waiting for thirdparty lock release [integrity check]
2025-08-09 09:23:54,568 [INFO] PluginManage:310 - Check plugin tools
2025-08-09 09:23:54,568 [INFO] IntegrityCheckThread:86 - entering critical section [integrity check]
2025-08-09 09:23:54,568 [INFO] ThirdPartyUpdaterWithRetryManager:70 - Updater plugin not ready yet. [1/15]
2025-08-09 09:23:54,570 [INFO] PluginManage:359 - Loaded plugin tools (category:base,tabindex:7)
2025-08-09 09:23:54,570 [INFO] PluginManage:310 - Check plugin tutovideos
2025-08-09 09:23:54,846 [INFO] PluginManage:359 - Loaded plugin tutovideos (category:base,tabindex:-1)
2025-08-09 09:23:54,846 [INFO] PluginManage:310 - Check plugin updater
2025-08-09 09:23:54,866 [INFO] PluginManage:359 - Loaded plugin updater (category:base,tabindex:12)
2025-08-09 09:23:54,866 [INFO] PluginManage:310 - Check plugin userauth
2025-08-09 09:23:54,870 [INFO] UserAuth:118 - Init User Auth plugin
2025-08-09 09:23:54,871 [INFO] PluginManage:359 - Loaded plugin userauth (category:base,tabindex:14)
2025-08-09 09:23:54,871 [INFO] PluginManage:283 - PluginManage : Loaded plugins [18]
2025-08-09 09:23:55,071 [INFO] PinOutPanel:1589 - setPackage(No Configuration,No Configuration)
2025-08-09 09:23:55,177 [INFO] CADModel:165 - CPN selected for project level
2025-08-09 09:23:55,177 [INFO] CADModel:114 - Register for checkConnection events
2025-08-09 09:23:55,197 [INFO] IPUIPlugin:80 - create IPUIPlugin
2025-08-09 09:23:55,197 [INFO] PluginManager:220 - loadIPPluginJar : add adc
2025-08-09 09:23:55,201 [INFO] IPUIPlugin:80 - create IPUIPlugin
2025-08-09 09:23:55,201 [INFO] PluginManager:220 - loadIPPluginJar : add aes
2025-08-09 09:23:55,205 [INFO] IPUIPlugin:80 - create IPUIPlugin
2025-08-09 09:23:55,206 [INFO] PluginManager:220 - loadIPPluginJar : add can
2025-08-09 09:23:55,208 [INFO] IPUIPlugin:80 - create IPUIPlugin
2025-08-09 09:23:55,208 [INFO] PluginManager:220 - loadIPPluginJar : add comp
2025-08-09 09:23:55,211 [INFO] IPUIPlugin:80 - create IPUIPlugin
2025-08-09 09:23:55,212 [INFO] PluginManager:220 - loadIPPluginJar : add cryp
2025-08-09 09:23:55,215 [INFO] IPUIPlugin:80 - create IPUIPlugin
2025-08-09 09:23:55,215 [INFO] PluginManager:220 - loadIPPluginJar : add ddr_ctrl_phy
2025-08-09 09:23:55,217 [INFO] IPUIPlugin:80 - create IPUIPlugin
2025-08-09 09:23:55,217 [INFO] PluginManager:220 - loadIPPluginJar : add dfsdm
2025-08-09 09:23:55,223 [INFO] IPUIPlugin:80 - create IPUIPlugin
2025-08-09 09:23:55,223 [INFO] PluginManager:220 - loadIPPluginJar : add dma
2025-08-09 09:23:55,227 [INFO] IPUIPlugin:80 - create IPUIPlugin
2025-08-09 09:23:55,228 [INFO] PluginManager:220 - loadIPPluginJar : add dma3
2025-08-09 09:23:55,230 [INFO] IPUIPlugin:80 - create IPUIPlugin
2025-08-09 09:23:55,230 [INFO] PluginManager:220 - loadIPPluginJar : add extmemmanager
2025-08-09 09:23:55,231 [INFO] IPUIPlugin:80 - create IPUIPlugin
2025-08-09 09:23:55,231 [INFO] PluginManager:220 - loadIPPluginJar : add fatfs
2025-08-09 09:23:55,236 [INFO] IPUIPlugin:80 - create IPUIPlugin
2025-08-09 09:23:55,236 [INFO] PluginManager:220 - loadIPPluginJar : add fmc
2025-08-09 09:23:55,242 [INFO] IPUIPlugin:80 - create IPUIPlugin
2025-08-09 09:23:55,242 [INFO] PluginManager:220 - loadIPPluginJar : add freertos
2025-08-09 09:23:55,244 [INFO] IPUIPlugin:80 - create IPUIPlugin
2025-08-09 09:23:55,244 [INFO] PluginManager:220 - loadIPPluginJar : add genericplugin
2025-08-09 09:23:55,246 [INFO] IPUIPlugin:80 - create IPUIPlugin
2025-08-09 09:23:55,246 [INFO] PluginManager:220 - loadIPPluginJar : add gfxmmu
2025-08-09 09:23:55,252 [INFO] IPUIPlugin:80 - create IPUIPlugin
2025-08-09 09:23:55,252 [INFO] PluginManager:220 - loadIPPluginJar : add gic
2025-08-09 09:23:55,262 [INFO] IPUIPlugin:80 - create IPUIPlugin
2025-08-09 09:23:55,262 [INFO] PluginManager:220 - loadIPPluginJar : add gpio
2025-08-09 09:23:55,265 [INFO] IPUIPlugin:80 - create IPUIPlugin
2025-08-09 09:23:55,265 [INFO] PluginManager:220 - loadIPPluginJar : add gtzc
2025-08-09 09:23:55,269 [INFO] IPUIPlugin:80 - create IPUIPlugin
2025-08-09 09:23:55,269 [INFO] PluginManager:220 - loadIPPluginJar : add hash
2025-08-09 09:23:55,274 [INFO] IPUIPlugin:80 - create IPUIPlugin
2025-08-09 09:23:55,275 [INFO] PluginManager:220 - loadIPPluginJar : add i2c
2025-08-09 09:23:55,279 [INFO] IPUIPlugin:80 - create IPUIPlugin
2025-08-09 09:23:55,279 [INFO] PluginManager:220 - loadIPPluginJar : add i2s
2025-08-09 09:23:55,284 [INFO] IPUIPlugin:80 - create IPUIPlugin
2025-08-09 09:23:55,284 [INFO] PluginManager:220 - loadIPPluginJar : add i3c
2025-08-09 09:23:55,288 [INFO] IPUIPlugin:80 - create IPUIPlugin
2025-08-09 09:23:55,289 [INFO] PluginManager:220 - loadIPPluginJar : add ipddr
2025-08-09 09:23:55,295 [INFO] IPUIPlugin:80 - create IPUIPlugin
2025-08-09 09:23:55,295 [INFO] PluginManager:220 - loadIPPluginJar : add linkedlist
2025-08-09 09:23:55,298 [INFO] IPUIPlugin:80 - create IPUIPlugin
2025-08-09 09:23:55,298 [INFO] PluginManager:220 - loadIPPluginJar : add lorawan
2025-08-09 09:23:55,300 [INFO] IPUIPlugin:80 - create IPUIPlugin
2025-08-09 09:23:55,300 [INFO] PluginManager:220 - loadIPPluginJar : add ltdc
2025-08-09 09:23:55,305 [INFO] IPUIPlugin:80 - create IPUIPlugin
2025-08-09 09:23:55,305 [INFO] PluginManager:220 - loadIPPluginJar : add mdma
2025-08-09 09:23:55,308 [INFO] IPUIPlugin:80 - create IPUIPlugin
2025-08-09 09:23:55,308 [INFO] PluginManager:220 - loadIPPluginJar : add nvic
2025-08-09 09:23:55,311 [INFO] IPUIPlugin:80 - create IPUIPlugin
2025-08-09 09:23:55,311 [INFO] PluginManager:220 - loadIPPluginJar : add opamp
2025-08-09 09:23:55,313 [INFO] IPUIPlugin:80 - create IPUIPlugin
2025-08-09 09:23:55,313 [INFO] PluginManager:220 - loadIPPluginJar : add openamp
2025-08-09 09:23:55,315 [INFO] IPUIPlugin:80 - create IPUIPlugin
2025-08-09 09:23:55,315 [INFO] PluginManager:220 - loadIPPluginJar : add pdm2pcm
2025-08-09 09:23:55,322 [INFO] IPUIPlugin:80 - create IPUIPlugin
2025-08-09 09:23:55,325 [INFO] PluginManager:220 - loadIPPluginJar : add plateformsettings
2025-08-09 09:23:55,326 [INFO] IPUIPlugin:80 - create IPUIPlugin
2025-08-09 09:23:55,326 [INFO] PluginManager:220 - loadIPPluginJar : add quadspi
2025-08-09 09:23:55,328 [INFO] IPUIPlugin:80 - create IPUIPlugin
2025-08-09 09:23:55,328 [INFO] PluginManager:220 - loadIPPluginJar : add radio
2025-08-09 09:23:55,331 [INFO] IPUIPlugin:80 - create IPUIPlugin
2025-08-09 09:23:55,331 [INFO] PluginManager:220 - loadIPPluginJar : add resmgrutility
2025-08-09 09:23:55,336 [INFO] IPUIPlugin:80 - create IPUIPlugin
2025-08-09 09:23:55,336 [INFO] PluginManager:220 - loadIPPluginJar : add sai
2025-08-09 09:23:55,339 [INFO] IPUIPlugin:80 - create IPUIPlugin
2025-08-09 09:23:55,339 [INFO] PluginManager:220 - loadIPPluginJar : add spi
2025-08-09 09:23:55,344 [INFO] IPUIPlugin:80 - create IPUIPlugin
2025-08-09 09:23:55,344 [INFO] PluginManager:220 - loadIPPluginJar : add stm32_wpan
2025-08-09 09:23:55,346 [INFO] IPUIPlugin:80 - create IPUIPlugin
2025-08-09 09:23:55,346 [INFO] PluginManager:220 - loadIPPluginJar : add tim
2025-08-09 09:23:55,349 [INFO] IPUIPlugin:80 - create IPUIPlugin
2025-08-09 09:23:55,349 [INFO] PluginManager:220 - loadIPPluginJar : add touchsensing
2025-08-09 09:23:55,351 [INFO] IPUIPlugin:80 - create IPUIPlugin
2025-08-09 09:23:55,351 [INFO] PluginManager:220 - loadIPPluginJar : add tracer_emb
2025-08-09 09:23:55,352 [INFO] IPUIPlugin:80 - create IPUIPlugin
2025-08-09 09:23:55,352 [INFO] PluginManager:220 - loadIPPluginJar : add ts
2025-08-09 09:23:55,353 [INFO] IPUIPlugin:80 - create IPUIPlugin
2025-08-09 09:23:55,353 [INFO] PluginManager:220 - loadIPPluginJar : add tsc
2025-08-09 09:23:55,355 [INFO] IPUIPlugin:80 - create IPUIPlugin
2025-08-09 09:23:55,355 [INFO] PluginManager:220 - loadIPPluginJar : add ucpd
2025-08-09 09:23:55,356 [INFO] IPUIPlugin:80 - create IPUIPlugin
2025-08-09 09:23:55,357 [INFO] PluginManager:220 - loadIPPluginJar : add usart
2025-08-09 09:23:55,359 [INFO] IPUIPlugin:80 - create IPUIPlugin
2025-08-09 09:23:55,359 [INFO] PluginManager:220 - loadIPPluginJar : add usbx
2025-08-09 09:23:55,472 [FATAL] Updater:351 - Updater called before beeing initialized
2025-08-09 09:23:55,601 [INFO] RulesReader:64 - Compatibility file has been processed (317 Rules)
2025-08-09 09:23:55,679 [INFO] RulesReader:64 - Compatibility file has been processed (317 Rules)
2025-08-09 09:23:55,695 [INFO] CADModel:165 - CPN selected for project level
2025-08-09 09:23:55,695 [INFO] CADModel:114 - Register for checkConnection events
2025-08-09 09:23:55,695 [FATAL] Updater:351 - Updater called before beeing initialized
2025-08-09 09:23:55,695 [ERROR] CADModel:125 - Updater not yet initialized, retry later 
2025-08-09 09:23:55,908 [FATAL] Updater:351 - Updater called before beeing initialized
2025-08-09 09:23:55,910 [INFO] CADModel:165 - CPN selected for project level
2025-08-09 09:23:55,910 [INFO] CADModel:114 - Register for checkConnection events
2025-08-09 09:23:55,911 [FATAL] Updater:351 - Updater called before beeing initialized
2025-08-09 09:23:55,911 [ERROR] CADModel:125 - Updater not yet initialized, retry later 
2025-08-09 09:23:55,914 [FATAL] Updater:351 - Updater called before beeing initialized
2025-08-09 09:23:56,034 [FATAL] Updater:351 - Updater called before beeing initialized
2025-08-09 09:23:56,036 [INFO] DbMcusAds:53 - JSON generation date=Tue Jul 08 11:14:23 TRT 2025 (1751962463562)
2025-08-09 09:23:56,037 [FATAL] Updater:351 - Updater called before beeing initialized
2025-08-09 09:23:56,071 [WARN] DetailPanel:346 - Failed to get advertising image, set to default
2025-08-09 09:23:56,143 [FATAL] Updater:351 - Updater called before beeing initialized
2025-08-09 09:23:56,145 [FATAL] Updater:351 - Updater called before beeing initialized
2025-08-09 09:23:56,145 [FATAL] Updater:351 - Updater called before beeing initialized
2025-08-09 09:23:56,145 [WARN] DetailPanel:346 - Failed to get advertising image, set to default
2025-08-09 09:23:56,146 [FATAL] Updater:351 - Updater called before beeing initialized
2025-08-09 09:23:56,199 [ERROR] Updater:1198 - MainUpdater not yet initialized. External WinMGr cannot be set.
2025-08-09 09:23:56,201 [INFO] Updater:1134 - Updater Version found : 6.15.0
2025-08-09 09:23:56,219 [INFO] ApplicationProperties:184 - Using Application install path: C:\ST\STM32CubeIDE_1.19.0\STM32CubeIDE\plugins\com.st.stm32cube.common.mx_6.15.0.202507011659
2025-08-09 09:23:57,571 [INFO] ThirdPartyUpdaterWithRetryManager:70 - Updater plugin not ready yet. [2/15]
2025-08-09 09:23:57,829 [ERROR] LogOutputStream:75 - [STDERR_REDIRECT] Aug 09, 2025 9:23:57 AM java.util.prefs.WindowsPreferences <init>
2025-08-09 09:23:57,833 [ERROR] LogOutputStream:75 - [STDERR_REDIRECT] WARNING: Could not open/create prefs root node Software\JavaSoft\Prefs at root 0xffffffff80000002. Windows RegCreateKeyEx(...) returned error code 5.
2025-08-09 09:23:57,835 [ERROR] LogOutputStream:75 - [STDERR_REDIRECT] 
2025-08-09 09:23:58,754 [INFO] MainUpdater:2872 - connection check result : 10
2025-08-09 09:23:58,755 [INFO] MainUpdater:289 - Updater Check For Update Now.
2025-08-09 09:23:58,756 [INFO] MicroXplorer:498 - Change Database Version : DB.6.0.150
2025-08-09 09:23:58,772 [INFO] McuFinderGlobals:63 - Set McuFinder mode to 2 (CubeIDE integrated)
2025-08-09 09:23:58,774 [INFO] UserAuth:171 - activating auth plugin
2025-08-09 09:23:58,795 [INFO] UserAuth:487 - Internet connection configuration mode: 1
2025-08-09 09:23:58,925 [INFO] JxBrowserEngine:152 - Initiate JxBrowser Engine with user profile folder
2025-08-09 09:23:59,037 [INFO] CheckServerUpdateThread:120 - End of CheckServer Thread
2025-08-09 09:24:00,134 [INFO] WebApp:169 - Instantiating new browser for Auth
2025-08-09 09:24:00,825 [WARN] PackLoader:240 - Cannot read IP mode file for STMicroelectronics.FP-SNS-MOTENVWB1.1.4.0
2025-08-09 09:24:00,825 [WARN] PackLoader:240 - Cannot read IP mode file for STMicroelectronics.FP-ATR-ASTRA1.2.0.2
2025-08-09 09:24:00,840 [WARN] PackLoader:240 - Cannot read IP mode file for STMicroelectronics.X-CUBE-SMBUS.2.1.0
2025-08-09 09:24:00,840 [WARN] PackLoader:240 - Cannot read IP mode file for STMicroelectronics.X-CUBE-ST60.1.0.0
2025-08-09 09:24:00,887 [WARN] PackLoader:240 - Cannot read IP mode file for STMicroelectronics.X-CUBE-AZRTOS-F7.1.1.0
2025-08-09 09:24:00,903 [WARN] PackLoader:240 - Cannot read IP mode file for Infineon.AIROC-Wi-Fi-Bluetooth-STM32.1.7.1
2025-08-09 09:24:00,935 [WARN] PackLoader:240 - Cannot read IP mode file for STMicroelectronics.X-CUBE-AZRTOS-H7.3.4.0
2025-08-09 09:24:00,951 [WARN] PackLoader:240 - Cannot read IP mode file for STMicroelectronics.X-CUBE-DISPLAY.3.0.0
2025-08-09 09:24:00,967 [WARN] PackLoader:240 - Cannot read IP mode file for STMicroelectronics.X-CUBE-NFC10.1.0.0
2025-08-09 09:24:00,967 [WARN] PackLoader:240 - Cannot read IP mode file for STMicroelectronics.X-CUBE-BLEMGR.4.0.0
2025-08-09 09:24:00,983 [WARN] PackLoader:240 - Cannot read IP mode file for emotas.I-CUBE-CANOPEN.1.3.0
2025-08-09 09:24:00,983 [WARN] ConditionMgr:438 - getConditionDescription Invalid condition id : Cortex-A Device cause : null
2025-08-09 09:24:00,998 [WARN] ConditionMgr:1044 - genDependencies : Invalid condition id : Cortex-A Device cause : null
2025-08-09 09:24:00,998 [WARN] ConditionMgr:1044 - genDependencies : Invalid condition id : Cortex-A Device cause : null
2025-08-09 09:24:00,998 [WARN] ConditionMgr:1044 - genDependencies : Invalid condition id : Cortex-A Device cause : null
2025-08-09 09:24:01,014 [WARN] PackLoader:240 - Cannot read IP mode file for STMicroelectronics.FP-SNS-STBOX1.2.1.0
2025-08-09 09:24:01,014 [WARN] PackLoader:240 - Cannot read IP mode file for STMicroelectronics.FP-SNS-SMARTAG2.1.2.0
2025-08-09 09:24:01,014 [WARN] PackLoader:240 - Cannot read IP mode file for STMicroelectronics.FP-SNS-FLIGHT1.5.1.0
2025-08-09 09:24:01,030 [INFO] LogOutputStream:77 - [STDOUT_REDIRECT] 1 : Invalid condition id : UX_CORESTACK_Condition cause : null
2025-08-09 09:24:01,030 [INFO] LogOutputStream:77 - [STDOUT_REDIRECT] 1 : Invalid condition id : UX_CORESTACK_Condition cause : null
2025-08-09 09:24:01,030 [INFO] LogOutputStream:77 - [STDOUT_REDIRECT] 1 : Invalid condition id : UX_CORESTACK_Condition cause : null
2025-08-09 09:24:01,030 [INFO] LogOutputStream:77 - [STDOUT_REDIRECT] 1 : Invalid condition id : UX_CORESTACK_Condition cause : null
2025-08-09 09:24:01,030 [INFO] LogOutputStream:77 - [STDOUT_REDIRECT] 1 : Invalid condition id : UX_CORESTACK_Condition cause : null
2025-08-09 09:24:01,030 [WARN] PackLoader:240 - Cannot read IP mode file for STMicroelectronics.X-CUBE-AZRTOS-WL.2.0.0
2025-08-09 09:24:01,049 [WARN] PackLoader:240 - Cannot read IP mode file for STMicroelectronics.FP-SNS-MOTENV1.5.0.0
2025-08-09 09:24:01,062 [WARN] PackLoader:240 - Cannot read IP mode file for WES.I-CUBE-Cesium.1.3.0
2025-08-09 09:24:01,062 [WARN] PackLoader:240 - Cannot read IP mode file for STMicroelectronics.X-CUBE-BLE2.3.3.0
2025-08-09 09:24:01,062 [WARN] PackLoader:240 - Cannot read IP mode file for STMicroelectronics.X-CUBE-NFC9.1.0.0
2025-08-09 09:24:01,079 [WARN] PackLoader:240 - Cannot read IP mode file for wolfSSL.I-CUBE-wolfSSL.5.8.0
2025-08-09 09:24:01,079 [WARN] PackLoader:240 - Cannot read IP mode file for STMicroelectronics.X-CUBE-BLE1.7.1.0
2025-08-09 09:24:01,079 [WARN] PackLoader:240 - Cannot read IP mode file for wolfSSL.I-CUBE-wolfMQTT.1.19.2
2025-08-09 09:24:01,095 [WARN] PackLoader:240 - Cannot read IP mode file for STMicroelectronics.X-CUBE-EEPRMA1.5.2.0
2025-08-09 09:24:01,095 [WARN] PackLoader:240 - Cannot read IP mode file for STMicroelectronics.X-CUBE-AI.10.1.0
2025-08-09 09:24:01,111 [WARN] PackLoader:240 - Cannot read IP mode file for STMicroelectronics.X-CUBE-AZRTOS-G0.1.1.0
2025-08-09 09:24:01,111 [WARN] PackLoader:240 - Cannot read IP mode file for STMicroelectronics.X-CUBE-SAFEA1.1.2.2
2025-08-09 09:24:01,111 [WARN] PackLoader:240 - Cannot read IP mode file for STMicroelectronics.X-CUBE-NFC4.3.0.0
2025-08-09 09:24:01,127 [WARN] PackLoader:240 - Cannot read IP mode file for EmbeddedOffice.I-CUBE-FS-RTOS.1.0.1
2025-08-09 09:24:01,143 [WARN] PackLoader:240 - Cannot read IP mode file for STMicroelectronics.X-CUBE-WB05N.2.0.0
2025-08-09 09:24:01,143 [WARN] PackLoader:240 - Cannot read IP mode file for wolfSSL.I-CUBE-wolfTPM.3.8.0
2025-08-09 09:24:01,143 [WARN] PackLoader:240 - Cannot read IP mode file for STMicroelectronics.X-CUBE-TCPP.4.2.0
2025-08-09 09:24:01,158 [WARN] PackLoader:240 - Cannot read IP mode file for RealThread.X-CUBE-RT-Thread_Nano.4.1.1
2025-08-09 09:24:01,158 [WARN] PackLoader:240 - Cannot read IP mode file for STMicroelectronics.FP-ATR-SIGFOX1.3.2.0
2025-08-09 09:24:01,158 [WARN] PackLoader:240 - Cannot read IP mode file for ITTIA_DB.I-CUBE-ITTIADB.8.9.0
2025-08-09 09:24:01,174 [WARN] PackLoader:240 - Cannot read IP mode file for STMicroelectronics.X-CUBE-ST67W61.1.0.0
2025-08-09 09:24:01,174 [WARN] PackLoader:240 - Cannot read IP mode file for STMicroelectronics.X-CUBE-AI.10.2.0
2025-08-09 09:24:01,190 [WARN] PackLoader:240 - Cannot read IP mode file for SEGGER.I-CUBE-embOS.1.3.1
2025-08-09 09:24:01,222 [WARN] PackLoader:240 - Cannot read IP mode file for STMicroelectronics.X-CUBE-ALGOBUILD.1.4.0
2025-08-09 09:24:01,253 [WARN] PackLoader:240 - Cannot read IP mode file for STMicroelectronics.X-CUBE-MEMS1.11.3.0
2025-08-09 09:24:01,429 [WARN] PackLoader:240 - Cannot read IP mode file for STMicroelectronics.X-CUBE-PM33A1.1.0.0
2025-08-09 09:24:01,445 [WARN] PackLoader:240 - Cannot read IP mode file for STMicroelectronics.X-CUBE-AZRTOS-F4.1.1.0
2025-08-09 09:24:01,445 [WARN] PackLoader:240 - Cannot read IP mode file for Avnet-IotConnect.X-CUBE-IoTC-DA16k-PMOD.1.0.0
2025-08-09 09:24:01,445 [WARN] PackLoader:240 - Cannot read IP mode file for STMicroelectronics.X-CUBE-ISPU.2.1.0
2025-08-09 09:24:01,460 [WARN] PackLoader:240 - Cannot read IP mode file for STMicroelectronics.X-CUBE-NFC12.1.0.0
2025-08-09 09:24:01,460 [WARN] PackLoader:240 - Cannot read IP mode file for STMicroelectronics.X-CUBE-AZRTOS-L5.2.0.0
2025-08-09 09:24:01,476 [WARN] PackLoader:240 - Cannot read IP mode file for STMicroelectronics.X-CUBE-NFC6.3.1.0
2025-08-09 09:24:01,511 [WARN] PackLoader:240 - Cannot read IP mode file for STMicroelectronics.X-CUBE-FREERTOS.1.3.1
2025-08-09 09:24:01,526 [WARN] PackLoader:240 - Cannot read IP mode file for STMicroelectronics.FP-SNS-STAIOTCFT.1.0.0
2025-08-09 09:24:01,540 [WARN] PackLoader:240 - Cannot read IP mode file for STMicroelectronics.X-CUBE-DPower.1.3.0
2025-08-09 09:24:01,551 [WARN] ConditionMgr:438 - getConditionDescription Invalid condition id : LAN8742 Phy interface Condition cause : null
2025-08-09 09:24:01,551 [WARN] PackLoader:240 - Cannot read IP mode file for STMicroelectronics.X-CUBE-AZRTOS-L4.2.0.0
2025-08-09 09:24:01,551 [WARN] ConditionMgr:1044 - genDependencies : Invalid condition id : LAN8742 Phy interface Condition cause : null
2025-08-09 09:24:01,551 [WARN] ConditionMgr:1044 - genDependencies : Invalid condition id : LAN8742 Phy interface Condition cause : null
2025-08-09 09:24:01,551 [WARN] ConditionMgr:1044 - genDependencies : Invalid condition id : LAN8742 Phy interface Condition cause : null
2025-08-09 09:24:01,559 [WARN] PackLoader:240 - Cannot read IP mode file for STMicroelectronics.X-CUBE-SFXS2LP1.4.0.0
2025-08-09 09:24:01,576 [WARN] PackLoader:240 - Cannot read IP mode file for STMicroelectronics.X-CUBE-BLEMGR.4.1.0
2025-08-09 09:24:01,584 [WARN] ConditionMgr:438 - getConditionDescription Invalid condition id : UX DEVICE CLASS RTOS Condition cause : null
2025-08-09 09:24:01,584 [WARN] ConditionMgr:438 - getConditionDescription Invalid condition id : UX DEVICE CLASS RTOS Condition cause : null
2025-08-09 09:24:01,584 [WARN] PackLoader:240 - Cannot read IP mode file for STMicroelectronics.X-CUBE-AZRTOS-WB.2.0.0
2025-08-09 09:24:01,591 [WARN] ConditionMgr:1044 - genDependencies : Invalid condition id : UX DEVICE CLASS RTOS Condition cause : null
2025-08-09 09:24:01,591 [WARN] ConditionMgr:1044 - genDependencies : Invalid condition id : UX DEVICE CLASS RTOS Condition cause : null
2025-08-09 09:24:01,591 [WARN] ConditionMgr:1044 - genDependencies : Invalid condition id : UX DEVICE CLASS RTOS Condition cause : null
2025-08-09 09:24:01,591 [WARN] ConditionMgr:1044 - genDependencies : Invalid condition id : UX DEVICE CLASS RTOS Condition cause : null
2025-08-09 09:24:01,591 [WARN] ConditionMgr:1044 - genDependencies : Invalid condition id : UX DEVICE CLASS RTOS Condition cause : null
2025-08-09 09:24:01,598 [WARN] PackLoader:240 - Cannot read IP mode file for STMicroelectronics.X-CUBE-GNSS1.7.0.1
2025-08-09 09:24:01,601 [WARN] PackLoader:240 - Cannot read IP mode file for STMicroelectronics.X-CUBE-TOUCHGFX.4.25.0
2025-08-09 09:24:01,609 [WARN] PackLoader:240 - Cannot read IP mode file for STMicroelectronics.FP-SNS-STBOX1.2.0.0
2025-08-09 09:24:01,617 [WARN] PackLoader:240 - Cannot read IP mode file for STMicroelectronics.X-CUBE-SUBG2.5.0.0
2025-08-09 09:24:01,633 [WARN] PackLoader:240 - Cannot read IP mode file for STMicroelectronics.X-CUBE-AZRTOS-H7RS.1.1.0
2025-08-09 09:24:01,649 [WARN] PackLoader:240 - Cannot read IP mode file for Cesanta.I-CUBE-Mongoose.7.13.0
2025-08-09 09:24:01,681 [WARN] PackLoader:240 - Cannot read IP mode file for STMicroelectronics.X-CUBE-AZRTOS-G4.2.0.0
2025-08-09 09:24:01,681 [WARN] PackLoader:240 - Cannot read IP mode file for wolfSSL.I-CUBE-wolfSSH.1.4.20
2025-08-09 09:24:01,681 [WARN] PackLoader:240 - Cannot read IP mode file for STMicroelectronics.X-CUBE-NFC7.2.0.0
2025-08-09 09:24:01,697 [WARN] PackLoader:240 - Cannot read IP mode file for STMicroelectronics.X-CUBE-IPS.3.1.0
2025-08-09 09:24:01,727 [WARN] PackLoader:240 - Cannot read IP mode file for STMicroelectronics.X-CUBE-ALS.1.0.2
2025-08-09 09:24:01,736 [WARN] PackLoader:240 - Cannot read IP mode file for portGmbH.I-Cube-SoM-uGOAL.1.1.0
2025-08-09 09:24:01,747 [WARN] PackLoader:240 - Cannot read IP mode file for STMicroelectronics.X-CUBE-TOF1.3.4.3
2025-08-09 09:24:01,760 [INFO] ThirdParty:978 - Integrity check success = true
2025-08-09 09:24:01,760 [INFO] IntegrityCheckThread:100 - exiting critical section [integrity check]
2025-08-09 09:24:01,760 [INFO] IntegrityCheckThread:103 - End integrity checks thread
2025-08-09 09:24:01,842 [INFO] WebApp:463 - Apply proxy settings
2025-08-09 09:24:01,856 [INFO] WebApp:548 - Chromium requires no authentication
2025-08-09 09:24:01,909 [INFO] WebApp:491 - Direct internet connection detected
2025-08-09 09:24:02,018 [INFO] WebApp:900 - Register for checkConnection events
2025-08-09 09:24:02,018 [INFO] WebApp:463 - Apply proxy settings
2025-08-09 09:24:02,018 [INFO] WebApp:548 - Chromium requires no authentication
2025-08-09 09:24:02,018 [INFO] WebApp:491 - Direct internet connection detected
2025-08-09 09:24:02,222 [INFO] WebApp:225 - Starting web application
2025-08-09 09:24:02,234 [INFO] WebApp:593 - Web application path used C:\ST\STM32CubeIDE_1.19.0\STM32CubeIDE\plugins\com.st.stm32cube.common.mx_6.15.0.202507011659\db\plugins\mcufinder\reactClient1\index.html
2025-08-09 09:24:02,506 [INFO] WebApp:191 - Connection restablished
2025-08-09 10:26:32,649 [ERROR] LogOutputStream:75 - [STDERR_REDIRECT] 
