2025-10-19 14:30:52,152 [INFO] Activator:176 - 


2025-10-19 14:30:52,161 [INFO] Activator:177 - !SESSION log4j initialized
2025-10-19 14:30:59,537 [INFO] LogOutputStream:77 - [STDOUT_REDIRECT] 
2025-10-19 14:31:01,938 [INFO] ApplicationProperties:184 - Using Application install path: C:\ST\STM32CubeIDE_1.19.0\STM32CubeIDE\plugins\com.st.stm32cube.common.mx_6.15.0.202507011659
2025-10-19 14:31:01,975 [INFO] DbMcusXml:78 - Set database path to: C:\ST\STM32CubeIDE_1.19.0\STM32CubeIDE\plugins\com.st.stm32cube.common.mx_6.15.0.202507011659\\db\/mcu/
2025-10-19 14:31:01,975 [INFO] ApiDb:274 - Set plugin database path to: C:\ST\STM32CubeIDE_1.19.0\STM32CubeIDE\plugins\com.st.stm32cube.common.mx_6.15.0.202507011659\\db\/plugins/boardmanager/
2025-10-19 14:31:01,976 [WARN] ApiDb:259 - Overriding images path with different value:  => C:\ST\STM32CubeIDE_1.19.0\STM32CubeIDE\plugins\com.st.stm32cube.common.mx_6.15.0.202507011659\\db\/plugins/mcufinder/images/
2025-10-19 14:31:01,992 [INFO] ApiDb:250 - Set database path to: C:\Users\kadir\.stmcufinder\plugins\mcufinder//mcu/
2025-10-19 14:31:01,995 [INFO] DbMcusAds:125 - Set database path to: C:\Users\kadir\.stmcufinder\plugins\mcufinder//mcu/
2025-10-19 14:31:01,999 [INFO] CrossReferenceDbSqlite:203 - Set database path to: C:\Users\kadir\.stmcufinder\plugins\mcufinder//mcu/cs/
2025-10-19 14:31:02,274 [INFO] RulesReader:64 - Compatibility file has been processed (317 Rules)
2025-10-19 14:31:02,611 [INFO] DbMcusXml:78 - Set database path to: C:\ST\STM32CubeIDE_1.19.0\STM32CubeIDE\plugins\com.st.stm32cube.common.mx_6.15.0.202507011659\\db\/mcu/
2025-10-19 14:31:02,611 [INFO] ApiDb:274 - Set plugin database path to: C:\ST\STM32CubeIDE_1.19.0\STM32CubeIDE\plugins\com.st.stm32cube.common.mx_6.15.0.202507011659\\db\/plugins/boardmanager/
2025-10-19 14:31:02,611 [INFO] ApiDb:261 - Set plugin images path to: C:\ST\STM32CubeIDE_1.19.0\STM32CubeIDE\plugins\com.st.stm32cube.common.mx_6.15.0.202507011659\\db\/plugins/mcufinder/images/
2025-10-19 14:31:02,612 [WARN] DbFile:41 - Overriding database path with different value: C:\Users\kadir\.stmcufinder\plugins\mcufinder/ => C:\Users\kadir\.stmcufinder\plugins\mcufinder
2025-10-19 14:31:02,612 [INFO] ApiDb:250 - Set database path to: C:\Users\kadir\.stmcufinder\plugins\mcufinder//mcu/
2025-10-19 14:31:02,613 [WARN] DbFile:41 - Overriding database path with different value: C:\Users\kadir\.stmcufinder\plugins\mcufinder/ => C:\Users\kadir\.stmcufinder\plugins\mcufinder
2025-10-19 14:31:02,613 [INFO] DbMcusAds:125 - Set database path to: C:\Users\kadir\.stmcufinder\plugins\mcufinder//mcu/
2025-10-19 14:31:02,613 [WARN] DbFile:41 - Overriding database path with different value: C:\Users\kadir\.stmcufinder\plugins\mcufinder/ => C:\Users\kadir\.stmcufinder\plugins\mcufinder
2025-10-19 14:31:02,613 [WARN] DbFile:41 - Overriding database path with different value: C:\Users\kadir\.stmcufinder\plugins\mcufinder/ => C:\Users\kadir\.stmcufinder\plugins\mcufinder
2025-10-19 14:31:02,613 [INFO] CrossReferenceDbSqlite:203 - Set database path to: C:\Users\kadir\.stmcufinder\plugins\mcufinder//mcu/cs/
2025-10-19 14:31:02,804 [INFO] MainPanel:274 - HeapMemory: 268435456
2025-10-19 14:31:03,081 [INFO] DbMcusXml:78 - Set database path to: C:\ST\STM32CubeIDE_1.19.0\STM32CubeIDE\plugins\com.st.stm32cube.common.mx_6.15.0.202507011659\\db\/mcu/
2025-10-19 14:31:03,081 [INFO] ApiDb:274 - Set plugin database path to: C:\ST\STM32CubeIDE_1.19.0\STM32CubeIDE\plugins\com.st.stm32cube.common.mx_6.15.0.202507011659\\db\/plugins/boardmanager/
2025-10-19 14:31:03,081 [INFO] ApiDb:261 - Set plugin images path to: C:\ST\STM32CubeIDE_1.19.0\STM32CubeIDE\plugins\com.st.stm32cube.common.mx_6.15.0.202507011659\\db\/plugins/mcufinder/images/
2025-10-19 14:31:03,082 [WARN] DbFile:41 - Overriding database path with different value: C:\Users\kadir\.stmcufinder\plugins\mcufinder/ => C:\Users\kadir\.stmcufinder\plugins\mcufinder
2025-10-19 14:31:03,082 [INFO] ApiDb:250 - Set database path to: C:\Users\kadir\.stmcufinder\plugins\mcufinder//mcu/
2025-10-19 14:31:03,082 [WARN] DbFile:41 - Overriding database path with different value: C:\Users\kadir\.stmcufinder\plugins\mcufinder/ => C:\Users\kadir\.stmcufinder\plugins\mcufinder
2025-10-19 14:31:03,083 [INFO] DbMcusAds:125 - Set database path to: C:\Users\kadir\.stmcufinder\plugins\mcufinder//mcu/
2025-10-19 14:31:03,083 [WARN] DbFile:41 - Overriding database path with different value: C:\Users\kadir\.stmcufinder\plugins\mcufinder/ => C:\Users\kadir\.stmcufinder\plugins\mcufinder
2025-10-19 14:31:03,084 [WARN] DbFile:41 - Overriding database path with different value: C:\Users\kadir\.stmcufinder\plugins\mcufinder/ => C:\Users\kadir\.stmcufinder\plugins\mcufinder
2025-10-19 14:31:03,084 [INFO] CrossReferenceDbSqlite:203 - Set database path to: C:\Users\kadir\.stmcufinder\plugins\mcufinder//mcu/cs/
2025-10-19 14:31:03,122 [INFO] ApplicationProperties:184 - Using Application install path: C:\ST\STM32CubeIDE_1.19.0\STM32CubeIDE\plugins\com.st.stm32cube.common.mx_6.15.0.202507011659
2025-10-19 14:31:03,125 [INFO] PluginManage:196 - Search for loadable plugins [exclusion list=, ]
2025-10-19 14:31:03,127 [INFO] PluginManage:310 - Check plugin analytics
2025-10-19 14:31:03,779 [INFO] AnalyticsPlugin:253 - Accepted Software Licenses: STM32CubeMX.6.15.0
2025-10-19 14:31:03,779 [INFO] AnalyticsPlugin:255 - Accepted CMSIS Pack Licenses: 
2025-10-19 14:31:03,779 [INFO] AnalyticsPlugin:257 - Accepted Firmware Licenses: 
2025-10-19 14:31:03,790 [INFO] PluginManage:359 - Loaded plugin analytics (category:tool,tabindex:-1)
2025-10-19 14:31:03,792 [INFO] PluginManage:310 - Check plugin cadmodel
2025-10-19 14:31:03,804 [INFO] CADModel:105 - Init CAD model plugin
2025-10-19 14:31:03,805 [INFO] PluginManage:359 - Loaded plugin cadmodel (category:power,tabindex:5)
2025-10-19 14:31:03,805 [INFO] PluginManage:310 - Check plugin clock
2025-10-19 14:31:03,834 [INFO] PluginManage:359 - Loaded plugin clock (category:base,tabindex:2)
2025-10-19 14:31:03,834 [INFO] PluginManage:310 - Check plugin ddr
2025-10-19 14:31:03,843 [INFO] PluginManage:359 - Loaded plugin ddr (category:tool,tabindex:6)
2025-10-19 14:31:03,844 [INFO] PluginManage:310 - Check plugin filemanager
2025-10-19 14:31:04,078 [INFO] PluginManage:359 - Loaded plugin filemanager (category:base,tabindex:10)
2025-10-19 14:31:04,078 [INFO] PluginManage:310 - Check plugin ipmanager
2025-10-19 14:31:04,087 [INFO] PluginManage:359 - Loaded plugin ipmanager (category:base,tabindex:5)
2025-10-19 14:31:04,087 [INFO] PluginManage:310 - Check plugin lpbam
2025-10-19 14:31:04,101 [INFO] PluginManage:359 - Loaded plugin lpbam (category:base,tabindex:0)
2025-10-19 14:31:04,101 [INFO] PluginManage:310 - Check plugin memorymap
2025-10-19 14:31:04,120 [INFO] PluginManage:359 - Loaded plugin memorymap (category:base,tabindex:4)
2025-10-19 14:31:04,120 [INFO] PluginManage:310 - Check plugin pinoutandconfiguration
2025-10-19 14:31:04,133 [INFO] PluginManage:359 - Loaded plugin pinoutandconfiguration (category:base,tabindex:1)
2025-10-19 14:31:04,133 [INFO] PluginManage:310 - Check plugin pinoutconfig
2025-10-19 14:31:04,262 [WARN] SupportedApi:132 - Cannot load RTOS API schema: s4s-elt-must-match.1: The content of 'definitions' must match (annotation?, (simpleType | complexType)?, (unique | key | keyref)*)). A problem was found starting at: attribute.
2025-10-19 14:31:04,640 [INFO] PluginManage:359 - Loaded plugin pinoutconfig (category:base,tabindex:0)
2025-10-19 14:31:04,641 [INFO] PluginManage:310 - Check plugin power
2025-10-19 14:31:04,649 [INFO] PluginManage:359 - Loaded plugin power (category:power,tabindex:4)
2025-10-19 14:31:04,649 [INFO] PluginManage:310 - Check plugin projectmanager
2025-10-19 14:31:04,666 [INFO] PluginManage:359 - Loaded plugin projectmanager (category:projectmanager,tabindex:4)
2025-10-19 14:31:04,666 [INFO] PluginManage:310 - Check plugin rif
2025-10-19 14:31:04,680 [INFO] PluginManage:359 - Loaded plugin rif (category:base,tabindex:3)
2025-10-19 14:31:04,680 [INFO] PluginManage:310 - Check plugin thirdparty
2025-10-19 14:31:04,857 [INFO] PluginManage:359 - Loaded plugin thirdparty (category:base,tabindex:-1)
2025-10-19 14:31:04,858 [INFO] PluginManage:310 - Check plugin tools
2025-10-19 14:31:04,857 [WARN] IntegrityCheckThread:84 - waiting for thirdparty lock release [integrity check]
2025-10-19 14:31:04,858 [INFO] IntegrityCheckThread:86 - entering critical section [integrity check]
2025-10-19 14:31:04,858 [INFO] ThirdPartyUpdaterWithRetryManager:70 - Updater plugin not ready yet. [1/15]
2025-10-19 14:31:04,860 [INFO] PluginManage:359 - Loaded plugin tools (category:base,tabindex:7)
2025-10-19 14:31:04,860 [INFO] PluginManage:310 - Check plugin tutovideos
2025-10-19 14:31:05,131 [INFO] PluginManage:359 - Loaded plugin tutovideos (category:base,tabindex:-1)
2025-10-19 14:31:05,131 [INFO] PluginManage:310 - Check plugin updater
2025-10-19 14:31:05,157 [INFO] PluginManage:359 - Loaded plugin updater (category:base,tabindex:12)
2025-10-19 14:31:05,157 [INFO] PluginManage:310 - Check plugin userauth
2025-10-19 14:31:05,165 [INFO] UserAuth:118 - Init User Auth plugin
2025-10-19 14:31:05,166 [INFO] PluginManage:359 - Loaded plugin userauth (category:base,tabindex:14)
2025-10-19 14:31:05,166 [INFO] PluginManage:283 - PluginManage : Loaded plugins [18]
2025-10-19 14:31:05,428 [INFO] PinOutPanel:1589 - setPackage(No Configuration,No Configuration)
2025-10-19 14:31:05,573 [INFO] CADModel:165 - CPN selected for project level
2025-10-19 14:31:05,573 [INFO] CADModel:114 - Register for checkConnection events
2025-10-19 14:31:05,594 [INFO] IPUIPlugin:80 - create IPUIPlugin
2025-10-19 14:31:05,595 [INFO] PluginManager:220 - loadIPPluginJar : add adc
2025-10-19 14:31:05,598 [INFO] IPUIPlugin:80 - create IPUIPlugin
2025-10-19 14:31:05,598 [INFO] PluginManager:220 - loadIPPluginJar : add aes
2025-10-19 14:31:05,602 [INFO] IPUIPlugin:80 - create IPUIPlugin
2025-10-19 14:31:05,602 [INFO] PluginManager:220 - loadIPPluginJar : add can
2025-10-19 14:31:05,604 [INFO] IPUIPlugin:80 - create IPUIPlugin
2025-10-19 14:31:05,604 [INFO] PluginManager:220 - loadIPPluginJar : add comp
2025-10-19 14:31:05,607 [INFO] IPUIPlugin:80 - create IPUIPlugin
2025-10-19 14:31:05,607 [INFO] PluginManager:220 - loadIPPluginJar : add cryp
2025-10-19 14:31:05,611 [INFO] IPUIPlugin:80 - create IPUIPlugin
2025-10-19 14:31:05,612 [INFO] PluginManager:220 - loadIPPluginJar : add ddr_ctrl_phy
2025-10-19 14:31:05,615 [INFO] IPUIPlugin:80 - create IPUIPlugin
2025-10-19 14:31:05,615 [INFO] PluginManager:220 - loadIPPluginJar : add dfsdm
2025-10-19 14:31:05,623 [INFO] IPUIPlugin:80 - create IPUIPlugin
2025-10-19 14:31:05,624 [INFO] PluginManager:220 - loadIPPluginJar : add dma
2025-10-19 14:31:05,628 [INFO] IPUIPlugin:80 - create IPUIPlugin
2025-10-19 14:31:05,628 [INFO] PluginManager:220 - loadIPPluginJar : add dma3
2025-10-19 14:31:05,632 [INFO] IPUIPlugin:80 - create IPUIPlugin
2025-10-19 14:31:05,632 [INFO] PluginManager:220 - loadIPPluginJar : add extmemmanager
2025-10-19 14:31:05,633 [INFO] IPUIPlugin:80 - create IPUIPlugin
2025-10-19 14:31:05,633 [INFO] PluginManager:220 - loadIPPluginJar : add fatfs
2025-10-19 14:31:05,640 [INFO] IPUIPlugin:80 - create IPUIPlugin
2025-10-19 14:31:05,640 [INFO] PluginManager:220 - loadIPPluginJar : add fmc
2025-10-19 14:31:05,652 [INFO] IPUIPlugin:80 - create IPUIPlugin
2025-10-19 14:31:05,652 [INFO] PluginManager:220 - loadIPPluginJar : add freertos
2025-10-19 14:31:05,654 [INFO] IPUIPlugin:80 - create IPUIPlugin
2025-10-19 14:31:05,654 [INFO] PluginManager:220 - loadIPPluginJar : add genericplugin
2025-10-19 14:31:05,658 [INFO] IPUIPlugin:80 - create IPUIPlugin
2025-10-19 14:31:05,658 [INFO] PluginManager:220 - loadIPPluginJar : add gfxmmu
2025-10-19 14:31:05,664 [INFO] IPUIPlugin:80 - create IPUIPlugin
2025-10-19 14:31:05,664 [INFO] PluginManager:220 - loadIPPluginJar : add gic
2025-10-19 14:31:05,670 [INFO] IPUIPlugin:80 - create IPUIPlugin
2025-10-19 14:31:05,670 [INFO] PluginManager:220 - loadIPPluginJar : add gpio
2025-10-19 14:31:05,673 [INFO] IPUIPlugin:80 - create IPUIPlugin
2025-10-19 14:31:05,673 [INFO] PluginManager:220 - loadIPPluginJar : add gtzc
2025-10-19 14:31:05,675 [INFO] IPUIPlugin:80 - create IPUIPlugin
2025-10-19 14:31:05,675 [INFO] PluginManager:220 - loadIPPluginJar : add hash
2025-10-19 14:31:05,678 [INFO] IPUIPlugin:80 - create IPUIPlugin
2025-10-19 14:31:05,678 [INFO] PluginManager:220 - loadIPPluginJar : add i2c
2025-10-19 14:31:05,680 [INFO] IPUIPlugin:80 - create IPUIPlugin
2025-10-19 14:31:05,680 [INFO] PluginManager:220 - loadIPPluginJar : add i2s
2025-10-19 14:31:05,687 [INFO] IPUIPlugin:80 - create IPUIPlugin
2025-10-19 14:31:05,688 [INFO] PluginManager:220 - loadIPPluginJar : add i3c
2025-10-19 14:31:05,690 [INFO] IPUIPlugin:80 - create IPUIPlugin
2025-10-19 14:31:05,691 [INFO] PluginManager:220 - loadIPPluginJar : add ipddr
2025-10-19 14:31:05,699 [INFO] IPUIPlugin:80 - create IPUIPlugin
2025-10-19 14:31:05,700 [INFO] PluginManager:220 - loadIPPluginJar : add linkedlist
2025-10-19 14:31:05,704 [INFO] IPUIPlugin:80 - create IPUIPlugin
2025-10-19 14:31:05,704 [INFO] PluginManager:220 - loadIPPluginJar : add lorawan
2025-10-19 14:31:05,705 [INFO] IPUIPlugin:80 - create IPUIPlugin
2025-10-19 14:31:05,706 [INFO] PluginManager:220 - loadIPPluginJar : add ltdc
2025-10-19 14:31:05,713 [INFO] IPUIPlugin:80 - create IPUIPlugin
2025-10-19 14:31:05,716 [INFO] PluginManager:220 - loadIPPluginJar : add mdma
2025-10-19 14:31:05,722 [INFO] IPUIPlugin:80 - create IPUIPlugin
2025-10-19 14:31:05,722 [INFO] PluginManager:220 - loadIPPluginJar : add nvic
2025-10-19 14:31:05,726 [INFO] IPUIPlugin:80 - create IPUIPlugin
2025-10-19 14:31:05,726 [INFO] PluginManager:220 - loadIPPluginJar : add opamp
2025-10-19 14:31:05,730 [INFO] IPUIPlugin:80 - create IPUIPlugin
2025-10-19 14:31:05,730 [INFO] PluginManager:220 - loadIPPluginJar : add openamp
2025-10-19 14:31:05,733 [INFO] IPUIPlugin:80 - create IPUIPlugin
2025-10-19 14:31:05,733 [INFO] PluginManager:220 - loadIPPluginJar : add pdm2pcm
2025-10-19 14:31:05,740 [INFO] IPUIPlugin:80 - create IPUIPlugin
2025-10-19 14:31:05,742 [INFO] PluginManager:220 - loadIPPluginJar : add plateformsettings
2025-10-19 14:31:05,745 [INFO] IPUIPlugin:80 - create IPUIPlugin
2025-10-19 14:31:05,745 [INFO] PluginManager:220 - loadIPPluginJar : add quadspi
2025-10-19 14:31:05,747 [INFO] IPUIPlugin:80 - create IPUIPlugin
2025-10-19 14:31:05,747 [INFO] PluginManager:220 - loadIPPluginJar : add radio
2025-10-19 14:31:05,752 [INFO] IPUIPlugin:80 - create IPUIPlugin
2025-10-19 14:31:05,753 [INFO] PluginManager:220 - loadIPPluginJar : add resmgrutility
2025-10-19 14:31:05,756 [INFO] IPUIPlugin:80 - create IPUIPlugin
2025-10-19 14:31:05,756 [INFO] PluginManager:220 - loadIPPluginJar : add sai
2025-10-19 14:31:05,759 [INFO] IPUIPlugin:80 - create IPUIPlugin
2025-10-19 14:31:05,760 [INFO] PluginManager:220 - loadIPPluginJar : add spi
2025-10-19 14:31:05,766 [INFO] IPUIPlugin:80 - create IPUIPlugin
2025-10-19 14:31:05,766 [INFO] PluginManager:220 - loadIPPluginJar : add stm32_wpan
2025-10-19 14:31:05,768 [INFO] IPUIPlugin:80 - create IPUIPlugin
2025-10-19 14:31:05,768 [INFO] PluginManager:220 - loadIPPluginJar : add tim
2025-10-19 14:31:05,772 [INFO] IPUIPlugin:80 - create IPUIPlugin
2025-10-19 14:31:05,772 [INFO] PluginManager:220 - loadIPPluginJar : add touchsensing
2025-10-19 14:31:05,775 [INFO] IPUIPlugin:80 - create IPUIPlugin
2025-10-19 14:31:05,776 [INFO] PluginManager:220 - loadIPPluginJar : add tracer_emb
2025-10-19 14:31:05,778 [INFO] IPUIPlugin:80 - create IPUIPlugin
2025-10-19 14:31:05,778 [INFO] PluginManager:220 - loadIPPluginJar : add ts
2025-10-19 14:31:05,780 [INFO] IPUIPlugin:80 - create IPUIPlugin
2025-10-19 14:31:05,780 [INFO] PluginManager:220 - loadIPPluginJar : add tsc
2025-10-19 14:31:05,781 [INFO] IPUIPlugin:80 - create IPUIPlugin
2025-10-19 14:31:05,781 [INFO] PluginManager:220 - loadIPPluginJar : add ucpd
2025-10-19 14:31:05,783 [INFO] IPUIPlugin:80 - create IPUIPlugin
2025-10-19 14:31:05,783 [INFO] PluginManager:220 - loadIPPluginJar : add usart
2025-10-19 14:31:05,786 [INFO] IPUIPlugin:80 - create IPUIPlugin
2025-10-19 14:31:05,786 [INFO] PluginManager:220 - loadIPPluginJar : add usbx
2025-10-19 14:31:05,918 [FATAL] Updater:351 - Updater called before beeing initialized
2025-10-19 14:31:05,975 [INFO] RulesReader:64 - Compatibility file has been processed (317 Rules)
2025-10-19 14:31:05,990 [INFO] RulesReader:64 - Compatibility file has been processed (317 Rules)
2025-10-19 14:31:06,024 [INFO] CADModel:165 - CPN selected for project level
2025-10-19 14:31:06,024 [INFO] CADModel:114 - Register for checkConnection events
2025-10-19 14:31:06,024 [FATAL] Updater:351 - Updater called before beeing initialized
2025-10-19 14:31:06,024 [ERROR] CADModel:125 - Updater not yet initialized, retry later 
2025-10-19 14:31:06,180 [FATAL] Updater:351 - Updater called before beeing initialized
2025-10-19 14:31:06,181 [INFO] CADModel:165 - CPN selected for project level
2025-10-19 14:31:06,182 [INFO] CADModel:114 - Register for checkConnection events
2025-10-19 14:31:06,182 [FATAL] Updater:351 - Updater called before beeing initialized
2025-10-19 14:31:06,182 [ERROR] CADModel:125 - Updater not yet initialized, retry later 
2025-10-19 14:31:06,186 [FATAL] Updater:351 - Updater called before beeing initialized
2025-10-19 14:31:06,328 [FATAL] Updater:351 - Updater called before beeing initialized
2025-10-19 14:31:06,332 [INFO] DbMcusAds:53 - JSON generation date=Tue Jul 08 11:14:23 TRT 2025 (1751962463582)
2025-10-19 14:31:06,333 [FATAL] Updater:351 - Updater called before beeing initialized
2025-10-19 14:31:06,365 [WARN] DetailPanel:346 - Failed to get advertising image, set to default
2025-10-19 14:31:06,444 [FATAL] Updater:351 - Updater called before beeing initialized
2025-10-19 14:31:06,447 [FATAL] Updater:351 - Updater called before beeing initialized
2025-10-19 14:31:06,447 [FATAL] Updater:351 - Updater called before beeing initialized
2025-10-19 14:31:06,447 [WARN] DetailPanel:346 - Failed to get advertising image, set to default
2025-10-19 14:31:06,448 [FATAL] Updater:351 - Updater called before beeing initialized
2025-10-19 14:31:06,519 [ERROR] Updater:1198 - MainUpdater not yet initialized. External WinMGr cannot be set.
2025-10-19 14:31:06,523 [INFO] Updater:1134 - Updater Version found : 6.15.0
2025-10-19 14:31:06,550 [INFO] ApplicationProperties:184 - Using Application install path: C:\ST\STM32CubeIDE_1.19.0\STM32CubeIDE\plugins\com.st.stm32cube.common.mx_6.15.0.202507011659
2025-10-19 14:31:07,885 [INFO] ThirdPartyUpdaterWithRetryManager:70 - Updater plugin not ready yet. [2/15]
2025-10-19 14:31:08,154 [ERROR] LogOutputStream:75 - [STDERR_REDIRECT] Oct 19, 2025 2:31:08 PM java.util.prefs.WindowsPreferences <init>
2025-10-19 14:31:08,156 [ERROR] LogOutputStream:75 - [STDERR_REDIRECT] WARNING: Could not open/create prefs root node Software\JavaSoft\Prefs at root 0xffffffff80000002. Windows RegCreateKeyEx(...) returned error code 5.
2025-10-19 14:31:08,156 [ERROR] LogOutputStream:75 - [STDERR_REDIRECT] 
2025-10-19 14:31:08,811 [INFO] MainUpdater:2872 - connection check result : 10
2025-10-19 14:31:08,812 [INFO] MainUpdater:3604 - Updater definition file requires update
2025-10-19 14:31:08,813 [INFO] MainUpdater:289 - Updater Check For Update Now.
2025-10-19 14:31:08,813 [INFO] MicroXplorer:498 - Change Database Version : DB.6.0.150
2025-10-19 14:31:08,822 [INFO] McuFinderGlobals:63 - Set McuFinder mode to 2 (CubeIDE integrated)
2025-10-19 14:31:08,823 [INFO] UserAuth:171 - activating auth plugin
2025-10-19 14:31:08,826 [INFO] UserAuth:487 - Internet connection configuration mode: 1
2025-10-19 14:31:08,859 [INFO] JxBrowserEngine:152 - Initiate JxBrowser Engine with user profile folder
2025-10-19 14:31:09,190 [INFO] ServerAccessManage:452 - Complete download http(s) 200
2025-10-19 14:31:09,191 [INFO] ServerAccessManage:509 - Download File updaters.zip
2025-10-19 14:31:09,531 [INFO] FileExtend:248 - Unzip File : updaters.zip
2025-10-19 14:31:09,531 [INFO] FileExtend:263 - Standard Zip Deflate
2025-10-19 14:31:09,885 [INFO] ServerAccessManage:452 - Complete download http(s) 200
2025-10-19 14:31:09,885 [INFO] ServerAccessManage:509 - Download File PacksControlFlags.xml
2025-10-19 14:31:10,073 [INFO] ServerAccessManage:452 - Complete download http(s) 200
2025-10-19 14:31:10,073 [INFO] ServerAccessManage:509 - Download File cubemx.pidx
2025-10-19 14:31:10,894 [WARN] MainUpdater:1193 - Updater busy. Cannot search thirdparties
2025-10-19 14:31:10,894 [INFO] ThirdPartyUpdaterWithRetryManager:96 - Updater plugin is busy. [1/15]
2025-10-19 14:31:10,940 [INFO] ServerAccessManage:452 - Complete download http(s) 200
2025-10-19 14:31:10,941 [INFO] ServerAccessManage:509 - Download File STMicroelectronics.X-CUBE-IPS.pdsc
2025-10-19 14:31:11,523 [INFO] WebApp:169 - Instantiating new browser for Auth
2025-10-19 14:31:11,784 [INFO] ServerAccessManage:452 - Complete download http(s) 200
2025-10-19 14:31:11,784 [INFO] ServerAccessManage:509 - Download File STMicroelectronics.X-CUBE-ST60.pdsc
2025-10-19 14:31:12,246 [INFO] ServerAccessManage:452 - Complete download http(s) 200
2025-10-19 14:31:12,247 [INFO] ServerAccessManage:509 - Download File STMicroelectronics.X-CUBE-ST67W61.pdsc
2025-10-19 14:31:12,382 [INFO] WebApp:463 - Apply proxy settings
2025-10-19 14:31:12,383 [INFO] WebApp:548 - Chromium requires no authentication
2025-10-19 14:31:12,393 [INFO] WebApp:491 - Direct internet connection detected
2025-10-19 14:31:12,425 [INFO] WebApp:900 - Register for checkConnection events
2025-10-19 14:31:12,426 [INFO] WebApp:463 - Apply proxy settings
2025-10-19 14:31:12,426 [INFO] WebApp:548 - Chromium requires no authentication
2025-10-19 14:31:12,426 [INFO] WebApp:491 - Direct internet connection detected
2025-10-19 14:31:12,595 [INFO] ServerAccessManage:452 - Complete download http(s) 200
2025-10-19 14:31:12,595 [INFO] ServerAccessManage:509 - Download File STMicroelectronics.X-CUBE-TOUCHGFX.pdsc
2025-10-19 14:31:12,670 [INFO] WebApp:225 - Starting web application
2025-10-19 14:31:12,670 [INFO] WebApp:593 - Web application path used C:\ST\STM32CubeIDE_1.19.0\STM32CubeIDE\plugins\com.st.stm32cube.common.mx_6.15.0.202507011659\db\plugins\mcufinder\reactClient1\index.html
2025-10-19 14:31:13,071 [INFO] WebApp:191 - Connection restablished
2025-10-19 14:31:13,896 [WARN] MainUpdater:1193 - Updater busy. Cannot search thirdparties
2025-10-19 14:31:13,896 [INFO] ThirdPartyUpdaterWithRetryManager:96 - Updater plugin is busy. [2/15]
2025-10-19 14:31:16,896 [WARN] MainUpdater:1193 - Updater busy. Cannot search thirdparties
2025-10-19 14:31:16,896 [INFO] ThirdPartyUpdaterWithRetryManager:96 - Updater plugin is busy. [3/15]
2025-10-19 14:31:17,473 [WARN] PackLoader:240 - Cannot read IP mode file for STMicroelectronics.X-CUBE-IPS.3.2.0
2025-10-19 14:31:17,504 [WARN] PackLoader:240 - Cannot read IP mode file for STMicroelectronics.X-CUBE-ST60.1.1.0
2025-10-19 14:31:17,513 [WARN] PackLoader:240 - Cannot read IP mode file for STMicroelectronics.X-CUBE-ST67W61.1.1.0
2025-10-19 14:31:17,520 [WARN] PackLoader:240 - Cannot read IP mode file for STMicroelectronics.X-CUBE-TOUCHGFX.4.26.0
2025-10-19 14:31:17,520 [INFO] PopulateThirdPartyThread:66 - Ending populate Thread
2025-10-19 14:31:17,522 [INFO] ThirdParty:1030 - CMSIS Pack Vendor :STMicroelectronics X-CUBE-ST67W61 1.1.0
2025-10-19 14:31:17,522 [INFO] ThirdParty:1030 - CMSIS Pack Vendor :STMicroelectronics X-CUBE-IPS 3.2.0
2025-10-19 14:31:17,522 [INFO] ThirdParty:1030 - CMSIS Pack Vendor :STMicroelectronics X-CUBE-ST60 1.1.0
2025-10-19 14:31:17,522 [INFO] ThirdParty:1030 - CMSIS Pack Vendor :STMicroelectronics X-CUBE-TOUCHGFX 4.26.0
2025-10-19 14:31:17,522 [INFO] LoadServerUpdatesThread:375 - End of LoadServerUpdate Thread
2025-10-19 14:31:17,523 [INFO] CheckServerUpdateThread:120 - End of CheckServer Thread
2025-10-19 14:31:20,076 [WARN] PackLoader:240 - Cannot read IP mode file for STMicroelectronics.FP-SNS-MOTENVWB1.1.4.0
2025-10-19 14:31:20,080 [WARN] PackLoader:240 - Cannot read IP mode file for STMicroelectronics.FP-ATR-ASTRA1.2.0.2
2025-10-19 14:31:20,088 [WARN] PackLoader:240 - Cannot read IP mode file for STMicroelectronics.X-CUBE-SMBUS.2.1.0
2025-10-19 14:31:20,094 [WARN] PackLoader:240 - Cannot read IP mode file for STMicroelectronics.X-CUBE-ST60.1.0.0
2025-10-19 14:31:20,114 [WARN] PackLoader:240 - Cannot read IP mode file for STMicroelectronics.X-CUBE-AZRTOS-F7.1.1.0
2025-10-19 14:31:20,131 [WARN] PackLoader:240 - Cannot read IP mode file for Infineon.AIROC-Wi-Fi-Bluetooth-STM32.1.7.1
2025-10-19 14:31:20,146 [WARN] PackLoader:240 - Cannot read IP mode file for STMicroelectronics.X-CUBE-AZRTOS-H7.3.4.0
2025-10-19 14:31:20,153 [WARN] PackLoader:240 - Cannot read IP mode file for STMicroelectronics.X-CUBE-DISPLAY.3.0.0
2025-10-19 14:31:20,172 [WARN] PackLoader:240 - Cannot read IP mode file for STMicroelectronics.X-CUBE-NFC10.1.0.0
2025-10-19 14:31:20,183 [WARN] PackLoader:240 - Cannot read IP mode file for STMicroelectronics.X-CUBE-BLEMGR.4.0.0
2025-10-19 14:31:20,188 [WARN] PackLoader:240 - Cannot read IP mode file for STMicroelectronics.X-CUBE-ST60.1.1.0
2025-10-19 14:31:20,196 [WARN] PackLoader:240 - Cannot read IP mode file for emotas.I-CUBE-CANOPEN.1.3.0
2025-10-19 14:31:20,201 [WARN] ConditionMgr:438 - getConditionDescription Invalid condition id : Cortex-A Device cause : null
2025-10-19 14:31:20,213 [WARN] ConditionMgr:1044 - genDependencies : Invalid condition id : Cortex-A Device cause : null
2025-10-19 14:31:20,213 [WARN] ConditionMgr:1044 - genDependencies : Invalid condition id : Cortex-A Device cause : null
2025-10-19 14:31:20,213 [WARN] ConditionMgr:1044 - genDependencies : Invalid condition id : Cortex-A Device cause : null
2025-10-19 14:31:20,220 [WARN] PackLoader:240 - Cannot read IP mode file for STMicroelectronics.FP-SNS-STBOX1.2.1.0
2025-10-19 14:31:20,225 [WARN] PackLoader:240 - Cannot read IP mode file for STMicroelectronics.FP-SNS-SMARTAG2.1.2.0
2025-10-19 14:31:20,228 [WARN] PackLoader:240 - Cannot read IP mode file for STMicroelectronics.FP-SNS-FLIGHT1.5.1.0
2025-10-19 14:31:20,241 [INFO] LogOutputStream:77 - [STDOUT_REDIRECT] 1 : Invalid condition id : UX_CORESTACK_Condition cause : null
2025-10-19 14:31:20,242 [INFO] LogOutputStream:77 - [STDOUT_REDIRECT] 1 : Invalid condition id : UX_CORESTACK_Condition cause : null
2025-10-19 14:31:20,243 [INFO] LogOutputStream:77 - [STDOUT_REDIRECT] 1 : Invalid condition id : UX_CORESTACK_Condition cause : null
2025-10-19 14:31:20,244 [INFO] LogOutputStream:77 - [STDOUT_REDIRECT] 1 : Invalid condition id : UX_CORESTACK_Condition cause : null
2025-10-19 14:31:20,245 [INFO] LogOutputStream:77 - [STDOUT_REDIRECT] 1 : Invalid condition id : UX_CORESTACK_Condition cause : null
2025-10-19 14:31:20,247 [WARN] PackLoader:240 - Cannot read IP mode file for STMicroelectronics.X-CUBE-AZRTOS-WL.2.0.0
2025-10-19 14:31:20,253 [WARN] PackLoader:240 - Cannot read IP mode file for STMicroelectronics.FP-SNS-MOTENV1.5.0.0
2025-10-19 14:31:20,260 [WARN] PackLoader:240 - Cannot read IP mode file for WES.I-CUBE-Cesium.1.3.0
2025-10-19 14:31:20,264 [WARN] PackLoader:240 - Cannot read IP mode file for STMicroelectronics.X-CUBE-BLE2.3.3.0
2025-10-19 14:31:20,270 [WARN] PackLoader:240 - Cannot read IP mode file for STMicroelectronics.X-CUBE-NFC9.1.0.0
2025-10-19 14:31:20,275 [WARN] PackLoader:240 - Cannot read IP mode file for wolfSSL.I-CUBE-wolfSSL.5.8.0
2025-10-19 14:31:20,280 [WARN] PackLoader:240 - Cannot read IP mode file for STMicroelectronics.X-CUBE-BLE1.7.1.0
2025-10-19 14:31:20,285 [WARN] PackLoader:240 - Cannot read IP mode file for wolfSSL.I-CUBE-wolfMQTT.1.19.2
2025-10-19 14:31:20,293 [WARN] PackLoader:240 - Cannot read IP mode file for STMicroelectronics.X-CUBE-EEPRMA1.5.2.0
2025-10-19 14:31:20,299 [WARN] PackLoader:240 - Cannot read IP mode file for STMicroelectronics.X-CUBE-ST67W61.1.1.0
2025-10-19 14:31:20,303 [WARN] PackLoader:240 - Cannot read IP mode file for STMicroelectronics.X-CUBE-AI.10.1.0
2025-10-19 14:31:20,314 [WARN] PackLoader:240 - Cannot read IP mode file for STMicroelectronics.X-CUBE-AZRTOS-G0.1.1.0
2025-10-19 14:31:20,321 [WARN] PackLoader:240 - Cannot read IP mode file for STMicroelectronics.X-CUBE-SAFEA1.1.2.2
2025-10-19 14:31:20,328 [WARN] PackLoader:240 - Cannot read IP mode file for STMicroelectronics.X-CUBE-NFC4.3.0.0
2025-10-19 14:31:20,336 [WARN] PackLoader:240 - Cannot read IP mode file for EmbeddedOffice.I-CUBE-FS-RTOS.1.0.1
2025-10-19 14:31:20,345 [WARN] PackLoader:240 - Cannot read IP mode file for STMicroelectronics.X-CUBE-WB05N.2.0.0
2025-10-19 14:31:20,351 [WARN] PackLoader:240 - Cannot read IP mode file for wolfSSL.I-CUBE-wolfTPM.3.8.0
2025-10-19 14:31:20,354 [WARN] PackLoader:240 - Cannot read IP mode file for STMicroelectronics.X-CUBE-TCPP.4.2.0
2025-10-19 14:31:20,361 [WARN] PackLoader:240 - Cannot read IP mode file for RealThread.X-CUBE-RT-Thread_Nano.4.1.1
2025-10-19 14:31:20,364 [WARN] PackLoader:240 - Cannot read IP mode file for STMicroelectronics.FP-ATR-SIGFOX1.3.2.0
2025-10-19 14:31:20,369 [WARN] PackLoader:240 - Cannot read IP mode file for ITTIA_DB.I-CUBE-ITTIADB.8.9.0
2025-10-19 14:31:20,374 [WARN] PackLoader:240 - Cannot read IP mode file for STMicroelectronics.X-CUBE-ST67W61.1.0.0
2025-10-19 14:31:20,378 [WARN] PackLoader:240 - Cannot read IP mode file for STMicroelectronics.X-CUBE-AI.10.2.0
2025-10-19 14:31:20,396 [WARN] PackLoader:240 - Cannot read IP mode file for SEGGER.I-CUBE-embOS.1.3.1
2025-10-19 14:31:20,418 [WARN] PackLoader:240 - Cannot read IP mode file for STMicroelectronics.X-CUBE-ALGOBUILD.1.4.0
2025-10-19 14:31:20,440 [WARN] PackLoader:240 - Cannot read IP mode file for STMicroelectronics.X-CUBE-MEMS1.11.3.0
2025-10-19 14:31:20,503 [WARN] PackLoader:240 - Cannot read IP mode file for STMicroelectronics.X-CUBE-PM33A1.1.0.0
2025-10-19 14:31:20,512 [WARN] PackLoader:240 - Cannot read IP mode file for STMicroelectronics.X-CUBE-AZRTOS-F4.1.1.0
2025-10-19 14:31:20,518 [WARN] PackLoader:240 - Cannot read IP mode file for Avnet-IotConnect.X-CUBE-IoTC-DA16k-PMOD.1.0.0
2025-10-19 14:31:20,522 [WARN] PackLoader:240 - Cannot read IP mode file for STMicroelectronics.X-CUBE-ISPU.2.1.0
2025-10-19 14:31:20,529 [WARN] PackLoader:240 - Cannot read IP mode file for STMicroelectronics.X-CUBE-IPS.3.2.0
2025-10-19 14:31:20,538 [WARN] PackLoader:240 - Cannot read IP mode file for STMicroelectronics.X-CUBE-NFC12.1.0.0
2025-10-19 14:31:20,553 [WARN] PackLoader:240 - Cannot read IP mode file for STMicroelectronics.X-CUBE-AZRTOS-L5.2.0.0
2025-10-19 14:31:20,560 [WARN] PackLoader:240 - Cannot read IP mode file for STMicroelectronics.X-CUBE-NFC6.3.1.0
2025-10-19 14:31:20,566 [WARN] PackLoader:240 - Cannot read IP mode file for STMicroelectronics.X-CUBE-FREERTOS.1.3.1
2025-10-19 14:31:20,571 [WARN] PackLoader:240 - Cannot read IP mode file for STMicroelectronics.X-CUBE-TOUCHGFX.4.26.0
2025-10-19 14:31:20,576 [WARN] PackLoader:240 - Cannot read IP mode file for STMicroelectronics.FP-SNS-STAIOTCFT.1.0.0
2025-10-19 14:31:20,581 [WARN] PackLoader:240 - Cannot read IP mode file for STMicroelectronics.X-CUBE-DPower.1.3.0
2025-10-19 14:31:20,592 [WARN] ConditionMgr:438 - getConditionDescription Invalid condition id : LAN8742 Phy interface Condition cause : null
2025-10-19 14:31:20,593 [WARN] PackLoader:240 - Cannot read IP mode file for STMicroelectronics.X-CUBE-AZRTOS-L4.2.0.0
2025-10-19 14:31:20,593 [WARN] ConditionMgr:1044 - genDependencies : Invalid condition id : LAN8742 Phy interface Condition cause : null
2025-10-19 14:31:20,593 [WARN] ConditionMgr:1044 - genDependencies : Invalid condition id : LAN8742 Phy interface Condition cause : null
2025-10-19 14:31:20,594 [WARN] ConditionMgr:1044 - genDependencies : Invalid condition id : LAN8742 Phy interface Condition cause : null
2025-10-19 14:31:20,601 [WARN] PackLoader:240 - Cannot read IP mode file for STMicroelectronics.X-CUBE-SFXS2LP1.4.0.0
2025-10-19 14:31:20,609 [WARN] PackLoader:240 - Cannot read IP mode file for STMicroelectronics.X-CUBE-BLEMGR.4.1.0
2025-10-19 14:31:20,620 [WARN] ConditionMgr:438 - getConditionDescription Invalid condition id : UX DEVICE CLASS RTOS Condition cause : null
2025-10-19 14:31:20,620 [WARN] ConditionMgr:438 - getConditionDescription Invalid condition id : UX DEVICE CLASS RTOS Condition cause : null
2025-10-19 14:31:20,621 [WARN] PackLoader:240 - Cannot read IP mode file for STMicroelectronics.X-CUBE-AZRTOS-WB.2.0.0
2025-10-19 14:31:20,622 [WARN] ConditionMgr:1044 - genDependencies : Invalid condition id : UX DEVICE CLASS RTOS Condition cause : null
2025-10-19 14:31:20,622 [WARN] ConditionMgr:1044 - genDependencies : Invalid condition id : UX DEVICE CLASS RTOS Condition cause : null
2025-10-19 14:31:20,622 [WARN] ConditionMgr:1044 - genDependencies : Invalid condition id : UX DEVICE CLASS RTOS Condition cause : null
2025-10-19 14:31:20,622 [WARN] ConditionMgr:1044 - genDependencies : Invalid condition id : UX DEVICE CLASS RTOS Condition cause : null
2025-10-19 14:31:20,622 [WARN] ConditionMgr:1044 - genDependencies : Invalid condition id : UX DEVICE CLASS RTOS Condition cause : null
2025-10-19 14:31:20,627 [WARN] PackLoader:240 - Cannot read IP mode file for STMicroelectronics.X-CUBE-GNSS1.7.0.1
2025-10-19 14:31:20,631 [WARN] PackLoader:240 - Cannot read IP mode file for STMicroelectronics.X-CUBE-TOUCHGFX.4.25.0
2025-10-19 14:31:20,636 [WARN] PackLoader:240 - Cannot read IP mode file for STMicroelectronics.FP-SNS-STBOX1.2.0.0
2025-10-19 14:31:20,644 [WARN] PackLoader:240 - Cannot read IP mode file for STMicroelectronics.X-CUBE-SUBG2.5.0.0
2025-10-19 14:31:20,656 [WARN] PackLoader:240 - Cannot read IP mode file for STMicroelectronics.X-CUBE-AZRTOS-H7RS.1.1.0
2025-10-19 14:31:20,661 [WARN] PackLoader:240 - Cannot read IP mode file for Cesanta.I-CUBE-Mongoose.7.13.0
2025-10-19 14:31:20,668 [WARN] PackLoader:240 - Cannot read IP mode file for STMicroelectronics.X-CUBE-AZRTOS-G4.2.0.0
2025-10-19 14:31:20,673 [WARN] PackLoader:240 - Cannot read IP mode file for wolfSSL.I-CUBE-wolfSSH.1.4.20
2025-10-19 14:31:20,677 [WARN] PackLoader:240 - Cannot read IP mode file for STMicroelectronics.X-CUBE-NFC7.2.0.0
2025-10-19 14:31:20,685 [WARN] PackLoader:240 - Cannot read IP mode file for STMicroelectronics.X-CUBE-IPS.3.1.0
2025-10-19 14:31:20,712 [WARN] PackLoader:240 - Cannot read IP mode file for STMicroelectronics.X-CUBE-ALS.1.0.2
2025-10-19 14:31:20,721 [WARN] PackLoader:240 - Cannot read IP mode file for STMicroelectronics.X-CUBE-STSE01.1.0.0
2025-10-19 14:31:20,764 [WARN] PackLoader:240 - Cannot read IP mode file for portGmbH.I-Cube-SoM-uGOAL.1.1.0
2025-10-19 14:31:20,778 [WARN] PackLoader:240 - Cannot read IP mode file for STMicroelectronics.X-CUBE-TOF1.3.4.3
2025-10-19 14:31:20,789 [INFO] ThirdParty:978 - Integrity check success = true
2025-10-19 14:31:20,789 [INFO] IntegrityCheckThread:100 - exiting critical section [integrity check]
2025-10-19 14:31:20,789 [INFO] IntegrityCheckThread:103 - End integrity checks thread
2025-10-19 17:31:19,777 [INFO] WebApp:403 - JxBrowser engine has been closed 
